Log file open, 04/15/16 22:32:28
LogInit:Display: Running engine for game: MagicDangion
LogPlatformFile: Not using cached read wrapper
LogInit:Display: RandInit(1074069310) SRandInit(1074069312).
LogTaskGraph: Started task graph with 4 named threads and 7 total threads.
LogStats: Stats thread started at 0.078311
LogInit: Version: 4.11.1-2934540+++UE4+Release-4.11
LogInit: API Version: 2927265
LogInit: Compiled (64-bit): Apr  6 2016 02:14:16
LogInit: Compiled with Visual C++: 19.00.23026.00
LogInit: Build Configuration: Development
LogInit: Branch Name: ++UE4+Release-4.11
LogInit: Command line:  
LogInit: Base directory: C:/Program Files/Epic Games/4.11/Engine/Binaries/Win64/
LogInit: Installed Engine Build: 1
LogInit: Using libcurl 7.41.0
LogInit:  - built for x86_64-pc-win32
LogInit:  - supports SSL with WinSSL
LogInit:  - other features:
LogInit:      CURL_VERSION_SSL
LogInit:      CURL_VERSION_IPV6
LogInit:      CURL_VERSION_ASYNCHDNS
LogInit:      CURL_VERSION_LARGEFILE
LogInit:      CURL_VERSION_IDN
LogInit:  CurlRequestOptions (configurable via config and command line):
LogInit:  - bVerifyPeer = true  - Libcurl will verify peer certificate
LogInit:  - bUseHttpProxy = false  - Libcurl will NOT use HTTP proxy
LogInit:  - bDontReuseConnections = false  - Libcurl will reuse connections
LogInit:  - CertBundlePath = nullptr  - Libcurl will use whatever was configured at build time.
LogInit: Presizing for max 16777216 objects, including 0 objects not considered by GC, pre-allocating 0 bytes for permanent pool.
LogInit: Object subsystem initialized
[2016.04.15-13.32.28:938][  0]LogInit: Selected Device Profile: [Windows]
[2016.04.15-13.32.28:938][  0]LogInit: Applying CVar settings loaded from the selected device profile: [Windows]
[2016.04.15-13.32.28:951][  0]LogInit: Computer: LIGHT
[2016.04.15-13.32.28:951][  0]LogInit: User: EllightDunois
[2016.04.15-13.32.28:951][  0]LogInit: CPU Page size=65536, Cores=4
[2016.04.15-13.32.28:951][  0]LogInit: High frequency timer resolution =3.906255 MHz
[2016.04.15-13.32.28:951][  0]LogMemory: Memory total: Physical=7.9GB (8GB approx)
[2016.04.15-13.32.28:951][  0]LogMemory: Platform Memory Stats for Windows
[2016.04.15-13.32.28:951][  0]LogMemory: Process Physical Memory: 313.89 MB used, 313.89 MB peak
[2016.04.15-13.32.28:951][  0]LogMemory: Process Virtual Memory: 314.89 MB used, 314.89 MB peak
[2016.04.15-13.32.28:951][  0]LogMemory: Physical Memory: 4434.75 MB used, 8133.65 MB total
[2016.04.15-13.32.28:951][  0]LogMemory: Virtual Memory: 652.91 MB used, 134217728.00 MB total
[2016.04.15-13.32.29:087][  0]LogTextLocalizationManager: No specific translations for ('ja-JP') exist, so ('ja') translations will be used.
[2016.04.15-13.32.29:153][  0]LogTextLocalizationManager:Warning: Loaded localization resources contain conflicting entries for (Namespace:K2Node, Key:false):
Localization Resource: (C:/Program Files/Epic Games/4.11/Engine/Content/Localization/EditorTutorials/ja/EditorTutorials.locres) Source String Hash: (816077464) Localized String: (偽)
Localization Resource: (C:/Program Files/Epic Games/4.11/Engine/Content/Localization/Engine/ja/Engine.locres) Source String Hash: (816077464) Localized String: (false)
[2016.04.15-13.32.29:153][  0]LogTextLocalizationManager:Warning: Loaded localization resources contain conflicting entries for (Namespace:K2Node, Key:true):
Localization Resource: (C:/Program Files/Epic Games/4.11/Engine/Content/Localization/EditorTutorials/ja/EditorTutorials.locres) Source String Hash: (-942328987) Localized String: (真)
Localization Resource: (C:/Program Files/Epic Games/4.11/Engine/Content/Localization/Engine/ja/Engine.locres) Source String Hash: (-942328987) Localized String: (true)
[2016.04.15-13.32.29:153][  0]LogTextLocalizationManager:Warning: Loaded localization resources contain conflicting entries for (Namespace:UObjectToolTips, Key:AnimNode_BlendSpacePlayer:bLoop):
Localization Resource: (C:/Program Files/Epic Games/4.11/Engine/Content/Localization/EditorTutorials/ja/EditorTutorials.locres) Source String Hash: (2133979316) Localized String: (再生が最後まで終わった後、ロープ再生するようにしますか？)
Localization Resource: (C:/Program Files/Epic Games/4.11/Engine/Content/Localization/ToolTips/ja/ToolTips.locres) Source String Hash: (2133979316) Localized String: (ループが最後まで到達した時に、アニメーションのループを継続するべきか？)
[2016.04.15-13.32.29:153][  0]LogTextLocalizationManager:Warning: Loaded localization resources contain conflicting entries for (Namespace:UObjectToolTips, Key:AnimNode_BlendSpacePlayer:X):
Localization Resource: (C:/Program Files/Epic Games/4.11/Engine/Content/Localization/EditorTutorials/ja/EditorTutorials.locres) Source String Hash: (2060772590) Localized String: (ブレンドスペースで値を取得するX座標)
Localization Resource: (C:/Program Files/Epic Games/4.11/Engine/Content/Localization/ToolTips/ja/ToolTips.locres) Source String Hash: (2060772590) Localized String: (ブレンドスペースでサンプリングするX座標)
[2016.04.15-13.32.29:153][  0]LogTextLocalizationManager:Warning: Loaded localization resources contain conflicting entries for (Namespace:UObjectToolTips, Key:AnimNode_BlendSpacePlayer:Y):
Localization Resource: (C:/Program Files/Epic Games/4.11/Engine/Content/Localization/EditorTutorials/ja/EditorTutorials.locres) Source String Hash: (-1719607538) Localized String: (ブレンドスペースで値を取得するY座標)
Localization Resource: (C:/Program Files/Epic Games/4.11/Engine/Content/Localization/ToolTips/ja/ToolTips.locres) Source String Hash: (-1719607538) Localized String: (ブレンドスペースでサンプリングするY座標)
[2016.04.15-13.32.29:153][  0]LogTextLocalizationManager:Warning: Loaded localization resources contain conflicting entries for (Namespace:UObjectToolTips, Key:AnimNode_BlendSpacePlayer:Z):
Localization Resource: (C:/Program Files/Epic Games/4.11/Engine/Content/Localization/EditorTutorials/ja/EditorTutorials.locres) Source String Hash: (1728943471) Localized String: (ブレンドスペースで値を取得するZ座標)
Localization Resource: (C:/Program Files/Epic Games/4.11/Engine/Content/Localization/ToolTips/ja/ToolTips.locres) Source String Hash: (1728943471) Localized String: (ブレンドスペースでサンプリングするZ座標)
[2016.04.15-13.32.29:153][  0]LogTextLocalizationManager:Warning: Loaded localization resources contain conflicting entries for (Namespace:UObjectToolTips, Key:AnimNode_BlendSpacePlayer:BlendSpace):
Localization Resource: (C:/Program Files/Epic Games/4.11/Engine/Content/Localization/EditorTutorials/ja/EditorTutorials.locres) Source String Hash: (1599043277) Localized String: (再生するブレンドスペースのアセット)
Localization Resource: (C:/Program Files/Epic Games/4.11/Engine/Content/Localization/ToolTips/ja/ToolTips.locres) Source String Hash: (1599043277) Localized String: (再生するブレンド空間アセット)
[2016.04.15-13.32.29:153][  0]LogTextLocalizationManager:Warning: Loaded localization resources contain conflicting entries for (Namespace:UObjectToolTips, Key:AnimNode_StateMachine:MaxTransitionsPerFrame):
Localization Resource: (C:/Program Files/Epic Games/4.11/Engine/Content/Localization/EditorTutorials/ja/EditorTutorials.locres) Source String Hash: (1567650430) Localized String: (このマシーンで1フレームあたりに同時に処理できるトランジションの最大数)
Localization Resource: (C:/Program Files/Epic Games/4.11/Engine/Content/Localization/ToolTips/ja/ToolTips.locres) Source String Hash: (1567650430) Localized String: (単一フレームでマシーンが「同時」に受け取れる遷移の最大数)
[2016.04.15-13.32.29:153][  0]LogTextLocalizationManager:Warning: Loaded localization resources contain conflicting entries for (Namespace:UObjectToolTips, Key:AnimNode_BlendSpacePlayer:PlayRate):
Localization Resource: (C:/Program Files/Epic Games/4.11/Engine/Content/Localization/EditorTutorials/ja/EditorTutorials.locres) Source String Hash: (-1274923958) Localized String: (再生速度の倍率です。負の数値も使う事ができます。その場合逆再生になります。)
Localization Resource: (C:/Program Files/Epic Games/4.11/Engine/Content/Localization/ToolTips/ja/ToolTips.locres) Source String Hash: (-1274923958) Localized String: (再生レート乗数。アニメーションを逆再生する負の値にすることができます。)
[2016.04.15-13.32.29:286][  0]LogD3D11RHI: D3D11 adapters:
[2016.04.15-13.32.29:295][  0]LogD3D11RHI:    0. 'AMD Radeon R9 200 Series' (Feature Level 11_0)
[2016.04.15-13.32.29:295][  0]LogD3D11RHI:       4074MB of dedicated video memory, 0MB of dedicated system memory, and 4066MB of shared system memory, 1 output[s]
[2016.04.15-13.32.29:296][  0]LogD3D11RHI:    1. 'Microsoft Basic Render Driver' (Feature Level 11_0)
[2016.04.15-13.32.29:296][  0]LogD3D11RHI:       0MB of dedicated video memory, 0MB of dedicated system memory, and 4066MB of shared system memory, 0 output[s]
[2016.04.15-13.32.29:296][  0]LogD3D11RHI: Chosen D3D11 Adapter: 0
[2016.04.15-13.32.29:300][  0]LogD3D11RHI: Creating new Direct3DDevice
[2016.04.15-13.32.29:300][  0]LogD3D11RHI:     Adapter Name: AMD Radeon R9 200 Series
[2016.04.15-13.32.29:300][  0]LogD3D11RHI:   Driver Version: Catalyst 15.8 (internal 16.150.2211.0)
[2016.04.15-13.32.29:300][  0]LogD3D11RHI:      Driver Date: 3-21-2016
[2016.04.15-13.32.29:300][  0]LogRHI: Texture pool is 1361 MB (70% of 1945 MB)
[2016.04.15-13.32.29:304][  0]LogD3D11RHI: Async texture creation disabled: no driver support
[2016.04.15-13.32.29:313][  0]LogShaderCompilers: Guid format shader working directory is -28 characters bigger than the processId version (../../../../../../Users/EllightDunois/Documents/Unreal Projects/MagicDangion/Intermediate/Shaders/WorkingDirectory/11880/).
[2016.04.15-13.32.29:313][  0]LogShaderCompilers: Cleaned the shader compiler working directory 'C:/Users/ELLIGH~1/AppData/Local/Temp/UnrealShaderWorkingDir/0B639F37432276E95A54A8BFFCCFE09A/'.
[2016.04.15-13.32.29:313][  0]LogShaderCompilers:Display: Using Local Shader Compiler.
[2016.04.15-13.32.30:471][  0]LogTemp:Display: Loaded TP AllDesktopTargetPlatform
[2016.04.15-13.32.30:474][  0]LogTemp:Display: Loaded TP WindowsClientTargetPlatform
[2016.04.15-13.32.30:477][  0]LogTemp:Display: Loaded TP WindowsNoEditorTargetPlatform
[2016.04.15-13.32.30:480][  0]LogTemp:Display: Loaded TP WindowsServerTargetPlatform
[2016.04.15-13.32.30:483][  0]LogTemp:Display: Loaded TP WindowsTargetPlatform
[2016.04.15-13.32.30:487][  0]LogTemp:Display: Loaded TP AndroidTargetPlatform
[2016.04.15-13.32.30:489][  0]LogTemp:Display: Loaded TP Android_ASTCTargetPlatform
[2016.04.15-13.32.30:491][  0]LogTemp:Display: Loaded TP Android_ATCTargetPlatform
[2016.04.15-13.32.30:493][  0]LogTemp:Display: Loaded TP Android_DXTTargetPlatform
[2016.04.15-13.32.30:495][  0]LogTemp:Display: Loaded TP Android_ETC1TargetPlatform
[2016.04.15-13.32.30:497][  0]LogTemp:Display: Loaded TP Android_ETC2TargetPlatform
[2016.04.15-13.32.30:502][  0]LogTemp:Display: Loaded TP Android_MultiTargetPlatform
[2016.04.15-13.32.30:502][  0]LogTemp:Display: Loaded TP Android_PVRTCTargetPlatform
[2016.04.15-13.32.30:502][  0]LogTemp:Display: Loaded TP HTML5TargetPlatform
[2016.04.15-13.32.30:534][  0]LogTemp:Display: Loaded TP IOSTargetPlatform
[2016.04.15-13.32.30:536][  0]LogTemp:Display: Loaded TP TVOSTargetPlatform
[2016.04.15-13.32.30:538][  0]LogTemp:Display: Loaded TP LinuxNoEditorTargetPlatform
[2016.04.15-13.32.30:540][  0]LogTemp:Display: Loaded TP LinuxServerTargetPlatform
[2016.04.15-13.32.30:544][  0]LogTemp:Display: Loaded TP LinuxTargetPlatform
[2016.04.15-13.32.30:544][  0]LogTargetPlatformManager:Display: Building Assets For Windows
[2016.04.15-13.32.30:739][  0]LogDerivedDataCache:Display: Max Cache Size: 512 MB
[2016.04.15-13.32.30:776][  0]LogDerivedDataCache: Loaded boot cache 0.04s 46MB C:/Users/EllightDunois/AppData/Local/UnrealEngine/4.11/DerivedDataCache/Boot.ddc.
[2016.04.15-13.32.30:776][  0]LogDerivedDataCache:Display: Loaded Boot cache: C:/Users/EllightDunois/AppData/Local/UnrealEngine/4.11/DerivedDataCache/Boot.ddc
[2016.04.15-13.32.30:776][  0]LogDerivedDataCache: FDerivedDataBackendGraph:  Pak pak cache file ../../../../../../Users/EllightDunois/Documents/Unreal Projects/MagicDangion/DerivedDataCache/DDC.ddp not found, will not use a pak cache.
[2016.04.15-13.32.30:776][  0]LogDerivedDataCache: Unable to find inner node Pak for hierarchical cache Hierarchy.
[2016.04.15-13.32.30:776][  0]LogDerivedDataCache: FDerivedDataBackendGraph:  CompressedPak pak cache file ../../../../../../Users/EllightDunois/Documents/Unreal Projects/MagicDangion/DerivedDataCache/Compressed.ddp not found, will not use a pak cache.
[2016.04.15-13.32.30:776][  0]LogDerivedDataCache: Unable to find inner node CompressedPak for hierarchical cache Hierarchy.
[2016.04.15-13.32.30:789][  0]LogDerivedDataCache:Display: Pak cache opened for reading ../../../Engine/DerivedDataCache/Compressed.ddp.
[2016.04.15-13.32.30:801][  0]LogDerivedDataCache: Using Local data cache path C:/Users/EllightDunois/AppData/Local/UnrealEngine/Common/DerivedDataCache: Writable
[2016.04.15-13.32.32:371][  0]LogInit: Selected Device Profile: [Windows]
[2016.04.15-13.32.32:371][  0]LogContentStreaming: Texture pool size is 0.00 MB
[2016.04.15-13.32.32:428][  0]LogMaterial: Uniform references updated for custom material expression Custom.
[2016.04.15-13.32.32:524][  0]LogMeshUtilities: No automatic mesh reduction module available
[2016.04.15-13.32.32:524][  0]LogMeshUtilities: No automatic mesh merging module available
[2016.04.15-13.32.32:524][  0]LogMeshUtilities: No distributed automatic mesh merging module available
[2016.04.15-13.32.32:849][  0]LogUObjectArray: 27678 objects as part of root set at end of initial load.
[2016.04.15-13.32.32:849][  0]LogUObjectAllocator: 5591384 out of 0 bytes used by permanent object pool.
[2016.04.15-13.32.32:849][  0]LogUObjectArray: CloseDisregardForGC: 0/0 objects in disregard for GC pool
[2016.04.15-13.32.32:853][  0]LogInit: WinSock: version 1.1 (2.2), MaxSocks=32767, MaxUdp=65467
[2016.04.15-13.32.32:928][  0]LogSlate: SlateFontCache - WITH_FREETYPE: 1, WITH_HARFBUZZ: 1
[2016.04.15-13.32.32:928][  0]LogSlate: SlateFontCache - WITH_FREETYPE: 1, WITH_HARFBUZZ: 1
[2016.04.15-13.32.33:076][  0]LogStreaming:Warning: Failed to read file '../../../Engine/Content/Editor/Slate/Common/Selection_16x.png' error.
[2016.04.15-13.32.33:076][  0]LogSlate: Could not find file for Slate resource: ../../../Engine/Content/Editor/Slate/Common/Selection_16x.png
[2016.04.15-13.32.33:076][  0]LogStreaming:Warning: Failed to read file '../../../Engine/Content/Editor/Slate/Common/Selection_16x.png' error.
[2016.04.15-13.32.33:076][  0]LogSlate: Could not find file for Slate resource: ../../../Engine/Content/Editor/Slate/Common/Selection_16x.png
[2016.04.15-13.32.33:076][  0]LogStreaming:Warning: Failed to read file '../../../Engine/Content/Editor/Slate/Common/Selection_16x.png' error.
[2016.04.15-13.32.33:076][  0]LogSlate: Could not find file for Slate resource: ../../../Engine/Content/Editor/Slate/Common/Selection_16x.png
[2016.04.15-13.32.33:764][  0]LogUdpMessaging: Initializing bridge on interface 0.0.0.0:0 to multicast group 230.0.0.1:6666.
[2016.04.15-13.32.33:877][  0]LogAssetRegistry: FAssetRegistry took 0.0213 seconds to start up
[2016.04.15-13.32.34:033][  0]SourceControl: 情報 ソースコントロールは無効です
[2016.04.15-13.32.34:107][  0]SourceControl: 情報 ソースコントロールは無効です
[2016.04.15-13.32.34:111][  0]SourceControl: 情報 ソースコントロールは無効です
[2016.04.15-13.32.34:115][  0]SourceControl: 情報 ソースコントロールは無効です
[2016.04.15-13.32.34:255][  0]LogEngine: Initializing Engine...
[2016.04.15-13.32.34:273][  0]LogHMD: SteamVR failed to initialize.  Err: 110
[2016.04.15-13.32.34:273][  0]LogHMD: SteamVR failed to initialize.  Err: 110
[2016.04.15-13.32.34:419][  0]LogAIModule: Creating AISystem for world NewWorld
[2016.04.15-13.32.34:424][  0]LogInit: XAudio2 using 'SPDIF出力 (SB Recon3D PCIe)' : 2 channels at 48 kHz using 32 bits per sample (channel mask 0x3)
[2016.04.15-13.32.34:429][  0]LogInit: FAudioDevice initialized.
[2016.04.15-13.32.34:449][  0]LogDerivedDataCache: Saved boot cache 0.02s 46MB C:/Users/EllightDunois/AppData/Local/UnrealEngine/4.11/DerivedDataCache/Boot.ddc.
[2016.04.15-13.32.34:455][  0]LogInit: Texture streaming: Enabled
[2016.04.15-13.32.34:473][  0]LogInit: Transaction tracking system initialized
[2016.04.15-13.32.34:489][  0]BlueprintLog: New page: エディタの読み込み
[2016.04.15-13.32.34:537][  0]LocalizationService: 情報 ローカライズのサービスが無効になりました
[2016.04.15-13.32.34:605][  0]LogConsoleResponse:Display: 
[2016.04.15-13.32.34:808][  0]LogCook:Display: Max memory allowance for cook 8192mb
[2016.04.15-13.32.34:808][  0]LogCook:Display: Mobile HDR setting 1
[2016.04.15-13.32.34:808][  0]LogCook:Display: Done creating registry. It took  0.00s.
[2016.04.15-13.32.34:843][  0]LogFileCache: Scanning file cache for directory 'C:/Users/EllightDunois/Documents/Unreal Projects/MagicDangion/Content/' took 0.01s
[2016.04.15-13.32.34:843][  0]SourceControl: 情報 ソースコントロールは無効です
[2016.04.15-13.32.34:843][  0]Cmd: MAP LOAD FILE="../../../../../../Users/EllightDunois/Documents/Unreal Projects/MagicDangion/Content/tes.umap" TEMPLATE=0 SHOWPROGRESS=1 FEATURELEVEL=3
[2016.04.15-13.32.34:843][  0]LightingResults: New page: ライティングのビルド
[2016.04.15-13.32.34:845][  0]MapCheck: New page: マップをチェック
[2016.04.15-13.32.34:845][  0]LightingResults: New page: <何も選択されていません>
[2016.04.15-13.32.35:218][  0]LogBlueprint:Error: Broken Node: K2Node_CallParentFunction /Game/BluePrints/Magics/Fire_small_BP.Fire_small_BP:EventGraph.K2Node_CallParentFunction_7 keeps removed/invalid pin: EdGraphPin /Game/BluePrints/Magics/Fire_small_BP.Fire_small_BP:EventGraph.K2Node_CallParentFunction_7.EdGraphPin_53083. Try refresh all nodes.
[2016.04.15-13.32.35:326][  0]LogBlueprint:Error: Broken Node: K2Node_CallParentFunction /Game/BluePrints/Magics/Fire_small_BP.Fire_small_BP:EventGraph.K2Node_CallParentFunction_7 keeps removed/invalid pin: EdGraphPin /Game/BluePrints/Magics/Fire_small_BP.Fire_small_BP:EventGraph.K2Node_CallParentFunction_7.EdGraphPin_53083. Try refresh all nodes.
[2016.04.15-13.32.35:988][  0]LogAIModule: Creating AISystem for world tes
[2016.04.15-13.32.36:071][  0]LogEditorServer: Finished looking for orphan Actors (0.000 secs)
[2016.04.15-13.32.36:072][  0]Cmd: MAP CHECKDEP NOCLEARLOG
[2016.04.15-13.32.36:105][  0]MapCheck: 情報 マップチェックが完了: 0 エラー、 0 警告、完了に 33.62ミリ秒かかりました。
[2016.04.15-13.32.36:105][  0]LogFileHelpers: Loading map 'tes' took 1.263
[2016.04.15-13.32.36:218][  0]LogCollectionManager: Loaded 0 collections in 0.001104 seconds
[2016.04.15-13.32.36:257][  0]LogFileCache: Scanning file cache for directory 'C:/Users/EllightDunois/Documents/Unreal Projects/MagicDangion/Saved/Collections/' took 0.01s
[2016.04.15-13.32.36:257][  0]LogFileCache: Scanning file cache for directory 'C:/Users/EllightDunois/Documents/Unreal Projects/MagicDangion/Content/Developers/EllightDunois/Collections/' took 0.01s
[2016.04.15-13.32.36:257][  0]LogFileCache: Scanning file cache for directory 'C:/Users/EllightDunois/Documents/Unreal Projects/MagicDangion/Content/Collections/' took 0.01s
[2016.04.15-13.32.36:257][  0]LogCollectionManager: Rebuilt the GUID cache for 0 collections in 0.000002 seconds
[2016.04.15-13.32.36:262][  0]LogContentBrowser: Native class hierarchy populated in 0.0049 seconds. Added 1980 classes and 345 folders.
[2016.04.15-13.32.36:264][  0]LogStats: UGameplayTagsManager::ConstructGameplayTagTree: Construct from data asset -  0.000 s
[2016.04.15-13.32.36:264][  0]LogStats: UGameplayTagsManager::ConstructGameplayTagTree: GameplayTagTreeChangedEvent.Broadcast -  0.000 s
[2016.04.15-13.32.36:265][  0]LogContentBrowser: Native class hierarchy updated for 'GameplayTags' in 0.0002 seconds. Added 12 classes and 0 folders.
[2016.04.15-13.32.36:268][  0]LogContentBrowser: Native class hierarchy updated for 'WidgetCarousel' in 0.0002 seconds. Added 0 classes and 0 folders.
[2016.04.15-13.32.36:275][  0]LogContentBrowser: Native class hierarchy updated for 'SuperSearch' in 0.0002 seconds. Added 1 classes and 2 folders.
[2016.04.15-13.32.36:403][  0]LogContentBrowser: Native class hierarchy updated for 'AddContentDialog' in 0.0003 seconds. Added 0 classes and 0 folders.
[2016.04.15-13.32.36:502][  0]LogCrashTracker: Crashtracker disabled due to settings.
[2016.04.15-13.32.36:506][  0]LogUObjectGlobals:Warning: オブジェクト 'Class なし.' が見つかりませんでした
[2016.04.15-13.32.36:531][  0]LogContentBrowser: Native class hierarchy updated for 'HierarchicalLODOutliner' in 0.0003 seconds. Added 1 classes and 2 folders.
[2016.04.15-13.32.36:531][  0]LogLoad: Full Startup: 8.84 seconds (BP compile: 0.13 seconds)
[2016.04.15-13.32.36:531][  0]LogExternalProfiler: Found external profiler: VSPerf
[2016.04.15-13.32.36:531][  0]LogExternalProfiler: Using external profiler: VSPerf
[2016.04.15-13.32.36:542][  0]LogOcInput: OculusInput pre-init called
[2016.04.15-13.32.36:557][  0]LogAssetRegistry: Asset discovery search completed in 2.7009 seconds
[2016.04.15-13.32.36:557][  0]LogCollectionManager: Rebuilt the object cache for 0 collections in 0.000001 seconds (found 0 objects)
[2016.04.15-13.32.36:557][  0]LogCollectionManager: Fixed up redirectors for 0 collections in 0.000013 seconds (updated 0 objects)
[2016.04.15-13.32.36:621][  0]LogContentStreaming: Texture pool size now 1000 MB
[2016.04.15-13.32.36:775][  0]LogRenderer: Reallocating scene render targets to support 2284x916 (Frame:2).
[2016.04.15-13.32.37:088][  4]LogRenderTargetPool:Warning: r.RenderTargetPoolMin exceeded 401/400 MB (ok in editor, bad on fixed memory platform)
[2016.04.15-13.33.42:697][811]LogBlueprintUserMessages: Early PlayInEditor Detection: Level '/Game/tes.tes:PersistentLevel' has LevelScriptBlueprint '/Game/tes.tes:PersistentLevel.tes' with GeneratedClass '/Game/tes.tes_C' with ClassGeneratedBy '/Game/tes.tes:PersistentLevel.tes'
[2016.04.15-13.33.42:697][811]LogPlayLevel: PlayLevel: No blueprints needed recompiling
[2016.04.15-13.33.42:700][811]PIE: New page: PIEセッション: tes (2016/04/16 7:33:42)
[2016.04.15-13.33.42:700][811]LogPlayLevel: Creating play world package: /Game/UEDPIE_0_tes
[2016.04.15-13.33.42:703][811]LogPlayLevel: PIE: StaticDuplicateObject took: (0.002972s)
[2016.04.15-13.33.42:704][811]LogAIModule: Creating AISystem for world tes
[2016.04.15-13.33.42:704][811]LogPlayLevel: PIE: World Init took: (0.000511s)
[2016.04.15-13.33.42:704][811]LogPlayLevel: PIE: Created PIE world by copying editor world from /Game/tes.tes to /Game/UEDPIE_0_tes.tes (0.003680s)
[2016.04.15-13.33.42:704][811]LogActorComponent: UnregisterComponent: (/Engine/Transient.CharMoveComp) Not registered. Aborting.
[2016.04.15-13.33.42:704][811]LogActorComponent: UnregisterComponent: (/Engine/Transient.CharacterMovementComponent_0) Not registered. Aborting.
[2016.04.15-13.33.42:730][811]LogInit: XAudio2 using 'SPDIF出力 (SB Recon3D PCIe)' : 2 channels at 48 kHz using 32 bits per sample (channel mask 0x3)
[2016.04.15-13.33.42:733][811]LogInit: FAudioDevice initialized.
[2016.04.15-13.33.42:783][811]LogWorld: Game class is 'ButtleGameMode_BP_C'
[2016.04.15-13.33.42:785][811]LogWorld: Bringing World /Game/UEDPIE_0_tes.tes up for play (max tick rate 0) at 2016.04.15-22.33.42
[2016.04.15-13.33.42:785][811]LogWorld: Bringing up level for play took: 0.001979
[2016.04.15-13.33.42:788][811]LogContentBrowser: Native class hierarchy updated for 'MovieSceneCapture' in 0.0003 seconds. Added 9 classes and 0 folders.
[2016.04.15-13.33.42:791][811]PIE: 情報 /Game/UEDPIE_0_tes -0.629のプレイ イン エディタの開始時間
[2016.04.15-13.33.42:791][811]LogBlueprintUserMessages: Late PlayInEditor Detection: Level '/Game/tes.tes:PersistentLevel' has LevelScriptBlueprint '/Game/tes.tes:PersistentLevel.tes' with GeneratedClass '/Game/tes.tes_C' with ClassGeneratedBy '/Game/tes.tes:PersistentLevel.tes'
[2016.04.15-13.33.42:841][812]LogRenderTargetPool:Warning: r.RenderTargetPoolMin exceeded 423/400 MB (ok in editor, bad on fixed memory platform)
[2016.04.15-13.33.54:516][199]LogBlueprintUserMessages: Early EndPlayMap Detection: Level '/Game/tes.tes:PersistentLevel' has LevelScriptBlueprint '/Game/tes.tes:PersistentLevel.tes' with GeneratedClass '/Game/tes.tes_C' with ClassGeneratedBy '/Game/tes.tes:PersistentLevel.tes'
[2016.04.15-13.33.54:566][199]LogBlueprintUserMessages: Late EndPlayMap Detection: Level '/Game/tes.tes:PersistentLevel' has LevelScriptBlueprint '/Game/tes.tes:PersistentLevel.tes' with GeneratedClass '/Game/tes.tes_C' with ClassGeneratedBy '/Game/tes.tes:PersistentLevel.tes'
[2016.04.15-13.33.54:596][201]LogRenderTargetPool:Warning: r.RenderTargetPoolMin exceeded 417/400 MB (ok in editor, bad on fixed memory platform)
[2016.04.15-13.35.23:684][972]LogRenderTargetPool:Warning: r.RenderTargetPoolMin exceeded 417/400 MB (ok in editor, bad on fixed memory platform)
[2016.04.15-13.35.42:943][506]LogEditorFactories: Performing atomic reimport of [C:/Users/EllightDunois/Downloads/EnemyTargetClossHair.png]
[2016.04.15-13.35.42:944][506]LogFactory: FactoryCreateBinary: Texture2D with ReimportTextureFactory (0 0 C:/Users/EllightDunois/Downloads/EnemyTargetClossHair.png)
[2016.04.15-13.35.42:946][506]LogTexture:Display: テクスチャをビルド中: EnemyTargetClossHair (AutoDXT)
[2016.04.15-13.35.42:958][506]LogEditorFactories: -- imported successfully
[2016.04.15-13.35.44:865][695]LogBlueprintUserMessages: Early PlayInEditor Detection: Level '/Game/tes.tes:PersistentLevel' has LevelScriptBlueprint '/Game/tes.tes:PersistentLevel.tes' with GeneratedClass '/Game/tes.tes_C' with ClassGeneratedBy '/Game/tes.tes:PersistentLevel.tes'
[2016.04.15-13.35.44:865][695]LogPlayLevel: PlayLevel: No blueprints needed recompiling
[2016.04.15-13.35.44:865][695]PIE: New page: PIEセッション: tes (2016/04/16 7:35:44)
[2016.04.15-13.35.44:865][695]LogPlayLevel: Creating play world package: /Game/UEDPIE_0_tes
[2016.04.15-13.35.44:868][695]LogPlayLevel: PIE: StaticDuplicateObject took: (0.003142s)
[2016.04.15-13.35.44:869][695]LogAIModule: Creating AISystem for world tes
[2016.04.15-13.35.44:869][695]LogPlayLevel: PIE: World Init took: (0.000794s)
[2016.04.15-13.35.44:869][695]LogPlayLevel: PIE: Created PIE world by copying editor world from /Game/tes.tes to /Game/UEDPIE_0_tes.tes (0.004161s)
[2016.04.15-13.35.44:869][695]LogActorComponent: UnregisterComponent: (/Engine/Transient.CharMoveComp) Not registered. Aborting.
[2016.04.15-13.35.44:888][695]LogInit: XAudio2 using 'SPDIF出力 (SB Recon3D PCIe)' : 2 channels at 48 kHz using 32 bits per sample (channel mask 0x3)
[2016.04.15-13.35.44:891][695]LogInit: FAudioDevice initialized.
[2016.04.15-13.35.44:927][695]LogWorld: Game class is 'ButtleGameMode_BP_C'
[2016.04.15-13.35.44:929][695]LogWorld: Bringing World /Game/UEDPIE_0_tes.tes up for play (max tick rate 0) at 2016.04.15-22.35.44
[2016.04.15-13.35.44:929][695]LogWorld: Bringing up level for play took: 0.001830
[2016.04.15-13.35.44:933][695]PIE: 情報 /Game/UEDPIE_0_tes -0.487のプレイ イン エディタの開始時間
[2016.04.15-13.35.44:933][695]LogBlueprintUserMessages: Late PlayInEditor Detection: Level '/Game/tes.tes:PersistentLevel' has LevelScriptBlueprint '/Game/tes.tes:PersistentLevel.tes' with GeneratedClass '/Game/tes.tes_C' with ClassGeneratedBy '/Game/tes.tes:PersistentLevel.tes'
[2016.04.15-13.36.22:612][199]LogBlueprintUserMessages: Early EndPlayMap Detection: Level '/Game/tes.tes:PersistentLevel' has LevelScriptBlueprint '/Game/tes.tes:PersistentLevel.tes' with GeneratedClass '/Game/tes.tes_C' with ClassGeneratedBy '/Game/tes.tes:PersistentLevel.tes'
[2016.04.15-13.36.22:648][199]LogBlueprintUserMessages: Late EndPlayMap Detection: Level '/Game/tes.tes:PersistentLevel' has LevelScriptBlueprint '/Game/tes.tes:PersistentLevel.tes' with GeneratedClass '/Game/tes.tes_C' with ClassGeneratedBy '/Game/tes.tes:PersistentLevel.tes'
[2016.04.15-13.36.22:682][201]LogRenderTargetPool:Warning: r.RenderTargetPoolMin exceeded 417/400 MB (ok in editor, bad on fixed memory platform)
[2016.04.15-13.37.42:909][164]LogContentBrowser: Native class hierarchy updated for 'BlueprintGraph' in 0.0007 seconds. Added 108 classes and 0 folders.
[2016.04.15-13.38.28:534][394]BlueprintLog: New page: Fire_small_BP をコンパイル
[2016.04.15-13.38.28:554][394]LogActorComponent: UnregisterComponent: (/Engine/Transient.CharMoveComp) Not registered. Aborting.
[2016.04.15-13.38.28:661][394]BlueprintEditorCompileResults: 情報 [0360.97] Fire_small_BP のコンパイルに成功しました！  [ 126 ミリ秒]
[2016.04.15-13.38.42:730][450]LogBlueprintUserMessages: Early PlayInEditor Detection: Level '/Game/tes.tes:PersistentLevel' has LevelScriptBlueprint '/Game/tes.tes:PersistentLevel.tes' with GeneratedClass '/Game/tes.tes_C' with ClassGeneratedBy '/Game/tes.tes:PersistentLevel.tes'
[2016.04.15-13.38.42:730][450]LogPlayLevel: PlayLevel: No blueprints needed recompiling
[2016.04.15-13.38.42:731][450]PIE: New page: PIEセッション: tes (2016/04/16 7:38:42)
[2016.04.15-13.38.42:731][450]LogPlayLevel: Creating play world package: /Game/UEDPIE_0_tes
[2016.04.15-13.38.42:733][450]LogPlayLevel: PIE: StaticDuplicateObject took: (0.002426s)
[2016.04.15-13.38.42:733][450]LogAIModule: Creating AISystem for world tes
[2016.04.15-13.38.42:734][450]LogPlayLevel: PIE: World Init took: (0.000461s)
[2016.04.15-13.38.42:734][450]LogPlayLevel: PIE: Created PIE world by copying editor world from /Game/tes.tes to /Game/UEDPIE_0_tes.tes (0.003050s)
[2016.04.15-13.38.42:734][450]LogActorComponent: UnregisterComponent: (/Engine/Transient.CharMoveComp) Not registered. Aborting.
[2016.04.15-13.38.42:751][450]LogInit: XAudio2 using 'SPDIF出力 (SB Recon3D PCIe)' : 2 channels at 48 kHz using 32 bits per sample (channel mask 0x3)
[2016.04.15-13.38.42:753][450]LogInit: FAudioDevice initialized.
[2016.04.15-13.38.42:785][450]LogWorld: Game class is 'ButtleGameMode_BP_C'
[2016.04.15-13.38.42:787][450]LogWorld: Bringing World /Game/UEDPIE_0_tes.tes up for play (max tick rate 0) at 2016.04.15-22.38.42
[2016.04.15-13.38.42:789][450]LogWorld: Bringing up level for play took: 0.003583
[2016.04.15-13.38.42:792][450]PIE: 情報 /Game/UEDPIE_0_tes -0.628のプレイ イン エディタの開始時間
[2016.04.15-13.38.42:792][450]LogBlueprintUserMessages: Late PlayInEditor Detection: Level '/Game/tes.tes:PersistentLevel' has LevelScriptBlueprint '/Game/tes.tes:PersistentLevel.tes' with GeneratedClass '/Game/tes.tes_C' with ClassGeneratedBy '/Game/tes.tes:PersistentLevel.tes'
[2016.04.15-13.38.45:082][685]LogBlueprintUserMessages: Early EndPlayMap Detection: Level '/Game/tes.tes:PersistentLevel' has LevelScriptBlueprint '/Game/tes.tes:PersistentLevel.tes' with GeneratedClass '/Game/tes.tes_C' with ClassGeneratedBy '/Game/tes.tes:PersistentLevel.tes'
[2016.04.15-13.38.45:133][685]LogBlueprintUserMessages: Late EndPlayMap Detection: Level '/Game/tes.tes:PersistentLevel' has LevelScriptBlueprint '/Game/tes.tes:PersistentLevel.tes' with GeneratedClass '/Game/tes.tes_C' with ClassGeneratedBy '/Game/tes.tes:PersistentLevel.tes'
[2016.04.15-13.38.45:226][686]LogRenderTargetPool:Warning: r.RenderTargetPoolMin exceeded 417/400 MB (ok in editor, bad on fixed memory platform)
[2016.04.15-13.38.48:020][936]LogRenderTargetPool:Warning: r.RenderTargetPoolMin exceeded 417/400 MB (ok in editor, bad on fixed memory platform)
[2016.04.15-13.38.51:602][257]LogBlueprintUserMessages: Early PlayInEditor Detection: Level '/Game/tes.tes:PersistentLevel' has LevelScriptBlueprint '/Game/tes.tes:PersistentLevel.tes' with GeneratedClass '/Game/tes.tes_C' with ClassGeneratedBy '/Game/tes.tes:PersistentLevel.tes'
[2016.04.15-13.38.51:602][257]LogPlayLevel: PlayLevel: No blueprints needed recompiling
[2016.04.15-13.38.51:602][257]PIE: New page: PIEセッション: tes (2016/04/16 7:38:51)
[2016.04.15-13.38.51:602][257]LogPlayLevel: Creating play world package: /Game/UEDPIE_0_tes
[2016.04.15-13.38.51:605][257]LogPlayLevel: PIE: StaticDuplicateObject took: (0.002686s)
[2016.04.15-13.38.51:605][257]LogAIModule: Creating AISystem for world tes
[2016.04.15-13.38.51:605][257]LogPlayLevel: PIE: World Init took: (0.000487s)
[2016.04.15-13.38.51:606][257]LogPlayLevel: PIE: Created PIE world by copying editor world from /Game/tes.tes to /Game/UEDPIE_0_tes.tes (0.003352s)
[2016.04.15-13.38.51:619][257]LogInit: XAudio2 using 'SPDIF出力 (SB Recon3D PCIe)' : 2 channels at 48 kHz using 32 bits per sample (channel mask 0x3)
[2016.04.15-13.38.51:622][257]LogInit: FAudioDevice initialized.
[2016.04.15-13.38.51:651][257]LogWorld: Game class is 'ButtleGameMode_BP_C'
[2016.04.15-13.38.51:653][257]LogWorld: Bringing World /Game/UEDPIE_0_tes.tes up for play (max tick rate 0) at 2016.04.15-22.38.51
[2016.04.15-13.38.51:653][257]LogWorld: Bringing up level for play took: 0.001886
[2016.04.15-13.38.51:656][257]PIE: 情報 /Game/UEDPIE_0_tes 0.236のプレイ イン エディタの開始時間
[2016.04.15-13.38.51:656][257]LogBlueprintUserMessages: Late PlayInEditor Detection: Level '/Game/tes.tes:PersistentLevel' has LevelScriptBlueprint '/Game/tes.tes:PersistentLevel.tes' with GeneratedClass '/Game/tes.tes_C' with ClassGeneratedBy '/Game/tes.tes:PersistentLevel.tes'
[2016.04.15-13.38.53:980][506]LogBlueprintUserMessages: Early EndPlayMap Detection: Level '/Game/tes.tes:PersistentLevel' has LevelScriptBlueprint '/Game/tes.tes:PersistentLevel.tes' with GeneratedClass '/Game/tes.tes_C' with ClassGeneratedBy '/Game/tes.tes:PersistentLevel.tes'
[2016.04.15-13.38.54:031][506]LogBlueprintUserMessages: Late EndPlayMap Detection: Level '/Game/tes.tes:PersistentLevel' has LevelScriptBlueprint '/Game/tes.tes:PersistentLevel.tes' with GeneratedClass '/Game/tes.tes_C' with ClassGeneratedBy '/Game/tes.tes:PersistentLevel.tes'
[2016.04.15-13.38.54:128][507]LogRenderTargetPool:Warning: r.RenderTargetPoolMin exceeded 417/400 MB (ok in editor, bad on fixed memory platform)
[2016.04.15-13.38.59:118][946]LogEditorViewport: Clicking on Actor (LMB): StaticMeshActor (Floor2)
[2016.04.15-13.38.59:209][947]LogRenderTargetPool:Warning: r.RenderTargetPoolMin exceeded 401/400 MB (ok in editor, bad on fixed memory platform)
[2016.04.15-13.38.59:885][  6]LogRenderTargetPool:Warning: r.RenderTargetPoolMin exceeded 401/400 MB (ok in editor, bad on fixed memory platform)
[2016.04.15-13.39.00:139][ 30]LogEditorViewport: Clicking on Actor (LMB): Fire_small_BP_C (Fire_small_BP)
[2016.04.15-13.39.00:196][ 31]LogRenderTargetPool:Warning: r.RenderTargetPoolMin exceeded 401/400 MB (ok in editor, bad on fixed memory platform)
[2016.04.15-13.39.00:525][ 59]LogRenderTargetPool:Warning: r.RenderTargetPoolMin exceeded 401/400 MB (ok in editor, bad on fixed memory platform)
[2016.04.15-13.39.01:003][106]Cmd: DELETE
[2016.04.15-13.39.01:003][106]Cmd: ACTOR DELETE
[2016.04.15-13.39.01:022][106]LogEditorActor: Deleted Actor: Fire_small_BP_C
[2016.04.15-13.39.01:033][106]LogEditorActor: Deleted 1 Actors (0.012 secs)
[2016.04.15-13.39.01:943][191]LogRenderTargetPool:Warning: r.RenderTargetPoolMin exceeded 401/400 MB (ok in editor, bad on fixed memory platform)
[2016.04.15-13.39.04:419][372]LogRenderTargetPool:Warning: r.RenderTargetPoolMin exceeded 402/400 MB (ok in editor, bad on fixed memory platform)
[2016.04.15-13.39.31:655][384]LogRenderTargetPool:Warning: r.RenderTargetPoolMin exceeded 402/400 MB (ok in editor, bad on fixed memory platform)
[2016.04.15-13.39.31:905][402]LogRenderTargetPool:Warning: r.RenderTargetPoolMin exceeded 402/400 MB (ok in editor, bad on fixed memory platform)
[2016.04.15-13.39.31:995][408]LogRenderTargetPool:Warning: r.RenderTargetPoolMin exceeded 402/400 MB (ok in editor, bad on fixed memory platform)
[2016.04.15-13.39.32:040][411]LogRenderTargetPool:Warning: r.RenderTargetPoolMin exceeded 402/400 MB (ok in editor, bad on fixed memory platform)
[2016.04.15-13.39.33:541][521]LogRenderTargetPool:Warning: r.RenderTargetPoolMin exceeded 402/400 MB (ok in editor, bad on fixed memory platform)
[2016.04.15-13.39.34:444][587]LogRenderTargetPool:Warning: r.RenderTargetPoolMin exceeded 402/400 MB (ok in editor, bad on fixed memory platform)
[2016.04.15-13.39.35:266][647]LogRenderTargetPool:Warning: r.RenderTargetPoolMin exceeded 402/400 MB (ok in editor, bad on fixed memory platform)
[2016.04.15-13.39.40:163][  7]LogRenderTargetPool:Warning: r.RenderTargetPoolMin exceeded 402/400 MB (ok in editor, bad on fixed memory platform)
[2016.04.15-13.39.41:013][ 71]BlueprintLog: New page: Fire_small_BP をコンパイル
[2016.04.15-13.39.41:080][ 71]BlueprintEditorCompileResults: 情報 [0433.39] Fire_small_BP のコンパイルに成功しました！  [ 66 ミリ秒]
[2016.04.15-13.39.41:229][ 78]LogRenderTargetPool:Warning: r.RenderTargetPoolMin exceeded 402/400 MB (ok in editor, bad on fixed memory platform)
[2016.04.15-13.39.43:799][294]LogRenderTargetPool:Warning: r.RenderTargetPoolMin exceeded 401/400 MB (ok in editor, bad on fixed memory platform)
[2016.04.15-13.39.44:299][337]LogRenderTargetPool:Warning: r.RenderTargetPoolMin exceeded 417/400 MB (ok in editor, bad on fixed memory platform)
[2016.04.15-13.39.44:474][354]LogRenderTargetPool:Warning: r.RenderTargetPoolMin exceeded 417/400 MB (ok in editor, bad on fixed memory platform)
[2016.04.15-13.39.49:393][831]Cmd: DELETE
[2016.04.15-13.39.49:393][831]Cmd: ACTOR DELETE
[2016.04.15-13.39.49:393][831]LogEditorActor: Deleted Actor: Fire_small_BP_C
[2016.04.15-13.39.49:394][831]LogActorComponent: UnregisterComponent: (/Engine/Transient.CharMoveComp) Not registered. Aborting.
[2016.04.15-13.39.49:405][831]LogEditorActor: Deleted 1 Actors (0.012 secs)
[2016.04.15-13.39.51:332][955]LogRenderTargetPool:Warning: r.RenderTargetPoolMin exceeded 418/400 MB (ok in editor, bad on fixed memory platform)
[2016.04.15-13.40.25:947][950]BlueprintLog: New page: Fire_small_BP をコンパイル
[2016.04.15-13.40.26:010][950]BlueprintEditorCompileResults: 情報 [0478.32] Fire_small_BP のコンパイルに成功しました！  [ 62 ミリ秒]
[2016.04.15-13.40.28:577][183]LogBlueprintUserMessages: Early PlayInEditor Detection: Level '/Game/tes.tes:PersistentLevel' has LevelScriptBlueprint '/Game/tes.tes:PersistentLevel.tes' with GeneratedClass '/Game/tes.tes_C' with ClassGeneratedBy '/Game/tes.tes:PersistentLevel.tes'
[2016.04.15-13.40.28:577][183]LogPlayLevel: PlayLevel: No blueprints needed recompiling
[2016.04.15-13.40.28:577][183]PIE: New page: PIEセッション: tes (2016/04/16 7:40:28)
[2016.04.15-13.40.28:577][183]LogPlayLevel: Creating play world package: /Game/UEDPIE_0_tes
[2016.04.15-13.40.28:580][183]LogPlayLevel: PIE: StaticDuplicateObject took: (0.002649s)
[2016.04.15-13.40.28:580][183]LogAIModule: Creating AISystem for world tes
[2016.04.15-13.40.28:580][183]LogPlayLevel: PIE: World Init took: (0.000495s)
[2016.04.15-13.40.28:580][183]LogPlayLevel: PIE: Created PIE world by copying editor world from /Game/tes.tes to /Game/UEDPIE_0_tes.tes (0.003292s)
[2016.04.15-13.40.28:594][183]LogInit: XAudio2 using 'SPDIF出力 (SB Recon3D PCIe)' : 2 channels at 48 kHz using 32 bits per sample (channel mask 0x3)
[2016.04.15-13.40.28:597][183]LogInit: FAudioDevice initialized.
[2016.04.15-13.40.28:629][183]LogWorld: Game class is 'ButtleGameMode_BP_C'
[2016.04.15-13.40.28:631][183]LogWorld: Bringing World /Game/UEDPIE_0_tes.tes up for play (max tick rate 0) at 2016.04.15-22.40.28
[2016.04.15-13.40.28:632][183]LogWorld: Bringing up level for play took: 0.002022
[2016.04.15-13.40.28:635][183]PIE: 情報 /Game/UEDPIE_0_tes -0.785のプレイ イン エディタの開始時間
[2016.04.15-13.40.28:635][183]LogBlueprintUserMessages: Late PlayInEditor Detection: Level '/Game/tes.tes:PersistentLevel' has LevelScriptBlueprint '/Game/tes.tes:PersistentLevel.tes' with GeneratedClass '/Game/tes.tes_C' with ClassGeneratedBy '/Game/tes.tes:PersistentLevel.tes'
[2016.04.15-13.40.34:123][825]LogBlueprintUserMessages: Early EndPlayMap Detection: Level '/Game/tes.tes:PersistentLevel' has LevelScriptBlueprint '/Game/tes.tes:PersistentLevel.tes' with GeneratedClass '/Game/tes.tes_C' with ClassGeneratedBy '/Game/tes.tes:PersistentLevel.tes'
[2016.04.15-13.40.34:152][825]LogBlueprintUserMessages: Late EndPlayMap Detection: Level '/Game/tes.tes:PersistentLevel' has LevelScriptBlueprint '/Game/tes.tes:PersistentLevel.tes' with GeneratedClass '/Game/tes.tes_C' with ClassGeneratedBy '/Game/tes.tes:PersistentLevel.tes'
[2016.04.15-13.40.34:203][827]LogRenderTargetPool:Warning: r.RenderTargetPoolMin exceeded 417/400 MB (ok in editor, bad on fixed memory platform)
[2016.04.15-13.40.35:980][902]LogRenderTargetPool:Warning: r.RenderTargetPoolMin exceeded 417/400 MB (ok in editor, bad on fixed memory platform)
[2016.04.15-13.41.27:626][578]BlueprintLog: New page: Fire_small_BP をコンパイル
[2016.04.15-13.41.27:691][578]BlueprintEditorCompileResults: 情報 [0540.00] Fire_small_BP のコンパイルに成功しました！  [ 63 ミリ秒]
[2016.04.15-13.42.06:067][957]BlueprintLog: New page: Fire_small_BP をコンパイル
[2016.04.15-13.42.06:131][957]BlueprintEditorCompileResults: 情報 [0578.44] Fire_small_BP のコンパイルに成功しました！  [ 64 ミリ秒]
[2016.04.15-13.42.08:260][152]LogBlueprintUserMessages: Early PlayInEditor Detection: Level '/Game/tes.tes:PersistentLevel' has LevelScriptBlueprint '/Game/tes.tes:PersistentLevel.tes' with GeneratedClass '/Game/tes.tes_C' with ClassGeneratedBy '/Game/tes.tes:PersistentLevel.tes'
[2016.04.15-13.42.08:260][152]LogPlayLevel: PlayLevel: No blueprints needed recompiling
[2016.04.15-13.42.08:260][152]PIE: New page: PIEセッション: tes (2016/04/16 7:42:08)
[2016.04.15-13.42.08:260][152]LogPlayLevel: Creating play world package: /Game/UEDPIE_0_tes
[2016.04.15-13.42.08:262][152]LogPlayLevel: PIE: StaticDuplicateObject took: (0.002215s)
[2016.04.15-13.42.08:263][152]LogAIModule: Creating AISystem for world tes
[2016.04.15-13.42.08:263][152]LogPlayLevel: PIE: World Init took: (0.000455s)
[2016.04.15-13.42.08:263][152]LogPlayLevel: PIE: Created PIE world by copying editor world from /Game/tes.tes to /Game/UEDPIE_0_tes.tes (0.002824s)
[2016.04.15-13.42.08:277][152]LogInit: XAudio2 using 'SPDIF出力 (SB Recon3D PCIe)' : 2 channels at 48 kHz using 32 bits per sample (channel mask 0x3)
[2016.04.15-13.42.08:280][152]LogInit: FAudioDevice initialized.
[2016.04.15-13.42.08:311][152]LogWorld: Game class is 'ButtleGameMode_BP_C'
[2016.04.15-13.42.08:313][152]LogWorld: Bringing World /Game/UEDPIE_0_tes.tes up for play (max tick rate 0) at 2016.04.15-22.42.08
[2016.04.15-13.42.08:313][152]LogWorld: Bringing up level for play took: 0.001773
[2016.04.15-13.42.08:316][152]PIE: 情報 /Game/UEDPIE_0_tes 0.896のプレイ イン エディタの開始時間
[2016.04.15-13.42.08:316][152]LogBlueprintUserMessages: Late PlayInEditor Detection: Level '/Game/tes.tes:PersistentLevel' has LevelScriptBlueprint '/Game/tes.tes:PersistentLevel.tes' with GeneratedClass '/Game/tes.tes_C' with ClassGeneratedBy '/Game/tes.tes:PersistentLevel.tes'
[2016.04.15-13.42.16:253][ 75]LogBlueprintUserMessages: Early EndPlayMap Detection: Level '/Game/tes.tes:PersistentLevel' has LevelScriptBlueprint '/Game/tes.tes:PersistentLevel.tes' with GeneratedClass '/Game/tes.tes_C' with ClassGeneratedBy '/Game/tes.tes:PersistentLevel.tes'
[2016.04.15-13.42.16:280][ 75]LogBlueprintUserMessages: Late EndPlayMap Detection: Level '/Game/tes.tes:PersistentLevel' has LevelScriptBlueprint '/Game/tes.tes:PersistentLevel.tes' with GeneratedClass '/Game/tes.tes_C' with ClassGeneratedBy '/Game/tes.tes:PersistentLevel.tes'
[2016.04.15-13.42.16:323][ 77]LogRenderTargetPool:Warning: r.RenderTargetPoolMin exceeded 417/400 MB (ok in editor, bad on fixed memory platform)
[2016.04.15-13.42.18:179][159]LogRenderTargetPool:Warning: r.RenderTargetPoolMin exceeded 417/400 MB (ok in editor, bad on fixed memory platform)
[2016.04.15-13.42.21:648][489]BlueprintLog: New page: Fire_small_BP をコンパイル
[2016.04.15-13.42.21:713][489]BlueprintEditorCompileResults: 情報 [0594.02] Fire_small_BP のコンパイルに成功しました！  [ 65 ミリ秒]
[2016.04.15-13.42.24:045][705]LogBlueprintUserMessages: Early PlayInEditor Detection: Level '/Game/tes.tes:PersistentLevel' has LevelScriptBlueprint '/Game/tes.tes:PersistentLevel.tes' with GeneratedClass '/Game/tes.tes_C' with ClassGeneratedBy '/Game/tes.tes:PersistentLevel.tes'
[2016.04.15-13.42.24:045][705]LogPlayLevel: PlayLevel: No blueprints needed recompiling
[2016.04.15-13.42.24:045][705]PIE: New page: PIEセッション: tes (2016/04/16 7:42:24)
[2016.04.15-13.42.24:045][705]LogPlayLevel: Creating play world package: /Game/UEDPIE_0_tes
[2016.04.15-13.42.24:048][705]LogPlayLevel: PIE: StaticDuplicateObject took: (0.002592s)
[2016.04.15-13.42.24:048][705]LogAIModule: Creating AISystem for world tes
[2016.04.15-13.42.24:049][705]LogPlayLevel: PIE: World Init took: (0.000472s)
[2016.04.15-13.42.24:049][705]LogPlayLevel: PIE: Created PIE world by copying editor world from /Game/tes.tes to /Game/UEDPIE_0_tes.tes (0.003215s)
[2016.04.15-13.42.24:062][705]LogInit: XAudio2 using 'SPDIF出力 (SB Recon3D PCIe)' : 2 channels at 48 kHz using 32 bits per sample (channel mask 0x3)
[2016.04.15-13.42.24:065][705]LogInit: FAudioDevice initialized.
[2016.04.15-13.42.24:093][705]LogWorld: Game class is 'ButtleGameMode_BP_C'
[2016.04.15-13.42.24:095][705]LogWorld: Bringing World /Game/UEDPIE_0_tes.tes up for play (max tick rate 0) at 2016.04.15-22.42.24
[2016.04.15-13.42.24:096][705]LogWorld: Bringing up level for play took: 0.001914
[2016.04.15-13.42.24:098][705]PIE: 情報 /Game/UEDPIE_0_tes 0.678のプレイ イン エディタの開始時間
[2016.04.15-13.42.24:098][705]LogBlueprintUserMessages: Late PlayInEditor Detection: Level '/Game/tes.tes:PersistentLevel' has LevelScriptBlueprint '/Game/tes.tes:PersistentLevel.tes' with GeneratedClass '/Game/tes.tes_C' with ClassGeneratedBy '/Game/tes.tes:PersistentLevel.tes'
[2016.04.15-13.42.34:600][935]LogBlueprintUserMessages: Early EndPlayMap Detection: Level '/Game/tes.tes:PersistentLevel' has LevelScriptBlueprint '/Game/tes.tes:PersistentLevel.tes' with GeneratedClass '/Game/tes.tes_C' with ClassGeneratedBy '/Game/tes.tes:PersistentLevel.tes'
[2016.04.15-13.42.34:628][935]LogBlueprintUserMessages: Late EndPlayMap Detection: Level '/Game/tes.tes:PersistentLevel' has LevelScriptBlueprint '/Game/tes.tes:PersistentLevel.tes' with GeneratedClass '/Game/tes.tes_C' with ClassGeneratedBy '/Game/tes.tes:PersistentLevel.tes'
[2016.04.15-13.42.34:673][937]LogRenderTargetPool:Warning: r.RenderTargetPoolMin exceeded 417/400 MB (ok in editor, bad on fixed memory platform)
[2016.04.15-13.42.36:965][ 55]LogRenderTargetPool:Warning: r.RenderTargetPoolMin exceeded 417/400 MB (ok in editor, bad on fixed memory platform)
[2016.04.15-13.42.43:269][644]BlueprintLog: New page: Fire_small_BP をコンパイル
[2016.04.15-13.42.43:333][644]BlueprintEditorCompileResults: 情報 [0615.64] Fire_small_BP のコンパイルに成功しました！  [ 62 ミリ秒]
[2016.04.15-13.42.45:404][826]LogBlueprintUserMessages: Early PlayInEditor Detection: Level '/Game/tes.tes:PersistentLevel' has LevelScriptBlueprint '/Game/tes.tes:PersistentLevel.tes' with GeneratedClass '/Game/tes.tes_C' with ClassGeneratedBy '/Game/tes.tes:PersistentLevel.tes'
[2016.04.15-13.42.45:404][826]LogPlayLevel: PlayLevel: No blueprints needed recompiling
[2016.04.15-13.42.45:404][826]PIE: New page: PIEセッション: tes (2016/04/16 7:42:45)
[2016.04.15-13.42.45:404][826]LogPlayLevel: Creating play world package: /Game/UEDPIE_0_tes
[2016.04.15-13.42.45:406][826]LogPlayLevel: PIE: StaticDuplicateObject took: (0.002376s)
[2016.04.15-13.42.45:407][826]LogAIModule: Creating AISystem for world tes
[2016.04.15-13.42.45:407][826]LogPlayLevel: PIE: World Init took: (0.000433s)
[2016.04.15-13.42.45:407][826]LogPlayLevel: PIE: Created PIE world by copying editor world from /Game/tes.tes to /Game/UEDPIE_0_tes.tes (0.002983s)
[2016.04.15-13.42.45:422][826]LogInit: XAudio2 using 'SPDIF出力 (SB Recon3D PCIe)' : 2 channels at 48 kHz using 32 bits per sample (channel mask 0x3)
[2016.04.15-13.42.45:425][826]LogInit: FAudioDevice initialized.
[2016.04.15-13.42.45:456][826]LogWorld: Game class is 'ButtleGameMode_BP_C'
[2016.04.15-13.42.45:458][826]LogWorld: Bringing World /Game/UEDPIE_0_tes.tes up for play (max tick rate 0) at 2016.04.15-22.42.45
[2016.04.15-13.42.45:458][826]LogWorld: Bringing up level for play took: 0.001611
[2016.04.15-13.42.45:461][826]PIE: 情報 /Game/UEDPIE_0_tes 0.041のプレイ イン エディタの開始時間
[2016.04.15-13.42.45:461][826]LogBlueprintUserMessages: Late PlayInEditor Detection: Level '/Game/tes.tes:PersistentLevel' has LevelScriptBlueprint '/Game/tes.tes:PersistentLevel.tes' with GeneratedClass '/Game/tes.tes_C' with ClassGeneratedBy '/Game/tes.tes:PersistentLevel.tes'
[2016.04.15-13.42.53:903][813]LogBlueprintUserMessages: Early EndPlayMap Detection: Level '/Game/tes.tes:PersistentLevel' has LevelScriptBlueprint '/Game/tes.tes:PersistentLevel.tes' with GeneratedClass '/Game/tes.tes_C' with ClassGeneratedBy '/Game/tes.tes:PersistentLevel.tes'
[2016.04.15-13.42.53:935][813]LogBlueprintUserMessages: Late EndPlayMap Detection: Level '/Game/tes.tes:PersistentLevel' has LevelScriptBlueprint '/Game/tes.tes:PersistentLevel.tes' with GeneratedClass '/Game/tes.tes_C' with ClassGeneratedBy '/Game/tes.tes:PersistentLevel.tes'
[2016.04.15-13.42.53:978][815]LogRenderTargetPool:Warning: r.RenderTargetPoolMin exceeded 417/400 MB (ok in editor, bad on fixed memory platform)
[2016.04.15-13.42.55:829][896]LogRenderTargetPool:Warning: r.RenderTargetPoolMin exceeded 417/400 MB (ok in editor, bad on fixed memory platform)
[2016.04.15-13.43.02:070][477]BlueprintLog: New page: Fire_small_BP をコンパイル
[2016.04.15-13.43.02:135][477]BlueprintEditorCompileResults: 情報 [0634.44] Fire_small_BP のコンパイルに成功しました！  [ 64 ミリ秒]
[2016.04.15-13.43.04:197][661]LogBlueprintUserMessages: Early PlayInEditor Detection: Level '/Game/tes.tes:PersistentLevel' has LevelScriptBlueprint '/Game/tes.tes:PersistentLevel.tes' with GeneratedClass '/Game/tes.tes_C' with ClassGeneratedBy '/Game/tes.tes:PersistentLevel.tes'
[2016.04.15-13.43.04:197][661]LogPlayLevel: PlayLevel: No blueprints needed recompiling
[2016.04.15-13.43.04:197][661]PIE: New page: PIEセッション: tes (2016/04/16 7:43:04)
[2016.04.15-13.43.04:197][661]LogPlayLevel: Creating play world package: /Game/UEDPIE_0_tes
[2016.04.15-13.43.04:199][661]LogPlayLevel: PIE: StaticDuplicateObject took: (0.002442s)
[2016.04.15-13.43.04:200][661]LogAIModule: Creating AISystem for world tes
[2016.04.15-13.43.04:200][661]LogPlayLevel: PIE: World Init took: (0.000471s)
[2016.04.15-13.43.04:200][661]LogPlayLevel: PIE: Created PIE world by copying editor world from /Game/tes.tes to /Game/UEDPIE_0_tes.tes (0.003071s)
[2016.04.15-13.43.04:215][661]LogInit: XAudio2 using 'SPDIF出力 (SB Recon3D PCIe)' : 2 channels at 48 kHz using 32 bits per sample (channel mask 0x3)
[2016.04.15-13.43.04:217][661]LogInit: FAudioDevice initialized.
[2016.04.15-13.43.04:251][661]LogWorld: Game class is 'ButtleGameMode_BP_C'
[2016.04.15-13.43.04:253][661]LogWorld: Bringing World /Game/UEDPIE_0_tes.tes up for play (max tick rate 0) at 2016.04.15-22.43.04
[2016.04.15-13.43.04:253][661]LogWorld: Bringing up level for play took: 0.001871
[2016.04.15-13.43.04:256][661]PIE: 情報 /Game/UEDPIE_0_tes 0.836のプレイ イン エディタの開始時間
[2016.04.15-13.43.04:256][661]LogBlueprintUserMessages: Late PlayInEditor Detection: Level '/Game/tes.tes:PersistentLevel' has LevelScriptBlueprint '/Game/tes.tes:PersistentLevel.tes' with GeneratedClass '/Game/tes.tes_C' with ClassGeneratedBy '/Game/tes.tes:PersistentLevel.tes'
[2016.04.15-13.43.18:648][335]LogBlueprintUserMessages: Early EndPlayMap Detection: Level '/Game/tes.tes:PersistentLevel' has LevelScriptBlueprint '/Game/tes.tes:PersistentLevel.tes' with GeneratedClass '/Game/tes.tes_C' with ClassGeneratedBy '/Game/tes.tes:PersistentLevel.tes'
[2016.04.15-13.43.18:683][335]LogBlueprintUserMessages: Late EndPlayMap Detection: Level '/Game/tes.tes:PersistentLevel' has LevelScriptBlueprint '/Game/tes.tes:PersistentLevel.tes' with GeneratedClass '/Game/tes.tes_C' with ClassGeneratedBy '/Game/tes.tes:PersistentLevel.tes'
[2016.04.15-13.43.18:726][337]LogRenderTargetPool:Warning: r.RenderTargetPoolMin exceeded 417/400 MB (ok in editor, bad on fixed memory platform)
[2016.04.15-13.43.47:427][983]LogRenderTargetPool:Warning: r.RenderTargetPoolMin exceeded 417/400 MB (ok in editor, bad on fixed memory platform)
[2016.04.15-13.43.56:519][797]BlueprintLog: New page: Fire_small_BP をコンパイル
[2016.04.15-13.43.56:597][797]BlueprintEditorCompileResults: 情報 [0688.90] Fire_small_BP のコンパイルに成功しました！  [ 78 ミリ秒]
[2016.04.15-13.44.12:018][ 89]BlueprintLog: New page: Fire_small_BP をコンパイル
[2016.04.15-13.44.12:084][ 89]BlueprintEditorCompileResults: 情報 [0704.39] Fire_small_BP のコンパイルに成功しました！  [ 66 ミリ秒]
[2016.04.15-13.44.13:907][251]LogBlueprintUserMessages: Early PlayInEditor Detection: Level '/Game/tes.tes:PersistentLevel' has LevelScriptBlueprint '/Game/tes.tes:PersistentLevel.tes' with GeneratedClass '/Game/tes.tes_C' with ClassGeneratedBy '/Game/tes.tes:PersistentLevel.tes'
[2016.04.15-13.44.13:907][251]LogPlayLevel: PlayLevel: No blueprints needed recompiling
[2016.04.15-13.44.13:907][251]PIE: New page: PIEセッション: tes (2016/04/16 7:44:13)
[2016.04.15-13.44.13:907][251]LogPlayLevel: Creating play world package: /Game/UEDPIE_0_tes
[2016.04.15-13.44.13:909][251]LogPlayLevel: PIE: StaticDuplicateObject took: (0.002382s)
[2016.04.15-13.44.13:910][251]LogAIModule: Creating AISystem for world tes
[2016.04.15-13.44.13:910][251]LogPlayLevel: PIE: World Init took: (0.000433s)
[2016.04.15-13.44.13:910][251]LogPlayLevel: PIE: Created PIE world by copying editor world from /Game/tes.tes to /Game/UEDPIE_0_tes.tes (0.002991s)
[2016.04.15-13.44.13:924][251]LogInit: XAudio2 using 'SPDIF出力 (SB Recon3D PCIe)' : 2 channels at 48 kHz using 32 bits per sample (channel mask 0x3)
[2016.04.15-13.44.13:927][251]LogInit: FAudioDevice initialized.
[2016.04.15-13.44.13:953][251]LogWorld: Game class is 'ButtleGameMode_BP_C'
[2016.04.15-13.44.13:955][251]LogWorld: Bringing World /Game/UEDPIE_0_tes.tes up for play (max tick rate 0) at 2016.04.15-22.44.13
[2016.04.15-13.44.13:956][251]LogWorld: Bringing up level for play took: 0.001732
[2016.04.15-13.44.13:958][251]PIE: 情報 /Game/UEDPIE_0_tes 0.539のプレイ イン エディタの開始時間
[2016.04.15-13.44.13:958][251]LogBlueprintUserMessages: Late PlayInEditor Detection: Level '/Game/tes.tes:PersistentLevel' has LevelScriptBlueprint '/Game/tes.tes:PersistentLevel.tes' with GeneratedClass '/Game/tes.tes_C' with ClassGeneratedBy '/Game/tes.tes:PersistentLevel.tes'
[2016.04.15-13.44.16:071][495]LogBlueprintUserMessages: [Fire_small_BP_C_6] Slime
[2016.04.15-13.44.21:454][119]LogBlueprintUserMessages: Early EndPlayMap Detection: Level '/Game/tes.tes:PersistentLevel' has LevelScriptBlueprint '/Game/tes.tes:PersistentLevel.tes' with GeneratedClass '/Game/tes.tes_C' with ClassGeneratedBy '/Game/tes.tes:PersistentLevel.tes'
[2016.04.15-13.44.21:483][119]LogBlueprintUserMessages: Late EndPlayMap Detection: Level '/Game/tes.tes:PersistentLevel' has LevelScriptBlueprint '/Game/tes.tes:PersistentLevel.tes' with GeneratedClass '/Game/tes.tes_C' with ClassGeneratedBy '/Game/tes.tes:PersistentLevel.tes'
[2016.04.15-13.44.21:527][121]LogRenderTargetPool:Warning: r.RenderTargetPoolMin exceeded 417/400 MB (ok in editor, bad on fixed memory platform)
[2016.04.15-13.44.24:188][217]LogRenderTargetPool:Warning: r.RenderTargetPoolMin exceeded 417/400 MB (ok in editor, bad on fixed memory platform)
[2016.04.15-13.44.37:730][293]LogActorComponent: UnregisterComponent: (/Engine/Transient.CharMoveComp) Not registered. Aborting.
[2016.04.15-13.44.37:730][293]LogActorComponent: UnregisterComponent: (/Engine/Transient.CharacterMovementComponent_1) Not registered. Aborting.
[2016.04.15-13.44.39:292][436]BlueprintLog: New page: Slime をコンパイル
[2016.04.15-13.44.39:371][436]LogActorComponent: UnregisterComponent: (/Engine/Transient.CharacterMovementComponent_2) Not registered. Aborting.
[2016.04.15-13.44.39:431][436]BlueprintEditorCompileResults: 情報 [0731.74] Slime のコンパイルに成功しました！  [ 138 ミリ秒]
[2016.04.15-13.45.08:928][ 14]BlueprintLog: New page: Magic_BP をコンパイル
[2016.04.15-13.45.08:947][ 14]LogBlueprint:Warning: USimpleConstructionScript::FixupRootNodeParentReferences() - Couldn't find inherited parent component 'DefaultSceneRoot' for 'Sphere' in BlueprintGeneratedClass 'REINST_Fire_small_BP_C_158' (it may have been removed)
[2016.04.15-13.45.08:950][ 14]LogActorComponent: UnregisterComponent: (/Engine/Transient.CharMoveComp) Not registered. Aborting.
[2016.04.15-13.45.08:950][ 14]LogActorComponent: UnregisterComponent: (/Engine/Transient.CharacterMovementComponent_3) Not registered. Aborting.
[2016.04.15-13.45.09:081][ 14]BlueprintEditorCompileResults: 情報 [0761.39] Magic_BP のコンパイルに成功しました！  [ 153 ミリ秒]
[2016.04.15-13.45.34:829][357]BlueprintLog: New page: Magic_BP をコンパイル
[2016.04.15-13.45.34:842][357]LogBlueprint:Warning: USimpleConstructionScript::FixupRootNodeParentReferences() - Couldn't find inherited parent component 'DefaultSceneRoot' for 'Sphere' in BlueprintGeneratedClass 'REINST_Fire_small_BP_C_172' (it may have been removed)
[2016.04.15-13.45.34:977][357]BlueprintEditorCompileResults: 情報 [0787.28] Magic_BP のコンパイルに成功しました！  [ 147 ミリ秒]
[2016.04.15-13.46.20:229][147]BlueprintLog: New page: Magic_BP をコンパイル
[2016.04.15-13.46.20:242][147]LogBlueprint:Warning: USimpleConstructionScript::FixupRootNodeParentReferences() - Couldn't find inherited parent component 'DefaultSceneRoot' for 'Sphere' in BlueprintGeneratedClass 'REINST_Fire_small_BP_C_190' (it may have been removed)
[2016.04.15-13.46.20:378][147]BlueprintEditorCompileResults: 情報 [0832.68] Magic_BP のコンパイルに成功しました！  [ 149 ミリ秒]
[2016.04.15-13.46.49:981][790]BlueprintLog: New page: Magic_BP をコンパイル
[2016.04.15-13.46.49:995][790]LogBlueprint:Warning: USimpleConstructionScript::FixupRootNodeParentReferences() - Couldn't find inherited parent component 'DefaultSceneRoot' for 'Sphere' in BlueprintGeneratedClass 'REINST_Fire_small_BP_C_208' (it may have been removed)
[2016.04.15-13.46.50:131][790]BlueprintEditorCompileResults: 情報 [0862.44] Magic_BP のコンパイルに成功しました！  [ 148 ミリ秒]
[2016.04.15-13.47.47:492][867]BlueprintLog: New page: Fire_small_BP をコンパイル
[2016.04.15-13.47.47:566][867]BlueprintEditorCompileResults: 情報 [0919.87] Fire_small_BP のコンパイルに成功しました！  [ 73 ミリ秒]
[2016.04.15-13.48.16:235][479]LogBlueprintUserMessages: Early PlayInEditor Detection: Level '/Game/tes.tes:PersistentLevel' has LevelScriptBlueprint '/Game/tes.tes:PersistentLevel.tes' with GeneratedClass '/Game/tes.tes_C' with ClassGeneratedBy '/Game/tes.tes:PersistentLevel.tes'
[2016.04.15-13.48.16:235][479]LogPlayLevel: PlayLevel: No blueprints needed recompiling
[2016.04.15-13.48.16:235][479]PIE: New page: PIEセッション: tes (2016/04/16 7:48:16)
[2016.04.15-13.48.16:236][479]LogPlayLevel: Creating play world package: /Game/UEDPIE_0_tes
[2016.04.15-13.48.16:238][479]LogPlayLevel: PIE: StaticDuplicateObject took: (0.002705s)
[2016.04.15-13.48.16:239][479]LogAIModule: Creating AISystem for world tes
[2016.04.15-13.48.16:239][479]LogPlayLevel: PIE: World Init took: (0.000548s)
[2016.04.15-13.48.16:239][479]LogPlayLevel: PIE: Created PIE world by copying editor world from /Game/tes.tes to /Game/UEDPIE_0_tes.tes (0.003439s)
[2016.04.15-13.48.16:255][479]LogInit: XAudio2 using 'SPDIF出力 (SB Recon3D PCIe)' : 2 channels at 48 kHz using 32 bits per sample (channel mask 0x3)
[2016.04.15-13.48.16:258][479]LogInit: FAudioDevice initialized.
[2016.04.15-13.48.16:286][479]LogWorld: Game class is 'ButtleGameMode_BP_C'
[2016.04.15-13.48.16:288][479]LogWorld: Bringing World /Game/UEDPIE_0_tes.tes up for play (max tick rate 0) at 2016.04.15-22.48.16
[2016.04.15-13.48.16:289][479]LogWorld: Bringing up level for play took: 0.001849
[2016.04.15-13.48.16:292][479]PIE: 情報 /Game/UEDPIE_0_tes 0.871のプレイ イン エディタの開始時間
[2016.04.15-13.48.16:292][479]LogBlueprintUserMessages: Late PlayInEditor Detection: Level '/Game/tes.tes:PersistentLevel' has LevelScriptBlueprint '/Game/tes.tes:PersistentLevel.tes' with GeneratedClass '/Game/tes.tes_C' with ClassGeneratedBy '/Game/tes.tes:PersistentLevel.tes'
[2016.04.15-13.48.31:043][171]LogBlueprintUserMessages: Early EndPlayMap Detection: Level '/Game/tes.tes:PersistentLevel' has LevelScriptBlueprint '/Game/tes.tes:PersistentLevel.tes' with GeneratedClass '/Game/tes.tes_C' with ClassGeneratedBy '/Game/tes.tes:PersistentLevel.tes'
[2016.04.15-13.48.31:086][171]LogBlueprintUserMessages: Late EndPlayMap Detection: Level '/Game/tes.tes:PersistentLevel' has LevelScriptBlueprint '/Game/tes.tes:PersistentLevel.tes' with GeneratedClass '/Game/tes.tes_C' with ClassGeneratedBy '/Game/tes.tes:PersistentLevel.tes'
[2016.04.15-13.48.31:129][173]LogRenderTargetPool:Warning: r.RenderTargetPoolMin exceeded 418/400 MB (ok in editor, bad on fixed memory platform)
[2016.04.15-13.48.33:529][300]LogRenderTargetPool:Warning: r.RenderTargetPoolMin exceeded 418/400 MB (ok in editor, bad on fixed memory platform)
[2016.04.15-13.49.16:047][940]BlueprintLog: New page: Enemy をコンパイル
[2016.04.15-13.49.16:213][940]BlueprintEditorCompileResults: 情報 [1008.52] Enemy のコンパイルに成功しました！  [ 166 ミリ秒]
[2016.04.15-13.49.18:061][105]LogBlueprintUserMessages: Early PlayInEditor Detection: Level '/Game/tes.tes:PersistentLevel' has LevelScriptBlueprint '/Game/tes.tes:PersistentLevel.tes' with GeneratedClass '/Game/tes.tes_C' with ClassGeneratedBy '/Game/tes.tes:PersistentLevel.tes'
[2016.04.15-13.49.18:061][105]LogPlayLevel: PlayLevel: No blueprints needed recompiling
[2016.04.15-13.49.18:061][105]PIE: New page: PIEセッション: tes (2016/04/16 7:49:18)
[2016.04.15-13.49.18:061][105]LogPlayLevel: Creating play world package: /Game/UEDPIE_0_tes
[2016.04.15-13.49.18:063][105]LogPlayLevel: PIE: StaticDuplicateObject took: (0.002201s)
[2016.04.15-13.49.18:064][105]LogAIModule: Creating AISystem for world tes
[2016.04.15-13.49.18:064][105]LogPlayLevel: PIE: World Init took: (0.000433s)
[2016.04.15-13.49.18:064][105]LogPlayLevel: PIE: Created PIE world by copying editor world from /Game/tes.tes to /Game/UEDPIE_0_tes.tes (0.002778s)
[2016.04.15-13.49.18:064][105]LogActorComponent: UnregisterComponent: (/Engine/Transient.CharMoveComp) Not registered. Aborting.
[2016.04.15-13.49.18:083][105]LogInit: XAudio2 using 'SPDIF出力 (SB Recon3D PCIe)' : 2 channels at 48 kHz using 32 bits per sample (channel mask 0x3)
[2016.04.15-13.49.18:085][105]LogInit: FAudioDevice initialized.
[2016.04.15-13.49.18:114][105]LogWorld: Game class is 'ButtleGameMode_BP_C'
[2016.04.15-13.49.18:115][105]LogWorld: Bringing World /Game/UEDPIE_0_tes.tes up for play (max tick rate 0) at 2016.04.15-22.49.18
[2016.04.15-13.49.18:116][105]LogWorld: Bringing up level for play took: 0.001644
[2016.04.15-13.49.18:118][105]PIE: 情報 /Game/UEDPIE_0_tes 0.699のプレイ イン エディタの開始時間
[2016.04.15-13.49.18:119][105]LogBlueprintUserMessages: Late PlayInEditor Detection: Level '/Game/tes.tes:PersistentLevel' has LevelScriptBlueprint '/Game/tes.tes:PersistentLevel.tes' with GeneratedClass '/Game/tes.tes_C' with ClassGeneratedBy '/Game/tes.tes:PersistentLevel.tes'
[2016.04.15-13.49.19:914][312]LogBlueprintUserMessages: Early EndPlayMap Detection: Level '/Game/tes.tes:PersistentLevel' has LevelScriptBlueprint '/Game/tes.tes:PersistentLevel.tes' with GeneratedClass '/Game/tes.tes_C' with ClassGeneratedBy '/Game/tes.tes:PersistentLevel.tes'
[2016.04.15-13.49.19:945][312]LogBlueprintUserMessages: Late EndPlayMap Detection: Level '/Game/tes.tes:PersistentLevel' has LevelScriptBlueprint '/Game/tes.tes:PersistentLevel.tes' with GeneratedClass '/Game/tes.tes_C' with ClassGeneratedBy '/Game/tes.tes:PersistentLevel.tes'
[2016.04.15-13.49.19:989][313]LogRenderTargetPool:Warning: r.RenderTargetPoolMin exceeded 418/400 MB (ok in editor, bad on fixed memory platform)
[2016.04.15-13.49.21:411][378]LogRenderTargetPool:Warning: r.RenderTargetPoolMin exceeded 418/400 MB (ok in editor, bad on fixed memory platform)
[2016.04.15-13.49.26:407][835]BlueprintLog: New page: Slime をコンパイル
[2016.04.15-13.49.26:433][835]LogActorComponent: UnregisterComponent: (/Engine/Transient.CharMoveComp) Not registered. Aborting.
[2016.04.15-13.49.26:495][835]BlueprintEditorCompileResults: 情報 [1018.80] Slime のコンパイルに成功しました！  [ 87 ミリ秒]
[2016.04.15-13.49.28:285][992]LogBlueprintUserMessages: Early PlayInEditor Detection: Level '/Game/tes.tes:PersistentLevel' has LevelScriptBlueprint '/Game/tes.tes:PersistentLevel.tes' with GeneratedClass '/Game/tes.tes_C' with ClassGeneratedBy '/Game/tes.tes:PersistentLevel.tes'
[2016.04.15-13.49.28:285][992]LogPlayLevel: PlayLevel: No blueprints needed recompiling
[2016.04.15-13.49.28:285][992]PIE: New page: PIEセッション: tes (2016/04/16 7:49:28)
[2016.04.15-13.49.28:285][992]LogPlayLevel: Creating play world package: /Game/UEDPIE_0_tes
[2016.04.15-13.49.28:287][992]LogPlayLevel: PIE: StaticDuplicateObject took: (0.002282s)
[2016.04.15-13.49.28:288][992]LogAIModule: Creating AISystem for world tes
[2016.04.15-13.49.28:288][992]LogPlayLevel: PIE: World Init took: (0.000435s)
[2016.04.15-13.49.28:288][992]LogPlayLevel: PIE: Created PIE world by copying editor world from /Game/tes.tes to /Game/UEDPIE_0_tes.tes (0.002865s)
[2016.04.15-13.49.28:288][992]LogActorComponent: UnregisterComponent: (/Engine/Transient.CharMoveComp) Not registered. Aborting.
[2016.04.15-13.49.28:305][992]LogInit: XAudio2 using 'SPDIF出力 (SB Recon3D PCIe)' : 2 channels at 48 kHz using 32 bits per sample (channel mask 0x3)
[2016.04.15-13.49.28:307][992]LogInit: FAudioDevice initialized.
[2016.04.15-13.49.28:335][992]LogWorld: Game class is 'ButtleGameMode_BP_C'
[2016.04.15-13.49.28:337][992]LogWorld: Bringing World /Game/UEDPIE_0_tes.tes up for play (max tick rate 0) at 2016.04.15-22.49.28
[2016.04.15-13.49.28:337][992]LogWorld: Bringing up level for play took: 0.001768
[2016.04.15-13.49.28:340][992]PIE: 情報 /Game/UEDPIE_0_tes 0.92のプレイ イン エディタの開始時間
[2016.04.15-13.49.28:340][992]LogBlueprintUserMessages: Late PlayInEditor Detection: Level '/Game/tes.tes:PersistentLevel' has LevelScriptBlueprint '/Game/tes.tes:PersistentLevel.tes' with GeneratedClass '/Game/tes.tes_C' with ClassGeneratedBy '/Game/tes.tes:PersistentLevel.tes'
[2016.04.15-13.49.35:871][868]LogBlueprintUserMessages: Early EndPlayMap Detection: Level '/Game/tes.tes:PersistentLevel' has LevelScriptBlueprint '/Game/tes.tes:PersistentLevel.tes' with GeneratedClass '/Game/tes.tes_C' with ClassGeneratedBy '/Game/tes.tes:PersistentLevel.tes'
[2016.04.15-13.49.35:914][868]LogBlueprintUserMessages: Late EndPlayMap Detection: Level '/Game/tes.tes:PersistentLevel' has LevelScriptBlueprint '/Game/tes.tes:PersistentLevel.tes' with GeneratedClass '/Game/tes.tes_C' with ClassGeneratedBy '/Game/tes.tes:PersistentLevel.tes'
[2016.04.15-13.49.35:955][870]LogRenderTargetPool:Warning: r.RenderTargetPoolMin exceeded 418/400 MB (ok in editor, bad on fixed memory platform)
[2016.04.15-13.49.39:325][996]LogRenderTargetPool:Warning: r.RenderTargetPoolMin exceeded 418/400 MB (ok in editor, bad on fixed memory platform)
[2016.04.15-13.50.25:562][146]BlueprintLog: New page: EnemyStatosWidget_BP をコンパイル
[2016.04.15-13.50.25:583][146]LogActorComponent: UnregisterComponent: (/Engine/Transient.CharMoveComp) Not registered. Aborting.
[2016.04.15-13.50.25:657][146]BlueprintEditorCompileResults: 情報 [1077.96] EnemyStatosWidget_BP のコンパイルに成功しました！  [ 94 ミリ秒]
[2016.04.15-13.50.47:774][ 75]BlueprintLog: New page: EnemyStatosWidget_BP をコンパイル
[2016.04.15-13.50.47:795][ 75]LogActorComponent: UnregisterComponent: (/Engine/Transient.CharMoveComp) Not registered. Aborting.
[2016.04.15-13.50.47:871][ 75]BlueprintEditorCompileResults: 情報 [1100.18] EnemyStatosWidget_BP のコンパイルに成功しました！  [ 96 ミリ秒]
[2016.04.15-13.50.54:355][623]BlueprintLog: New page: EnemyStatosWidget_BP をコンパイル
[2016.04.15-13.50.54:373][623]LogActorComponent: UnregisterComponent: (/Engine/Transient.CharMoveComp) Not registered. Aborting.
[2016.04.15-13.50.54:441][623]BlueprintEditorCompileResults: 情報 [1106.75] EnemyStatosWidget_BP のコンパイルに成功しました！  [ 86 ミリ秒]
[2016.04.15-13.51.02:474][303]LogActorComponent: UnregisterComponent: (/Engine/Transient.CharMoveComp) Not registered. Aborting.
[2016.04.15-13.51.05:126][514]LogActorComponent: UnregisterComponent: (/Engine/Transient.CharacterMovementComponent_4) Not registered. Aborting.
[2016.04.15-13.51.07:247][690]BlueprintLog: New page: Enemy をコンパイル
[2016.04.15-13.51.07:293][690]LogActorComponent: UnregisterComponent: (/Engine/Transient.CharacterMovementComponent_5) Not registered. Aborting.
[2016.04.15-13.51.07:597][690]BlueprintEditorCompileResults: 情報 [1119.90] Enemy のコンパイルに成功しました！  [ 350 ミリ秒]
[2016.04.15-13.51.11:297][  4]LogActorComponent: UnregisterComponent: (/Engine/Transient.CharMoveComp) Not registered. Aborting.
[2016.04.15-13.51.27:348][413]LogActorComponent: UnregisterComponent: (/Engine/Transient.CharacterMovementComponent_6) Not registered. Aborting.
[2016.04.15-13.51.31:264][739]LogActorComponent: UnregisterComponent: (/Engine/Transient.CharacterMovementComponent_7) Not registered. Aborting.
[2016.04.15-13.51.32:732][857]BlueprintLog: New page: Enemy をコンパイル
[2016.04.15-13.51.32:752][857]LogActorComponent: UnregisterComponent: (/Engine/Transient.CharacterMovementComponent_8) Not registered. Aborting.
[2016.04.15-13.51.33:066][857]BlueprintEditorCompileResults: 情報 [1145.37] Enemy のコンパイルに成功しました！  [ 334 ミリ秒]
[2016.04.15-13.51.49:683][312]LogActorComponent: UnregisterComponent: (/Engine/Transient.CharMoveComp) Not registered. Aborting.
[2016.04.15-13.51.56:169][887]LogActorComponent: UnregisterComponent: (/Engine/Transient.CharacterMovementComponent_9) Not registered. Aborting.
[2016.04.15-13.51.57:800][ 32]BlueprintLog: New page: Slime をコンパイル
[2016.04.15-13.51.57:901][ 32]LogActorComponent: UnregisterComponent: (/Engine/Transient.CharacterMovementComponent_10) Not registered. Aborting.
[2016.04.15-13.51.57:968][ 32]BlueprintEditorCompileResults: 情報 [1170.27] Slime のコンパイルに成功しました！  [ 167 ミリ秒]
[2016.04.15-13.52.22:177][135]BlueprintLog: New page: Enemy をコンパイル
[2016.04.15-13.52.22:215][135]LogActorComponent: UnregisterComponent: (/Engine/Transient.CharMoveComp) Not registered. Aborting.
[2016.04.15-13.52.22:356][135]BlueprintEditorCompileResults: 情報 [1194.66] Enemy のコンパイルに成功しました！  [ 178 ミリ秒]
[2016.04.15-13.53.51:516][734]BlueprintLog: New page: EnemyStatosWidget_BP をコンパイル
[2016.04.15-13.53.51:550][734]LogActorComponent: UnregisterComponent: (/Engine/Transient.CharMoveComp) Not registered. Aborting.
[2016.04.15-13.53.51:628][734]BlueprintEditorCompileResults: 情報 [1283.93] EnemyStatosWidget_BP のコンパイルに成功しました！  [ 111 ミリ秒]
[2016.04.15-13.54.36:108][559]BlueprintLog: New page: Enemy をコンパイル
[2016.04.15-13.54.36:154][559]LogActorComponent: UnregisterComponent: (/Engine/Transient.CharMoveComp) Not registered. Aborting.
[2016.04.15-13.54.36:299][559]BlueprintEditorCompileResults: 情報 [1328.60] Enemy のコンパイルに成功しました！  [ 190 ミリ秒]
[2016.04.15-13.54.49:203][654]BlueprintLog: New page: Enemy をコンパイル
[2016.04.15-13.54.49:223][654]LogActorComponent: UnregisterComponent: (/Engine/Transient.CharMoveComp) Not registered. Aborting.
[2016.04.15-13.54.49:365][654]BlueprintEditorCompileResults: 情報 [1341.67] Enemy のコンパイルに成功しました！  [ 162 ミリ秒]
[2016.04.15-13.54.51:153][806]LogBlueprintUserMessages: Early PlayInEditor Detection: Level '/Game/tes.tes:PersistentLevel' has LevelScriptBlueprint '/Game/tes.tes:PersistentLevel.tes' with GeneratedClass '/Game/tes.tes_C' with ClassGeneratedBy '/Game/tes.tes:PersistentLevel.tes'
[2016.04.15-13.54.51:153][806]LogPlayLevel: PlayLevel: No blueprints needed recompiling
[2016.04.15-13.54.51:153][806]PIE: New page: PIEセッション: tes (2016/04/16 7:54:51)
[2016.04.15-13.54.51:153][806]LogPlayLevel: Creating play world package: /Game/UEDPIE_0_tes
[2016.04.15-13.54.51:155][806]LogPlayLevel: PIE: StaticDuplicateObject took: (0.002550s)
[2016.04.15-13.54.51:156][806]LogAIModule: Creating AISystem for world tes
[2016.04.15-13.54.51:156][806]LogPlayLevel: PIE: World Init took: (0.000510s)
[2016.04.15-13.54.51:156][806]LogPlayLevel: PIE: Created PIE world by copying editor world from /Game/tes.tes to /Game/UEDPIE_0_tes.tes (0.003244s)
[2016.04.15-13.54.51:156][806]LogActorComponent: UnregisterComponent: (/Engine/Transient.CharMoveComp) Not registered. Aborting.
[2016.04.15-13.54.51:174][806]LogInit: XAudio2 using 'SPDIF出力 (SB Recon3D PCIe)' : 2 channels at 48 kHz using 32 bits per sample (channel mask 0x3)
[2016.04.15-13.54.51:177][806]LogInit: FAudioDevice initialized.
[2016.04.15-13.54.51:203][806]LogWorld: Game class is 'ButtleGameMode_BP_C'
[2016.04.15-13.54.51:205][806]LogWorld: Bringing World /Game/UEDPIE_0_tes.tes up for play (max tick rate 0) at 2016.04.15-22.54.51
[2016.04.15-13.54.51:206][806]LogWorld: Bringing up level for play took: 0.002015
[2016.04.15-13.54.51:209][806]PIE: 情報 /Game/UEDPIE_0_tes -0.212のプレイ イン エディタの開始時間
[2016.04.15-13.54.51:209][806]LogBlueprintUserMessages: Late PlayInEditor Detection: Level '/Game/tes.tes:PersistentLevel' has LevelScriptBlueprint '/Game/tes.tes:PersistentLevel.tes' with GeneratedClass '/Game/tes.tes_C' with ClassGeneratedBy '/Game/tes.tes:PersistentLevel.tes'
[2016.04.15-13.54.58:808][692]LogBlueprintUserMessages: Early EndPlayMap Detection: Level '/Game/tes.tes:PersistentLevel' has LevelScriptBlueprint '/Game/tes.tes:PersistentLevel.tes' with GeneratedClass '/Game/tes.tes_C' with ClassGeneratedBy '/Game/tes.tes:PersistentLevel.tes'
[2016.04.15-13.54.58:844][692]LogBlueprintUserMessages: Late EndPlayMap Detection: Level '/Game/tes.tes:PersistentLevel' has LevelScriptBlueprint '/Game/tes.tes:PersistentLevel.tes' with GeneratedClass '/Game/tes.tes_C' with ClassGeneratedBy '/Game/tes.tes:PersistentLevel.tes'
[2016.04.15-13.54.58:897][694]LogRenderTargetPool:Warning: r.RenderTargetPoolMin exceeded 402/400 MB (ok in editor, bad on fixed memory platform)
[2016.04.15-13.55.01:126][790]LogRenderTargetPool:Warning: r.RenderTargetPoolMin exceeded 418/400 MB (ok in editor, bad on fixed memory platform)
[2016.04.15-13.55.53:147][283]Cmd: OBJ SAVEPACKAGE PACKAGE="/Game/tes" FILE="../../../../../../Users/EllightDunois/Documents/Unreal Projects/MagicDangion/Saved/Autosaves/Game/tes_Auto1.umap" SILENT=true AUTOSAVING=true KEEPDIRTY=false
[2016.04.15-13.55.53:239][283]LogSavePackage: Save=80.72ms
[2016.04.15-13.55.53:239][283]LogSavePackage: Moving '../../../../../../Users/EllightDunois/Documents/Unreal Projects/MagicDangion/Saved/tes_Auto1DF7C6B214AFB453F7A2AF7A2E4ACAA07.tmp' to '../../../../../../Users/EllightDunois/Documents/Unreal Projects/MagicDangion/Saved/Autosaves/Game/tes_Auto1.umap'
[2016.04.15-13.55.53:240][283]LogSavePackage: Total save time: 91.08ms
[2016.04.15-13.55.53:240][283]LogSavePackage:Display: Finished SavePackage ../../../../../../Users/EllightDunois/Documents/Unreal Projects/MagicDangion/Saved/Autosaves/Game/tes_Auto1.umap
[2016.04.15-13.55.53:242][283]LogFileHelpers: Editor autosave (incl. sublevels) for '/Game/tes' took 0.114
[2016.04.15-13.55.53:242][283]LogFileHelpers: Editor autosave (incl. sublevels) for all levels took 0.114
[2016.04.15-13.55.53:246][283]OBJ SavePackage: Generating thumbnails for [1] asset(s) in package [/Game/BluePrints/Enemys/Slime] ([1] browsable assets)...
[2016.04.15-13.55.53:266][283]OBJ SavePackage:     Rendered thumbnail for [Blueprint /Game/BluePrints/Enemys/Slime.Slime]
[2016.04.15-13.55.53:266][283]OBJ SavePackage: Finished generating thumbnails for package [/Game/BluePrints/Enemys/Slime]
[2016.04.15-13.55.53:309][283]LogSavePackage: Save=31.25ms
[2016.04.15-13.55.53:309][283]LogSavePackage: Moving '../../../../../../Users/EllightDunois/Documents/Unreal Projects/MagicDangion/Saved/Slime_Auto1C97669D0492615B317320F8C6B551A34.tmp' to '../../../../../../Users/EllightDunois/Documents/Unreal Projects/MagicDangion/Saved/Autosaves/Game/BluePrints/Enemys/Slime_Auto1.uasset'
[2016.04.15-13.55.53:311][283]LogSavePackage: Total save time: 44.01ms
[2016.04.15-13.55.53:311][283]LogSavePackage:Display: Finished SavePackage ../../../../../../Users/EllightDunois/Documents/Unreal Projects/MagicDangion/Saved/Autosaves/Game/BluePrints/Enemys/Slime_Auto1.uasset
[2016.04.15-13.55.53:314][283]OBJ SavePackage: Generating thumbnails for [0] asset(s) in package [/Game/BluePrints/Enemys/Enemy] ([1] browsable assets)...
[2016.04.15-13.55.53:314][283]OBJ SavePackage: Finished generating thumbnails for package [/Game/BluePrints/Enemys/Enemy]
[2016.04.15-13.55.53:380][283]LogSavePackage: Save=58.33ms
[2016.04.15-13.55.53:380][283]LogSavePackage: Moving '../../../../../../Users/EllightDunois/Documents/Unreal Projects/MagicDangion/Saved/Enemy_Auto1827C5C1F4708A7B93E8D48AFAE9D6E57.tmp' to '../../../../../../Users/EllightDunois/Documents/Unreal Projects/MagicDangion/Saved/Autosaves/Game/BluePrints/Enemys/Enemy_Auto1.uasset'
[2016.04.15-13.55.53:381][283]LogSavePackage: Total save time: 66.68ms
[2016.04.15-13.55.53:382][283]LogSavePackage:Display: Finished SavePackage ../../../../../../Users/EllightDunois/Documents/Unreal Projects/MagicDangion/Saved/Autosaves/Game/BluePrints/Enemys/Enemy_Auto1.uasset
[2016.04.15-13.55.53:386][283]OBJ SavePackage: Generating thumbnails for [0] asset(s) in package [/Game/BluePrints/UMG/EnemyStatosWidget_BP] ([1] browsable assets)...
[2016.04.15-13.55.53:386][283]OBJ SavePackage: Finished generating thumbnails for package [/Game/BluePrints/UMG/EnemyStatosWidget_BP]
[2016.04.15-13.55.53:436][283]LogSavePackage: Save=42.56ms
[2016.04.15-13.55.53:436][283]LogSavePackage: Moving '../../../../../../Users/EllightDunois/Documents/Unreal Projects/MagicDangion/Saved/EnemyStatosWidget_BP_Auto1DB8EEF924E57EFCF4A9DDCB8C8F1C1E0.tmp' to '../../../../../../Users/EllightDunois/Documents/Unreal Projects/MagicDangion/Saved/Autosaves/Game/BluePrints/UMG/EnemyStatosWidget_BP_Auto1.uasset'
[2016.04.15-13.55.53:437][283]LogSavePackage: Total save time: 50.77ms
[2016.04.15-13.55.53:437][283]LogSavePackage:Display: Finished SavePackage ../../../../../../Users/EllightDunois/Documents/Unreal Projects/MagicDangion/Saved/Autosaves/Game/BluePrints/UMG/EnemyStatosWidget_BP_Auto1.uasset
[2016.04.15-13.55.53:440][283]OBJ SavePackage: Generating thumbnails for [0] asset(s) in package [/Game/BluePrints/Magics/Fire_small_BP] ([1] browsable assets)...
[2016.04.15-13.55.53:440][283]OBJ SavePackage: Finished generating thumbnails for package [/Game/BluePrints/Magics/Fire_small_BP]
[2016.04.15-13.55.53:482][283]LogSavePackage: Save=33.99ms
[2016.04.15-13.55.53:482][283]LogSavePackage: Moving '../../../../../../Users/EllightDunois/Documents/Unreal Projects/MagicDangion/Saved/Fire_small_BP_Auto1641A6BA942A36230B81163B4B08BDAA8.tmp' to '../../../../../../Users/EllightDunois/Documents/Unreal Projects/MagicDangion/Saved/Autosaves/Game/BluePrints/Magics/Fire_small_BP_Auto1.uasset'
[2016.04.15-13.55.53:483][283]LogSavePackage: Total save time: 42.07ms
[2016.04.15-13.55.53:483][283]LogSavePackage:Display: Finished SavePackage ../../../../../../Users/EllightDunois/Documents/Unreal Projects/MagicDangion/Saved/Autosaves/Game/BluePrints/Magics/Fire_small_BP_Auto1.uasset
[2016.04.15-13.55.53:486][283]OBJ SavePackage: Generating thumbnails for [0] asset(s) in package [/Game/BluePrints/Magics/Magic_BP] ([1] browsable assets)...
[2016.04.15-13.55.53:486][283]OBJ SavePackage: Finished generating thumbnails for package [/Game/BluePrints/Magics/Magic_BP]
[2016.04.15-13.55.53:520][283]LogSavePackage: Save=25.66ms
[2016.04.15-13.55.53:520][283]LogSavePackage: Moving '../../../../../../Users/EllightDunois/Documents/Unreal Projects/MagicDangion/Saved/Magic_BP_Auto1025AB7D643D337A3B4F4FB9833719F57.tmp' to '../../../../../../Users/EllightDunois/Documents/Unreal Projects/MagicDangion/Saved/Autosaves/Game/BluePrints/Magics/Magic_BP_Auto1.uasset'
[2016.04.15-13.55.53:521][283]LogSavePackage: Total save time: 33.74ms
[2016.04.15-13.55.53:521][283]LogSavePackage:Display: Finished SavePackage ../../../../../../Users/EllightDunois/Documents/Unreal Projects/MagicDangion/Saved/Autosaves/Game/BluePrints/Magics/Magic_BP_Auto1.uasset
[2016.04.15-13.55.53:524][283]OBJ SavePackage: Generating thumbnails for [1] asset(s) in package [/Game/2D/ButtleUI/EnemyTargetClossHair] ([1] browsable assets)...
[2016.04.15-13.55.53:532][283]OBJ SavePackage:     Rendered thumbnail for [Texture2D /Game/2D/ButtleUI/EnemyTargetClossHair.EnemyTargetClossHair]
[2016.04.15-13.55.53:532][283]OBJ SavePackage: Finished generating thumbnails for package [/Game/2D/ButtleUI/EnemyTargetClossHair]
[2016.04.15-13.55.53:545][283]LogSavePackage: Save=4.82ms
[2016.04.15-13.55.53:545][283]LogSavePackage: Moving '../../../../../../Users/EllightDunois/Documents/Unreal Projects/MagicDangion/Saved/EnemyTargetClossHair_Auto1AC0A40A648D0617704EDA0AC8F9A259C.tmp' to '../../../../../../Users/EllightDunois/Documents/Unreal Projects/MagicDangion/Saved/Autosaves/Game/2D/ButtleUI/EnemyTargetClossHair_Auto1.uasset'
[2016.04.15-13.55.53:546][283]LogSavePackage: Total save time: 12.52ms
[2016.04.15-13.55.53:546][283]LogSavePackage:Display: Finished SavePackage ../../../../../../Users/EllightDunois/Documents/Unreal Projects/MagicDangion/Saved/Autosaves/Game/2D/ButtleUI/EnemyTargetClossHair_Auto1.uasset
[2016.04.15-13.55.53:546][283]LogFileHelpers: Auto-saving content packages took 0.303
[2016.04.15-13.55.53:575][285]LogRenderTargetPool:Warning: r.RenderTargetPoolMin exceeded 418/400 MB (ok in editor, bad on fixed memory platform)
[2016.04.15-13.56.18:941][362]LogRenderTargetPool:Warning: r.RenderTargetPoolMin exceeded 418/400 MB (ok in editor, bad on fixed memory platform)
[2016.04.15-13.56.43:632][747]BlueprintLog: New page: Magic_BP をコンパイル
[2016.04.15-13.56.43:656][747]LogBlueprint:Warning: USimpleConstructionScript::FixupRootNodeParentReferences() - Couldn't find inherited parent component 'DefaultSceneRoot' for 'Sphere' in BlueprintGeneratedClass 'REINST_Fire_small_BP_C_365' (it may have been removed)
[2016.04.15-13.56.43:661][747]LogActorComponent: UnregisterComponent: (/Engine/Transient.CharMoveComp) Not registered. Aborting.
[2016.04.15-13.56.43:905][747]BlueprintEditorCompileResults: 情報 [1456.21] Magic_BP のコンパイルに成功しました！  [ 272 ミリ秒]
[2016.04.15-13.56.51:919][514]BlueprintLog: New page: Fire_small_BP をコンパイル
[2016.04.15-13.56.52:002][514]BlueprintEditorCompileResults: 情報 [1464.31] Fire_small_BP のコンパイルに成功しました！  [ 82 ミリ秒]
[2016.04.15-13.57.19:163][987]BlueprintLog: New page: Fire_small_BP をコンパイル
[2016.04.15-13.57.19:249][987]BlueprintEditorCompileResults: 情報 [1491.56] Fire_small_BP のコンパイルに成功しました！  [ 85 ミリ秒]
[2016.04.15-13.57.21:655][210]LogBlueprintUserMessages: Early PlayInEditor Detection: Level '/Game/tes.tes:PersistentLevel' has LevelScriptBlueprint '/Game/tes.tes:PersistentLevel.tes' with GeneratedClass '/Game/tes.tes_C' with ClassGeneratedBy '/Game/tes.tes:PersistentLevel.tes'
[2016.04.15-13.57.21:655][210]LogPlayLevel: PlayLevel: No blueprints needed recompiling
[2016.04.15-13.57.21:655][210]PIE: New page: PIEセッション: tes (2016/04/16 7:57:21)
[2016.04.15-13.57.21:655][210]LogPlayLevel: Creating play world package: /Game/UEDPIE_0_tes
[2016.04.15-13.57.21:658][210]LogPlayLevel: PIE: StaticDuplicateObject took: (0.002804s)
[2016.04.15-13.57.21:658][210]LogAIModule: Creating AISystem for world tes
[2016.04.15-13.57.21:658][210]LogPlayLevel: PIE: World Init took: (0.000559s)
[2016.04.15-13.57.21:658][210]LogPlayLevel: PIE: Created PIE world by copying editor world from /Game/tes.tes to /Game/UEDPIE_0_tes.tes (0.003557s)
[2016.04.15-13.57.21:676][210]LogInit: XAudio2 using 'SPDIF出力 (SB Recon3D PCIe)' : 2 channels at 48 kHz using 32 bits per sample (channel mask 0x3)
[2016.04.15-13.57.21:679][210]LogInit: FAudioDevice initialized.
[2016.04.15-13.57.21:708][210]LogWorld: Game class is 'ButtleGameMode_BP_C'
[2016.04.15-13.57.21:709][210]LogWorld: Bringing World /Game/UEDPIE_0_tes.tes up for play (max tick rate 0) at 2016.04.15-22.57.21
[2016.04.15-13.57.21:710][210]LogWorld: Bringing up level for play took: 0.001845
[2016.04.15-13.57.21:713][210]PIE: 情報 /Game/UEDPIE_0_tes 0.293のプレイ イン エディタの開始時間
[2016.04.15-13.57.21:713][210]LogBlueprintUserMessages: Late PlayInEditor Detection: Level '/Game/tes.tes:PersistentLevel' has LevelScriptBlueprint '/Game/tes.tes:PersistentLevel.tes' with GeneratedClass '/Game/tes.tes_C' with ClassGeneratedBy '/Game/tes.tes:PersistentLevel.tes'
[2016.04.15-13.57.31:205][329]LogBlueprintUserMessages: Early EndPlayMap Detection: Level '/Game/tes.tes:PersistentLevel' has LevelScriptBlueprint '/Game/tes.tes:PersistentLevel.tes' with GeneratedClass '/Game/tes.tes_C' with ClassGeneratedBy '/Game/tes.tes:PersistentLevel.tes'
[2016.04.15-13.57.31:242][329]LogBlueprintUserMessages: Late EndPlayMap Detection: Level '/Game/tes.tes:PersistentLevel' has LevelScriptBlueprint '/Game/tes.tes:PersistentLevel.tes' with GeneratedClass '/Game/tes.tes_C' with ClassGeneratedBy '/Game/tes.tes:PersistentLevel.tes'
[2016.04.15-13.57.31:298][330]LogRenderTargetPool:Warning: r.RenderTargetPoolMin exceeded 402/400 MB (ok in editor, bad on fixed memory platform)
[2016.04.15-13.57.34:678][653]LogBlueprintUserMessages: Early PlayInEditor Detection: Level '/Game/tes.tes:PersistentLevel' has LevelScriptBlueprint '/Game/tes.tes:PersistentLevel.tes' with GeneratedClass '/Game/tes.tes_C' with ClassGeneratedBy '/Game/tes.tes:PersistentLevel.tes'
[2016.04.15-13.57.34:679][653]LogPlayLevel: PlayLevel: No blueprints needed recompiling
[2016.04.15-13.57.34:679][653]PIE: New page: PIEセッション: tes (2016/04/16 7:57:34)
[2016.04.15-13.57.34:679][653]LogPlayLevel: Creating play world package: /Game/UEDPIE_0_tes
[2016.04.15-13.57.34:681][653]LogPlayLevel: PIE: StaticDuplicateObject took: (0.002611s)
[2016.04.15-13.57.34:682][653]LogAIModule: Creating AISystem for world tes
[2016.04.15-13.57.34:682][653]LogPlayLevel: PIE: World Init took: (0.000454s)
[2016.04.15-13.57.34:682][653]LogPlayLevel: PIE: Created PIE world by copying editor world from /Game/tes.tes to /Game/UEDPIE_0_tes.tes (0.003225s)
[2016.04.15-13.57.34:700][653]LogInit: XAudio2 using 'SPDIF出力 (SB Recon3D PCIe)' : 2 channels at 48 kHz using 32 bits per sample (channel mask 0x3)
[2016.04.15-13.57.34:703][653]LogInit: FAudioDevice initialized.
[2016.04.15-13.57.34:731][653]LogWorld: Game class is 'ButtleGameMode_BP_C'
[2016.04.15-13.57.34:733][653]LogWorld: Bringing World /Game/UEDPIE_0_tes.tes up for play (max tick rate 0) at 2016.04.15-22.57.34
[2016.04.15-13.57.34:734][653]LogWorld: Bringing up level for play took: 0.002003
[2016.04.15-13.57.34:736][653]PIE: 情報 /Game/UEDPIE_0_tes -0.683のプレイ イン エディタの開始時間
[2016.04.15-13.57.34:737][653]LogBlueprintUserMessages: Late PlayInEditor Detection: Level '/Game/tes.tes:PersistentLevel' has LevelScriptBlueprint '/Game/tes.tes:PersistentLevel.tes' with GeneratedClass '/Game/tes.tes_C' with ClassGeneratedBy '/Game/tes.tes:PersistentLevel.tes'
[2016.04.15-13.57.39:282][179]LogBlueprintUserMessages: Early EndPlayMap Detection: Level '/Game/tes.tes:PersistentLevel' has LevelScriptBlueprint '/Game/tes.tes:PersistentLevel.tes' with GeneratedClass '/Game/tes.tes_C' with ClassGeneratedBy '/Game/tes.tes:PersistentLevel.tes'
[2016.04.15-13.57.39:312][179]LogBlueprintUserMessages: Late EndPlayMap Detection: Level '/Game/tes.tes:PersistentLevel' has LevelScriptBlueprint '/Game/tes.tes:PersistentLevel.tes' with GeneratedClass '/Game/tes.tes_C' with ClassGeneratedBy '/Game/tes.tes:PersistentLevel.tes'
[2016.04.15-13.57.39:370][180]LogRenderTargetPool:Warning: r.RenderTargetPoolMin exceeded 402/400 MB (ok in editor, bad on fixed memory platform)
[2016.04.15-13.57.41:261][264]LogRenderTargetPool:Warning: r.RenderTargetPoolMin exceeded 418/400 MB (ok in editor, bad on fixed memory platform)
[2016.04.15-13.57.47:504][831]BlueprintLog: New page: Fire_small_BP をコンパイル
[2016.04.15-13.57.47:587][831]BlueprintEditorCompileResults: 情報 [1519.89] Fire_small_BP のコンパイルに成功しました！  [ 82 ミリ秒]
[2016.04.15-13.57.49:518][994]LogBlueprintUserMessages: Early PlayInEditor Detection: Level '/Game/tes.tes:PersistentLevel' has LevelScriptBlueprint '/Game/tes.tes:PersistentLevel.tes' with GeneratedClass '/Game/tes.tes_C' with ClassGeneratedBy '/Game/tes.tes:PersistentLevel.tes'
[2016.04.15-13.57.49:518][994]LogPlayLevel: PlayLevel: No blueprints needed recompiling
[2016.04.15-13.57.49:518][994]PIE: New page: PIEセッション: tes (2016/04/16 7:57:49)
[2016.04.15-13.57.49:518][994]LogPlayLevel: Creating play world package: /Game/UEDPIE_0_tes
[2016.04.15-13.57.49:521][994]LogPlayLevel: PIE: StaticDuplicateObject took: (0.002628s)
[2016.04.15-13.57.49:521][994]LogAIModule: Creating AISystem for world tes
[2016.04.15-13.57.49:521][994]LogPlayLevel: PIE: World Init took: (0.000543s)
[2016.04.15-13.57.49:521][994]LogPlayLevel: PIE: Created PIE world by copying editor world from /Game/tes.tes to /Game/UEDPIE_0_tes.tes (0.003343s)
[2016.04.15-13.57.49:540][994]LogInit: XAudio2 using 'SPDIF出力 (SB Recon3D PCIe)' : 2 channels at 48 kHz using 32 bits per sample (channel mask 0x3)
[2016.04.15-13.57.49:543][994]LogInit: FAudioDevice initialized.
[2016.04.15-13.57.49:570][994]LogWorld: Game class is 'ButtleGameMode_BP_C'
[2016.04.15-13.57.49:572][994]LogWorld: Bringing World /Game/UEDPIE_0_tes.tes up for play (max tick rate 0) at 2016.04.15-22.57.49
[2016.04.15-13.57.49:572][994]LogWorld: Bringing up level for play took: 0.001754
[2016.04.15-13.57.49:575][994]PIE: 情報 /Game/UEDPIE_0_tes 0.155のプレイ イン エディタの開始時間
[2016.04.15-13.57.49:575][994]LogBlueprintUserMessages: Late PlayInEditor Detection: Level '/Game/tes.tes:PersistentLevel' has LevelScriptBlueprint '/Game/tes.tes:PersistentLevel.tes' with GeneratedClass '/Game/tes.tes_C' with ClassGeneratedBy '/Game/tes.tes:PersistentLevel.tes'
[2016.04.15-13.57.53:653][466]LogBlueprintUserMessages: Early EndPlayMap Detection: Level '/Game/tes.tes:PersistentLevel' has LevelScriptBlueprint '/Game/tes.tes:PersistentLevel.tes' with GeneratedClass '/Game/tes.tes_C' with ClassGeneratedBy '/Game/tes.tes:PersistentLevel.tes'
[2016.04.15-13.57.53:687][466]LogBlueprintUserMessages: Late EndPlayMap Detection: Level '/Game/tes.tes:PersistentLevel' has LevelScriptBlueprint '/Game/tes.tes:PersistentLevel.tes' with GeneratedClass '/Game/tes.tes_C' with ClassGeneratedBy '/Game/tes.tes:PersistentLevel.tes'
[2016.04.15-13.57.53:746][467]LogRenderTargetPool:Warning: r.RenderTargetPoolMin exceeded 402/400 MB (ok in editor, bad on fixed memory platform)
[2016.04.15-13.57.55:194][540]LogRenderTargetPool:Warning: r.RenderTargetPoolMin exceeded 418/400 MB (ok in editor, bad on fixed memory platform)
[2016.04.15-13.57.57:983][797]BlueprintLog: New page: Fire_small_BP をコンパイル
[2016.04.15-13.57.58:066][797]BlueprintEditorCompileResults: 情報 [1530.37] Fire_small_BP のコンパイルに成功しました！  [ 82 ミリ秒]
[2016.04.15-13.57.59:609][929]LogBlueprintUserMessages: Early PlayInEditor Detection: Level '/Game/tes.tes:PersistentLevel' has LevelScriptBlueprint '/Game/tes.tes:PersistentLevel.tes' with GeneratedClass '/Game/tes.tes_C' with ClassGeneratedBy '/Game/tes.tes:PersistentLevel.tes'
[2016.04.15-13.57.59:609][929]LogPlayLevel: PlayLevel: No blueprints needed recompiling
[2016.04.15-13.57.59:609][929]PIE: New page: PIEセッション: tes (2016/04/16 7:57:59)
[2016.04.15-13.57.59:609][929]LogPlayLevel: Creating play world package: /Game/UEDPIE_0_tes
[2016.04.15-13.57.59:612][929]LogPlayLevel: PIE: StaticDuplicateObject took: (0.002568s)
[2016.04.15-13.57.59:612][929]LogAIModule: Creating AISystem for world tes
[2016.04.15-13.57.59:612][929]LogPlayLevel: PIE: World Init took: (0.000424s)
[2016.04.15-13.57.59:612][929]LogPlayLevel: PIE: Created PIE world by copying editor world from /Game/tes.tes to /Game/UEDPIE_0_tes.tes (0.003170s)
[2016.04.15-13.57.59:629][929]LogInit: XAudio2 using 'SPDIF出力 (SB Recon3D PCIe)' : 2 channels at 48 kHz using 32 bits per sample (channel mask 0x3)
[2016.04.15-13.57.59:631][929]LogInit: FAudioDevice initialized.
[2016.04.15-13.57.59:664][929]LogWorld: Game class is 'ButtleGameMode_BP_C'
[2016.04.15-13.57.59:665][929]LogWorld: Bringing World /Game/UEDPIE_0_tes.tes up for play (max tick rate 0) at 2016.04.15-22.57.59
[2016.04.15-13.57.59:666][929]LogWorld: Bringing up level for play took: 0.001669
[2016.04.15-13.57.59:669][929]PIE: 情報 /Game/UEDPIE_0_tes 0.249のプレイ イン エディタの開始時間
[2016.04.15-13.57.59:669][929]LogBlueprintUserMessages: Late PlayInEditor Detection: Level '/Game/tes.tes:PersistentLevel' has LevelScriptBlueprint '/Game/tes.tes:PersistentLevel.tes' with GeneratedClass '/Game/tes.tes_C' with ClassGeneratedBy '/Game/tes.tes:PersistentLevel.tes'
[2016.04.15-13.58.06:848][757]LogBlueprintUserMessages: Early EndPlayMap Detection: Level '/Game/tes.tes:PersistentLevel' has LevelScriptBlueprint '/Game/tes.tes:PersistentLevel.tes' with GeneratedClass '/Game/tes.tes_C' with ClassGeneratedBy '/Game/tes.tes:PersistentLevel.tes'
[2016.04.15-13.58.06:886][757]LogBlueprintUserMessages: Late EndPlayMap Detection: Level '/Game/tes.tes:PersistentLevel' has LevelScriptBlueprint '/Game/tes.tes:PersistentLevel.tes' with GeneratedClass '/Game/tes.tes_C' with ClassGeneratedBy '/Game/tes.tes:PersistentLevel.tes'
[2016.04.15-13.58.06:948][758]LogRenderTargetPool:Warning: r.RenderTargetPoolMin exceeded 402/400 MB (ok in editor, bad on fixed memory platform)
[2016.04.15-13.58.09:000][858]LogRenderTargetPool:Warning: r.RenderTargetPoolMin exceeded 418/400 MB (ok in editor, bad on fixed memory platform)
[2016.04.15-14.00.45:543][380]LogProperty:Warning: ObjectProperty /Script/Engine.EdGraphPin:LinkedTo.LinkedTo: unresolved reference to 'EdGraphPin'K2Node_CallFunction_3812.EdGraphPin_42970''
[2016.04.15-14.01.12:237][699]BlueprintLog: New page: Fire_small_BP をコンパイル
[2016.04.15-14.01.12:324][699]BlueprintEditorCompileResults: 情報 [1724.63] Fire_small_BP のコンパイルに成功しました！  [ 86 ミリ秒]
[2016.04.15-14.01.17:623][168]LogBlueprintUserMessages: Early PlayInEditor Detection: Level '/Game/tes.tes:PersistentLevel' has LevelScriptBlueprint '/Game/tes.tes:PersistentLevel.tes' with GeneratedClass '/Game/tes.tes_C' with ClassGeneratedBy '/Game/tes.tes:PersistentLevel.tes'
[2016.04.15-14.01.17:623][168]LogPlayLevel: PlayLevel: No blueprints needed recompiling
[2016.04.15-14.01.17:623][168]PIE: New page: PIEセッション: tes (2016/04/16 8:01:17)
[2016.04.15-14.01.17:623][168]LogPlayLevel: Creating play world package: /Game/UEDPIE_0_tes
[2016.04.15-14.01.17:626][168]LogPlayLevel: PIE: StaticDuplicateObject took: (0.002635s)
[2016.04.15-14.01.17:626][168]LogAIModule: Creating AISystem for world tes
[2016.04.15-14.01.17:626][168]LogPlayLevel: PIE: World Init took: (0.000584s)
[2016.04.15-14.01.17:626][168]LogPlayLevel: PIE: Created PIE world by copying editor world from /Game/tes.tes to /Game/UEDPIE_0_tes.tes (0.003447s)
[2016.04.15-14.01.17:644][168]LogInit: XAudio2 using 'SPDIF出力 (SB Recon3D PCIe)' : 2 channels at 48 kHz using 32 bits per sample (channel mask 0x3)
[2016.04.15-14.01.17:647][168]LogInit: FAudioDevice initialized.
[2016.04.15-14.01.17:678][168]LogWorld: Game class is 'ButtleGameMode_BP_C'
[2016.04.15-14.01.17:680][168]LogWorld: Bringing World /Game/UEDPIE_0_tes.tes up for play (