Log file open, 04/17/16 10:58:47
LogInit:Display: Running engine for game: MagicDangion
LogPlatformFile: Not using cached read wrapper
LogInit:Display: RandInit(183753263) SRandInit(183753263).
LogTaskGraph: Started task graph with 4 named threads and 7 total threads.
LogStats: Stats thread started at 0.115034
LogInit: Version: 4.11.1-2934540+++UE4+Release-4.11
LogInit: API Version: 2927265
LogInit: Compiled (64-bit): Apr  6 2016 02:14:16
LogInit: Compiled with Visual C++: 19.00.23026.00
LogInit: Build Configuration: Development
LogInit: Branch Name: ++UE4+Release-4.11
LogInit: Command line:  
LogInit: Base directory: C:/Program Files/Epic Games/4.11/Engine/Binaries/Win64/
LogInit: Installed Engine Build: 1
LogInit: Using libcurl 7.41.0
LogInit:  - built for x86_64-pc-win32
LogInit:  - supports SSL with WinSSL
LogInit:  - other features:
LogInit:      CURL_VERSION_SSL
LogInit:      CURL_VERSION_IPV6
LogInit:      CURL_VERSION_ASYNCHDNS
LogInit:      CURL_VERSION_LARGEFILE
LogInit:      CURL_VERSION_IDN
LogInit:  CurlRequestOptions (configurable via config and command line):
LogInit:  - bVerifyPeer = true  - Libcurl will verify peer certificate
LogInit:  - bUseHttpProxy = false  - Libcurl will NOT use HTTP proxy
LogInit:  - bDontReuseConnections = false  - Libcurl will reuse connections
LogInit:  - CertBundlePath = nullptr  - Libcurl will use whatever was configured at build time.
LogInit: Presizing for max 16777216 objects, including 0 objects not considered by GC, pre-allocating 0 bytes for permanent pool.
LogInit: Object subsystem initialized
[2016.04.17-01.58.47:269][  0]LogInit: Selected Device Profile: [Windows]
[2016.04.17-01.58.47:269][  0]LogInit: Applying CVar settings loaded from the selected device profile: [Windows]
[2016.04.17-01.58.47:302][  0]LogInit: Computer: LIGHT
[2016.04.17-01.58.47:303][  0]LogInit: User: EllightDunois
[2016.04.17-01.58.47:303][  0]LogInit: CPU Page size=65536, Cores=4
[2016.04.17-01.58.47:303][  0]LogInit: High frequency timer resolution =3.906253 MHz
[2016.04.17-01.58.47:303][  0]LogMemory: Memory total: Physical=7.9GB (8GB approx)
[2016.04.17-01.58.47:303][  0]LogMemory: Platform Memory Stats for Windows
[2016.04.17-01.58.47:303][  0]LogMemory: Process Physical Memory: 314.07 MB used, 314.07 MB peak
[2016.04.17-01.58.47:303][  0]LogMemory: Process Virtual Memory: 314.76 MB used, 314.76 MB peak
[2016.04.17-01.58.47:303][  0]LogMemory: Physical Memory: 3449.63 MB used, 8133.65 MB total
[2016.04.17-01.58.47:303][  0]LogMemory: Virtual Memory: 652.91 MB used, 134217728.00 MB total
[2016.04.17-01.58.47:462][  0]LogTextLocalizationManager: No specific translations for ('ja-JP') exist, so ('ja') translations will be used.
[2016.04.17-01.58.47:547][  0]LogTextLocalizationManager:Warning: Loaded localization resources contain conflicting entries for (Namespace:K2Node, Key:false):
Localization Resource: (C:/Program Files/Epic Games/4.11/Engine/Content/Localization/EditorTutorials/ja/EditorTutorials.locres) Source String Hash: (816077464) Localized String: (偽)
Localization Resource: (C:/Program Files/Epic Games/4.11/Engine/Content/Localization/Engine/ja/Engine.locres) Source String Hash: (816077464) Localized String: (false)
[2016.04.17-01.58.47:547][  0]LogTextLocalizationManager:Warning: Loaded localization resources contain conflicting entries for (Namespace:K2Node, Key:true):
Localization Resource: (C:/Program Files/Epic Games/4.11/Engine/Content/Localization/EditorTutorials/ja/EditorTutorials.locres) Source String Hash: (-942328987) Localized String: (真)
Localization Resource: (C:/Program Files/Epic Games/4.11/Engine/Content/Localization/Engine/ja/Engine.locres) Source String Hash: (-942328987) Localized String: (true)
[2016.04.17-01.58.47:547][  0]LogTextLocalizationManager:Warning: Loaded localization resources contain conflicting entries for (Namespace:UObjectToolTips, Key:AnimNode_BlendSpacePlayer:bLoop):
Localization Resource: (C:/Program Files/Epic Games/4.11/Engine/Content/Localization/EditorTutorials/ja/EditorTutorials.locres) Source String Hash: (2133979316) Localized String: (再生が最後まで終わった後、ロープ再生するようにしますか？)
Localization Resource: (C:/Program Files/Epic Games/4.11/Engine/Content/Localization/ToolTips/ja/ToolTips.locres) Source String Hash: (2133979316) Localized String: (ループが最後まで到達した時に、アニメーションのループを継続するべきか？)
[2016.04.17-01.58.47:547][  0]LogTextLocalizationManager:Warning: Loaded localization resources contain conflicting entries for (Namespace:UObjectToolTips, Key:AnimNode_BlendSpacePlayer:X):
Localization Resource: (C:/Program Files/Epic Games/4.11/Engine/Content/Localization/EditorTutorials/ja/EditorTutorials.locres) Source String Hash: (2060772590) Localized String: (ブレンドスペースで値を取得するX座標)
Localization Resource: (C:/Program Files/Epic Games/4.11/Engine/Content/Localization/ToolTips/ja/ToolTips.locres) Source String Hash: (2060772590) Localized String: (ブレンドスペースでサンプリングするX座標)
[2016.04.17-01.58.47:547][  0]LogTextLocalizationManager:Warning: Loaded localization resources contain conflicting entries for (Namespace:UObjectToolTips, Key:AnimNode_BlendSpacePlayer:Y):
Localization Resource: (C:/Program Files/Epic Games/4.11/Engine/Content/Localization/EditorTutorials/ja/EditorTutorials.locres) Source String Hash: (-1719607538) Localized String: (ブレンドスペースで値を取得するY座標)
Localization Resource: (C:/Program Files/Epic Games/4.11/Engine/Content/Localization/ToolTips/ja/ToolTips.locres) Source String Hash: (-1719607538) Localized String: (ブレンドスペースでサンプリングするY座標)
[2016.04.17-01.58.47:547][  0]LogTextLocalizationManager:Warning: Loaded localization resources contain conflicting entries for (Namespace:UObjectToolTips, Key:AnimNode_BlendSpacePlayer:Z):
Localization Resource: (C:/Program Files/Epic Games/4.11/Engine/Content/Localization/EditorTutorials/ja/EditorTutorials.locres) Source String Hash: (1728943471) Localized String: (ブレンドスペースで値を取得するZ座標)
Localization Resource: (C:/Program Files/Epic Games/4.11/Engine/Content/Localization/ToolTips/ja/ToolTips.locres) Source String Hash: (1728943471) Localized String: (ブレンドスペースでサンプリングするZ座標)
[2016.04.17-01.58.47:547][  0]LogTextLocalizationManager:Warning: Loaded localization resources contain conflicting entries for (Namespace:UObjectToolTips, Key:AnimNode_BlendSpacePlayer:BlendSpace):
Localization Resource: (C:/Program Files/Epic Games/4.11/Engine/Content/Localization/EditorTutorials/ja/EditorTutorials.locres) Source String Hash: (1599043277) Localized String: (再生するブレンドスペースのアセット)
Localization Resource: (C:/Program Files/Epic Games/4.11/Engine/Content/Localization/ToolTips/ja/ToolTips.locres) Source String Hash: (1599043277) Localized String: (再生するブレンド空間アセット)
[2016.04.17-01.58.47:547][  0]LogTextLocalizationManager:Warning: Loaded localization resources contain conflicting entries for (Namespace:UObjectToolTips, Key:AnimNode_StateMachine:MaxTransitionsPerFrame):
Localization Resource: (C:/Program Files/Epic Games/4.11/Engine/Content/Localization/EditorTutorials/ja/EditorTutorials.locres) Source String Hash: (1567650430) Localized String: (このマシーンで1フレームあたりに同時に処理できるトランジションの最大数)
Localization Resource: (C:/Program Files/Epic Games/4.11/Engine/Content/Localization/ToolTips/ja/ToolTips.locres) Source String Hash: (1567650430) Localized String: (単一フレームでマシーンが「同時」に受け取れる遷移の最大数)
[2016.04.17-01.58.47:547][  0]LogTextLocalizationManager:Warning: Loaded localization resources contain conflicting entries for (Namespace:UObjectToolTips, Key:AnimNode_BlendSpacePlayer:PlayRate):
Localization Resource: (C:/Program Files/Epic Games/4.11/Engine/Content/Localization/EditorTutorials/ja/EditorTutorials.locres) Source String Hash: (-1274923958) Localized String: (再生速度の倍率です。負の数値も使う事ができます。その場合逆再生になります。)
Localization Resource: (C:/Program Files/Epic Games/4.11/Engine/Content/Localization/ToolTips/ja/ToolTips.locres) Source String Hash: (-1274923958) Localized String: (再生レート乗数。アニメーションを逆再生する負の値にすることができます。)
[2016.04.17-01.58.47:735][  0]LogD3D11RHI: D3D11 adapters:
[2016.04.17-01.58.47:748][  0]LogD3D11RHI:    0. 'AMD Radeon R9 200 Series' (Feature Level 11_0)
[2016.04.17-01.58.47:748][  0]LogD3D11RHI:       4074MB of dedicated video memory, 0MB of dedicated system memory, and 4066MB of shared system memory, 1 output[s]
[2016.04.17-01.58.47:749][  0]LogD3D11RHI:    1. 'Microsoft Basic Render Driver' (Feature Level 11_0)
[2016.04.17-01.58.47:749][  0]LogD3D11RHI:       0MB of dedicated video memory, 0MB of dedicated system memory, and 4066MB of shared system memory, 0 output[s]
[2016.04.17-01.58.47:749][  0]LogD3D11RHI: Chosen D3D11 Adapter: 0
[2016.04.17-01.58.47:753][  0]LogD3D11RHI: Creating new Direct3DDevice
[2016.04.17-01.58.47:754][  0]LogD3D11RHI:     Adapter Name: AMD Radeon R9 200 Series
[2016.04.17-01.58.47:754][  0]LogD3D11RHI:   Driver Version: Catalyst 15.8 (internal 16.150.2211.0)
[2016.04.17-01.58.47:754][  0]LogD3D11RHI:      Driver Date: 3-21-2016
[2016.04.17-01.58.47:754][  0]LogRHI: Texture pool is 1361 MB (70% of 1945 MB)
[2016.04.17-01.58.47:760][  0]LogD3D11RHI: Async texture creation disabled: no driver support
[2016.04.17-01.58.47:774][  0]LogShaderCompilers: Guid format shader working directory is -27 characters bigger than the processId version (../../../../../../Users/EllightDunois/Documents/Unreal Projects/MagicDangion/Intermediate/Shaders/WorkingDirectory/8668/).
[2016.04.17-01.58.47:774][  0]LogShaderCompilers: Cleaned the shader compiler working directory 'C:/Users/ELLIGH~1/AppData/Local/Temp/UnrealShaderWorkingDir/B793087542BDDE8499FB7B92FD4630FB/'.
[2016.04.17-01.58.47:774][  0]LogShaderCompilers:Display: Using Local Shader Compiler.
[2016.04.17-01.58.49:557][  0]LogTemp:Display: Loaded TP AllDesktopTargetPlatform
[2016.04.17-01.58.49:561][  0]LogTemp:Display: Loaded TP WindowsClientTargetPlatform
[2016.04.17-01.58.49:564][  0]LogTemp:Display: Loaded TP WindowsNoEditorTargetPlatform
[2016.04.17-01.58.49:568][  0]LogTemp:Display: Loaded TP WindowsServerTargetPlatform
[2016.04.17-01.58.49:571][  0]LogTemp:Display: Loaded TP WindowsTargetPlatform
[2016.04.17-01.58.49:576][  0]LogTemp:Display: Loaded TP AndroidTargetPlatform
[2016.04.17-01.58.49:579][  0]LogTemp:Display: Loaded TP Android_ASTCTargetPlatform
[2016.04.17-01.58.49:582][  0]LogTemp:Display: Loaded TP Android_ATCTargetPlatform
[2016.04.17-01.58.49:584][  0]LogTemp:Display: Loaded TP Android_DXTTargetPlatform
[2016.04.17-01.58.49:587][  0]LogTemp:Display: Loaded TP Android_ETC1TargetPlatform
[2016.04.17-01.58.49:590][  0]LogTemp:Display: Loaded TP Android_ETC2TargetPlatform
[2016.04.17-01.58.49:595][  0]LogTemp:Display: Loaded TP Android_MultiTargetPlatform
[2016.04.17-01.58.49:595][  0]LogTemp:Display: Loaded TP Android_PVRTCTargetPlatform
[2016.04.17-01.58.49:596][  0]LogTemp:Display: Loaded TP HTML5TargetPlatform
[2016.04.17-01.58.49:650][  0]LogTemp:Display: Loaded TP IOSTargetPlatform
[2016.04.17-01.58.49:653][  0]LogTemp:Display: Loaded TP TVOSTargetPlatform
[2016.04.17-01.58.49:656][  0]LogTemp:Display: Loaded TP LinuxNoEditorTargetPlatform
[2016.04.17-01.58.49:659][  0]LogTemp:Display: Loaded TP LinuxServerTargetPlatform
[2016.04.17-01.58.49:665][  0]LogTemp:Display: Loaded TP LinuxTargetPlatform
[2016.04.17-01.58.49:665][  0]LogTargetPlatformManager:Display: Building Assets For Windows
[2016.04.17-01.58.49:882][  0]LogDerivedDataCache:Display: Max Cache Size: 512 MB
[2016.04.17-01.58.50:295][  0]LogDerivedDataCache: Loaded boot cache 0.41s 46MB C:/Users/EllightDunois/AppData/Local/UnrealEngine/4.11/DerivedDataCache/Boot.ddc.
[2016.04.17-01.58.50:295][  0]LogDerivedDataCache:Display: Loaded Boot cache: C:/Users/EllightDunois/AppData/Local/UnrealEngine/4.11/DerivedDataCache/Boot.ddc
[2016.04.17-01.58.50:296][  0]LogDerivedDataCache: FDerivedDataBackendGraph:  Pak pak cache file ../../../../../../Users/EllightDunois/Documents/Unreal Projects/MagicDangion/DerivedDataCache/DDC.ddp not found, will not use a pak cache.
[2016.04.17-01.58.50:296][  0]LogDerivedDataCache: Unable to find inner node Pak for hierarchical cache Hierarchy.
[2016.04.17-01.58.50:296][  0]LogDerivedDataCache: FDerivedDataBackendGraph:  CompressedPak pak cache file ../../../../../../Users/EllightDunois/Documents/Unreal Projects/MagicDangion/DerivedDataCache/Compressed.ddp not found, will not use a pak cache.
[2016.04.17-01.58.50:296][  0]LogDerivedDataCache: Unable to find inner node CompressedPak for hierarchical cache Hierarchy.
[2016.04.17-01.58.50:318][  0]LogDerivedDataCache:Display: Pak cache opened for reading ../../../Engine/DerivedDataCache/Compressed.ddp.
[2016.04.17-01.58.50:333][  0]LogDerivedDataCache: Using Local data cache path C:/Users/EllightDunois/AppData/Local/UnrealEngine/Common/DerivedDataCache: Writable
[2016.04.17-01.58.52:403][  0]LogInit: Selected Device Profile: [Windows]
[2016.04.17-01.58.52:408][  0]LogContentStreaming: Texture pool size is 0.00 MB
[2016.04.17-01.58.52:539][  0]LogMaterial: Uniform references updated for custom material expression Custom.
[2016.04.17-01.58.52:703][  0]LogMeshUtilities: No automatic mesh reduction module available
[2016.04.17-01.58.52:703][  0]LogMeshUtilities: No automatic mesh merging module available
[2016.04.17-01.58.52:703][  0]LogMeshUtilities: No distributed automatic mesh merging module available
[2016.04.17-01.58.53:215][  0]LogUObjectArray: 27678 objects as part of root set at end of initial load.
[2016.04.17-01.58.53:215][  0]LogUObjectAllocator: 5591384 out of 0 bytes used by permanent object pool.
[2016.04.17-01.58.53:215][  0]LogUObjectArray: CloseDisregardForGC: 0/0 objects in disregard for GC pool
[2016.04.17-01.58.53:220][  0]LogInit: WinSock: version 1.1 (2.2), MaxSocks=32767, MaxUdp=65467
[2016.04.17-01.58.53:403][  0]LogSlate: SlateFontCache - WITH_FREETYPE: 1, WITH_HARFBUZZ: 1
[2016.04.17-01.58.53:403][  0]LogSlate: SlateFontCache - WITH_FREETYPE: 1, WITH_HARFBUZZ: 1
[2016.04.17-01.58.53:637][  0]LogStreaming:Warning: Failed to read file '../../../Engine/Content/Editor/Slate/Common/Selection_16x.png' error.
[2016.04.17-01.58.53:637][  0]LogSlate: Could not find file for Slate resource: ../../../Engine/Content/Editor/Slate/Common/Selection_16x.png
[2016.04.17-01.58.53:637][  0]LogStreaming:Warning: Failed to read file '../../../Engine/Content/Editor/Slate/Common/Selection_16x.png' error.
[2016.04.17-01.58.53:637][  0]LogSlate: Could not find file for Slate resource: ../../../Engine/Content/Editor/Slate/Common/Selection_16x.png
[2016.04.17-01.58.53:637][  0]LogStreaming:Warning: Failed to read file '../../../Engine/Content/Editor/Slate/Common/Selection_16x.png' error.
[2016.04.17-01.58.53:637][  0]LogSlate: Could not find file for Slate resource: ../../../Engine/Content/Editor/Slate/Common/Selection_16x.png
[2016.04.17-01.58.54:768][  0]LogUdpMessaging: Initializing bridge on interface 0.0.0.0:0 to multicast group 230.0.0.1:6666.
[2016.04.17-01.58.54:893][  0]LogAssetRegistry: FAssetRegistry took 0.0230 seconds to start up
[2016.04.17-01.58.55:116][  0]SourceControl: 情報 ソースコントロールは無効です
[2016.04.17-01.58.55:192][  0]SourceControl: 情報 ソースコントロールは無効です
[2016.04.17-01.58.55:200][  0]SourceControl: 情報 ソースコントロールは無効です
[2016.04.17-01.58.55:207][  0]SourceControl: 情報 ソースコントロールは無効です
[2016.04.17-01.58.55:370][  0]LogEngine: Initializing Engine...
[2016.04.17-01.58.55:387][  0]LogHMD: SteamVR failed to initialize.  Err: 110
[2016.04.17-01.58.55:388][  0]LogHMD: SteamVR failed to initialize.  Err: 110
[2016.04.17-01.58.55:580][  0]LogAIModule: Creating AISystem for world NewWorld
[2016.04.17-01.58.55:594][  0]LogInit: XAudio2 using 'SPDIF出力 (SB Recon3D PCIe)' : 2 channels at 48 kHz using 32 bits per sample (channel mask 0x3)
[2016.04.17-01.58.55:599][  0]LogInit: FAudioDevice initialized.
[2016.04.17-01.58.55:620][  0]LogDerivedDataCache: Saved boot cache 0.02s 46MB C:/Users/EllightDunois/AppData/Local/UnrealEngine/4.11/DerivedDataCache/Boot.ddc.
[2016.04.17-01.58.55:631][  0]LogInit: Texture streaming: Enabled
[2016.04.17-01.58.55:656][  0]LogInit: Transaction tracking system initialized
[2016.04.17-01.58.55:689][  0]BlueprintLog: New page: エディタの読み込み
[2016.04.17-01.58.55:798][  0]LocalizationService: 情報 ローカライズのサービスが無効になりました
[2016.04.17-01.58.55:902][  0]LogConsoleResponse:Display: 
[2016.04.17-01.58.56:176][  0]LogCook:Display: Max memory allowance for cook 8192mb
[2016.04.17-01.58.56:176][  0]LogCook:Display: Mobile HDR setting 1
[2016.04.17-01.58.56:176][  0]LogCook:Display: Done creating registry. It took  0.00s.
[2016.04.17-01.58.56:237][  0]LogFileCache: Scanning file cache for directory 'C:/Users/EllightDunois/Documents/Unreal Projects/MagicDangion/Content/' took 0.01s
[2016.04.17-01.58.56:237][  0]SourceControl: 情報 ソースコントロールは無効です
[2016.04.17-01.58.56:238][  0]Cmd: MAP LOAD FILE="../../../../../../Users/EllightDunois/Documents/Unreal Projects/MagicDangion/Content/tes.umap" TEMPLATE=0 SHOWPROGRESS=1 FEATURELEVEL=3
[2016.04.17-01.58.56:241][  0]LightingResults: New page: ライティングのビルド
[2016.04.17-01.58.56:249][  0]MapCheck: New page: マップをチェック
[2016.04.17-01.58.56:249][  0]LightingResults: New page: <何も選択されていません>
[2016.04.17-01.58.57:855][  0]LogAIModule: Creating AISystem for world tes
[2016.04.17-01.58.57:957][  0]LogEditorServer: Finished looking for orphan Actors (0.000 secs)
[2016.04.17-01.58.57:973][  0]Cmd: MAP CHECKDEP NOCLEARLOG
[2016.04.17-01.58.58:005][  0]MapCheck: 情報 マップチェックが完了: 0 エラー、 0 警告、完了に 31.72ミリ秒かかりました。
[2016.04.17-01.58.58:005][  0]LogFileHelpers: Loading map 'tes' took 1.767
[2016.04.17-01.58.58:178][  0]LogCollectionManager: Loaded 0 collections in 0.001411 seconds
[2016.04.17-01.58.58:230][  0]LogFileCache: Scanning file cache for directory 'C:/Users/EllightDunois/Documents/Unreal Projects/MagicDangion/Saved/Collections/' took 0.01s
[2016.04.17-01.58.58:230][  0]LogFileCache: Scanning file cache for directory 'C:/Users/EllightDunois/Documents/Unreal Projects/MagicDangion/Content/Developers/EllightDunois/Collections/' took 0.01s
[2016.04.17-01.58.58:230][  0]LogFileCache: Scanning file cache for directory 'C:/Users/EllightDunois/Documents/Unreal Projects/MagicDangion/Content/Collections/' took 0.01s
[2016.04.17-01.58.58:230][  0]LogCollectionManager: Rebuilt the GUID cache for 0 collections in 0.000007 seconds
[2016.04.17-01.58.58:236][  0]LogContentBrowser: Native class hierarchy populated in 0.0055 seconds. Added 1980 classes and 345 folders.
[2016.04.17-01.58.58:242][  0]LogStats: UGameplayTagsManager::ConstructGameplayTagTree: Construct from data asset -  0.000 s
[2016.04.17-01.58.58:242][  0]LogStats: UGameplayTagsManager::ConstructGameplayTagTree: GameplayTagTreeChangedEvent.Broadcast -  0.000 s
[2016.04.17-01.58.58:242][  0]LogContentBrowser: Native class hierarchy updated for 'GameplayTags' in 0.0003 seconds. Added 12 classes and 0 folders.
[2016.04.17-01.58.58:246][  0]LogContentBrowser: Native class hierarchy updated for 'WidgetCarousel' in 0.0002 seconds. Added 0 classes and 0 folders.
[2016.04.17-01.58.58:260][  0]LogContentBrowser: Native class hierarchy updated for 'SuperSearch' in 0.0004 seconds. Added 1 classes and 2 folders.
[2016.04.17-01.58.58:513][  0]LogContentBrowser: Native class hierarchy updated for 'AddContentDialog' in 0.0002 seconds. Added 0 classes and 0 folders.
[2016.04.17-01.58.58:672][  0]LogCrashTracker: Crashtracker disabled due to settings.
[2016.04.17-01.58.58:682][  0]LogUObjectGlobals:Warning: オブジェクト 'Class なし.' が見つかりませんでした
[2016.04.17-01.58.58:711][  0]LogContentBrowser: Native class hierarchy updated for 'HierarchicalLODOutliner' in 0.0003 seconds. Added 1 classes and 2 folders.
[2016.04.17-01.58.58:711][  0]LogLoad: Full Startup: 12.56 seconds (BP compile: 0.20 seconds)
[2016.04.17-01.58.58:711][  0]LogExternalProfiler: Found external profiler: VSPerf
[2016.04.17-01.58.58:711][  0]LogExternalProfiler: Using external profiler: VSPerf
[2016.04.17-01.58.59:053][  0]LogOcInput: OculusInput pre-init called
[2016.04.17-01.58.59:148][  0]LogContentStreaming: Texture pool size now 1000 MB
[2016.04.17-01.58.59:312][  0]LogRenderer: Reallocating scene render targets to support 2248x824 (Frame:2).
[2016.04.17-01.58.59:545][  1]LogAssetRegistry: Asset discovery search completed in 4.6745 seconds
[2016.04.17-01.58.59:546][  1]LogCollectionManager: Rebuilt the object cache for 0 collections in 0.000001 seconds (found 0 objects)
[2016.04.17-01.58.59:546][  1]LogCollectionManager: Fixed up redirectors for 0 collections in 0.000220 seconds (updated 0 objects)
[2016.04.17-01.59.04:212][ 15]LogBlueprintUserMessages: Early PlayInEditor Detection: Level '/Game/tes.tes:PersistentLevel' has LevelScriptBlueprint '/Game/tes.tes:PersistentLevel.tes' with GeneratedClass '/Game/tes.tes_C' with ClassGeneratedBy '/Game/tes.tes:PersistentLevel.tes'
[2016.04.17-01.59.04:212][ 15]LogPlayLevel: PlayLevel: No blueprints needed recompiling
[2016.04.17-01.59.04:234][ 15]PIE: New page: PIEセッション: tes (2016/04/17 19:59:04)
[2016.04.17-01.59.04:237][ 15]LogPlayLevel: Creating play world package: /Game/UEDPIE_0_tes
[2016.04.17-01.59.04:245][ 15]LogPlayLevel: PIE: StaticDuplicateObject took: (0.007383s)
[2016.04.17-01.59.04:245][ 15]LogAIModule: Creating AISystem for world tes
[2016.04.17-01.59.04:245][ 15]LogPlayLevel: PIE: World Init took: (0.000396s)
[2016.04.17-01.59.04:245][ 15]LogPlayLevel: PIE: Created PIE world by copying editor world from /Game/tes.tes to /Game/UEDPIE_0_tes.tes (0.008094s)
[2016.04.17-01.59.04:248][ 15]LogActorComponent: UnregisterComponent: (/Engine/Transient.CharMoveComp) Not registered. Aborting.
[2016.04.17-01.59.04:279][ 15]LogInit: XAudio2 using 'SPDIF出力 (SB Recon3D PCIe)' : 2 channels at 48 kHz using 32 bits per sample (channel mask 0x3)
[2016.04.17-01.59.04:281][ 15]LogInit: FAudioDevice initialized.
[2016.04.17-01.59.04:358][ 15]LogWorld: Game class is 'ButtleGameMode_BP_C'
[2016.04.17-01.59.04:361][ 15]LogWorld: Bringing World /Game/UEDPIE_0_tes.tes up for play (max tick rate 0) at 2016.04.17-10.59.04
[2016.04.17-01.59.04:366][ 15]LogWorld: Bringing up level for play took: 0.006707
[2016.04.17-01.59.04:375][ 15]LogContentBrowser: Native class hierarchy updated for 'MovieSceneCapture' in 0.0003 seconds. Added 9 classes and 0 folders.
[2016.04.17-01.59.04:396][ 15]PIE: 情報 /Game/UEDPIE_0_tes -0.791のプレイ イン エディタの開始時間
[2016.04.17-01.59.04:396][ 15]LogBlueprintUserMessages: Late PlayInEditor Detection: Level '/Game/tes.tes:PersistentLevel' has LevelScriptBlueprint '/Game/tes.tes:PersistentLevel.tes' with GeneratedClass '/Game/tes.tes_C' with ClassGeneratedBy '/Game/tes.tes:PersistentLevel.tes'
[2016.04.17-01.59.14:950][266]LogBlueprintUserMessages: Early EndPlayMap Detection: Level '/Game/tes.tes:PersistentLevel' has LevelScriptBlueprint '/Game/tes.tes:PersistentLevel.tes' with GeneratedClass '/Game/tes.tes_C' with ClassGeneratedBy '/Game/tes.tes:PersistentLevel.tes'
[2016.04.17-01.59.14:984][266]LogBlueprintUserMessages: Late EndPlayMap Detection: Level '/Game/tes.tes:PersistentLevel' has LevelScriptBlueprint '/Game/tes.tes:PersistentLevel.tes' with GeneratedClass '/Game/tes.tes_C' with ClassGeneratedBy '/Game/tes.tes:PersistentLevel.tes'
[2016.04.17-01.59.23:074][ 80]LogContentBrowser: Native class hierarchy updated for 'BlueprintGraph' in 0.0006 seconds. Added 108 classes and 0 folders.
[2016.04.17-02.00.27:623][614]BlueprintLog: New page: Fire_small_BP をコンパイル
[2016.04.17-02.00.27:714][614]BlueprintEditorCompileResults: 情報 [0101.56] Fire_small_BP のコンパイルに成功しました！  [ 91 ミリ秒]
[2016.04.17-02.00.30:446][900]LogBlueprintUserMessages: Early PlayInEditor Detection: Level '/Game/tes.tes:PersistentLevel' has LevelScriptBlueprint '/Game/tes.tes:PersistentLevel.tes' with GeneratedClass '/Game/tes.tes_C' with ClassGeneratedBy '/Game/tes.tes:PersistentLevel.tes'
[2016.04.17-02.00.30:446][900]LogPlayLevel: PlayLevel: No blueprints needed recompiling
[2016.04.17-02.00.30:446][900]PIE: New page: PIEセッション: tes (2016/04/17 20:00:30)
[2016.04.17-02.00.30:446][900]LogPlayLevel: Creating play world package: /Game/UEDPIE_0_tes
[2016.04.17-02.00.30:449][900]LogPlayLevel: PIE: StaticDuplicateObject took: (0.002438s)
[2016.04.17-02.00.30:449][900]LogAIModule: Creating AISystem for world tes
[2016.04.17-02.00.30:449][900]LogPlayLevel: PIE: World Init took: (0.000626s)
[2016.04.17-02.00.30:449][900]LogPlayLevel: PIE: Created PIE world by copying editor world from /Game/tes.tes to /Game/UEDPIE_0_tes.tes (0.003206s)
[2016.04.17-02.00.30:464][900]LogInit: XAudio2 using 'SPDIF出力 (SB Recon3D PCIe)' : 2 channels at 48 kHz using 32 bits per sample (channel mask 0x3)
[2016.04.17-02.00.30:467][900]LogInit: FAudioDevice initialized.
[2016.04.17-02.00.30:500][900]LogWorld: Game class is 'ButtleGameMode_BP_C'
[2016.04.17-02.00.30:501][900]LogWorld: Bringing World /Game/UEDPIE_0_tes.tes up for play (max tick rate 0) at 2016.04.17-11.00.30
[2016.04.17-02.00.30:502][900]LogWorld: Bringing up level for play took: 0.001597
[2016.04.17-02.00.30:505][900]PIE: 情報 /Game/UEDPIE_0_tes -0.682のプレイ イン エディタの開始時間
[2016.04.17-02.00.30:505][900]LogBlueprintUserMessages: Late PlayInEditor Detection: Level '/Game/tes.tes:PersistentLevel' has LevelScriptBlueprint '/Game/tes.tes:PersistentLevel.tes' with GeneratedClass '/Game/tes.tes_C' with ClassGeneratedBy '/Game/tes.tes:PersistentLevel.tes'
[2016.04.17-02.00.30:557][901]LogRenderTargetPool:Warning: r.RenderTargetPoolMin exceeded 402/400 MB (ok in editor, bad on fixed memory platform)
[2016.04.17-02.00.37:349][716]LogBlueprintUserMessages: Early EndPlayMap Detection: Level '/Game/tes.tes:PersistentLevel' has LevelScriptBlueprint '/Game/tes.tes:PersistentLevel.tes' with GeneratedClass '/Game/tes.tes_C' with ClassGeneratedBy '/Game/tes.tes:PersistentLevel.tes'
[2016.04.17-02.00.37:379][716]LogBlueprintUserMessages: Late EndPlayMap Detection: Level '/Game/tes.tes:PersistentLevel' has LevelScriptBlueprint '/Game/tes.tes:PersistentLevel.tes' with GeneratedClass '/Game/tes.tes_C' with ClassGeneratedBy '/Game/tes.tes:PersistentLevel.tes'
[2016.04.17-02.00.46:119][520]BlueprintLog: New page: Fire_small_BP をコンパイル
[2016.04.17-02.00.46:190][520]BlueprintEditorCompileResults: 情報 [0120.03] Fire_small_BP のコンパイルに成功しました！  [ 71 ミリ秒]
[2016.04.17-02.00.48:195][728]LogBlueprintUserMessages: Early PlayInEditor Detection: Level '/Game/tes.tes:PersistentLevel' has LevelScriptBlueprint '/Game/tes.tes:PersistentLevel.tes' with GeneratedClass '/Game/tes.tes_C' with ClassGeneratedBy '/Game/tes.tes:PersistentLevel.tes'
[2016.04.17-02.00.48:195][728]LogPlayLevel: PlayLevel: No blueprints needed recompiling
[2016.04.17-02.00.48:196][728]PIE: New page: PIEセッション: tes (2016/04/17 20:00:48)
[2016.04.17-02.00.48:196][728]LogPlayLevel: Creating play world package: /Game/UEDPIE_0_tes
[2016.04.17-02.00.48:198][728]LogPlayLevel: PIE: StaticDuplicateObject took: (0.002337s)
[2016.04.17-02.00.48:198][728]LogAIModule: Creating AISystem for world tes
[2016.04.17-02.00.48:198][728]LogPlayLevel: PIE: World Init took: (0.000389s)
[2016.04.17-02.00.48:198][728]LogPlayLevel: PIE: Created PIE world by copying editor world from /Game/tes.tes to /Game/UEDPIE_0_tes.tes (0.002868s)
[2016.04.17-02.00.48:212][728]LogInit: XAudio2 using 'SPDIF出力 (SB Recon3D PCIe)' : 2 channels at 48 kHz using 32 bits per sample (channel mask 0x3)
[2016.04.17-02.00.48:215][728]LogInit: FAudioDevice initialized.
[2016.04.17-02.00.48:243][728]LogWorld: Game class is 'ButtleGameMode_BP_C'
[2016.04.17-02.00.48:245][728]LogWorld: Bringing World /Game/UEDPIE_0_tes.tes up for play (max tick rate 0) at 2016.04.17-11.00.48
[2016.04.17-02.00.48:246][728]LogWorld: Bringing up level for play took: 0.001820
[2016.04.17-02.00.48:249][728]PIE: 情報 /Game/UEDPIE_0_tes -0.938のプレイ イン エディタの開始時間
[2016.04.17-02.00.48:249][728]LogBlueprintUserMessages: Late PlayInEditor Detection: Level '/Game/tes.tes:PersistentLevel' has LevelScriptBlueprint '/Game/tes.tes:PersistentLevel.tes' with GeneratedClass '/Game/tes.tes_C' with ClassGeneratedBy '/Game/tes.tes:PersistentLevel.tes'
[2016.04.17-02.00.48:283][729]LogRenderTargetPool:Warning: r.RenderTargetPoolMin exceeded 402/400 MB (ok in editor, bad on fixed memory platform)
[2016.04.17-02.01.04:135][631]LogBlueprintUserMessages: Early EndPlayMap Detection: Level '/Game/tes.tes:PersistentLevel' has LevelScriptBlueprint '/Game/tes.tes:PersistentLevel.tes' with GeneratedClass '/Game/tes.tes_C' with ClassGeneratedBy '/Game/tes.tes:PersistentLevel.tes'
[2016.04.17-02.01.04:161][631]LogBlueprintUserMessages: Late EndPlayMap Detection: Level '/Game/tes.tes:PersistentLevel' has LevelScriptBlueprint '/Game/tes.tes:PersistentLevel.tes' with GeneratedClass '/Game/tes.tes_C' with ClassGeneratedBy '/Game/tes.tes:PersistentLevel.tes'
[2016.04.17-02.02.51:102][ 35]BlueprintLog: New page: DamageWidget_BP をコンパイル
[2016.04.17-02.02.51:124][ 35]LogActorComponent: UnregisterComponent: (/Engine/Transient.CharMoveComp) Not registered. Aborting.
[2016.04.17-02.02.51:194][ 35]BlueprintEditorCompileResults: 情報 [0245.04] DamageWidget_BP のコンパイルに成功しました！  [ 91 ミリ秒]
[2016.04.17-02.02.53:330][245]LogBlueprintUserMessages: Early PlayInEditor Detection: Level '/Game/tes.tes:PersistentLevel' has LevelScriptBlueprint '/Game/tes.tes:PersistentLevel.tes' with GeneratedClass '/Game/tes.tes_C' with ClassGeneratedBy '/Game/tes.tes:PersistentLevel.tes'
[2016.04.17-02.02.53:330][245]LogPlayLevel: PlayLevel: No blueprints needed recompiling
[2016.04.17-02.02.53:330][245]PIE: New page: PIEセッション: tes (2016/04/17 20:02:53)
[2016.04.17-02.02.53:330][245]LogPlayLevel: Creating play world package: /Game/UEDPIE_0_tes
[2016.04.17-02.02.53:333][245]LogPlayLevel: PIE: StaticDuplicateObject took: (0.002866s)
[2016.04.17-02.02.53:334][245]LogAIModule: Creating AISystem for world tes
[2016.04.17-02.02.53:334][245]LogPlayLevel: PIE: World Init took: (0.000508s)
[2016.04.17-02.02.53:334][245]LogPlayLevel: PIE: Created PIE world by copying editor world from /Game/tes.tes to /Game/UEDPIE_0_tes.tes (0.003596s)
[2016.04.17-02.02.53:349][245]LogInit: XAudio2 using 'SPDIF出力 (SB Recon3D PCIe)' : 2 channels at 48 kHz using 32 bits per sample (channel mask 0x3)
[2016.04.17-02.02.53:352][245]LogInit: FAudioDevice initialized.
[2016.04.17-02.02.53:384][245]LogWorld: Game class is 'ButtleGameMode_BP_C'
[2016.04.17-02.02.53:386][245]LogWorld: Bringing World /Game/UEDPIE_0_tes.tes up for play (max tick rate 0) at 2016.04.17-11.02.53
[2016.04.17-02.02.53:386][245]LogWorld: Bringing up level for play took: 0.001817
[2016.04.17-02.02.53:389][245]PIE: 情報 /Game/UEDPIE_0_tes 0.202のプレイ イン エディタの開始時間
[2016.04.17-02.02.53:389][245]LogBlueprintUserMessages: Late PlayInEditor Detection: Level '/Game/tes.tes:PersistentLevel' has LevelScriptBlueprint '/Game/tes.tes:PersistentLevel.tes' with GeneratedClass '/Game/tes.tes_C' with ClassGeneratedBy '/Game/tes.tes:PersistentLevel.tes'
[2016.04.17-02.02.53:451][246]LogRenderTargetPool:Warning: r.RenderTargetPoolMin exceeded 402/400 MB (ok in editor, bad on fixed memory platform)
[2016.04.17-02.03.05:146][646]LogBlueprintUserMessages: Early EndPlayMap Detection: Level '/Game/tes.tes:PersistentLevel' has LevelScriptBlueprint '/Game/tes.tes:PersistentLevel.tes' with GeneratedClass '/Game/tes.tes_C' with ClassGeneratedBy '/Game/tes.tes:PersistentLevel.tes'
[2016.04.17-02.03.05:178][646]LogBlueprintUserMessages: Late EndPlayMap Detection: Level '/Game/tes.tes:PersistentLevel' has LevelScriptBlueprint '/Game/tes.tes:PersistentLevel.tes' with GeneratedClass '/Game/tes.tes_C' with ClassGeneratedBy '/Game/tes.tes:PersistentLevel.tes'
[2016.04.17-02.03.33:446][256]LogProperty:Warning: ObjectProperty /Script/Engine.EdGraphPin:LinkedTo.LinkedTo: unresolved reference to 'EdGraphPin'K2Node_CallFunction_2964.EdGraphPin_37375''
[2016.04.17-02.03.33:446][256]LogProperty:Warning: ObjectProperty /Script/Engine.EdGraphPin:LinkedTo.LinkedTo: unresolved reference to 'EdGraphPin'K2Node_CallFunction_2964.EdGraphPin_37374''
[2016.04.17-02.03.33:446][256]LogProperty:Warning: ObjectProperty /Script/Engine.EdGraphPin:LinkedTo.LinkedTo: unresolved reference to 'EdGraphPin'K2Node_CallFunction_2965.EdGraphPin_37382''
[2016.04.17-02.03.33:446][256]LogProperty:Warning: ObjectProperty /Script/Engine.EdGraphPin:LinkedTo.LinkedTo: unresolved reference to 'EdGraphPin'K2Node_CallFunction_2965.EdGraphPin_37384''
[2016.04.17-02.05.17:384][116]BlueprintLog: New page: DamageWidget_BP をコンパイル
[2016.04.17-02.05.17:486][116]BlueprintEditorCompileResults: 情報 [0391.33] DamageWidget_BP のコンパイルに成功しました！  [ 102 ミリ秒]
[2016.04.17-02.05.19:546][306]LogBlueprintUserMessages: Early PlayInEditor Detection: Level '/Game/tes.tes:PersistentLevel' has LevelScriptBlueprint '/Game/tes.tes:PersistentLevel.tes' with GeneratedClass '/Game/tes.tes_C' with ClassGeneratedBy '/Game/tes.tes:PersistentLevel.tes'
[2016.04.17-02.05.19:546][306]LogPlayLevel: PlayLevel: No blueprints needed recompiling
[2016.04.17-02.05.19:547][306]PIE: New page: PIEセッション: tes (2016/04/17 20:05:19)
[2016.04.17-02.05.19:547][306]LogPlayLevel: Creating play world package: /Game/UEDPIE_0_tes
[2016.04.17-02.05.19:550][306]LogPlayLevel: PIE: StaticDuplicateObject took: (0.002948s)
[2016.04.17-02.05.19:550][306]LogAIModule: Creating AISystem for world tes
[2016.04.17-02.05.19:550][306]LogPlayLevel: PIE: World Init took: (0.000490s)
[2016.04.17-02.05.19:550][306]LogPlayLevel: PIE: Created PIE world by copying editor world from /Game/tes.tes to /Game/UEDPIE_0_tes.tes (0.003577s)
[2016.04.17-02.05.19:566][306]LogInit: XAudio2 using 'SPDIF出力 (SB Recon3D PCIe)' : 2 channels at 48 kHz using 32 bits per sample (channel mask 0x3)
[2016.04.17-02.05.19:569][306]LogInit: FAudioDevice initialized.
[2016.04.17-02.05.19:602][306]LogWorld: Game class is 'ButtleGameMode_BP_C'
[2016.04.17-02.05.19:604][306]LogWorld: Bringing World /Game/UEDPIE_0_tes.tes up for play (max tick rate 0) at 2016.04.17-11.05.19
[2016.04.17-02.05.19:604][306]LogWorld: Bringing up level for play took: 0.001948
[2016.04.17-02.05.19:607][306]PIE: 情報 /Game/UEDPIE_0_tes 0.42のプレイ イン エディタの開始時間
[2016.04.17-02.05.19:607][306]LogBlueprintUserMessages: Late PlayInEditor Detection: Level '/Game/tes.tes:PersistentLevel' has LevelScriptBlueprint '/Game/tes.tes:PersistentLevel.tes' with GeneratedClass '/Game/tes.tes_C' with ClassGeneratedBy '/Game/tes.tes:PersistentLevel.tes'
[2016.04.17-02.05.19:650][307]LogRenderTargetPool:Warning: r.RenderTargetPoolMin exceeded 402/400 MB (ok in editor, bad on fixed memory platform)
[2016.04.17-02.05.27:257][216]LogScript:Warning: Attempted to access Slime_3 via property target, but Slime_3 is pending kill
	DamageWidget_BP_C /Engine/Transient.UnrealEdEngine_0:GameInstance_4.DamageWidget_BP_C_3
	Function /Game/BluePrints/UMG/DamageWidget_BP.DamageWidget_BP_C:ExecuteUbergraph_DamageWidget_BP:02CA
[2016.04.17-02.05.27:257][216]LogScript:Warning: Attempted to access Slime_3 via property target, but Slime_3 is pending kill
	DamageWidget_BP_C /Engine/Transient.UnrealEdEngine_0:GameInstance_4.DamageWidget_BP_C_4
	Function /Game/BluePrints/UMG/DamageWidget_BP.DamageWidget_BP_C:ExecuteUbergraph_DamageWidget_BP:02CA
[2016.04.17-02.05.27:264][217]LogScript:Warning: Attempted to access Slime_3 via property target, but Slime_3 is pending kill
	DamageWidget_BP_C /Engine/Transient.UnrealEdEngine_0:GameInstance_4.DamageWidget_BP_C_3
	Function /Game/BluePrints/UMG/DamageWidget_BP.DamageWidget_BP_C:ExecuteUbergraph_DamageWidget_BP:02CA
[2016.04.17-02.05.27:264][217]LogScript:Warning: Attempted to access Slime_3 via property target, but Slime_3 is pending kill
	DamageWidget_BP_C /Engine/Transient.UnrealEdEngine_0:GameInstance_4.DamageWidget_BP_C_4
	Function /Game/BluePrints/UMG/DamageWidget_BP.DamageWidget_BP_C:ExecuteUbergraph_DamageWidget_BP:02CA
[2016.04.17-02.05.27:273][218]LogScript:Warning: Attempted to access Slime_3 via property target, but Slime_3 is pending kill
	DamageWidget_BP_C /Engine/Transient.UnrealEdEngine_0:GameInstance_4.DamageWidget_BP_C_3
	Function /Game/BluePrints/UMG/DamageWidget_BP.DamageWidget_BP_C:ExecuteUbergraph_DamageWidget_BP:02CA
[2016.04.17-02.05.27:273][218]LogScript:Warning: Attempted to access Slime_3 via property target, but Slime_3 is pending kill
	DamageWidget_BP_C /Engine/Transient.UnrealEdEngine_0:GameInstance_4.DamageWidget_BP_C_4
	Function /Game/BluePrints/UMG/DamageWidget_BP.DamageWidget_BP_C:ExecuteUbergraph_DamageWidget_BP:02CA
[2016.04.17-02.05.27:281][219]LogScript:Warning: Attempted to access Slime_3 via property target, but Slime_3 is pending kill
	DamageWidget_BP_C /Engine/Transient.UnrealEdEngine_0:GameInstance_4.DamageWidget_BP_C_3
	Function /Game/BluePrints/UMG/DamageWidget_BP.DamageWidget_BP_C:ExecuteUbergraph_DamageWidget_BP:02CA
[2016.04.17-02.05.27:281][219]LogScript:Warning: Attempted to access Slime_3 via property target, but Slime_3 is pending kill
	DamageWidget_BP_C /Engine/Transient.UnrealEdEngine_0:GameInstance_4.DamageWidget_BP_C_4
	Function /Game/BluePrints/UMG/DamageWidget_BP.DamageWidget_BP_C:ExecuteUbergraph_DamageWidget_BP:02CA
[2016.04.17-02.05.27:289][220]LogScript:Warning: Attempted to access Slime_3 via property target, but Slime_3 is pending kill
	DamageWidget_BP_C /Engine/Transient.UnrealEdEngine_0:GameInstance_4.DamageWidget_BP_C_3
	Function /Game/BluePrints/UMG/DamageWidget_BP.DamageWidget_BP_C:ExecuteUbergraph_DamageWidget_BP:02CA
[2016.04.17-02.05.27:289][220]LogScript:Warning: Attempted to access Slime_3 via property target, but Slime_3 is pending kill
	DamageWidget_BP_C /Engine/Transient.UnrealEdEngine_0:GameInstance_4.DamageWidget_BP_C_4
	Function /Game/BluePrints/UMG/DamageWidget_BP.DamageWidget_BP_C:ExecuteUbergraph_DamageWidget_BP:02CA
[2016.04.17-02.05.27:298][221]LogScript:Warning: Attempted to access Slime_3 via property target, but Slime_3 is pending kill
	DamageWidget_BP_C /Engine/Transient.UnrealEdEngine_0:GameInstance_4.DamageWidget_BP_C_3
	Function /Game/BluePrints/UMG/DamageWidget_BP.DamageWidget_BP_C:ExecuteUbergraph_DamageWidget_BP:02CA
[2016.04.17-02.05.27:298][221]LogScript:Warning: Attempted to access Slime_3 via property target, but Slime_3 is pending kill
	DamageWidget_BP_C /Engine/Transient.UnrealEdEngine_0:GameInstance_4.DamageWidget_BP_C_4
	Function /Game/BluePrints/UMG/DamageWidget_BP.DamageWidget_BP_C:ExecuteUbergraph_DamageWidget_BP:02CA
[2016.04.17-02.05.27:306][222]LogScript:Warning: Attempted to access Slime_3 via property target, but Slime_3 is pending kill
	DamageWidget_BP_C /Engine/Transient.UnrealEdEngine_0:GameInstance_4.DamageWidget_BP_C_3
	Function /Game/BluePrints/UMG/DamageWidget_BP.DamageWidget_BP_C:ExecuteUbergraph_DamageWidget_BP:02CA
[2016.04.17-02.05.27:306][222]LogScript:Warning: Attempted to access Slime_3 via property target, but Slime_3 is pending kill
	DamageWidget_BP_C /Engine/Transient.UnrealEdEngine_0:GameInstance_4.DamageWidget_BP_C_4
	Function /Game/BluePrints/UMG/DamageWidget_BP.DamageWidget_BP_C:ExecuteUbergraph_DamageWidget_BP:02CA
[2016.04.17-02.05.27:314][223]LogScript:Warning: Attempted to access Slime_3 via property target, but Slime_3 is pending kill
	DamageWidget_BP_C /Engine/Transient.UnrealEdEngine_0:GameInstance_4.DamageWidget_BP_C_3
	Function /Game/BluePrints/UMG/DamageWidget_BP.DamageWidget_BP_C:ExecuteUbergraph_DamageWidget_BP:02CA
[2016.04.17-02.05.27:314][223]LogScript:Warning: Attempted to access Slime_3 via property target, but Slime_3 is pending kill
	DamageWidget_BP_C /Engine/Transient.UnrealEdEngine_0:GameInstance_4.DamageWidget_BP_C_4
	Function /Game/BluePrints/UMG/DamageWidget_BP.DamageWidget_BP_C:ExecuteUbergraph_DamageWidget_BP:02CA
[2016.04.17-02.05.27:323][224]LogScript:Warning: Attempted to access Slime_3 via property target, but Slime_3 is pending kill
	DamageWidget_BP_C /Engine/Transient.UnrealEdEngine_0:GameInstance_4.DamageWidget_BP_C_3
	Function /Game/BluePrints/UMG/DamageWidget_BP.DamageWidget_BP_C:ExecuteUbergraph_DamageWidget_BP:02CA
[2016.04.17-02.05.27:323][224]LogScript:Warning: Attempted to access Slime_3 via property target, but Slime_3 is pending kill
	DamageWidget_BP_C /Engine/Transient.UnrealEdEngine_0:GameInstance_4.DamageWidget_BP_C_4
	Function /Game/BluePrints/UMG/DamageWidget_BP.DamageWidget_BP_C:ExecuteUbergraph_DamageWidget_BP:02CA
[2016.04.17-02.05.27:331][225]LogScript:Warning: Attempted to access Slime_3 via property target, but Slime_3 is pending kill
	DamageWidget_BP_C /Engine/Transient.UnrealEdEngine_0:GameInstance_4.DamageWidget_BP_C_3
	Function /Game/BluePrints/UMG/DamageWidget_BP.DamageWidget_BP_C:ExecuteUbergraph_DamageWidget_BP:02CA
[2016.04.17-02.05.27:331][225]LogScript:Warning: Attempted to access Slime_3 via property target, but Slime_3 is pending kill
	DamageWidget_BP_C /Engine/Transient.UnrealEdEngine_0:GameInstance_4.DamageWidget_BP_C_4
	Function /Game/BluePrints/UMG/DamageWidget_BP.DamageWidget_BP_C:ExecuteUbergraph_DamageWidget_BP:02CA
[2016.04.17-02.05.27:339][226]LogScript:Warning: Attempted to access Slime_3 via property target, but Slime_3 is pending kill
	DamageWidget_BP_C /Engine/Transient.UnrealEdEngine_0:GameInstance_4.DamageWidget_BP_C_3
	Function /Game/BluePrints/UMG/DamageWidget_BP.DamageWidget_BP_C:ExecuteUbergraph_DamageWidget_BP:02CA
[2016.04.17-02.05.27:339][226]LogScript:Warning: Attempted to access Slime_3 via property target, but Slime_3 is pending kill
	DamageWidget_BP_C /Engine/Transient.UnrealEdEngine_0:GameInstance_4.DamageWidget_BP_C_4
	Function /Game/BluePrints/UMG/DamageWidget_BP.DamageWidget_BP_C:ExecuteUbergraph_DamageWidget_BP:02CA
[2016.04.17-02.05.27:348][227]LogScript:Warning: Attempted to access Slime_3 via property target, but Slime_3 is pending kill
	DamageWidget_BP_C /Engine/Transient.UnrealEdEngine_0:GameInstance_4.DamageWidget_BP_C_3
	Function /Game/BluePrints/UMG/DamageWidget_BP.DamageWidget_BP_C:ExecuteUbergraph_DamageWidget_BP:02CA
[2016.04.17-02.05.27:348][227]LogScript:Warning: Attempted to access Slime_3 via property target, but Slime_3 is pending kill
	DamageWidget_BP_C /Engine/Transient.UnrealEdEngine_0:GameInstance_4.DamageWidget_BP_C_4
	Function /Game/BluePrints/UMG/DamageWidget_BP.DamageWidget_BP_C:ExecuteUbergraph_DamageWidget_BP:02CA
[2016.04.17-02.05.27:356][228]LogScript:Warning: Attempted to access Slime_3 via property target, but Slime_3 is pending kill
	DamageWidget_BP_C /Engine/Transient.UnrealEdEngine_0:GameInstance_4.DamageWidget_BP_C_3
	Function /Game/BluePrints/UMG/DamageWidget_BP.DamageWidget_BP_C:ExecuteUbergraph_DamageWidget_BP:02CA
[2016.04.17-02.05.27:356][228]LogScript:Warning: Attempted to access Slime_3 via property target, but Slime_3 is pending kill
	DamageWidget_BP_C /Engine/Transient.UnrealEdEngine_0:GameInstance_4.DamageWidget_BP_C_4
	Function /Game/BluePrints/UMG/DamageWidget_BP.DamageWidget_BP_C:ExecuteUbergraph_DamageWidget_BP:02CA
[2016.04.17-02.05.27:365][229]LogScript:Warning: Attempted to access Slime_3 via property target, but Slime_3 is pending kill
	DamageWidget_BP_C /Engine/Transient.UnrealEdEngine_0:GameInstance_4.DamageWidget_BP_C_3
	Function /Game/BluePrints/UMG/DamageWidget_BP.DamageWidget_BP_C:ExecuteUbergraph_DamageWidget_BP:02CA
[2016.04.17-02.05.27:365][229]LogScript:Warning: Attempted to access Slime_3 via property target, but Slime_3 is pending kill
	DamageWidget_BP_C /Engine/Transient.UnrealEdEngine_0:GameInstance_4.DamageWidget_BP_C_4
	Function /Game/BluePrints/UMG/DamageWidget_BP.DamageWidget_BP_C:ExecuteUbergraph_DamageWidget_BP:02CA
[2016.04.17-02.05.27:373][230]LogScript:Warning: Attempted to access Slime_3 via property target, but Slime_3 is pending kill
	DamageWidget_BP_C /Engine/Transient.UnrealEdEngine_0:GameInstance_4.DamageWidget_BP_C_3
	Function /Game/BluePrints/UMG/DamageWidget_BP.DamageWidget_BP_C:ExecuteUbergraph_DamageWidget_BP:02CA
[2016.04.17-02.05.27:373][230]LogScript:Warning: Attempted to access Slime_3 via property target, but Slime_3 is pending kill
	DamageWidget_BP_C /Engine/Transient.UnrealEdEngine_0:GameInstance_4.DamageWidget_BP_C_4
	Function /Game/BluePrints/UMG/DamageWidget_BP.DamageWidget_BP_C:ExecuteUbergraph_DamageWidget_BP:02CA
[2016.04.17-02.05.27:381][231]LogScript:Warning: Attempted to access Slime_3 via property target, but Slime_3 is pending kill
	DamageWidget_BP_C /Engine/Transient.UnrealEdEngine_0:GameInstance_4.DamageWidget_BP_C_3
	Function /Game/BluePrints/UMG/DamageWidget_BP.DamageWidget_BP_C:ExecuteUbergraph_DamageWidget_BP:02CA
[2016.04.17-02.05.27:381][231]LogScript:Warning: Attempted to access Slime_3 via property target, but Slime_3 is pending kill
	DamageWidget_BP_C /Engine/Transient.UnrealEdEngine_0:GameInstance_4.DamageWidget_BP_C_4
	Function /Game/BluePrints/UMG/DamageWidget_BP.DamageWidget_BP_C:ExecuteUbergraph_DamageWidget_BP:02CA
[2016.04.17-02.05.27:389][232]LogScript:Warning: Attempted to access Slime_3 via property target, but Slime_3 is pending kill
	DamageWidget_BP_C /Engine/Transient.UnrealEdEngine_0:GameInstance_4.DamageWidget_BP_C_3
	Function /Game/BluePrints/UMG/DamageWidget_BP.DamageWidget_BP_C:ExecuteUbergraph_DamageWidget_BP:02CA
[2016.04.17-02.05.27:389][232]LogScript:Warning: Attempted to access Slime_3 via property target, but Slime_3 is pending kill
	DamageWidget_BP_C /Engine/Transient.UnrealEdEngine_0:GameInstance_4.DamageWidget_BP_C_4
	Function /Game/BluePrints/UMG/DamageWidget_BP.DamageWidget_BP_C:ExecuteUbergraph_DamageWidget_BP:02CA
[2016.04.17-02.05.30:038][549]LogBlueprintUserMessages: Early EndPlayMap Detection: Level '/Game/tes.tes:PersistentLevel' has LevelScriptBlueprint '/Game/tes.tes:PersistentLevel.tes' with GeneratedClass '/Game/tes.tes_C' with ClassGeneratedBy '/Game/tes.tes:PersistentLevel.tes'
[2016.04.17-02.05.30:069][549]LogBlueprintUserMessages: Late EndPlayMap Detection: Level '/Game/tes.tes:PersistentLevel' has LevelScriptBlueprint '/Game/tes.tes:PersistentLevel.tes' with GeneratedClass '/Game/tes.tes_C' with ClassGeneratedBy '/Game/tes.tes:PersistentLevel.tes'
[2016.04.17-02.05.58:017][126]LogEditorTransaction: Undo PIEリンクを作成
[2016.04.17-02.05.58:399][151]LogEditorTransaction: Undo ノードを追加
[2016.04.17-02.05.58:761][180]LogEditorTransaction: Undo ノードを移動
[2016.04.17-02.05.59:110][208]LogEditorTransaction: Undo PIEリンクを作成
[2016.04.17-02.05.59:566][251]LogEditorTransaction: Undo ノードを移動
[2016.04.17-02.05.59:990][285]LogEditorTransaction: Undo ノードを移動
[2016.04.17-02.06.00:372][315]LogEditorTransaction: Undo ノードを移動
[2016.04.17-02.06.00:721][343]LogEditorTransaction: Undo ノードを移動
[2016.04.17-02.06.01:098][373]LogEditorTransaction: Undo ノードを移動
[2016.04.17-02.06.01:442][401]LogEditorTransaction: Undo ノードを移動
[2016.04.17-02.06.01:852][434]LogEditorTransaction: Undo PIEリンクを作成
[2016.04.17-02.06.02:497][491]LogEditorTransaction: Undo PIEリンクを作成
[2016.04.17-02.06.02:914][525]LogEditorTransaction: Undo ノードを移動
[2016.04.17-02.06.03:364][562]LogEditorTransaction: Undo PIEリンクを作成
[2016.04.17-02.06.03:592][562]LogCrashTracker: 


[2016.04.17-02.06.03:597][562]LogCrashTracker: 


[2016.04.17-02.06.03:597][562]LogWindows:Error: === Critical error: ===
Fatal error!



[2016.04.17-02.06.03:624][562]LogExit: Executing StaticShutdownAfterError
[2016.04.17-02.06.03:636][562]LogPhysics:Warning: PHYSX: ..\..\PhysX\src\NpScene.cpp (2946) 8 : PxScene::unlockWrite() called without matching call to PxScene::lockWrite(), behaviour will be undefined.
[2016.04.17-02.06.03:637][562]LogPhysics:Warning: PHYSX: ..\..\PhysX\src\NpScene.cpp (2946) 8 : PxScene::unlockWrite() called without matching call to PxScene::lockWrite(), behaviour will be undefined.
[2016.04.17-02.06.03:637][562]LogPhysics:Warning: PHYSX: ..\..\PhysX\src\NpScene.cpp (2946) 8 : PxScene::unlockWrite() called without matching call to PxScene::lockWrite(), behaviour will be undefined.
[2016.04.17-02.06.03:637][562]LogPhysics:Warning: PHYSX: ..\..\PhysX\src\NpScene.cpp (2946) 8 : PxScene::unlockWrite() called without matching call to PxScene::lockWrite(), behaviour will be undefined.
[2016.04.17-02.06.03:637][562]LogPhysics:Warning: PHYSX: ..\..\PhysX\src\NpScene.cpp (2946) 8 : PxScene::unlockWrite() called without matching call to PxScene::lockWrite(), behaviour will be undefined.
[2016.04.17-02.06.03:638][562]LogPhysics:Warning: PHYSX: ..\..\PhysX\src\NpScene.cpp (2946) 8 : PxScene::unlockWrite() called without matching call to PxScene::lockWrite(), behaviour will be undefined.
[2016.04.17-02.06.03:638][562]LogPhysics:Warning: PHYSX: ..\..\PhysX\src\NpScene.cpp (2946) 8 : PxScene::unlockWrite() called without matching call to PxScene::lockWrite(), behaviour will be undefined.
[2016.04.17-02.06.03:638][562]LogPhysics:Warning: PHYSX: ..\..\PhysX\src\NpScene.cpp (2946) 8 : PxScene::unlockWrite() called without matching call to PxScene::lockWrite(), behaviour will be undefined.
[2016.04.17-02.06.03:638][562]LogPhysics:Warning: PHYSX: ..\..\PhysX\src\NpScene.cpp (2946) 8 : PxScene::unlockWrite() called without matching call to PxScene::lockWrite(), behaviour will be undefined.
[2016.04.17-02.06.03:639][562]LogPhysics:Warning: PHYSX: ..\..\PhysX\src\NpScene.cpp (2946) 8 : PxScene::unlockWrite() called without matching call to PxScene::lockWrite(), behaviour will be undefined.
[2016.04.17-02.06.03:639][562]LogWindows: FPlatformMisc::RequestExit(1)
[2016.04.17-02.06.03:639][562]Log file closed, 04/17/16 11:06:03
