Log file open, 04/19/16 18:22:21
LogInit:Display: Running engine for game: MagicDangion
LogPlatformFile: Not using cached read wrapper
LogInit:Display: RandInit(292814796) SRandInit(292814798).
LogTaskGraph: Started task graph with 4 named threads and 7 total threads.
LogStats: Stats thread started at 0.219810
LogInit: Version: 4.11.1-2934540+++UE4+Release-4.11
LogInit: API Version: 2927265
LogInit: Compiled (64-bit): Apr  6 2016 02:14:16
LogInit: Compiled with Visual C++: 19.00.23026.00
LogInit: Build Configuration: Development
LogInit: Branch Name: ++UE4+Release-4.11
LogInit: Command line:  
LogInit: Base directory: C:/Program Files/Epic Games/4.11/Engine/Binaries/Win64/
LogInit: Installed Engine Build: 1
LogInit: Using libcurl 7.41.0
LogInit:  - built for x86_64-pc-win32
LogInit:  - supports SSL with WinSSL
LogInit:  - other features:
LogInit:      CURL_VERSION_SSL
LogInit:      CURL_VERSION_IPV6
LogInit:      CURL_VERSION_ASYNCHDNS
LogInit:      CURL_VERSION_LARGEFILE
LogInit:      CURL_VERSION_IDN
LogInit:  CurlRequestOptions (configurable via config and command line):
LogInit:  - bVerifyPeer = true  - Libcurl will verify peer certificate
LogInit:  - bUseHttpProxy = false  - Libcurl will NOT use HTTP proxy
LogInit:  - bDontReuseConnections = false  - Libcurl will reuse connections
LogInit:  - CertBundlePath = nullptr  - Libcurl will use whatever was configured at build time.
LogInit: Presizing for max 16777216 objects, including 0 objects not considered by GC, pre-allocating 0 bytes for permanent pool.
LogInit: Object subsystem initialized
[2016.04.19-09.22.21:268][  0]LogInit: Selected Device Profile: [Windows]
[2016.04.19-09.22.21:269][  0]LogInit: Applying CVar settings loaded from the selected device profile: [Windows]
[2016.04.19-09.22.21:283][  0]LogInit: Computer: LIGHT
[2016.04.19-09.22.21:283][  0]LogInit: User: EllightDunois
[2016.04.19-09.22.21:283][  0]LogInit: CPU Page size=65536, Cores=4
[2016.04.19-09.22.21:283][  0]LogInit: High frequency timer resolution =3.906242 MHz
[2016.04.19-09.22.21:283][  0]LogMemory: Memory total: Physical=7.9GB (8GB approx)
[2016.04.19-09.22.21:283][  0]LogMemory: Platform Memory Stats for Windows
[2016.04.19-09.22.21:283][  0]LogMemory: Process Physical Memory: 313.81 MB used, 313.81 MB peak
[2016.04.19-09.22.21:283][  0]LogMemory: Process Virtual Memory: 314.93 MB used, 314.93 MB peak
[2016.04.19-09.22.21:283][  0]LogMemory: Physical Memory: 4159.70 MB used, 8133.65 MB total
[2016.04.19-09.22.21:283][  0]LogMemory: Virtual Memory: 652.91 MB used, 134217728.00 MB total
[2016.04.19-09.22.21:425][  0]LogTextLocalizationManager: No specific translations for ('ja-JP') exist, so ('ja') translations will be used.
[2016.04.19-09.22.21:510][  0]LogTextLocalizationManager:Warning: Loaded localization resources contain conflicting entries for (Namespace:K2Node, Key:false):
Localization Resource: (C:/Program Files/Epic Games/4.11/Engine/Content/Localization/EditorTutorials/ja/EditorTutorials.locres) Source String Hash: (816077464) Localized String: (偽)
Localization Resource: (C:/Program Files/Epic Games/4.11/Engine/Content/Localization/Engine/ja/Engine.locres) Source String Hash: (816077464) Localized String: (false)
[2016.04.19-09.22.21:510][  0]LogTextLocalizationManager:Warning: Loaded localization resources contain conflicting entries for (Namespace:K2Node, Key:true):
Localization Resource: (C:/Program Files/Epic Games/4.11/Engine/Content/Localization/EditorTutorials/ja/EditorTutorials.locres) Source String Hash: (-942328987) Localized String: (真)
Localization Resource: (C:/Program Files/Epic Games/4.11/Engine/Content/Localization/Engine/ja/Engine.locres) Source String Hash: (-942328987) Localized String: (true)
[2016.04.19-09.22.21:510][  0]LogTextLocalizationManager:Warning: Loaded localization resources contain conflicting entries for (Namespace:UObjectToolTips, Key:AnimNode_BlendSpacePlayer:bLoop):
Localization Resource: (C:/Program Files/Epic Games/4.11/Engine/Content/Localization/EditorTutorials/ja/EditorTutorials.locres) Source String Hash: (2133979316) Localized String: (再生が最後まで終わった後、ロープ再生するようにしますか？)
Localization Resource: (C:/Program Files/Epic Games/4.11/Engine/Content/Localization/ToolTips/ja/ToolTips.locres) Source String Hash: (2133979316) Localized String: (ループが最後まで到達した時に、アニメーションのループを継続するべきか？)
[2016.04.19-09.22.21:511][  0]LogTextLocalizationManager:Warning: Loaded localization resources contain conflicting entries for (Namespace:UObjectToolTips, Key:AnimNode_BlendSpacePlayer:X):
Localization Resource: (C:/Program Files/Epic Games/4.11/Engine/Content/Localization/EditorTutorials/ja/EditorTutorials.locres) Source String Hash: (2060772590) Localized String: (ブレンドスペースで値を取得するX座標)
Localization Resource: (C:/Program Files/Epic Games/4.11/Engine/Content/Localization/ToolTips/ja/ToolTips.locres) Source String Hash: (2060772590) Localized String: (ブレンドスペースでサンプリングするX座標)
[2016.04.19-09.22.21:511][  0]LogTextLocalizationManager:Warning: Loaded localization resources contain conflicting entries for (Namespace:UObjectToolTips, Key:AnimNode_BlendSpacePlayer:Y):
Localization Resource: (C:/Program Files/Epic Games/4.11/Engine/Content/Localization/EditorTutorials/ja/EditorTutorials.locres) Source String Hash: (-1719607538) Localized String: (ブレンドスペースで値を取得するY座標)
Localization Resource: (C:/Program Files/Epic Games/4.11/Engine/Content/Localization/ToolTips/ja/ToolTips.locres) Source String Hash: (-1719607538) Localized String: (ブレンドスペースでサンプリングするY座標)
[2016.04.19-09.22.21:511][  0]LogTextLocalizationManager:Warning: Loaded localization resources contain conflicting entries for (Namespace:UObjectToolTips, Key:AnimNode_BlendSpacePlayer:Z):
Localization Resource: (C:/Program Files/Epic Games/4.11/Engine/Content/Localization/EditorTutorials/ja/EditorTutorials.locres) Source String Hash: (1728943471) Localized String: (ブレンドスペースで値を取得するZ座標)
Localization Resource: (C:/Program Files/Epic Games/4.11/Engine/Content/Localization/ToolTips/ja/ToolTips.locres) Source String Hash: (1728943471) Localized String: (ブレンドスペースでサンプリングするZ座標)
[2016.04.19-09.22.21:511][  0]LogTextLocalizationManager:Warning: Loaded localization resources contain conflicting entries for (Namespace:UObjectToolTips, Key:AnimNode_BlendSpacePlayer:BlendSpace):
Localization Resource: (C:/Program Files/Epic Games/4.11/Engine/Content/Localization/EditorTutorials/ja/EditorTutorials.locres) Source String Hash: (1599043277) Localized String: (再生するブレンドスペースのアセット)
Localization Resource: (C:/Program Files/Epic Games/4.11/Engine/Content/Localization/ToolTips/ja/ToolTips.locres) Source String Hash: (1599043277) Localized String: (再生するブレンド空間アセット)
[2016.04.19-09.22.21:511][  0]LogTextLocalizationManager:Warning: Loaded localization resources contain conflicting entries for (Namespace:UObjectToolTips, Key:AnimNode_StateMachine:MaxTransitionsPerFrame):
Localization Resource: (C:/Program Files/Epic Games/4.11/Engine/Content/Localization/EditorTutorials/ja/EditorTutorials.locres) Source String Hash: (1567650430) Localized String: (このマシーンで1フレームあたりに同時に処理できるトランジションの最大数)
Localization Resource: (C:/Program Files/Epic Games/4.11/Engine/Content/Localization/ToolTips/ja/ToolTips.locres) Source String Hash: (1567650430) Localized String: (単一フレームでマシーンが「同時」に受け取れる遷移の最大数)
[2016.04.19-09.22.21:511][  0]LogTextLocalizationManager:Warning: Loaded localization resources contain conflicting entries for (Namespace:UObjectToolTips, Key:AnimNode_BlendSpacePlayer:PlayRate):
Localization Resource: (C:/Program Files/Epic Games/4.11/Engine/Content/Localization/EditorTutorials/ja/EditorTutorials.locres) Source String Hash: (-1274923958) Localized String: (再生速度の倍率です。負の数値も使う事ができます。その場合逆再生になります。)
Localization Resource: (C:/Program Files/Epic Games/4.11/Engine/Content/Localization/ToolTips/ja/ToolTips.locres) Source String Hash: (-1274923958) Localized String: (再生レート乗数。アニメーションを逆再生する負の値にすることができます。)
[2016.04.19-09.22.21:646][  0]LogD3D11RHI: D3D11 adapters:
[2016.04.19-09.22.21:654][  0]LogD3D11RHI:    0. 'AMD Radeon R9 200 Series' (Feature Level 11_0)
[2016.04.19-09.22.21:654][  0]LogD3D11RHI:       4074MB of dedicated video memory, 0MB of dedicated system memory, and 4066MB of shared system memory, 1 output[s]
[2016.04.19-09.22.21:655][  0]LogD3D11RHI:    1. 'Microsoft Basic Render Driver' (Feature Level 11_0)
[2016.04.19-09.22.21:655][  0]LogD3D11RHI:       0MB of dedicated video memory, 0MB of dedicated system memory, and 4066MB of shared system memory, 0 output[s]
[2016.04.19-09.22.21:655][  0]LogD3D11RHI: Chosen D3D11 Adapter: 0
[2016.04.19-09.22.21:659][  0]LogD3D11RHI: Creating new Direct3DDevice
[2016.04.19-09.22.21:659][  0]LogD3D11RHI:     Adapter Name: AMD Radeon R9 200 Series
[2016.04.19-09.22.21:659][  0]LogD3D11RHI:   Driver Version: Catalyst 15.8 (internal 16.150.2211.0)
[2016.04.19-09.22.21:659][  0]LogD3D11RHI:      Driver Date: 3-21-2016
[2016.04.19-09.22.21:659][  0]LogRHI: Texture pool is 1361 MB (70% of 1945 MB)
[2016.04.19-09.22.21:663][  0]LogD3D11RHI: Async texture creation disabled: no driver support
[2016.04.19-09.22.21:673][  0]LogShaderCompilers: Guid format shader working directory is -27 characters bigger than the processId version (../../../../../../Users/EllightDunois/Documents/Unreal Projects/MagicDangion/Intermediate/Shaders/WorkingDirectory/6688/).
[2016.04.19-09.22.21:673][  0]LogShaderCompilers: Cleaned the shader compiler working directory 'C:/Users/ELLIGH~1/AppData/Local/Temp/UnrealShaderWorkingDir/A31254294A1DD6CB9C4731BBD18CB270/'.
[2016.04.19-09.22.21:673][  0]LogShaderCompilers:Display: Using Local Shader Compiler.
[2016.04.19-09.22.23:045][  0]LogTemp:Display: Loaded TP AllDesktopTargetPlatform
[2016.04.19-09.22.23:049][  0]LogTemp:Display: Loaded TP WindowsClientTargetPlatform
[2016.04.19-09.22.23:053][  0]LogTemp:Display: Loaded TP WindowsNoEditorTargetPlatform
[2016.04.19-09.22.23:056][  0]LogTemp:Display: Loaded TP WindowsServerTargetPlatform
[2016.04.19-09.22.23:060][  0]LogTemp:Display: Loaded TP WindowsTargetPlatform
[2016.04.19-09.22.23:066][  0]LogTemp:Display: Loaded TP AndroidTargetPlatform
[2016.04.19-09.22.23:068][  0]LogTemp:Display: Loaded TP Android_ASTCTargetPlatform
[2016.04.19-09.22.23:071][  0]LogTemp:Display: Loaded TP Android_ATCTargetPlatform
[2016.04.19-09.22.23:074][  0]LogTemp:Display: Loaded TP Android_DXTTargetPlatform
[2016.04.19-09.22.23:077][  0]LogTemp:Display: Loaded TP Android_ETC1TargetPlatform
[2016.04.19-09.22.23:080][  0]LogTemp:Display: Loaded TP Android_ETC2TargetPlatform
[2016.04.19-09.22.23:086][  0]LogTemp:Display: Loaded TP Android_MultiTargetPlatform
[2016.04.19-09.22.23:086][  0]LogTemp:Display: Loaded TP Android_PVRTCTargetPlatform
[2016.04.19-09.22.23:087][  0]LogTemp:Display: Loaded TP HTML5TargetPlatform
[2016.04.19-09.22.23:124][  0]LogTemp:Display: Loaded TP IOSTargetPlatform
[2016.04.19-09.22.23:126][  0]LogTemp:Display: Loaded TP TVOSTargetPlatform
[2016.04.19-09.22.23:128][  0]LogTemp:Display: Loaded TP LinuxNoEditorTargetPlatform
[2016.04.19-09.22.23:131][  0]LogTemp:Display: Loaded TP LinuxServerTargetPlatform
[2016.04.19-09.22.23:136][  0]LogTemp:Display: Loaded TP LinuxTargetPlatform
[2016.04.19-09.22.23:136][  0]LogTargetPlatformManager:Display: Building Assets For Windows
[2016.04.19-09.22.23:366][  0]LogDerivedDataCache:Display: Max Cache Size: 512 MB
[2016.04.19-09.22.23:523][  0]LogDerivedDataCache: Loaded boot cache 0.16s 46MB C:/Users/EllightDunois/AppData/Local/UnrealEngine/4.11/DerivedDataCache/Boot.ddc.
[2016.04.19-09.22.23:523][  0]LogDerivedDataCache:Display: Loaded Boot cache: C:/Users/EllightDunois/AppData/Local/UnrealEngine/4.11/DerivedDataCache/Boot.ddc
[2016.04.19-09.22.23:523][  0]LogDerivedDataCache: FDerivedDataBackendGraph:  Pak pak cache file ../../../../../../Users/EllightDunois/Documents/Unreal Projects/MagicDangion/DerivedDataCache/DDC.ddp not found, will not use a pak cache.
[2016.04.19-09.22.23:523][  0]LogDerivedDataCache: Unable to find inner node Pak for hierarchical cache Hierarchy.
[2016.04.19-09.22.23:523][  0]LogDerivedDataCache: FDerivedDataBackendGraph:  CompressedPak pak cache file ../../../../../../Users/EllightDunois/Documents/Unreal Projects/MagicDangion/DerivedDataCache/Compressed.ddp not found, will not use a pak cache.
[2016.04.19-09.22.23:523][  0]LogDerivedDataCache: Unable to find inner node CompressedPak for hierarchical cache Hierarchy.
[2016.04.19-09.22.23:541][  0]LogDerivedDataCache:Display: Pak cache opened for reading ../../../Engine/DerivedDataCache/Compressed.ddp.
[2016.04.19-09.22.23:552][  0]LogDerivedDataCache: Using Local data cache path C:/Users/EllightDunois/AppData/Local/UnrealEngine/Common/DerivedDataCache: Writable
[2016.04.19-09.22.25:847][  0]LogInit: Selected Device Profile: [Windows]
[2016.04.19-09.22.25:852][  0]LogContentStreaming: Texture pool size is 0.00 MB
[2016.04.19-09.22.25:972][  0]LogMaterial: Uniform references updated for custom material expression Custom.
[2016.04.19-09.22.26:137][  0]LogMeshUtilities: No automatic mesh reduction module available
[2016.04.19-09.22.26:137][  0]LogMeshUtilities: No automatic mesh merging module available
[2016.04.19-09.22.26:137][  0]LogMeshUtilities: No distributed automatic mesh merging module available
[2016.04.19-09.22.26:620][  0]LogUObjectArray: 27678 objects as part of root set at end of initial load.
[2016.04.19-09.22.26:620][  0]LogUObjectAllocator: 5591384 out of 0 bytes used by permanent object pool.
[2016.04.19-09.22.26:620][  0]LogUObjectArray: CloseDisregardForGC: 0/0 objects in disregard for GC pool
[2016.04.19-09.22.26:625][  0]LogInit: WinSock: version 1.1 (2.2), MaxSocks=32767, MaxUdp=65467
[2016.04.19-09.22.26:799][  0]LogSlate: SlateFontCache - WITH_FREETYPE: 1, WITH_HARFBUZZ: 1
[2016.04.19-09.22.26:799][  0]LogSlate: SlateFontCache - WITH_FREETYPE: 1, WITH_HARFBUZZ: 1
[2016.04.19-09.22.27:050][  0]LogStreaming:Warning: Failed to read file '../../../Engine/Content/Editor/Slate/Common/Selection_16x.png' error.
[2016.04.19-09.22.27:050][  0]LogSlate: Could not find file for Slate resource: ../../../Engine/Content/Editor/Slate/Common/Selection_16x.png
[2016.04.19-09.22.27:051][  0]LogStreaming:Warning: Failed to read file '../../../Engine/Content/Editor/Slate/Common/Selection_16x.png' error.
[2016.04.19-09.22.27:051][  0]LogSlate: Could not find file for Slate resource: ../../../Engine/Content/Editor/Slate/Common/Selection_16x.png
[2016.04.19-09.22.27:051][  0]LogStreaming:Warning: Failed to read file '../../../Engine/Content/Editor/Slate/Common/Selection_16x.png' error.
[2016.04.19-09.22.27:051][  0]LogSlate: Could not find file for Slate resource: ../../../Engine/Content/Editor/Slate/Common/Selection_16x.png
[2016.04.19-09.22.28:031][  0]LogUdpMessaging: Initializing bridge on interface 0.0.0.0:0 to multicast group 230.0.0.1:6666.
[2016.04.19-09.22.28:162][  0]LogAssetRegistry: FAssetRegistry took 0.0229 seconds to start up
[2016.04.19-09.22.28:387][  0]SourceControl: 情報 ソースコントロールは無効です
[2016.04.19-09.22.28:501][  0]SourceControl: 情報 ソースコントロールは無効です
[2016.04.19-09.22.28:510][  0]SourceControl: 情報 ソースコントロールは無効です
[2016.04.19-09.22.28:516][  0]SourceControl: 情報 ソースコントロールは無効です
[2016.04.19-09.22.28:681][  0]LogEngine: Initializing Engine...
[2016.04.19-09.22.28:699][  0]LogHMD: SteamVR failed to initialize.  Err: 110
[2016.04.19-09.22.28:700][  0]LogHMD: SteamVR failed to initialize.  Err: 110
[2016.04.19-09.22.28:893][  0]LogAIModule: Creating AISystem for world NewWorld
[2016.04.19-09.22.28:907][  0]LogInit: XAudio2 using 'SPDIF出力 (SB Recon3D PCIe)' : 2 channels at 48 kHz using 32 bits per sample (channel mask 0x3)
[2016.04.19-09.22.28:912][  0]LogInit: FAudioDevice initialized.
[2016.04.19-09.22.28:930][  0]LogDerivedDataCache: Saved boot cache 0.02s 46MB C:/Users/EllightDunois/AppData/Local/UnrealEngine/4.11/DerivedDataCache/Boot.ddc.
[2016.04.19-09.22.28:935][  0]LogInit: Texture streaming: Enabled
[2016.04.19-09.22.28:979][  0]LogInit: Transaction tracking system initialized
[2016.04.19-09.22.29:011][  0]BlueprintLog: New page: エディタの読み込み
[2016.04.19-09.22.29:117][  0]LocalizationService: 情報 ローカライズのサービスが無効になりました
[2016.04.19-09.22.29:220][  0]LogConsoleResponse:Display: 
[2016.04.19-09.22.29:484][  0]LogCook:Display: Max memory allowance for cook 8192mb
[2016.04.19-09.22.29:484][  0]LogCook:Display: Mobile HDR setting 1
[2016.04.19-09.22.29:484][  0]LogCook:Display: Done creating registry. It took  0.00s.
[2016.04.19-09.22.29:546][  0]LogFileCache: Scanning file cache for directory 'C:/Users/EllightDunois/Documents/Unreal Projects/MagicDangion/Content/' took 0.02s
[2016.04.19-09.22.29:546][  0]SourceControl: 情報 ソースコントロールは無効です
[2016.04.19-09.22.29:547][  0]Cmd: MAP LOAD FILE="../../../../../../Users/EllightDunois/Documents/Unreal Projects/MagicDangion/Content/tes.umap" TEMPLATE=0 SHOWPROGRESS=1 FEATURELEVEL=3
[2016.04.19-09.22.29:550][  0]LightingResults: New page: ライティングのビルド
[2016.04.19-09.22.29:558][  0]MapCheck: New page: マップをチェック
[2016.04.19-09.22.29:558][  0]LightingResults: New page: <何も選択されていません>
[2016.04.19-09.22.30:198][  0]LogBlueprint:Warning: USimpleConstructionScript::FixupRootNodeParentReferences() - Couldn't find inherited parent component 'DefaultSceneRoot' for 'Sphere' in BlueprintGeneratedClass 'REINST_Fire_small_BP_C_44' (it may have been removed)
[2016.04.19-09.22.30:265][  0]LogBlueprint:Warning: USimpleConstructionScript::FixupRootNodeParentReferences() - Couldn't find inherited parent component 'DefaultSceneRoot' for 'Sphere' in BlueprintGeneratedClass 'REINST_Attack_BP_C_53' (it may have been removed)
[2016.04.19-09.22.31:290][  0]LogAIModule: Creating AISystem for world tes
[2016.04.19-09.22.31:399][  0]LogEditorServer: Finished looking for orphan Actors (0.000 secs)
[2016.04.19-09.22.31:401][  0]Cmd: MAP CHECKDEP NOCLEARLOG
[2016.04.19-09.22.31:435][  0]MapCheck: 情報 マップチェックが完了: 0 エラー、 0 警告、完了に 34.273ミリ秒かかりました。
[2016.04.19-09.22.31:435][  0]LogFileHelpers: Loading map 'tes' took 1.888
[2016.04.19-09.22.31:598][  0]LogCollectionManager: Loaded 0 collections in 0.001338 seconds
[2016.04.19-09.22.31:651][  0]LogFileCache: Scanning file cache for directory 'C:/Users/EllightDunois/Documents/Unreal Projects/MagicDangion/Saved/Collections/' took 0.01s
[2016.04.19-09.22.31:651][  0]LogFileCache: Scanning file cache for directory 'C:/Users/EllightDunois/Documents/Unreal Projects/MagicDangion/Content/Developers/EllightDunois/Collections/' took 0.01s
[2016.04.19-09.22.31:651][  0]LogFileCache: Scanning file cache for directory 'C:/Users/EllightDunois/Documents/Unreal Projects/MagicDangion/Content/Collections/' took 0.01s
[2016.04.19-09.22.31:651][  0]LogCollectionManager: Rebuilt the GUID cache for 0 collections in 0.000007 seconds
[2016.04.19-09.22.31:657][  0]LogContentBrowser: Native class hierarchy populated in 0.0056 seconds. Added 1980 classes and 345 folders.
[2016.04.19-09.22.31:662][  0]LogStats: UGameplayTagsManager::ConstructGameplayTagTree: Construct from data asset -  0.000 s
[2016.04.19-09.22.31:662][  0]LogStats: UGameplayTagsManager::ConstructGameplayTagTree: GameplayTagTreeChangedEvent.Broadcast -  0.000 s
[2016.04.19-09.22.31:663][  0]LogContentBrowser: Native class hierarchy updated for 'GameplayTags' in 0.0003 seconds. Added 12 classes and 0 folders.
[2016.04.19-09.22.31:666][  0]LogContentBrowser: Native class hierarchy updated for 'WidgetCarousel' in 0.0002 seconds. Added 0 classes and 0 folders.
[2016.04.19-09.22.31:681][  0]LogContentBrowser: Native class hierarchy updated for 'SuperSearch' in 0.0003 seconds. Added 1 classes and 2 folders.
[2016.04.19-09.22.31:860][  0]LogContentBrowser: Native class hierarchy updated for 'AddContentDialog' in 0.0003 seconds. Added 0 classes and 0 folders.
[2016.04.19-09.22.32:021][  0]LogCrashTracker: Crashtracker disabled due to settings.
[2016.04.19-09.22.32:032][  0]LogUObjectGlobals:Warning: オブジェクト 'Class なし.' が見つかりませんでした
[2016.04.19-09.22.32:063][  0]LogContentBrowser: Native class hierarchy updated for 'HierarchicalLODOutliner' in 0.0003 seconds. Added 1 classes and 2 folders.
[2016.04.19-09.22.32:063][  0]LogLoad: Full Startup: 12.07 seconds (BP compile: 0.23 seconds)
[2016.04.19-09.22.32:063][  0]LogExternalProfiler: Found external profiler: VSPerf
[2016.04.19-09.22.32:063][  0]LogExternalProfiler: Using external profiler: VSPerf
[2016.04.19-09.22.32:405][  0]LogOcInput: OculusInput pre-init called
[2016.04.19-09.22.32:528][  0]LogContentStreaming: Texture pool size now 1000 MB
[2016.04.19-09.22.32:982][  0]LogRenderer: Reallocating scene render targets to support 2248x884 (Frame:2).
[2016.04.19-09.22.33:263][  1]LogAssetRegistry: Asset discovery search completed in 5.1223 seconds
[2016.04.19-09.22.33:263][  1]LogCollectionManager: Rebuilt the object cache for 0 collections in 0.000000 seconds (found 0 objects)
[2016.04.19-09.22.33:263][  1]LogCollectionManager: Fixed up redirectors for 0 collections in 0.000224 seconds (updated 0 objects)
[2016.04.19-09.26.50:950][485]LogBlueprintUserMessages: Early PlayInEditor Detection: Level '/Game/tes.tes:PersistentLevel' has LevelScriptBlueprint '/Game/tes.tes:PersistentLevel.tes' with GeneratedClass '/Game/tes.tes_C' with ClassGeneratedBy '/Game/tes.tes:PersistentLevel.tes'
[2016.04.19-09.26.50:950][485]LogPlayLevel: PlayLevel: No blueprints needed recompiling
[2016.04.19-09.26.50:961][485]PIE: New page: PIEセッション: tes (2016/04/20 3:26:50)
[2016.04.19-09.26.50:961][485]LogPlayLevel: Creating play world package: /Game/UEDPIE_0_tes
[2016.04.19-09.26.50:965][485]LogPlayLevel: PIE: StaticDuplicateObject took: (0.004415s)
[2016.04.19-09.26.50:968][485]LogAIModule: Creating AISystem for world tes
[2016.04.19-09.26.50:968][485]LogPlayLevel: PIE: World Init took: (0.002958s)
[2016.04.19-09.26.50:969][485]LogPlayLevel: PIE: Created PIE world by copying editor world from /Game/tes.tes to /Game/UEDPIE_0_tes.tes (0.007799s)
[2016.04.19-09.26.50:969][485]LogActorComponent: UnregisterComponent: (/Engine/Transient.CharMoveComp) Not registered. Aborting.
[2016.04.19-09.26.50:969][485]LogActorComponent: UnregisterComponent: (/Engine/Transient.CharacterMovementComponent_0) Not registered. Aborting.
[2016.04.19-09.26.51:002][485]LogInit: XAudio2 using 'SPDIF出力 (SB Recon3D PCIe)' : 2 channels at 48 kHz using 32 bits per sample (channel mask 0x3)
[2016.04.19-09.26.51:005][485]LogInit: FAudioDevice initialized.
[2016.04.19-09.26.51:055][485]LogWorld: Game class is 'ButtleGameMode_BP_C'
[2016.04.19-09.26.51:058][485]LogWorld: Bringing World /Game/UEDPIE_0_tes.tes up for play (max tick rate 0) at 2016.04.19-18.26.51
[2016.04.19-09.26.51:061][485]LogWorld: Bringing up level for play took: 0.004315
[2016.04.19-09.26.51:066][485]LogContentBrowser: Native class hierarchy updated for 'MovieSceneCapture' in 0.0003 seconds. Added 9 classes and 0 folders.
[2016.04.19-09.26.51:073][485]PIE: 情報 /Game/UEDPIE_0_tes -0.117のプレイ イン エディタの開始時間
[2016.04.19-09.26.51:073][485]LogBlueprintUserMessages: Late PlayInEditor Detection: Level '/Game/tes.tes:PersistentLevel' has LevelScriptBlueprint '/Game/tes.tes:PersistentLevel.tes' with GeneratedClass '/Game/tes.tes_C' with ClassGeneratedBy '/Game/tes.tes:PersistentLevel.tes'
[2016.04.19-09.26.51:124][486]LogRenderTargetPool:Warning: r.RenderTargetPoolMin exceeded 409/400 MB (ok in editor, bad on fixed memory platform)
[2016.04.19-09.26.54:925][934]LogBlueprintUserMessages: Early EndPlayMap Detection: Level '/Game/tes.tes:PersistentLevel' has LevelScriptBlueprint '/Game/tes.tes:PersistentLevel.tes' with GeneratedClass '/Game/tes.tes_C' with ClassGeneratedBy '/Game/tes.tes:PersistentLevel.tes'
[2016.04.19-09.26.54:967][934]LogBlueprintUserMessages: Late EndPlayMap Detection: Level '/Game/tes.tes:PersistentLevel' has LevelScriptBlueprint '/Game/tes.tes:PersistentLevel.tes' with GeneratedClass '/Game/tes.tes_C' with ClassGeneratedBy '/Game/tes.tes:PersistentLevel.tes'
[2016.04.19-09.26.54:998][935]LogRenderTargetPool:Warning: r.RenderTargetPoolMin exceeded 403/400 MB (ok in editor, bad on fixed memory platform)
[2016.04.19-09.26.57:551][ 66]LogContentBrowser: Native class hierarchy updated for 'BlueprintGraph' in 0.0005 seconds. Added 108 classes and 0 folders.
[2016.04.19-09.27.19:991][738]LogActorComponent: UnregisterComponent: (/Engine/Transient.CharMoveComp) Not registered. Aborting.
[2016.04.19-09.27.24:623][154]LogActorComponent: UnregisterComponent: (/Engine/Transient.CharacterMovementComponent_1) Not registered. Aborting.
[2016.04.19-09.27.29:243][574]LogActorComponent: UnregisterComponent: (/Engine/Transient.CharacterMovementComponent_2) Not registered. Aborting.
[2016.04.19-09.27.30:312][661]LogClass:Warning: Type mismatch in magicDatas of SKEL_Marisa_BP_C - Previous (StructProperty) Current(ArrayProperty) for package:  FObjectReader
[2016.04.19-09.27.30:315][661]LogActorComponent: UnregisterComponent: (/Engine/Transient.CharacterMovementComponent_3) Not registered. Aborting.
[2016.04.19-09.27.31:461][758]BlueprintLog: New page: Marisa_BP をコンパイル
[2016.04.19-09.27.31:607][758]LogActorComponent: UnregisterComponent: (/Engine/Transient.CharacterMovementComponent_4) Not registered. Aborting.
[2016.04.19-09.27.31:755][758]BlueprintEditorCompileResults: 情報 [0311.76] Marisa_BP のコンパイルに成功しました！  [ 293 ミリ秒]
[2016.04.19-09.27.37:061][221]LogActorComponent: UnregisterComponent: (/Engine/Transient.CharMoveComp) Not registered. Aborting.
[2016.04.19-09.27.39:573][457]LogActorComponent: UnregisterComponent: (/Engine/Transient.CharacterMovementComponent_5) Not registered. Aborting.
[2016.04.19-09.27.40:994][599]LogActorComponent: UnregisterComponent: (/Engine/Transient.CharacterMovementComponent_6) Not registered. Aborting.
[2016.04.19-09.27.43:731][874]LogActorComponent: UnregisterComponent: (/Engine/Transient.CharacterMovementComponent_7) Not registered. Aborting.
[2016.04.19-09.27.50:133][472]LogActorComponent: UnregisterComponent: (/Engine/Transient.CharacterMovementComponent_8) Not registered. Aborting.
[2016.04.19-09.27.51:398][598]LogActorComponent: UnregisterComponent: (/Engine/Transient.CharacterMovementComponent_9) Not registered. Aborting.
[2016.04.19-09.27.54:525][912]LogActorComponent: UnregisterComponent: (/Engine/Transient.CharacterMovementComponent_10) Not registered. Aborting.
[2016.04.19-09.27.57:428][202]LogActorComponent: UnregisterComponent: (/Engine/Transient.CharacterMovementComponent_11) Not registered. Aborting.
[2016.04.19-09.28.10:301][497]LogActorComponent: UnregisterComponent: (/Engine/Transient.CharacterMovementComponent_12) Not registered. Aborting.
[2016.04.19-09.28.15:516][974]LogActorComponent: UnregisterComponent: (/Engine/Transient.CharacterMovementComponent_13) Not registered. Aborting.
[2016.04.19-09.28.20:627][443]LogActorComponent: UnregisterComponent: (/Engine/Transient.CharacterMovementComponent_14) Not registered. Aborting.
[2016.04.19-09.28.22:097][589]LogActorComponent: UnregisterComponent: (/Engine/Transient.CharacterMovementComponent_15) Not registered. Aborting.
[2016.04.19-09.28.32:143][598]LogActorComponent: UnregisterComponent: (/Engine/Transient.CharacterMovementComponent_16) Not registered. Aborting.
[2016.04.19-09.28.33:985][768]LogActorComponent: UnregisterComponent: (/Engine/Transient.CharacterMovementComponent_17) Not registered. Aborting.
[2016.04.19-09.28.37:246][ 90]LogActorComponent: UnregisterComponent: (/Engine/Transient.CharacterMovementComponent_18) Not registered. Aborting.
[2016.04.19-09.28.39:639][327]LogActorComponent: UnregisterComponent: (/Engine/Transient.CharacterMovementComponent_19) Not registered. Aborting.
[2016.04.19-09.28.50:817][416]LogActorComponent: UnregisterComponent: (/Engine/Transient.CharacterMovementComponent_20) Not registered. Aborting.
[2016.04.19-09.28.51:794][509]LogActorComponent: UnregisterComponent: (/Engine/Transient.CharacterMovementComponent_21) Not registered. Aborting.
[2016.04.19-09.28.52:287][555]LogActorComponent: UnregisterComponent: (/Engine/Transient.CharacterMovementComponent_22) Not registered. Aborting.
[2016.04.19-09.28.52:837][606]LogActorComponent: UnregisterComponent: (/Engine/Transient.CharacterMovementComponent_23) Not registered. Aborting.
[2016.04.19-09.28.55:331][844]Cmd: OBJ SAVEPACKAGE PACKAGE="/Game/BluePrints/MagicDatas" FILE="../../../../../../Users/EllightDunois/Documents/Unreal Projects/MagicDangion/Content/BluePrints/MagicDatas.uasset" SILENT=true
[2016.04.19-09.28.55:337][844]LogSavePackage: Save=4.48ms
[2016.04.19-09.28.55:337][844]LogSavePackage: Moving '../../../../../../Users/EllightDunois/Documents/Unreal Projects/MagicDangion/Saved/MagicDatas7E7CE8204A03CFF0F70B458349FF2AF0.tmp' to '../../../../../../Users/EllightDunois/Documents/Unreal Projects/MagicDangion/Content/BluePrints/MagicDatas.uasset'
[2016.04.19-09.28.55:339][844]LogSavePackage: Total save time: 6.28ms
[2016.04.19-09.28.55:339][844]LogSavePackage:Display: Finished SavePackage ../../../../../../Users/EllightDunois/Documents/Unreal Projects/MagicDangion/Content/BluePrints/MagicDatas.uasset
[2016.04.19-09.28.58:567][135]BlueprintLog: New page: Marisa_BP をコンパイル
[2016.04.19-09.28.58:677][135]LogActorComponent: UnregisterComponent: (/Engine/Transient.CharacterMovementComponent_24) Not registered. Aborting.
[2016.04.19-09.28.58:830][135]BlueprintEditorCompileResults: 情報 [0398.84] Marisa_BP のコンパイルに成功しました！  [ 262 ミリ秒]
[2016.04.19-09.29.03:075][486]LogActorComponent: UnregisterComponent: (/Engine/Transient.CharMoveComp) Not registered. Aborting.
[2016.04.19-09.29.18:850][972]LogActorComponent: UnregisterComponent: (/Engine/Transient.CharacterMovementComponent_25) Not registered. Aborting.
[2016.04.19-09.29.21:063][ 96]LogActorComponent: UnregisterComponent: (/Engine/Transient.CharacterMovementComponent_26) Not registered. Aborting.
[2016.04.19-09.29.24:731][294]LogActorComponent: UnregisterComponent: (/Engine/Transient.CharacterMovementComponent_27) Not registered. Aborting.
[2016.04.19-09.29.27:662][551]LogActorComponent: UnregisterComponent: (/Engine/Transient.CharacterMovementComponent_28) Not registered. Aborting.
[2016.04.19-09.29.31:787][922]LogActorComponent: UnregisterComponent: (/Engine/Transient.CharacterMovementComponent_29) Not registered. Aborting.
[2016.04.19-09.29.33:245][ 63]LogActorComponent: UnregisterComponent: (/Engine/Transient.CharacterMovementComponent_30) Not registered. Aborting.
[2016.04.19-09.29.43:777][ 93]LogActorComponent: UnregisterComponent: (/Engine/Transient.CharacterMovementComponent_31) Not registered. Aborting.
[2016.04.19-09.29.48:301][524]LogActorComponent: UnregisterComponent: (/Engine/Transient.CharacterMovementComponent_32) Not registered. Aborting.
[2016.04.19-09.29.52:926][960]LogActorComponent: UnregisterComponent: (/Engine/Transient.CharacterMovementComponent_33) Not registered. Aborting.
[2016.04.19-09.29.55:713][220]LogActorComponent: UnregisterComponent: (/Engine/Transient.CharacterMovementComponent_34) Not registered. Aborting.
[2016.04.19-09.29.57:331][369]LogActorComponent: UnregisterComponent: (/Engine/Transient.CharacterMovementComponent_35) Not registered. Aborting.
[2016.04.19-09.29.59:203][522]LogActorComponent: UnregisterComponent: (/Engine/Transient.CharacterMovementComponent_36) Not registered. Aborting.
[2016.04.19-09.30.02:305][809]BlueprintLog: New page: Marisa_BP をコンパイル
[2016.04.19-09.30.02:414][809]LogActorComponent: UnregisterComponent: (/Engine/Transient.CharacterMovementComponent_37) Not registered. Aborting.
[2016.04.19-09.30.02:494][809]BlueprintEditorCompileResults: 情報 [0462.50] Marisa_BP のコンパイルに成功しました！  [ 189 ミリ秒]
[2016.04.19-09.30.30:557][407]LogActorComponent: UnregisterComponent: (/Engine/Transient.CharMoveComp) Not registered. Aborting.
[2016.04.19-09.30.34:111][702]LogActorComponent: UnregisterComponent: (/Engine/Transient.CharacterMovementComponent_38) Not registered. Aborting.
[2016.04.19-09.30.37:455][998]BlueprintLog: New page: Marisa_BP をコンパイル
[2016.04.19-09.30.37:566][998]LogActorComponent: UnregisterComponent: (/Engine/Transient.CharacterMovementComponent_39) Not registered. Aborting.
[2016.04.19-09.30.37:710][998]BlueprintEditorCompileResults: 情報 [0497.72] Marisa_BP のコンパイルに成功しました！  [ 254 ミリ秒]
[2016.04.19-09.30.38:758][ 83]LogActorComponent: UnregisterComponent: (/Engine/Transient.CharMoveComp) Not registered. Aborting.
[2016.04.19-09.30.41:415][329]LogActorComponent: UnregisterComponent: (/Engine/Transient.CharacterMovementComponent_40) Not registered. Aborting.
[2016.04.19-09.30.42:558][434]BlueprintLog: New page: Marisa_BP をコンパイル
[2016.04.19-09.30.42:667][434]LogActorComponent: UnregisterComponent: (/Engine/Transient.CharacterMovementComponent_41) Not registered. Aborting.
[2016.04.19-09.30.42:747][434]BlueprintEditorCompileResults: 情報 [0502.76] Marisa_BP のコンパイルに成功しました！  [ 189 ミリ秒]
[2016.04.19-09.31.31:514][839]LogProperty:Warning: ObjectProperty /Script/Engine.EdGraphPin:LinkedTo.LinkedTo: unresolved reference to 'EdGraphPin'K2Node_CallArrayFunction_32.EdGraphPin_48988''
[2016.04.19-09.31.31:514][839]LogProperty:Warning: ObjectProperty /Script/Engine.EdGraphPin:LinkedTo.LinkedTo: unresolved reference to 'EdGraphPin'K2Node_CallArrayFunction_31.EdGraphPin_48983''
[2016.04.19-09.31.31:514][839]LogProperty:Warning: ObjectProperty /Script/Engine.EdGraphPin:LinkedTo.LinkedTo: unresolved reference to 'EdGraphPin'K2Node_CallArrayFunction_31.EdGraphPin_48982''
[2016.04.19-09.31.40:782][668]BlueprintLog: New page: Marisa_BP をコンパイル
[2016.04.19-09.31.40:902][668]LogActorComponent: UnregisterComponent: (/Engine/Transient.CharMoveComp) Not registered. Aborting.
[2016.04.19-09.31.40:985][668]BlueprintEditorCompileResults: 情報 [0561.00] Marisa_BP のコンパイルに成功しました！  [ 203 ミリ秒]
[2016.04.19-09.32.07:400][614]LogActorComponent: UnregisterComponent: (/Engine/Transient.EditorFloorComp) Not registered. Aborting.
[2016.04.19-09.32.16:219][394]BlueprintLog: New page: tes をコンパイル
[2016.04.19-09.32.16:223][394]LogActorComponent: UnregisterComponent: (/Engine/Transient.CharMoveComp) Not registered. Aborting.
[2016.04.19-09.32.16:223][394]LogActorComponent: UnregisterComponent: (/Engine/Transient.CharacterMovementComponent_42) Not registered. Aborting.
[2016.04.19-09.32.16:295][394]BlueprintEditorCompileResults: 情報 [0596.31] tes のコンパイルに成功しました！  [ 75 ミリ秒]
[2016.04.19-09.32.24:294][ 75]LogUObjectHash:Warning: Ambiguous search, could be K2Node_CallFunction /Game/tes.tes:PersistentLevel.tes.EventGraph.K2Node_CallFunction_2444 or K2Node_CallFunction /Engine/Transient.PROTO_BP_Blueprint_0:UserConstructionScript.K2Node_CallFunction_2444
[2016.04.19-09.32.24:294][ 75]LogUObjectHash:Warning: Ambiguous search, could be K2Node_CallFunction /Game/tes.tes:PersistentLevel.tes.EventGraph.K2Node_CallFunction_2444 or K2Node_CallFunction /Game/BluePrints/ButtleGameMode_BP.ButtleGameMode_BP:EventGraph.K2Node_CallFunction_2444
[2016.04.19-09.32.24:294][ 75]LogProperty:Warning: Illegal TEXT reference to a private object in external package (EdGraphPin /Game/tes.tes:PersistentLevel.tes.EventGraph.K2Node_CallFunction_2444.EdGraphPin_14626) from referencer (EdGraphPin /Game/BluePrints/ButtleGameMode_BP.ButtleGameMode_BP:EventGraph.K2Node_CreateWidget_1.EdGraphPin_49404).  Import failed...
[2016.04.19-09.32.24:294][ 75]LogProperty:Warning: ObjectProperty /Script/Engine.EdGraphPin:LinkedTo.LinkedTo: unresolved reference to 'EdGraphPin'K2Node_CallFunction_2444.EdGraphPin_14626''
[2016.04.19-09.32.24:294][ 75]LogUObjectHash:Warning: Ambiguous search, could be K2Node_CallFunction /Game/tes.tes:PersistentLevel.tes.EventGraph.K2Node_CallFunction_2444 or K2Node_CallFunction /Engine/Transient.PROTO_BP_Blueprint_0:UserConstructionScript.K2Node_CallFunction_2444
[2016.04.19-09.32.24:294][ 75]LogUObjectHash:Warning: Ambiguous search, could be K2Node_CallFunction /Game/tes.tes:PersistentLevel.tes.EventGraph.K2Node_CallFunction_2444 or K2Node_CallFunction /Game/BluePrints/ButtleGameMode_BP.ButtleGameMode_BP:EventGraph.K2Node_CallFunction_2444
[2016.04.19-09.32.24:294][ 75]LogProperty:Warning: Illegal TEXT reference to a private object in external package (EdGraphPin /Game/tes.tes:PersistentLevel.tes.EventGraph.K2Node_CallFunction_2444.EdGraphPin_14624) from referencer (EdGraphPin /Game/BluePrints/ButtleGameMode_BP.ButtleGameMode_BP:EventGraph.K2Node_CreateWidget_1.EdGraphPin_49402).  Import failed...
[2016.04.19-09.32.24:294][ 75]LogProperty:Warning: ObjectProperty /Script/Engine.EdGraphPin:LinkedTo.LinkedTo: unresolved reference to 'EdGraphPin'K2Node_CallFunction_2444.EdGraphPin_14624''
[2016.04.19-09.32.24:294][ 75]LogUObjectHash:Warning: Ambiguous search, could be K2Node_Event /Game/tes.tes:PersistentLevel.tes.EventGraph.K2Node_Event_145 or K2Node_Event /Engine/Transient.PROTO_BP_Blueprint_0:UserConstructionScript.K2Node_Event_145
[2016.04.19-09.32.24:294][ 75]LogProperty:Warning: Illegal TEXT reference to a private object in external package (EdGraphPin /Game/tes.tes:PersistentLevel.tes.EventGraph.K2Node_Event_145.EdGraphPin_14554) from referencer (EdGraphPin /Game/BluePrints/ButtleGameMode_BP.ButtleGameMode_BP:EventGraph.K2Node_CreateWidget_1.EdGraphPin_49401).  Import failed...
[2016.04.19-09.32.24:294][ 75]LogProperty:Warning: ObjectProperty /Script/Engine.EdGraphPin:LinkedTo.LinkedTo: unresolved reference to 'EdGraphPin'K2Node_Event_145.EdGraphPin_14554''
[2016.04.19-09.32.29:794][585]BlueprintLog: New page: ButtleGameMode_BP をコンパイル
[2016.04.19-09.32.29:800][585]LogActorComponent: UnregisterComponent: (/Engine/Transient.CharMoveComp) Not registered. Aborting.
[2016.04.19-09.32.29:917][585]BlueprintEditorCompileResults: 情報 [0609.93] ButtleGameMode_BP のコンパイルに成功しました！  [ 122 ミリ秒]
[2016.04.19-09.32.50:668][ 80]BlueprintLog: New page: ButtleGameMode_BP をコンパイル
[2016.04.19-09.32.50:795][ 80]BlueprintEditorCompileResults: 情報 [0630.81] ButtleGameMode_BP のコンパイルに成功しました！  [ 127 ミリ秒]
[2016.04.19-09.33.10:310][919]LogClass:Warning: Type mismatch in magicDatas of SKEL_ButtleGameMode_BP_C - Previous (StructProperty) Current(ArrayProperty) for package:  FObjectReader
[2016.04.19-09.33.12:327][107]BlueprintLog: New page: ButtleGameMode_BP をコンパイル
[2016.04.19-09.33.12:331][107]LogClass:Warning: Type mismatch in magicDatas of ButtleGameMode_BP_C - Previous (StructProperty) Current(ArrayProperty) for package:  FObjectReader
[2016.04.19-09.33.12:453][107]BlueprintEditorCompileResults: 情報 [0652.46] ButtleGameMode_BP のコンパイルに成功しました！  [ 125 ミリ秒]
[2016.04.19-09.33.47:052][257]BlueprintLog: New page: ButtleGameMode_BP をコンパイル
[2016.04.19-09.33.47:128][257]BlueprintEditorCompileResults: 情報 [0687.14] ButtleGameMode_BP のコンパイルに成功しました！  [ 76 ミリ秒]
[2016.04.19-09.34.36:217][582]BlueprintLog: New page: ButtleGameMode_BP をコンパイル
[2016.04.19-09.34.36:351][582]BlueprintEditorCompileResults: 情報 [0736.36] ButtleGameMode_BP のコンパイルに成功しました！  [ 133 ミリ秒]
[2016.04.19-09.34.58:899][ 75]BlueprintLog: New page: ButtleGameMode_BP をコンパイル
[2016.04.19-09.34.58:978][ 75]BlueprintEditorCompileResults: 情報 [0758.99] ButtleGameMode_BP のコンパイルに成功しました！  [ 79 ミリ秒]
[2016.04.19-09.35.38:544][653]LogActorComponent: UnregisterComponent: (/Engine/Transient.CharMoveComp) Not registered. Aborting.
[2016.04.19-09.35.38:570][653]Cmd: OBJ SAVEPACKAGE PACKAGE="/Game/tes" FILE="../../../../../../Users/EllightDunois/Documents/Unreal Projects/MagicDangion/Saved/Autosaves/Game/tes_Auto1.umap" SILENT=true AUTOSAVING=true KEEPDIRTY=false
[2016.04.19-09.35.38:675][653]LogSavePackage: Save=79.40ms
[2016.04.19-09.35.38:675][653]LogSavePackage: Moving '../../../../../../Users/EllightDunois/Documents/Unreal Projects/MagicDangion/Saved/tes_Auto177F0660943770A8C6B6E549BB1907899.tmp' to '../../../../../../Users/EllightDunois/Documents/Unreal Projects/MagicDangion/Saved/Autosaves/Game/tes_Auto1.umap'
[2016.04.19-09.35.38:676][653]LogSavePackage: Total save time: 104.80ms
[2016.04.19-09.35.38:676][653]LogSavePackage:Display: Finished SavePackage ../../../../../../Users/EllightDunois/Documents/Unreal Projects/MagicDangion/Saved/Autosaves/Game/tes_Auto1.umap
[2016.04.19-09.35.38:678][653]LogFileHelpers: Editor autosave (incl. sublevels) for '/Game/tes' took 0.134
[2016.04.19-09.35.38:678][653]LogFileHelpers: Editor autosave (incl. sublevels) for all levels took 0.134
[2016.04.19-09.35.38:683][653]OBJ SavePackage: Generating thumbnails for [0] asset(s) in package [/Game/BluePrints/ButtleGameMode_BP] ([1] browsable assets)...
[2016.04.19-09.35.38:683][653]OBJ SavePackage: Finished generating thumbnails for package [/Game/BluePrints/ButtleGameMode_BP]
[2016.04.19-09.35.38:707][653]LogSavePackage: Save=15.85ms
[2016.04.19-09.35.38:707][653]LogSavePackage: Moving '../../../../../../Users/EllightDunois/Documents/Unreal Projects/MagicDangion/Saved/ButtleGameMode_BP_Auto1A11DCEE44497934FD456A29E644F69FD.tmp' to '../../../../../../Users/EllightDunois/Documents/Unreal Projects/MagicDangion/Saved/Autosaves/Game/BluePrints/ButtleGameMode_BP_Auto1.uasset'
[2016.04.19-09.35.38:708][653]LogSavePackage: Total save time: 24.01ms
[2016.04.19-09.35.38:708][653]LogSavePackage:Display: Finished SavePackage ../../../../../../Users/EllightDunois/Documents/Unreal Projects/MagicDangion/Saved/Autosaves/Game/BluePrints/ButtleGameMode_BP_Auto1.uasset
[2016.04.19-09.35.38:712][653]OBJ SavePackage: Generating thumbnails for [1] asset(s) in package [/Game/BluePrints/Marisa_BP] ([1] browsable assets)...
[2016.04.19-09.35.38:726][653]OBJ SavePackage:     Rendered thumbnail for [Blueprint /Game/BluePrints/Marisa_BP.Marisa_BP]
[2016.04.19-09.35.38:726][653]OBJ SavePackage: Finished generating thumbnails for package [/Game/BluePrints/Marisa_BP]
[2016.04.19-09.35.38:991][653]LogSavePackage: Save=255.06ms
[2016.04.19-09.35.38:991][653]LogSavePackage: Moving '../../../../../../Users/EllightDunois/Documents/Unreal Projects/MagicDangion/Saved/Marisa_BP_Auto12F40B7E54EB3478C1C63D7A475DDD5F9.tmp' to '../../../../../../Users/EllightDunois/Documents/Unreal Projects/MagicDangion/Saved/Autosaves/Game/BluePrints/Marisa_BP_Auto1.uasset'
[2016.04.19-09.35.38:992][653]LogSavePackage: Total save time: 264.94ms
[2016.04.19-09.35.38:992][653]LogSavePackage:Display: Finished SavePackage ../../../../../../Users/EllightDunois/Documents/Unreal Projects/MagicDangion/Saved/Autosaves/Game/BluePrints/Marisa_BP_Auto1.uasset
[2016.04.19-09.35.38:992][653]LogFileHelpers: Auto-saving content packages took 0.312
[2016.04.19-09.35.49:366][679]LogActorComponent: UnregisterComponent: (/Engine/Transient.CharMoveComp) Not registered. Aborting.
[2016.04.19-09.35.57:902][520]LogActorComponent: UnregisterComponent: (/Engine/Transient.CharacterMovementComponent_43) Not registered. Aborting.
[2016.04.19-09.36.03:156][ 38]LogActorComponent: UnregisterComponent: (/Engine/Transient.CharacterMovementComponent_44) Not registered. Aborting.
[2016.04.19-09.36.18:131][465]LogActorComponent: UnregisterComponent: (/Engine/Transient.CharacterMovementComponent_45) Not registered. Aborting.
[2016.04.19-09.36.19:925][635]LogActorComponent: UnregisterComponent: (/Engine/Transient.CharacterMovementComponent_46) Not registered. Aborting.
[2016.04.19-09.36.26:840][295]LogActorComponent: UnregisterComponent: (/Engine/Transient.CharacterMovementComponent_47) Not registered. Aborting.
[2016.04.19-09.36.33:871][947]LogActorComponent: UnregisterComponent: (/Engine/Transient.CharacterMovementComponent_48) Not registered. Aborting.
[2016.04.19-09.37.10:568][254]LogActorComponent: UnregisterComponent: (/Engine/Transient.CharacterMovementComponent_49) Not registered. Aborting.
[2016.04.19-09.37.11:722][355]BlueprintLog: New page: Marisa_BP をコンパイル
[2016.04.19-09.37.11:833][355]LogActorComponent: UnregisterComponent: (/Engine/Transient.CharacterMovementComponent_50) Not registered. Aborting.
[2016.04.19-09.37.11:930][355]BlueprintEditorCompileResults: 情報 [0891.94] Marisa_BP のコンパイルに成功しました！  [ 207 ミリ秒]
[2016.04.19-09.37.50:241][661]LogActorComponent: UnregisterComponent: (/Engine/Transient.CharMoveComp) Not registered. Aborting.
[2016.04.19-09.37.57:753][246]LogActorComponent: UnregisterComponent: (/Engine/Transient.CharacterMovementComponent_51) Not registered. Aborting.
[2016.04.19-09.38.08:660][828]BlueprintLog: New page: Marisa_BP をコンパイル
[2016.04.19-09.38.08:787][828]LogActorComponent: UnregisterComponent: (/Engine/Transient.CharacterMovementComponent_52) Not registered. Aborting.
[2016.04.19-09.38.08:956][828]BlueprintEditorCompileResults: 情報 [0948.97] Marisa_BP のコンパイルに成功しました！  [ 296 ミリ秒]
[2016.04.19-09.38.12:425][ 15]LogActorComponent: UnregisterComponent: (/Engine/Transient.CharMoveComp) Not registered. Aborting.
[2016.04.19-09.38.15:309][283]LogActorComponent: UnregisterComponent: (/Engine/Transient.CharacterMovementComponent_53) Not registered. Aborting.
[2016.04.19-09.38.24:618][115]LogActorComponent: UnregisterComponent: (/Engine/Transient.CharacterMovementComponent_54) Not registered. Aborting.
[2016.04.19-09.39.17:041][958]LogActorComponent: UnregisterComponent: (/Engine/Transient.CharacterMovementComponent_55) Not registered. Aborting.
[2016.04.19-09.41.30:525][202]LogRenderTargetPool:Warning: r.RenderTargetPoolMin exceeded 404/400 MB (ok in editor, bad on fixed memory platform)
[2016.04.19-09.41.55:516][707]LogActorComponent: UnregisterComponent: (/Engine/Transient.CharacterMovementComponent_56) Not registered. Aborting.
[2016.04.19-09.42.43:798][748]LogRenderTargetPool:Warning: r.RenderTargetPoolMin exceeded 404/400 MB (ok in editor, bad on fixed memory platform)
[2016.04.19-09.42.51:907][566]BlueprintLog: New page: Marisa_BP をコンパイル
[2016.04.19-09.42.52:022][566]LogActorComponent: UnregisterComponent: (/Engine/Transient.CharacterMovementComponent_57) Not registered. Aborting.
[2016.04.19-09.42.52:197][566]BlueprintEditorCompileResults: 情報 [1232.21] Marisa_BP のコンパイルに成功しました！  [ 290 ミリ秒]
[2016.04.19-09.43.41:319][134]BlueprintLog: New page: ButtleGameMode_BP をコンパイル
[2016.04.19-09.43.41:330][134]LogActorComponent: UnregisterComponent: (/Engine/Transient.CharMoveComp) Not registered. Aborting.
[2016.04.19-09.43.41:413][134]BlueprintEditorCompileResults: 情報 [1281.42] ButtleGameMode_BP のコンパイルに成功しました！  [ 94 ミリ秒]
[2016.04.19-09.44.46:302][ 98]BlueprintLog: New page: ButtleGameMode_BP をコンパイル
[2016.04.19-09.44.46:314][ 98]LogActorComponent: UnregisterComponent: (/Engine/Transient.CharMoveComp) Not registered. Aborting.
[2016.04.19-09.44.46:393][ 98]BlueprintEditorCompileResults: 情報 [1346.40] ButtleGameMode_BP のコンパイルに成功しました！  [ 91 ミリ秒]
[2016.04.19-09.45.28:457][932]BlueprintLog: New page: ButtleGameMode_BP をコンパイル
[2016.04.19-09.45.28:489][932]LogActorComponent: UnregisterComponent: (/Engine/Transient.CharMoveComp) Not registered. Aborting.
[2016.04.19-09.45.28:638][932]BlueprintEditorCompileResults: 情報 [1388.65] ButtleGameMode_BP のコンパイルに成功しました！  [ 181 ミリ秒]
[2016.04.19-09.45.45:183][466]LogBlueprintUserMessages: Early PlayInEditor Detection: Level '/Game/tes.tes:PersistentLevel' has LevelScriptBlueprint '/Game/tes.tes:PersistentLevel.tes' with GeneratedClass '/Game/tes.tes_C' with ClassGeneratedBy '/Game/tes.tes:PersistentLevel.tes'
[2016.04.19-09.45.45:184][466]LogPlayLevel: PlayLevel: No blueprints needed recompiling
[2016.04.19-09.45.45:184][466]PIE: New page: PIEセッション: tes (2016/04/20 3:45:45)
[2016.04.19-09.45.45:184][466]LogPlayLevel: Creating play world package: /Game/UEDPIE_0_tes
[2016.04.19-09.45.45:186][466]LogPlayLevel: PIE: StaticDuplicateObject took: (0.001830s)
[2016.04.19-09.45.45:186][466]LogAIModule: Creating AISystem for world tes
[2016.04.19-09.45.45:186][466]LogPlayLevel: PIE: World Init took: (0.000464s)
[2016.04.19-09.45.45:186][466]LogPlayLevel: PIE: Created PIE world by copying editor world from /Game/tes.tes to /Game/UEDPIE_0_tes.tes (0.002474s)
[2016.04.19-09.45.45:186][466]LogActorComponent: UnregisterComponent: (/Engine/Transient.CharMoveComp) Not registered. Aborting.
[2016.04.19-09.45.45:207][466]LogInit: XAudio2 using 'SPDIF出力 (SB Recon3D PCIe)' : 2 channels at 48 kHz using 32 bits per sample (channel mask 0x3)
[2016.04.19-09.45.45:210][466]LogInit: FAudioDevice initialized.
[2016.04.19-09.45.45:239][466]LogWorld: Game class is 'ButtleGameMode_BP_C'
[2016.04.19-09.45.45:241][466]LogWorld: Bringing World /Game/UEDPIE_0_tes.tes up for play (max tick rate 0) at 2016.04.19-18.45.45
[2016.04.19-09.45.45:241][466]LogWorld: Bringing up level for play took: 0.001726
[2016.04.19-09.45.45:245][466]PIE: 情報 /Game/UEDPIE_0_tes 0.054のプレイ イン エディタの開始時間
[2016.04.19-09.45.45:245][466]LogBlueprintUserMessages: Late PlayInEditor Detection: Level '/Game/tes.tes:PersistentLevel' has LevelScriptBlueprint '/Game/tes.tes:PersistentLevel.tes' with GeneratedClass '/Game/tes.tes_C' with ClassGeneratedBy '/Game/tes.tes:PersistentLevel.tes'
[2016.04.19-09.45.46:684][629]LogBlueprintUserMessages: Early EndPlayMap Detection: Level '/Game/tes.tes:PersistentLevel' has LevelScriptBlueprint '/Game/tes.tes:PersistentLevel.tes' with GeneratedClass '/Game/tes.tes_C' with ClassGeneratedBy '/Game/tes.tes:PersistentLevel.tes'
[2016.04.19-09.45.46:715][629]LogBlueprintUserMessages: Late EndPlayMap Detection: Level '/Game/tes.tes:PersistentLevel' has LevelScriptBlueprint '/Game/tes.tes:PersistentLevel.tes' with GeneratedClass '/Game/tes.tes_C' with ClassGeneratedBy '/Game/tes.tes:PersistentLevel.tes'
[2016.04.19-09.45.46:763][630]LogRenderTargetPool:Warning: r.RenderTargetPoolMin exceeded 404/400 MB (ok in editor, bad on fixed memory platform)
[2016.04.19-09.45.48:708][700]LogRenderTargetPool:Warning: r.RenderTargetPoolMin exceeded 404/400 MB (ok in editor, bad on fixed memory platform)
[2016.04.19-09.46.40:279][202]BlueprintLog: New page: ButtoleUI をコンパイル
[2016.04.19-09.46.40:303][202]LogActorComponent: UnregisterComponent: (/Engine/Transient.CharMoveComp) Not registered. Aborting.
[2016.04.19-09.46.40:401][202]BlueprintEditorCompileResults: 情報 [1460.41] ButtoleUI のコンパイルに成功しました！  [ 122 ミリ秒]
[2016.04.19-09.48.47:550][323]BlueprintLog: New page: ButtoleUI をコンパイル
[2016.04.19-09.48.47:570][323]LogActorComponent: UnregisterComponent: (/Engine/Transient.CharMoveComp) Not registered. Aborting.
[2016.04.19-09.48.47:660][323]BlueprintEditorCompileResults: 情報 [1587.67] ButtoleUI のコンパイルに成功しました！  [ 110 ミリ秒]
[2016.04.19-09.48.58:958][297]BlueprintLog: New page: MagicIcon_BP をコンパイル
[2016.04.19-09.48.58:980][297]LogActorComponent: UnregisterComponent: (/Engine/Transient.CharMoveComp) Not registered. Aborting.
[2016.04.19-09.48.59:075][297]BlueprintEditorCompileResults: 情報 [1599.08] MagicIcon_BP のコンパイルに成功しました！  [ 117 ミリ秒]
[2016.04.19-09.51.54:636][482]BlueprintLog: New page: MagicIcon_BP をコンパイル
[2016.04.19-09.51.54:659][482]LogActorComponent: UnregisterComponent: (/Engine/Transient.CharMoveComp) Not registered. Aborting.
[2016.04.19-09.51.54:794][482]BlueprintEditorCompileResults: 情報 [1774.80] MagicIcon_BP のコンパイルに成功しました！  [ 157 ミリ秒]
[2016.04.19-09.52.33:112][841]BlueprintLog: New page: MagicIcon_BP をコンパイル
[2016.04.19-09.52.33:133][841]LogActorComponent: UnregisterComponent: (/Engine/Transient.CharMoveComp) Not registered. Aborting.
[2016.04.19-09.52.33:231][841]BlueprintEditorCompileResults: 情報 [1813.24] MagicIcon_BP のコンパイルに成功しました！  [ 119 ミリ秒]
[2016.04.19-09.53.20:893][967]BlueprintLog: New page: ButtoleUI をコンパイル
[2016.04.19-09.53.20:910][967]LogActorComponent: UnregisterComponent: (/Engine/Transient.CharMoveComp) Not registered. Aborting.
[2016.04.19-09.53.20:997][967]BlueprintEditorCompileResults: 情報 [1861.01] ButtoleUI のコンパイルに成功しました！  [ 104 ミリ秒]
[2016.04.19-09.54.22:840][500]LogFileHelpers: Editor autosave (incl. sublevels) for '/Game/tes' took 0.018
[2016.04.19-09.54.22:845][500]OBJ SavePackage: Generating thumbnails for [0] asset(s) in package [/Game/BluePrints/ButtleGameMode_BP] ([1] browsable assets)...
[2016.04.19-09.54.22:845][500]OBJ SavePackage: Finished generating thumbnails for package [/Game/BluePrints/ButtleGameMode_BP]
[2016.04.19-09.54.22:881][500]LogSavePackage: Save=25.05ms
[2016.04.19-09.54.22:881][500]LogSavePackage: Moving '../../../../../../Users/EllightDunois/Documents/Unreal Projects/MagicDangion/Saved/ButtleGameMode_BP_Auto22E91664E47F1DFBA375E40847044573C.tmp' to '../../../../../../Users/EllightDunois/Documents/Unreal Projects/MagicDangion/Saved/Autosaves/Game/BluePrints/ButtleGameMode_BP_Auto2.uasset'
[2016.04.19-09.54.22:881][500]LogSavePackage: Total save time: 35.92ms
[2016.04.19-09.54.22:881][500]LogSavePackage:Display: Finished SavePackage ../../../../../../Users/EllightDunois/Documents/Unreal Projects/MagicDangion/Saved/Autosaves/Game/BluePrints/ButtleGameMode_BP_Auto2.uasset
[2016.04.19-09.54.22:885][500]OBJ SavePackage: Generating thumbnails for [1] asset(s) in package [/Game/BluePrints/Marisa_BP] ([1] browsable assets)...
[2016.04.19-09.54.22:901][500]OBJ SavePackage:     Rendered thumbnail for [Blueprint /Game/BluePrints/Marisa_BP.Marisa_BP]
[2016.04.19-09.54.22:901][500]OBJ SavePackage: Finished generating thumbnails for package [/Game/BluePrints/Marisa_BP]
[2016.04.19-09.54.23:200][500]LogSavePackage: Save=290.02ms
[2016.04.19-09.54.23:200][500]LogSavePackage: Moving '../../../../../../Users/EllightDunois/Documents/Unreal Projects/MagicDangion/Saved/Marisa_BP_Auto275E598D847259C7F2C42DC9ECBE9A589.tmp' to '../../../../../../Users/EllightDunois/Documents/Unreal Projects/MagicDangion/Saved/Autosaves/Game/BluePrints/Marisa_BP_Auto2.uasset'
[2016.04.19-09.54.23:201][500]LogSavePackage: Total save time: 298.79ms
[2016.04.19-09.54.23:201][500]LogSavePackage:Display: Finished SavePackage ../../../../../../Users/EllightDunois/Documents/Unreal Projects/MagicDangion/Saved/Autosaves/Game/BluePrints/Marisa_BP_Auto2.uasset
[2016.04.19-09.54.23:206][500]OBJ SavePackage: Generating thumbnails for [0] asset(s) in package [/Game/BluePrints/UMG/ButtoleUI] ([1] browsable assets)...
[2016.04.19-09.54.23:206][500]OBJ SavePackage: Finished generating thumbnails for package [/Game/BluePrints/UMG/ButtoleUI]
[2016.04.19-09.54.23:264][500]LogSavePackage: Save=49.45ms
[2016.04.19-09.54.23:265][500]LogSavePackage: Moving '../../../../../../Users/EllightDunois/Documents/Unreal Projects/MagicDangion/Saved/ButtoleUI_Auto2042BC6964702AD84D60CDC8E58178F27.tmp' to '../../../../../../Users/EllightDunois/Documents/Unreal Projects/MagicDangion/Saved/Autosaves/Game/BluePrints/UMG/ButtoleUI_Auto2.uasset'
[2016.04.19-09.54.23:266][500]LogSavePackage: Total save time: 58.83ms
[2016.04.19-09.54.23:266][500]LogSavePackage:Display: Finished SavePackage ../../../../../../Users/EllightDunois/Documents/Unreal Projects/MagicDangion/Saved/Autosaves/Game/BluePrints/UMG/ButtoleUI_Auto2.uasset
[2016.04.19-09.54.23:270][500]OBJ SavePackage: Generating thumbnails for [0] asset(s) in package [/Game/BluePrints/UMG/MagicIcon_BP] ([1] browsable assets)...
[2016.04.19-09.54.23:270][500]OBJ SavePackage: Finished generating thumbnails for package [/Game/BluePrints/UMG/MagicIcon_BP]
[2016.04.19-09.54.23:309][500]LogSavePackage: Save=30.60ms
[2016.04.19-09.54.23:309][500]LogSavePackage: Moving '../../../../../../Users/EllightDunois/Documents/Unreal Projects/MagicDangion/Saved/MagicIcon_BP_Auto27EAA59A34E166754349A16B7ED804818.tmp' to '../../../../../../Users/EllightDunois/Documents/Unreal Projects/MagicDangion/Saved/Autosaves/Game/BluePrints/UMG/MagicIcon_BP_Auto2.uasset'
[2016.04.19-09.54.23:309][500]LogSavePackage: Total save time: 38.01ms
[2016.04.19-09.54.23:309][500]LogSavePackage:Display: Finished SavePackage ../../../../../../Users/EllightDunois/Documents/Unreal Projects/MagicDangion/Saved/Autosaves/Game/BluePrints/UMG/MagicIcon_BP_Auto2.uasset
[2016.04.19-09.54.23:309][500]LogFileHelpers: Auto-saving content packages took 0.468
[2016.04.19-09.56.11:044][716]BlueprintLog: New page: ButtoleUI をコンパイル
[2016.04.19-09.56.11:063][716]LogActorComponent: UnregisterComponent: (/Engine/Transient.CharMoveComp) Not registered. Aborting.
[2016.04.19-09.56.11:149][716]BlueprintEditorCompileResults: 情報 [2031.16] ButtoleUI のコンパイルに成功しました！  [ 103 ミリ秒]
[2016.04.19-09.56.39:434][266]BlueprintLog: New page: ButtoleUI をコンパイル
[2016.04.19-09.56.39:537][266]BlueprintEditorCompileResults: 情報 [2059.55] ButtoleUI のコンパイルに成功しました！  [ 102 ミリ秒]
[2016.04.19-09.56.45:328][717]LogActorComponent: UnregisterComponent: (/Engine/Transient.CharMoveComp) Not registered. Aborting.
[2016.04.19-09.56.50:227][158]LogActorComponent: UnregisterComponent: (/Engine/Transient.CharacterMovementComponent_58) Not registered. Aborting.
[2016.04.19-09.56.56:514][660]LogActorComponent: UnregisterComponent: (/Engine/Transient.CharacterMovementComponent_59) Not registered. Aborting.
[2016.04.19-09.56.57:475][735]Cmd: OBJ SAVEPACKAGE PACKAGE="/Game/BluePrints/MagicDatas" FILE="../../../../../../Users/EllightDunois/Documents/Unreal Projects/MagicDangion/Content/BluePrints/MagicDatas.uasset" SILENT=true
[2016.04.19-09.56.57:490][735]LogSavePackage: Save=3.39ms
[2016.04.19-09.56.57:490][735]LogSavePackage: Moving '../../../../../../Users/EllightDunois/Documents/Unreal Projects/MagicDangion/Saved/MagicDatas158D7B474112A158BD0020B77CBB043E.tmp' to '../../../../../../Users/EllightDunois/Documents/Unreal Projects/MagicDangion/Content/BluePrints/MagicDatas.uasset'
[2016.04.19-09.56.57:492][735]LogSavePackage: Total save time: 16.02ms
[2016.04.19-09.56.57:492][735]LogSavePackage:Display: Finished SavePackage ../../../../../../Users/EllightDunois/Documents/Unreal Projects/MagicDangion/Content/BluePrints/MagicDatas.uasset
[2016.04.19-09.57.00:998][ 32]BlueprintLog: New page: ButtoleUI をコンパイル
[2016.04.19-09.57.01:015][ 32]LogActorComponent: UnregisterComponent: (/Engine/Transient.CharacterMovementComponent_60) Not registered. Aborting.
[2016.04.19-09.57.01:104][ 32]BlueprintEditorCompileResults: 情報 [2081.11] ButtoleUI のコンパイルに成功しました！  [ 106 ミリ秒]
[2016.04.19-09.57.51:656][539]BlueprintLog: New page: MagicIcon_BP をコンパイル
[2016.04.19-09.57.51:760][539]BlueprintEditorCompileResults: 情報 [2131.77] MagicIcon_BP のコンパイルに成功しました！  [ 103 ミリ秒]
[2016.04.19-09.58.01:677][417]BlueprintLog: New page: MagicIcon_BP をコンパイル
[2016.04.19-09.58.01:693][417]LogActorComponent: UnregisterComponent: (/Engine/Transient.CharMoveComp) Not registered. Aborting.
[2016.04.19-09.58.01:780][417]BlueprintEditorCompileResults: 情報 [2141.79] MagicIcon_BP のコンパイルに成功しました！  [ 103 ミリ秒]
[2016.04.19-09.58.03:451][557]BlueprintLog: New page: ButtoleUI をコンパイル
[2016.04.19-09.58.03:556][557]BlueprintEditorCompileResults: 情報 [2143.57] ButtoleUI のコンパイルに成功しました！  [ 104 ミリ秒]
[2016.04.19-09.58.04:955][672]BlueprintLog: New page: Marisa_BP をコンパイル
[2016.04.19-09.58.05:400][672]BlueprintEditorCompileResults: 情報 [2145.41] Marisa_BP のコンパイルに成功しました！  [ 445 ミリ秒]
[2016.04.19-09.59.28:473][121]BlueprintLog: New page: ButtoleUI をコンパイル
[2016.04.19-09.59.28:495][121]LogActorComponent: UnregisterComponent: (/Engine/Transient.CharMoveComp) Not registered. Aborting.
[2016.04.19-09.59.28:585][121]BlueprintEditorCompileResults: 情報 [2228.60] ButtoleUI のコンパイルに成功しました！  [ 111 ミリ秒]
[2016.04.19-09.59.34:457][652]LogEditorTransaction: Undo 変数を取り除く
[2016.04.19-09.59.36:425][652]LogCrashTracker: 


[2016.04.19-09.59.36:432][652]LogCrashTracker: 


[2016.04.19-09.59.36:432][652]LogWindows:Error: === Critical error: ===
Fatal error!



[2016.04.19-09.59.36:459][652]LogExit: Executing StaticShutdownAfterError
[2016.04.19-09.59.36:495][652]LogPhysics:Warning: PHYSX: ..\..\PhysX\src\NpScene.cpp (2946) 8 : PxScene::unlockWrite() called without matching call to PxScene::lockWrite(), behaviour will be undefined.
[2016.04.19-09.59.36:496][652]LogPhysics:Warning: PHYSX: ..\..\PhysX\src\NpScene.cpp (2946) 8 : PxScene::unlockWrite() called without matching call to PxScene::lockWrite(), behaviour will be undefined.
[2016.04.19-09.59.36:496][652]LogPhysics:Warning: PHYSX: ..\..\PhysX\src\NpScene.cpp (2946) 8 : PxScene::unlockWrite() called without matching call to PxScene::lockWrite(), behaviour will be undefined.
[2016.04.19-09.59.36:497][652]LogPhysics:Warning: PHYSX: ..\..\PhysX\src\NpScene.cpp (2946) 8 : PxScene::unlockWrite() called without matching call to PxScene::lockWrite(), behaviour will be undefined.
[2016.04.19-09.59.36:497][652]LogPhysics:Warning: PHYSX: ..\..\PhysX\src\NpScene.cpp (2946) 8 : PxScene::unlockWrite() called without matching call to PxScene::lockWrite(), behaviour will be undefined.
[2016.04.19-09.59.36:497][652]LogPhysics:Warning: PHYSX: ..\..\PhysX\src\NpScene.cpp (2946) 8 : PxScene::unlockWrite() called without matching call to PxScene::lockWrite(), behaviour will be undefined.
[2016.04.19-09.59.36:497][652]LogPhysics:Warning: PHYSX: ..\..\PhysX\src\NpScene.cpp (2946) 8 : PxScene::unlockWrite() called without matching call to PxScene::lockWrite(), behaviour will be undefined.
[2016.04.19-09.59.36:497][652]LogPhysics:Warning: PHYSX: ..\..\PhysX\src\NpScene.cpp (2946) 8 : PxScene::unlockWrite() called without matching call to PxScene::lockWrite(), behaviour will be undefined.
[2016.04.19-09.59.36:497][652]LogPhysics:Warning: PHYSX: ..\..\PhysX\src\NpScene.cpp (2946) 8 : PxScene::unlockWrite() called without matching call to PxScene::lockWrite(), behaviour will be undefined.
[2016.04.19-09.59.36:497][652]LogPhysics:Warning: PHYSX: ..\..\PhysX\src\NpScene.cpp (2946) 8 : PxScene::unlockWrite() called without matching call to PxScene::lockWrite(), behaviour will be undefined.
[2016.04.19-09.59.36:497][652]LogPhysics:Warning: PHYSX: ..\..\PhysX\src\NpScene.cpp (2946) 8 : PxScene::unlockWrite() called without matching call to PxScene::lockWrite(), behaviour will be undefined.
[2016.04.19-09.59.36:498][652]LogPhysics:Warning: PHYSX: ..\..\PhysX\src\NpScene.cpp (2946) 8 : PxScene::unlockWrite() called without matching call to PxScene::lockWrite(), behaviour will be undefined.
[2016.04.19-09.59.36:498][652]LogPhysics:Warning: PHYSX: ..\..\PhysX\src\NpScene.cpp (2946) 8 : PxScene::unlockWrite() called without matching call to PxScene::lockWrite(), behaviour will be undefined.
[2016.04.19-09.59.36:498][652]LogPhysics:Warning: PHYSX: ..\..\PhysX\src\NpScene.cpp (2946) 8 : PxScene::unlockWrite() called without matching call to PxScene::lockWrite(), behaviour will be undefined.
[2016.04.19-09.59.36:498][652]LogPhysics:Warning: PHYSX: ..\..\PhysX\src\NpScene.cpp (2946) 8 : PxScene::unlockWrite() called without matching call to PxScene::lockWrite(), behaviour will be undefined.
[2016.04.19-09.59.36:498][652]LogPhysics:Warning: PHYSX: ..\..\PhysX\src\NpScene.cpp (2946) 8 : PxScene::unlockWrite() called without matching call to PxScene::lockWrite(), behaviour will be undefined.
[2016.04.19-09.59.36:499][652]LogWindows: FPlatformMisc::RequestExit(1)
[2016.04.19-09.59.36:499][652]Log file closed, 04/19/16 18:59:36
