Log file open, 05/08/16 19:51:40
LogInit:Display: Running engine for game: MagicDangion
LogPlatformFile: Not using cached read wrapper
LogInit:Display: RandInit(-1624144456) SRandInit(-1624144455).
LogTaskGraph: Started task graph with 4 named threads and 7 total threads.
LogStats: Stats thread started at 0.061661
LogInit: Version: 4.11.2-2946394+++UE4+Release-4.11
LogInit: API Version: 2927265
LogInit: Compiled (64-bit): Apr 18 2016 02:18:46
LogInit: Compiled with Visual C++: 19.00.23026.00
LogInit: Build Configuration: Development
LogInit: Branch Name: ++UE4+Release-4.11
LogInit: Command line: 
LogInit: Base directory: C:/Program Files/Epic Games/4.11/Engine/Binaries/Win64/
LogInit: Installed Engine Build: 1
LogInit: Using libcurl 7.41.0
LogInit:  - built for x86_64-pc-win32
LogInit:  - supports SSL with WinSSL
LogInit:  - other features:
LogInit:      CURL_VERSION_SSL
LogInit:      CURL_VERSION_IPV6
LogInit:      CURL_VERSION_ASYNCHDNS
LogInit:      CURL_VERSION_LARGEFILE
LogInit:      CURL_VERSION_IDN
LogInit:  CurlRequestOptions (configurable via config and command line):
LogInit:  - bVerifyPeer = true  - Libcurl will verify peer certificate
LogInit:  - bUseHttpProxy = false  - Libcurl will NOT use HTTP proxy
LogInit:  - bDontReuseConnections = false  - Libcurl will reuse connections
LogInit:  - CertBundlePath = nullptr  - Libcurl will use whatever was configured at build time.
LogInit: Presizing for max 16777216 objects, including 0 objects not considered by GC, pre-allocating 0 bytes for permanent pool.
LogInit: Object subsystem initialized
[2016.05.08-10.51.40:227][  0]LogInit: Selected Device Profile: [Windows]
[2016.05.08-10.51.40:227][  0]LogInit: Applying CVar settings loaded from the selected device profile: [Windows]
[2016.05.08-10.51.40:234][  0]LogInit: Computer: LIGHT
[2016.05.08-10.51.40:234][  0]LogInit: User: EllightDunois
[2016.05.08-10.51.40:234][  0]LogInit: CPU Page size=65536, Cores=4
[2016.05.08-10.51.40:234][  0]LogInit: High frequency timer resolution =3.906254 MHz
[2016.05.08-10.51.40:234][  0]LogMemory: Memory total: Physical=7.9GB (8GB approx)
[2016.05.08-10.51.40:234][  0]LogMemory: Platform Memory Stats for Windows
[2016.05.08-10.51.40:234][  0]LogMemory: Process Physical Memory: 314.38 MB used, 314.38 MB peak
[2016.05.08-10.51.40:234][  0]LogMemory: Process Virtual Memory: 314.88 MB used, 314.88 MB peak
[2016.05.08-10.51.40:234][  0]LogMemory: Physical Memory: 3858.59 MB used, 8133.65 MB total
[2016.05.08-10.51.40:234][  0]LogMemory: Virtual Memory: 652.86 MB used, 134217728.00 MB total
[2016.05.08-10.51.40:255][  0]LogTextLocalizationManager: No specific translations for ('ja-JP') exist, so ('ja') translations will be used.
[2016.05.08-10.51.40:308][  0]LogTextLocalizationManager:Warning: Loaded localization resources contain conflicting entries for (Namespace:K2Node, Key:false):
Localization Resource: (C:/Program Files/Epic Games/4.11/Engine/Content/Localization/EditorTutorials/ja/EditorTutorials.locres) Source String Hash: (816077464) Localized String: (偽)
Localization Resource: (C:/Program Files/Epic Games/4.11/Engine/Content/Localization/Engine/ja/Engine.locres) Source String Hash: (816077464) Localized String: (false)
[2016.05.08-10.51.40:308][  0]LogTextLocalizationManager:Warning: Loaded localization resources contain conflicting entries for (Namespace:K2Node, Key:true):
Localization Resource: (C:/Program Files/Epic Games/4.11/Engine/Content/Localization/EditorTutorials/ja/EditorTutorials.locres) Source String Hash: (-942328987) Localized String: (真)
Localization Resource: (C:/Program Files/Epic Games/4.11/Engine/Content/Localization/Engine/ja/Engine.locres) Source String Hash: (-942328987) Localized String: (true)
[2016.05.08-10.51.40:309][  0]LogTextLocalizationManager:Warning: Loaded localization resources contain conflicting entries for (Namespace:UObjectToolTips, Key:AnimNode_BlendSpacePlayer:bLoop):
Localization Resource: (C:/Program Files/Epic Games/4.11/Engine/Content/Localization/EditorTutorials/ja/EditorTutorials.locres) Source String Hash: (2133979316) Localized String: (再生が最後まで終わった後、ロープ再生するようにしますか？)
Localization Resource: (C:/Program Files/Epic Games/4.11/Engine/Content/Localization/ToolTips/ja/ToolTips.locres) Source String Hash: (2133979316) Localized String: (ループが最後まで到達した時に、アニメーションのループを継続するべきか？)
[2016.05.08-10.51.40:309][  0]LogTextLocalizationManager:Warning: Loaded localization resources contain conflicting entries for (Namespace:UObjectToolTips, Key:AnimNode_BlendSpacePlayer:X):
Localization Resource: (C:/Program Files/Epic Games/4.11/Engine/Content/Localization/EditorTutorials/ja/EditorTutorials.locres) Source String Hash: (2060772590) Localized String: (ブレンドスペースで値を取得するX座標)
Localization Resource: (C:/Program Files/Epic Games/4.11/Engine/Content/Localization/ToolTips/ja/ToolTips.locres) Source String Hash: (2060772590) Localized String: (ブレンドスペースでサンプリングするX座標)
[2016.05.08-10.51.40:309][  0]LogTextLocalizationManager:Warning: Loaded localization resources contain conflicting entries for (Namespace:UObjectToolTips, Key:AnimNode_BlendSpacePlayer:Y):
Localization Resource: (C:/Program Files/Epic Games/4.11/Engine/Content/Localization/EditorTutorials/ja/EditorTutorials.locres) Source String Hash: (-1719607538) Localized String: (ブレンドスペースで値を取得するY座標)
Localization Resource: (C:/Program Files/Epic Games/4.11/Engine/Content/Localization/ToolTips/ja/ToolTips.locres) Source String Hash: (-1719607538) Localized String: (ブレンドスペースでサンプリングするY座標)
[2016.05.08-10.51.40:309][  0]LogTextLocalizationManager:Warning: Loaded localization resources contain conflicting entries for (Namespace:UObjectToolTips, Key:AnimNode_BlendSpacePlayer:Z):
Localization Resource: (C:/Program Files/Epic Games/4.11/Engine/Content/Localization/EditorTutorials/ja/EditorTutorials.locres) Source String Hash: (1728943471) Localized String: (ブレンドスペースで値を取得するZ座標)
Localization Resource: (C:/Program Files/Epic Games/4.11/Engine/Content/Localization/ToolTips/ja/ToolTips.locres) Source String Hash: (1728943471) Localized String: (ブレンドスペースでサンプリングするZ座標)
[2016.05.08-10.51.40:309][  0]LogTextLocalizationManager:Warning: Loaded localization resources contain conflicting entries for (Namespace:UObjectToolTips, Key:AnimNode_BlendSpacePlayer:BlendSpace):
Localization Resource: (C:/Program Files/Epic Games/4.11/Engine/Content/Localization/EditorTutorials/ja/EditorTutorials.locres) Source String Hash: (1599043277) Localized String: (再生するブレンドスペースのアセット)
Localization Resource: (C:/Program Files/Epic Games/4.11/Engine/Content/Localization/ToolTips/ja/ToolTips.locres) Source String Hash: (1599043277) Localized String: (再生するブレンド空間アセット)
[2016.05.08-10.51.40:309][  0]LogTextLocalizationManager:Warning: Loaded localization resources contain conflicting entries for (Namespace:UObjectToolTips, Key:AnimNode_StateMachine:MaxTransitionsPerFrame):
Localization Resource: (C:/Program Files/Epic Games/4.11/Engine/Content/Localization/EditorTutorials/ja/EditorTutorials.locres) Source String Hash: (1567650430) Localized String: (このマシーンで1フレームあたりに同時に処理できるトランジションの最大数)
Localization Resource: (C:/Program Files/Epic Games/4.11/Engine/Content/Localization/ToolTips/ja/ToolTips.locres) Source String Hash: (1567650430) Localized String: (単一フレームでマシーンが「同時」に受け取れる遷移の最大数)
[2016.05.08-10.51.40:309][  0]LogTextLocalizationManager:Warning: Loaded localization resources contain conflicting entries for (Namespace:UObjectToolTips, Key:AnimNode_BlendSpacePlayer:PlayRate):
Localization Resource: (C:/Program Files/Epic Games/4.11/Engine/Content/Localization/EditorTutorials/ja/EditorTutorials.locres) Source String Hash: (-1274923958) Localized String: (再生速度の倍率です。負の数値も使う事ができます。その場合逆再生になります。)
Localization Resource: (C:/Program Files/Epic Games/4.11/Engine/Content/Localization/ToolTips/ja/ToolTips.locres) Source String Hash: (-1274923958) Localized String: (再生レート乗数。アニメーションを逆再生する負の値にすることができます。)
[2016.05.08-10.51.40:426][  0]LogD3D11RHI: D3D11 adapters:
[2016.05.08-10.51.40:435][  0]LogD3D11RHI:    0. 'AMD Radeon R9 200 Series' (Feature Level 11_0)
[2016.05.08-10.51.40:435][  0]LogD3D11RHI:       4074MB of dedicated video memory, 0MB of dedicated system memory, and 4066MB of shared system memory, 1 output[s]
[2016.05.08-10.51.40:436][  0]LogD3D11RHI:    1. 'Microsoft Basic Render Driver' (Feature Level 11_0)
[2016.05.08-10.51.40:436][  0]LogD3D11RHI:       0MB of dedicated video memory, 0MB of dedicated system memory, and 4066MB of shared system memory, 0 output[s]
[2016.05.08-10.51.40:436][  0]LogD3D11RHI: Chosen D3D11 Adapter: 0
[2016.05.08-10.51.40:439][  0]LogD3D11RHI: Creating new Direct3DDevice
[2016.05.08-10.51.40:439][  0]LogD3D11RHI:     Adapter Name: AMD Radeon R9 200 Series
[2016.05.08-10.51.40:439][  0]LogD3D11RHI:   Driver Version: Catalyst 15.8 (internal 16.150.2211.0)
[2016.05.08-10.51.40:439][  0]LogD3D11RHI:      Driver Date: 3-21-2016
[2016.05.08-10.51.40:439][  0]LogRHI: Texture pool is 1361 MB (70% of 1945 MB)
[2016.05.08-10.51.40:443][  0]LogD3D11RHI: Async texture creation disabled: no driver support
[2016.05.08-10.51.40:452][  0]LogShaderCompilers: Guid format shader working directory is -53 characters bigger than the processId version (../../../../../../Users/EllightDunois/Documents/Unreal Projects/MagicDungeon_Project/src/MagicDungeon/Intermediate/Shaders/WorkingDirectory/10248/).
[2016.05.08-10.51.40:452][  0]LogShaderCompilers: Cleaned the shader compiler working directory 'C:/Users/ELLIGH~1/AppData/Local/Temp/UnrealShaderWorkingDir/8DBCD06F47AD79FD8DD73A8E8B18778E/'.
[2016.05.08-10.51.40:452][  0]LogShaderCompilers:Display: Using Local Shader Compiler.
[2016.05.08-10.51.41:105][  0]LogTemp:Display: Loaded TP AllDesktopTargetPlatform
[2016.05.08-10.51.41:108][  0]LogTemp:Display: Loaded TP WindowsClientTargetPlatform
[2016.05.08-10.51.41:111][  0]LogTemp:Display: Loaded TP WindowsNoEditorTargetPlatform
[2016.05.08-10.51.41:114][  0]LogTemp:Display: Loaded TP WindowsServerTargetPlatform
[2016.05.08-10.51.41:117][  0]LogTemp:Display: Loaded TP WindowsTargetPlatform
[2016.05.08-10.51.41:119][  0]LogTemp:Display: Loaded TP AndroidTargetPlatform
[2016.05.08-10.51.41:121][  0]LogTemp:Display: Loaded TP Android_ASTCTargetPlatform
[2016.05.08-10.51.41:123][  0]LogTemp:Display: Loaded TP Android_ATCTargetPlatform
[2016.05.08-10.51.41:125][  0]LogTemp:Display: Loaded TP Android_DXTTargetPlatform
[2016.05.08-10.51.41:127][  0]LogTemp:Display: Loaded TP Android_ETC1TargetPlatform
[2016.05.08-10.51.41:129][  0]LogTemp:Display: Loaded TP Android_ETC2TargetPlatform
[2016.05.08-10.51.41:135][  0]LogTemp:Display: Loaded TP Android_MultiTargetPlatform
[2016.05.08-10.51.41:135][  0]LogTemp:Display: Loaded TP Android_PVRTCTargetPlatform
[2016.05.08-10.51.41:135][  0]LogTemp:Display: Loaded TP HTML5TargetPlatform
[2016.05.08-10.51.41:150][  0]LogTemp:Display: Loaded TP IOSTargetPlatform
[2016.05.08-10.51.41:152][  0]LogTemp:Display: Loaded TP TVOSTargetPlatform
[2016.05.08-10.51.41:153][  0]LogTemp:Display: Loaded TP LinuxNoEditorTargetPlatform
[2016.05.08-10.51.41:155][  0]LogTemp:Display: Loaded TP LinuxServerTargetPlatform
[2016.05.08-10.51.41:157][  0]LogTemp:Display: Loaded TP LinuxTargetPlatform
[2016.05.08-10.51.41:157][  0]LogTargetPlatformManager:Display: Building Assets For Windows
[2016.05.08-10.51.41:198][  0]LogDerivedDataCache:Display: Max Cache Size: 512 MB
[2016.05.08-10.51.41:232][  0]LogDerivedDataCache: Loaded boot cache 0.03s 46MB C:/Users/EllightDunois/AppData/Local/UnrealEngine/4.11/DerivedDataCache/Boot.ddc.
[2016.05.08-10.51.41:232][  0]LogDerivedDataCache:Display: Loaded Boot cache: C:/Users/EllightDunois/AppData/Local/UnrealEngine/4.11/DerivedDataCache/Boot.ddc
[2016.05.08-10.51.41:232][  0]LogDerivedDataCache: FDerivedDataBackendGraph:  Pak pak cache file ../../../../../../Users/EllightDunois/Documents/Unreal Projects/MagicDungeon_Project/src/MagicDungeon/DerivedDataCache/DDC.ddp not found, will not use a pak cache.
[2016.05.08-10.51.41:232][  0]LogDerivedDataCache: Unable to find inner node Pak for hierarchical cache Hierarchy.
[2016.05.08-10.51.41:232][  0]LogDerivedDataCache: FDerivedDataBackendGraph:  CompressedPak pak cache file ../../../../../../Users/EllightDunois/Documents/Unreal Projects/MagicDungeon_Project/src/MagicDungeon/DerivedDataCache/Compressed.ddp not found, will not use a pak cache.
[2016.05.08-10.51.41:232][  0]LogDerivedDataCache: Unable to find inner node CompressedPak for hierarchical cache Hierarchy.
[2016.05.08-10.51.41:242][  0]LogDerivedDataCache:Display: Pak cache opened for reading ../../../Engine/DerivedDataCache/Compressed.ddp.
[2016.05.08-10.51.41:253][  0]LogDerivedDataCache: Using Local data cache path C:/Users/EllightDunois/AppData/Local/UnrealEngine/Common/DerivedDataCache: Writable
[2016.05.08-10.51.41:354][  0]LogInit: Selected Device Profile: [Windows]
[2016.05.08-10.51.41:355][  0]LogContentStreaming: Texture pool size is 0.00 MB
[2016.05.08-10.51.41:376][  0]LogMaterial: Uniform references updated for custom material expression Custom.
[2016.05.08-10.51.41:451][  0]LogMeshUtilities: No automatic mesh reduction module available
[2016.05.08-10.51.41:451][  0]LogMeshUtilities: No automatic mesh merging module available
[2016.05.08-10.51.41:451][  0]LogMeshUtilities: No distributed automatic mesh merging module available
[2016.05.08-10.51.41:614][  0]LogUObjectArray: 27679 objects as part of root set at end of initial load.
[2016.05.08-10.51.41:614][  0]LogUObjectAllocator: 5591600 out of 0 bytes used by permanent object pool.
[2016.05.08-10.51.41:614][  0]LogUObjectArray: CloseDisregardForGC: 0/0 objects in disregard for GC pool
[2016.05.08-10.51.41:618][  0]LogInit: WinSock: version 1.1 (2.2), MaxSocks=32767, MaxUdp=65467
[2016.05.08-10.51.41:675][  0]LogSlate: SlateFontCache - WITH_FREETYPE: 1, WITH_HARFBUZZ: 1
[2016.05.08-10.51.41:675][  0]LogSlate: SlateFontCache - WITH_FREETYPE: 1, WITH_HARFBUZZ: 1
[2016.05.08-10.51.41:735][  0]LogStreaming:Warning: Failed to read file '../../../Engine/Content/Editor/Slate/Common/Selection_16x.png' error.
[2016.05.08-10.51.41:735][  0]LogSlate: Could not find file for Slate resource: ../../../Engine/Content/Editor/Slate/Common/Selection_16x.png
[2016.05.08-10.51.41:735][  0]LogStreaming:Warning: Failed to read file '../../../Engine/Content/Editor/Slate/Common/Selection_16x.png' error.
[2016.05.08-10.51.41:735][  0]LogSlate: Could not find file for Slate resource: ../../../Engine/Content/Editor/Slate/Common/Selection_16x.png
[2016.05.08-10.51.41:735][  0]LogStreaming:Warning: Failed to read file '../../../Engine/Content/Editor/Slate/Common/Selection_16x.png' error.
[2016.05.08-10.51.41:735][  0]LogSlate: Could not find file for Slate resource: ../../../Engine/Content/Editor/Slate/Common/Selection_16x.png
[2016.05.08-10.51.42:073][  0]LogUdpMessaging: Initializing bridge on interface 0.0.0.0:0 to multicast group 230.0.0.1:6666.
[2016.05.08-10.51.42:192][  0]LogAssetRegistry: FAssetRegistry took 0.0215 seconds to start up
[2016.05.08-10.51.42:281][  0]SourceControl: 情報 ソースコントロールは無効です
[2016.05.08-10.51.42:303][  0]SourceControl: 情報 ソースコントロールは無効です
[2016.05.08-10.51.42:308][  0]SourceControl: 情報 ソースコントロールは無効です
[2016.05.08-10.51.42:311][  0]SourceControl: 情報 ソースコントロールは無効です
[2016.05.08-10.51.42:369][  0]LogHMD: Failed to initialize OpenVR with code 110
[2016.05.08-10.51.42:414][  0]LogEngine: Initializing Engine...
[2016.05.08-10.51.42:495][  0]LogAIModule: Creating AISystem for world NewWorld
[2016.05.08-10.51.42:499][  0]LogInit: XAudio2 using 'SPDIF出力 (SB Recon3D PCIe)' : 2 channels at 48 kHz using 32 bits per sample (channel mask 0x3)
[2016.05.08-10.51.42:504][  0]LogInit: FAudioDevice initialized.
[2016.05.08-10.51.42:524][  0]LogDerivedDataCache: Saved boot cache 0.02s 46MB C:/Users/EllightDunois/AppData/Local/UnrealEngine/4.11/DerivedDataCache/Boot.ddc.
[2016.05.08-10.51.42:528][  0]LogInit: Texture streaming: Enabled
[2016.05.08-10.51.42:540][  0]LogInit: Transaction tracking system initialized
[2016.05.08-10.51.42:552][  0]BlueprintLog: New page: エディタの読み込み
[2016.05.08-10.51.42:590][  0]LocalizationService: 情報 ローカライズのサービスが無効になりました
[2016.05.08-10.51.42:635][  0]LogConsoleResponse:Display: 
[2016.05.08-10.51.42:700][  0]LogCook:Display: Max memory allowance for cook 8192mb
[2016.05.08-10.51.42:700][  0]LogCook:Display: Mobile HDR setting 1
[2016.05.08-10.51.42:700][  0]LogCook:Display: Done creating registry. It took  0.00s.
[2016.05.08-10.51.42:727][  0]LogFileCache: Scanning file cache for directory 'C:/Users/EllightDunois/Documents/Unreal Projects/MagicDungeon_Project/src/MagicDungeon/Content/' took 0.01s
[2016.05.08-10.51.42:727][  0]SourceControl: 情報 ソースコントロールは無効です
[2016.05.08-10.51.42:799][  0]LogWindowsTextInputMethodSystem:Display: IME system now activated using TSF (Microsoft IME).
[2016.05.08-10.51.42:800][  0]LogWindowsTextInputMethodSystem:Display: IME system now activated using TSF (Microsoft IME).
[2016.05.08-10.51.55:792][  0]LogWindowsTextInputMethodSystem:Display: IME system now activated using TSF (Microsoft IME).
[2016.05.08-10.51.55:792][  0]LogWindowsTextInputMethodSystem:Display: IME system now activated using TSF (Microsoft IME).
[2016.05.08-10.51.55:794][  0]LogWindowsTextInputMethodSystem:Display: IME system now activated using TSF (Microsoft IME).
[2016.05.08-10.51.55:794][  0]LogWindowsTextInputMethodSystem:Display: IME system now activated using TSF (Microsoft IME).
[2016.05.08-10.51.56:914][  0]LogWindowsTextInputMethodSystem:Display: IME system now activated using TSF (Microsoft IME).
[2016.05.08-10.51.56:914][  0]LogWindowsTextInputMethodSystem:Display: IME system now activated using TSF (Microsoft IME).
[2016.05.08-10.51.56:916][  0]LogWindowsTextInputMethodSystem:Display: IME system now activated using TSF (Microsoft IME).
[2016.05.08-10.51.56:916][  0]LogWindowsTextInputMethodSystem:Display: IME system now activated using TSF (Microsoft IME).
[2016.05.08-10.51.56:930][  0]Cmd: MAP LOAD FILE="../../../../../../Users/EllightDunois/Documents/Unreal Projects/MagicDungeon_Project/src/MagicDungeon/Content/tes.umap" TEMPLATE=0 SHOWPROGRESS=1 FEATURELEVEL=3
[2016.05.08-10.51.56:931][  0]LightingResults: New page: ライティングのビルド
[2016.05.08-10.51.56:933][  0]MapCheck: New page: マップをチェック
[2016.05.08-10.51.56:933][  0]LightingResults: New page: <何も選択されていません>
[2016.05.08-10.51.57:249][  0]LogBlueprint:Warning: USimpleConstructionScript::FixupRootNodeParentReferences() - Couldn't find inherited parent component 'DefaultSceneRoot' for 'Scene' in BlueprintGeneratedClass 'REINST_Attack_BP_C_50' (it may have been removed)
[2016.05.08-10.51.58:776][  0]LogAIModule: Creating AISystem for world tes
[2016.05.08-10.51.58:786][  0]LogEditorServer: Finished looking for orphan Actors (0.000 secs)
[2016.05.08-10.51.58:786][  0]Cmd: MAP CHECKDEP NOCLEARLOG
[2016.05.08-10.51.58:834][  0]MapCheck: 情報 マップチェックが完了: 0 エラー、 0 警告、完了に 47.178ミリ秒かかりました。
[2016.05.08-10.51.58:834][  0]LogFileHelpers: Loading map 'tes' took 1.904
[2016.05.08-10.51.58:882][  0]LogStats:Warning: MetaData mismatch. Did you assign a stat to two groups? New //STATGROUP_Threads//SplashScreenThread///Thread_bd8_0///####STATCAT_Advanced#### old //STATGROUP_Threads//SplashScreenThread///Thread_14a8_0///####STATCAT_Advanced####
[2016.05.08-10.51.58:882][  0]LogCollectionManager: Loaded 0 collections in 0.000960 seconds
[2016.05.08-10.51.58:920][  0]LogFileCache: Scanning file cache for directory 'C:/Users/EllightDunois/Documents/Unreal Projects/MagicDungeon_Project/src/MagicDungeon/Saved/Collections/' took 0.01s
[2016.05.08-10.51.58:920][  0]LogFileCache: Scanning file cache for directory 'C:/Users/EllightDunois/Documents/Unreal Projects/MagicDungeon_Project/src/MagicDungeon/Content/Developers/EllightDunois/Collections/' took 0.01s
[2016.05.08-10.51.58:920][  0]LogFileCache: Scanning file cache for directory 'C:/Users/EllightDunois/Documents/Unreal Projects/MagicDungeon_Project/src/MagicDungeon/Content/Collections/' took 0.01s
[2016.05.08-10.51.58:920][  0]LogCollectionManager: Rebuilt the GUID cache for 0 collections in 0.000002 seconds
[2016.05.08-10.51.58:925][  0]LogContentBrowser: Native class hierarchy populated in 0.0049 seconds. Added 1980 classes and 345 folders.
[2016.05.08-10.51.58:928][  0]LogStats: UGameplayTagsManager::ConstructGameplayTagTree: Construct from data asset -  0.000 s
[2016.05.08-10.51.58:928][  0]LogStats: UGameplayTagsManager::ConstructGameplayTagTree: GameplayTagTreeChangedEvent.Broadcast -  0.000 s
[2016.05.08-10.51.58:928][  0]LogContentBrowser: Native class hierarchy updated for 'GameplayTags' in 0.0003 seconds. Added 12 classes and 0 folders.
[2016.05.08-10.51.58:930][  0]LogContentBrowser: Native class hierarchy updated for 'WidgetCarousel' in 0.0002 seconds. Added 0 classes and 0 folders.
[2016.05.08-10.51.58:934][  0]LogContentBrowser: Native class hierarchy updated for 'SuperSearch' in 0.0002 seconds. Added 1 classes and 2 folders.
[2016.05.08-10.51.58:955][  0]LogContentBrowser: Native class hierarchy updated for 'AddContentDialog' in 0.0002 seconds. Added 0 classes and 0 folders.
[2016.05.08-10.51.59:041][  0]LogCrashTracker: Crashtracker disabled due to settings.
[2016.05.08-10.51.59:044][  0]LogUObjectGlobals:Warning: オブジェクト 'Class なし.' が見つかりませんでした
[2016.05.08-10.51.59:069][  0]LogContentBrowser: Native class hierarchy updated for 'HierarchicalLODOutliner' in 0.0002 seconds. Added 1 classes and 2 folders.
[2016.05.08-10.51.59:069][  0]LogLoad: Full Startup: 19.37 seconds (BP compile: 0.33 seconds)
[2016.05.08-10.51.59:069][  0]LogExternalProfiler: Found external profiler: VSPerf
[2016.05.08-10.51.59:069][  0]LogExternalProfiler: Using external profiler: VSPerf
[2016.05.08-10.51.59:079][  0]LogOcInput: OculusInput pre-init called
[2016.05.08-10.51.59:115][  0]LogContentStreaming: Texture pool size now 1000 MB
[2016.05.08-10.51.59:226][  0]LogRenderer: Reallocating scene render targets to support 2248x884 (Frame:2).
[2016.05.08-10.51.59:459][  1]LogAssetRegistry: Asset discovery search completed in 17.2887 seconds
[2016.05.08-10.51.59:459][  1]LogCollectionManager: Rebuilt the object cache for 0 collections in 0.000001 seconds (found 0 objects)
[2016.05.08-10.51.59:459][  1]LogCollectionManager: Fixed up redirectors for 0 collections in 0.000012 seconds (updated 0 objects)
[2016.05.08-10.52.06:888][579]LogContentBrowser: Native class hierarchy updated for 'BlueprintGraph' in 0.0005 seconds. Added 108 classes and 0 folders.
[2016.05.08-10.52.51:140][850]BlueprintLog: New page: DamageWidget_BP をコンパイル
[2016.05.08-10.52.51:172][850]LogBlueprint:Error: [compiler DamageWidget_BP] エラー このブループリントは TextBlock ではありません。 ' ターゲット ' に接続が必要です。
[2016.05.08-10.52.51:254][850]LogActorComponent: UnregisterComponent: (/Engine/Transient.CharMoveComp) Not registered. Aborting.
[2016.05.08-10.52.51:254][850]LogActorComponent: UnregisterComponent: (/Engine/Transient.CharacterMovementComponent_0) Not registered. Aborting.
[2016.05.08-10.52.51:254][850]LogActorComponent: UnregisterComponent: (/Engine/Transient.CharacterMovementComponent_1) Not registered. Aborting.
[2016.05.08-10.52.51:254][850]LogActorComponent: UnregisterComponent: (/Engine/Transient.CharacterMovementComponent_2) Not registered. Aborting.
[2016.05.08-10.52.51:488][850]LogBlueprint:Warning: [compiler DamageWidget_BP] 警告 [0071.79] DamageWidget_BP のコンパイルに失敗しました。 1 致命的な問題 0 警告 [ 347 ミリ秒]
[2016.05.08-10.52.51:488][850]BlueprintEditorCompileResults:Error: エラー このブループリントは TextBlock ではありません。 ' ターゲット ' に接続が必要です。
[2016.05.08-10.52.51:488][850]BlueprintEditorCompileResults:Warning: 警告 [0071.79] DamageWidget_BP のコンパイルに失敗しました。 1 致命的な問題 0 警告 [ 347 ミリ秒]
[2016.05.08-10.52.57:910][527]BlueprintLog: New page: DamageWidget_BP をコンパイル
[2016.05.08-10.52.57:944][527]LogBlueprint:Error: [compiler DamageWidget_BP] エラー このブループリントは TextBlock ではありません。 ' ターゲット ' に接続が必要です。
[2016.05.08-10.52.57:949][527]LogActorComponent: UnregisterComponent: (/Engine/Transient.CharMoveComp) Not registered. Aborting.
[2016.05.08-10.52.57:949][527]LogActorComponent: UnregisterComponent: (/Engine/Transient.CharacterMovementComponent_3) Not registered. Aborting.
[2016.05.08-10.52.57:949][527]LogActorComponent: UnregisterComponent: (/Engine/Transient.CharacterMovementComponent_4) Not registered. Aborting.
[2016.05.08-10.52.58:074][527]LogBlueprint:Warning: [compiler DamageWidget_BP] 警告 [0078.38] DamageWidget_BP のコンパイルに失敗しました。 1 致命的な問題 0 警告 [ 163 ミリ秒]
[2016.05.08-10.52.58:074][527]BlueprintEditorCompileResults:Error: エラー このブループリントは TextBlock ではありません。 ' ターゲット ' に接続が必要です。
[2016.05.08-10.52.58:074][527]BlueprintEditorCompileResults:Warning: 警告 [0078.38] DamageWidget_BP のコンパイルに失敗しました。 1 致命的な問題 0 警告 [ 163 ミリ秒]
[2016.05.08-10.53.12:921][963]BlueprintLog: New page: DamageWidget_BP をコンパイル
[2016.05.08-10.53.12:954][963]LogBlueprint:Error: [compiler DamageWidget_BP] エラー このブループリントは TextBlock ではありません。 ' ターゲット ' に接続が必要です。
[2016.05.08-10.53.13:147][963]LogBlueprint:Warning: [compiler DamageWidget_BP] 警告 [0093.45] DamageWidget_BP のコンパイルに失敗しました。 1 致命的な問題 0 警告 [ 226 ミリ秒]
[2016.05.08-10.53.13:147][963]BlueprintEditorCompileResults:Error: エラー このブループリントは TextBlock ではありません。 ' ターゲット ' に接続が必要です。
[2016.05.08-10.53.13:147][963]BlueprintEditorCompileResults:Warning: 警告 [0093.45] DamageWidget_BP のコンパイルに失敗しました。 1 致命的な問題 0 警告 [ 226 ミリ秒]
[2016.05.08-10.53.30:001][594]BlueprintLog: New page: DamageWidget_BP をコンパイル
[2016.05.08-10.53.30:035][594]LogBlueprint:Error: [compiler DamageWidget_BP] エラー このブループリントは TextBlock ではありません。 ' ターゲット ' に接続が必要です。
[2016.05.08-10.53.30:039][594]LogActorComponent: UnregisterComponent: (/Engine/Transient.CharMoveComp) Not registered. Aborting.
[2016.05.08-10.53.30:039][594]LogActorComponent: UnregisterComponent: (/Engine/Transient.CharacterMovementComponent_5) Not registered. Aborting.
[2016.05.08-10.53.30:039][594]LogActorComponent: UnregisterComponent: (/Engine/Transient.CharacterMovementComponent_6) Not registered. Aborting.
[2016.05.08-10.53.30:164][594]LogBlueprint:Warning: [compiler DamageWidget_BP] 警告 [0110.47] DamageWidget_BP のコンパイルに失敗しました。 1 致命的な問題 0 警告 [ 163 ミリ秒]
[2016.05.08-10.53.30:164][594]BlueprintEditorCompileResults:Error: エラー このブループリントは TextBlock ではありません。 ' ターゲット ' に接続が必要です。
[2016.05.08-10.53.30:164][594]BlueprintEditorCompileResults:Warning: 警告 [0110.47] DamageWidget_BP のコンパイルに失敗しました。 1 致命的な問題 0 警告 [ 163 ミリ秒]
[2016.05.08-10.53.30:724][622]LogSavePackage: Save=162.58ms
[2016.05.08-10.53.30:724][622]LogSavePackage: Moving '../../../../../../Users/EllightDunois/Documents/Unreal Projects/MagicDungeon_Project/src/MagicDungeon/Saved/DamageWidget_BP7931D2894261BA60192B4FB907EE4F7C.tmp' to '../../../../../../Users/EllightDunois/Documents/Unreal Projects/MagicDungeon_Project/src/MagicDungeon/Content/BluePrints/UMG/DamageWidget_BP.uasset'
[2016.05.08-10.53.30:726][622]LogSavePackage: Total save time: 194.77ms
[2016.05.08-10.53.30:726][622]LogSavePackage:Display: Finished SavePackage ../../../../../../Users/EllightDunois/Documents/Unreal Projects/MagicDungeon_Project/src/MagicDungeon/Content/BluePrints/UMG/DamageWidget_BP.uasset
[2016.05.08-10.53.38:886][403]LogSavePackage: Save=163.42ms
[2016.05.08-10.53.38:886][403]LogSavePackage: Moving '../../../../../../Users/EllightDunois/Documents/Unreal Projects/MagicDungeon_Project/src/MagicDungeon/Saved/DamageWidget_BPADD8665E46D7C10656B923A43AB9019D.tmp' to '../../../../../../Users/EllightDunois/Documents/Unreal Projects/MagicDungeon_Project/src/MagicDungeon/Content/BluePrints/UMG/DamageWidget_BP.uasset'
[2016.05.08-10.53.38:888][403]LogSavePackage: Total save time: 190.09ms
[2016.05.08-10.53.38:888][403]LogSavePackage:Display: Finished SavePackage ../../../../../../Users/EllightDunois/Documents/Unreal Projects/MagicDungeon_Project/src/MagicDungeon/Content/BluePrints/UMG/DamageWidget_BP.uasset
[2016.05.08-10.53.39:326][447]BlueprintLog: New page: DamageWidget_BP をコンパイル
[2016.05.08-10.53.39:442][447]BlueprintEditorCompileResults: 情報 [0119.75] DamageWidget_BP のコンパイルに成功しました！  [ 115 ミリ秒]
[2016.05.08-10.53.58:152][220]BlueprintLog: New page: マクロに折りたたむ
[2016.05.08-10.54.11:852][512]BlueprintLog: New page: Magic_BP をコンパイル
[2016.05.08-10.54.11:892][512]LogBlueprint:Warning: [compiler Magic_BP] 警告  EdGraphPin_6578  の ReturnNode Exec ピンに接続がありません
[2016.05.08-10.54.11:922][512]LogBlueprint:Warning: USimpleConstructionScript::FixupRootNodeParentReferences() - Couldn't find inherited parent component 'DefaultSceneRoot' for 'Scene' in BlueprintGeneratedClass 'REINST_Attack_BP_C_341' (it may have been removed)
[2016.05.08-10.54.12:006][512]LogBlueprint:Warning: USimpleConstructionScript::FixupRootNodeParentReferences() - Couldn't find inherited parent component 'DefaultSceneRoot' for 'Sphere' in BlueprintGeneratedClass 'REINST_Fire_small_BP_C_345' (it may have been removed)
[2016.05.08-10.54.12:035][512]LogBlueprint:Warning: USimpleConstructionScript::FixupRootNodeParentReferences() - Couldn't find inherited parent component 'DefaultSceneRoot' for 'Sphere' in BlueprintGeneratedClass 'REINST_Ice_small_BP_C_347' (it may have been removed)
[2016.05.08-10.54.12:035][512]LogBlueprint:Warning: USimpleConstructionScript::FixupRootNodeParentReferences() - Couldn't find inherited parent component 'DefaultSceneRoot' for 'Particle' in BlueprintGeneratedClass 'REINST_Ice_small_BP_C_347' (it may have been removed)
[2016.05.08-10.54.12:069][512]LogBlueprint:Warning: USimpleConstructionScript::FixupRootNodeParentReferences() - Couldn't find inherited parent component 'DefaultSceneRoot' for 'Sphere' in BlueprintGeneratedClass 'REINST_Tolnade_small_BP_C_349' (it may have been removed)
[2016.05.08-10.54.12:449][512]LogBlueprint:Warning: [compiler Magic_BP] 警告 [0152.75] Magic_BP のコンパイルに成功しましたが、1 個の警告が出ました [ 597 ミリ秒]
[2016.05.08-10.54.12:449][512]BlueprintEditorCompileResults:Warning: 警告  EdGraphPin_6578  の ReturnNode Exec ピンに接続がありません
[2016.05.08-10.54.12:449][512]BlueprintEditorCompileResults: 情報 The execution path doesn't end with a return node.  EdGraphPin_14225 
[2016.05.08-10.54.12:449][512]BlueprintEditorCompileResults: 情報 The execution path doesn't end with a return node.  EdGraphPin_14438 
[2016.05.08-10.54.12:449][512]BlueprintEditorCompileResults: 情報 The execution path doesn't end with a return node.  真 
[2016.05.08-10.54.12:449][512]BlueprintEditorCompileResults:Warning: 警告 [0152.75] Magic_BP のコンパイルに成功しましたが、1 個の警告が出ました [ 597 ミリ秒]
[2016.05.08-10.54.13:137][559]LogSavePackage: Save=134.76ms
[2016.05.08-10.54.13:137][559]LogSavePackage: Moving '../../../../../../Users/EllightDunois/Documents/Unreal Projects/MagicDungeon_Project/src/MagicDungeon/Saved/Magic_BPFE744F7940473D228E5DDCA22DCCF176.tmp' to '../../../../../../Users/EllightDunois/Documents/Unreal Projects/MagicDungeon_Project/src/MagicDungeon/Content/BluePrints/Magics/Magic_BP.uasset'
[2016.05.08-10.54.13:139][559]LogSavePackage: Total save time: 165.20ms
[2016.05.08-10.54.13:139][559]LogSavePackage:Display: Finished SavePackage ../../../../../../Users/EllightDunois/Documents/Unreal Projects/MagicDungeon_Project/src/MagicDungeon/Content/BluePrints/Magics/Magic_BP.uasset
[2016.05.08-10.54.19:718][181]LogWindows:Error: Windows GetLastError: この操作を正しく終了しました。 (0)
[2016.05.08-10.54.19:858][181]LogCrashTracker: 


[2016.05.08-10.54.19:863][181]LogCrashTracker: 


[2016.05.08-10.54.19:863][181]LogWindows:Error: === Critical error: ===
Assertion failed: Result [File:D:\BuildFarm\buildmachine_++UE4+Release-4.11\Engine\Source\Editor\UnrealEd\Private\Kismet2\BlueprintEditorUtils.cpp] [Line: 2275] 





[2016.05.08-10.54.19:888][181]LogExit: Executing StaticShutdownAfterError
[2016.05.08-10.54.19:893][181]LogPhysics:Warning: PHYSX: ..\..\PhysX\src\NpScene.cpp (2946) 8 : PxScene::unlockWrite() called without matching call to PxScene::lockWrite(), behaviour will be undefined.
[2016.05.08-10.54.19:894][181]LogPhysics:Warning: PHYSX: ..\..\PhysX\src\NpScene.cpp (2946) 8 : PxScene::unlockWrite() called without matching call to PxScene::lockWrite(), behaviour will be undefined.
[2016.05.08-10.54.19:894][181]LogPhysics:Warning: PHYSX: ..\..\PhysX\src\NpScene.cpp (2946) 8 : PxScene::unlockWrite() called without matching call to PxScene::lockWrite(), behaviour will be undefined.
[2016.05.08-10.54.19:894][181]LogPhysics:Warning: PHYSX: ..\..\PhysX\src\NpScene.cpp (2946) 8 : PxScene::unlockWrite() called without matching call to PxScene::lockWrite(), behaviour will be undefined.
[2016.05.08-10.54.19:894][181]LogPhysics:Warning: PHYSX: ..\..\PhysX\src\NpScene.cpp (2946) 8 : PxScene::unlockWrite() called without matching call to PxScene::lockWrite(), behaviour will be undefined.
[2016.05.08-10.54.19:894][181]LogPhysics:Warning: PHYSX: ..\..\PhysX\src\NpScene.cpp (2946) 8 : PxScene::unlockWrite() called without matching call to PxScene::lockWrite(), behaviour will be undefined.
[2016.05.08-10.54.19:894][181]LogPhysics:Warning: PHYSX: ..\..\PhysX\src\NpScene.cpp (2946) 8 : PxScene::unlockWrite() called without matching call to PxScene::lockWrite(), behaviour will be undefined.
[2016.05.08-10.54.19:894][181]LogPhysics:Warning: PHYSX: ..\..\PhysX\src\NpScene.cpp (2946) 8 : PxScene::unlockWrite() called without matching call to PxScene::lockWrite(), behaviour will be undefined.
[2016.05.08-10.54.19:894][181]LogPhysics:Warning: PHYSX: ..\..\PhysX\src\NpScene.cpp (2946) 8 : PxScene::unlockWrite() called without matching call to PxScene::lockWrite(), behaviour will be undefined.
[2016.05.08-10.54.19:894][181]LogPhysics:Warning: PHYSX: ..\..\PhysX\src\NpScene.cpp (2946) 8 : PxScene::unlockWrite() called without matching call to PxScene::lockWrite(), behaviour will be undefined.
[2016.05.08-10.54.19:894][181]LogPhysics:Warning: PHYSX: ..\..\PhysX\src\NpScene.cpp (2946) 8 : PxScene::unlockWrite() called without matching call to PxScene::lockWrite(), behaviour will be undefined.
[2016.05.08-10.54.19:894][181]LogPhysics:Warning: PHYSX: ..\..\PhysX\src\NpScene.cpp (2946) 8 : PxScene::unlockWrite() called without matching call to PxScene::lockWrite(), behaviour will be undefined.
[2016.05.08-10.54.19:894][181]LogPhysics:Warning: PHYSX: ..\..\PhysX\src\NpScene.cpp (2946) 8 : PxScene::unlockWrite() called without matching call to PxScene::lockWrite(), behaviour will be undefined.
[2016.05.08-10.54.19:895][181]LogPhysics:Warning: PHYSX: ..\..\PhysX\src\NpScene.cpp (2946) 8 : PxScene::unlockWrite() called without matching call to PxScene::lockWrite(), behaviour will be undefined.
[2016.05.08-10.54.19:895][181]LogWindows: FPlatformMisc::RequestExit(1)
[2016.05.08-10.54.19:895][181]Log file closed, 05/08/16 19:54:19
