Log file open, 05/08/16 16:28:38
LogInit:Display: Running engine for game: MagicDangion
LogPlatformFile: Not using cached read wrapper
LogInit:Display: RandInit(-1964227555) SRandInit(-1964227554).
LogTaskGraph: Started task graph with 4 named threads and 7 total threads.
LogStats: Stats thread started at 0.061823
LogInit: Version: 4.11.2-2946394+++UE4+Release-4.11
LogInit: API Version: 2927265
LogInit: Compiled (64-bit): Apr 18 2016 02:18:46
LogInit: Compiled with Visual C++: 19.00.23026.00
LogInit: Build Configuration: Development
LogInit: Branch Name: ++UE4+Release-4.11
LogInit: Command line:  
LogInit: Base directory: C:/Program Files/Epic Games/4.11/Engine/Binaries/Win64/
LogInit: Installed Engine Build: 1
LogInit: Using libcurl 7.41.0
LogInit:  - built for x86_64-pc-win32
LogInit:  - supports SSL with WinSSL
LogInit:  - other features:
LogInit:      CURL_VERSION_SSL
LogInit:      CURL_VERSION_IPV6
LogInit:      CURL_VERSION_ASYNCHDNS
LogInit:      CURL_VERSION_LARGEFILE
LogInit:      CURL_VERSION_IDN
LogInit:  CurlRequestOptions (configurable via config and command line):
LogInit:  - bVerifyPeer = true  - Libcurl will verify peer certificate
LogInit:  - bUseHttpProxy = false  - Libcurl will NOT use HTTP proxy
LogInit:  - bDontReuseConnections = false  - Libcurl will reuse connections
LogInit:  - CertBundlePath = nullptr  - Libcurl will use whatever was configured at build time.
LogInit: Presizing for max 16777216 objects, including 0 objects not considered by GC, pre-allocating 0 bytes for permanent pool.
LogInit: Object subsystem initialized
[2016.05.08-07.28.38:588][  0]LogInit: Selected Device Profile: [Windows]
[2016.05.08-07.28.38:588][  0]LogInit: Applying CVar settings loaded from the selected device profile: [Windows]
[2016.05.08-07.28.38:595][  0]LogInit: Computer: LIGHT
[2016.05.08-07.28.38:595][  0]LogInit: User: EllightDunois
[2016.05.08-07.28.38:595][  0]LogInit: CPU Page size=65536, Cores=4
[2016.05.08-07.28.38:595][  0]LogInit: High frequency timer resolution =3.906254 MHz
[2016.05.08-07.28.38:595][  0]LogMemory: Memory total: Physical=7.9GB (8GB approx)
[2016.05.08-07.28.38:595][  0]LogMemory: Platform Memory Stats for Windows
[2016.05.08-07.28.38:595][  0]LogMemory: Process Physical Memory: 314.44 MB used, 314.44 MB peak
[2016.05.08-07.28.38:595][  0]LogMemory: Process Virtual Memory: 314.89 MB used, 314.89 MB peak
[2016.05.08-07.28.38:595][  0]LogMemory: Physical Memory: 4398.48 MB used, 8133.65 MB total
[2016.05.08-07.28.38:595][  0]LogMemory: Virtual Memory: 652.86 MB used, 134217728.00 MB total
[2016.05.08-07.28.38:622][  0]LogTextLocalizationManager: No specific translations for ('ja-JP') exist, so ('ja') translations will be used.
[2016.05.08-07.28.38:683][  0]LogTextLocalizationManager:Warning: Loaded localization resources contain conflicting entries for (Namespace:K2Node, Key:false):
Localization Resource: (C:/Program Files/Epic Games/4.11/Engine/Content/Localization/EditorTutorials/ja/EditorTutorials.locres) Source String Hash: (816077464) Localized String: (偽)
Localization Resource: (C:/Program Files/Epic Games/4.11/Engine/Content/Localization/Engine/ja/Engine.locres) Source String Hash: (816077464) Localized String: (false)
[2016.05.08-07.28.38:683][  0]LogTextLocalizationManager:Warning: Loaded localization resources contain conflicting entries for (Namespace:K2Node, Key:true):
Localization Resource: (C:/Program Files/Epic Games/4.11/Engine/Content/Localization/EditorTutorials/ja/EditorTutorials.locres) Source String Hash: (-942328987) Localized String: (真)
Localization Resource: (C:/Program Files/Epic Games/4.11/Engine/Content/Localization/Engine/ja/Engine.locres) Source String Hash: (-942328987) Localized String: (true)
[2016.05.08-07.28.38:683][  0]LogTextLocalizationManager:Warning: Loaded localization resources contain conflicting entries for (Namespace:UObjectToolTips, Key:AnimNode_BlendSpacePlayer:bLoop):
Localization Resource: (C:/Program Files/Epic Games/4.11/Engine/Content/Localization/EditorTutorials/ja/EditorTutorials.locres) Source String Hash: (2133979316) Localized String: (再生が最後まで終わった後、ロープ再生するようにしますか？)
Localization Resource: (C:/Program Files/Epic Games/4.11/Engine/Content/Localization/ToolTips/ja/ToolTips.locres) Source String Hash: (2133979316) Localized String: (ループが最後まで到達した時に、アニメーションのループを継続するべきか？)
[2016.05.08-07.28.38:683][  0]LogTextLocalizationManager:Warning: Loaded localization resources contain conflicting entries for (Namespace:UObjectToolTips, Key:AnimNode_BlendSpacePlayer:X):
Localization Resource: (C:/Program Files/Epic Games/4.11/Engine/Content/Localization/EditorTutorials/ja/EditorTutorials.locres) Source String Hash: (2060772590) Localized String: (ブレンドスペースで値を取得するX座標)
Localization Resource: (C:/Program Files/Epic Games/4.11/Engine/Content/Localization/ToolTips/ja/ToolTips.locres) Source String Hash: (2060772590) Localized String: (ブレンドスペースでサンプリングするX座標)
[2016.05.08-07.28.38:683][  0]LogTextLocalizationManager:Warning: Loaded localization resources contain conflicting entries for (Namespace:UObjectToolTips, Key:AnimNode_BlendSpacePlayer:Y):
Localization Resource: (C:/Program Files/Epic Games/4.11/Engine/Content/Localization/EditorTutorials/ja/EditorTutorials.locres) Source String Hash: (-1719607538) Localized String: (ブレンドスペースで値を取得するY座標)
Localization Resource: (C:/Program Files/Epic Games/4.11/Engine/Content/Localization/ToolTips/ja/ToolTips.locres) Source String Hash: (-1719607538) Localized String: (ブレンドスペースでサンプリングするY座標)
[2016.05.08-07.28.38:683][  0]LogTextLocalizationManager:Warning: Loaded localization resources contain conflicting entries for (Namespace:UObjectToolTips, Key:AnimNode_BlendSpacePlayer:Z):
Localization Resource: (C:/Program Files/Epic Games/4.11/Engine/Content/Localization/EditorTutorials/ja/EditorTutorials.locres) Source String Hash: (1728943471) Localized String: (ブレンドスペースで値を取得するZ座標)
Localization Resource: (C:/Program Files/Epic Games/4.11/Engine/Content/Localization/ToolTips/ja/ToolTips.locres) Source String Hash: (1728943471) Localized String: (ブレンドスペースでサンプリングするZ座標)
[2016.05.08-07.28.38:683][  0]LogTextLocalizationManager:Warning: Loaded localization resources contain conflicting entries for (Namespace:UObjectToolTips, Key:AnimNode_BlendSpacePlayer:BlendSpace):
Localization Resource: (C:/Program Files/Epic Games/4.11/Engine/Content/Localization/EditorTutorials/ja/EditorTutorials.locres) Source String Hash: (1599043277) Localized String: (再生するブレンドスペースのアセット)
Localization Resource: (C:/Program Files/Epic Games/4.11/Engine/Content/Localization/ToolTips/ja/ToolTips.locres) Source String Hash: (1599043277) Localized String: (再生するブレンド空間アセット)
[2016.05.08-07.28.38:683][  0]LogTextLocalizationManager:Warning: Loaded localization resources contain conflicting entries for (Namespace:UObjectToolTips, Key:AnimNode_StateMachine:MaxTransitionsPerFrame):
Localization Resource: (C:/Program Files/Epic Games/4.11/Engine/Content/Localization/EditorTutorials/ja/EditorTutorials.locres) Source String Hash: (1567650430) Localized String: (このマシーンで1フレームあたりに同時に処理できるトランジションの最大数)
Localization Resource: (C:/Program Files/Epic Games/4.11/Engine/Content/Localization/ToolTips/ja/ToolTips.locres) Source String Hash: (1567650430) Localized String: (単一フレームでマシーンが「同時」に受け取れる遷移の最大数)
[2016.05.08-07.28.38:683][  0]LogTextLocalizationManager:Warning: Loaded localization resources contain conflicting entries for (Namespace:UObjectToolTips, Key:AnimNode_BlendSpacePlayer:PlayRate):
Localization Resource: (C:/Program Files/Epic Games/4.11/Engine/Content/Localization/EditorTutorials/ja/EditorTutorials.locres) Source String Hash: (-1274923958) Localized String: (再生速度の倍率です。負の数値も使う事ができます。その場合逆再生になります。)
Localization Resource: (C:/Program Files/Epic Games/4.11/Engine/Content/Localization/ToolTips/ja/ToolTips.locres) Source String Hash: (-1274923958) Localized String: (再生レート乗数。アニメーションを逆再生する負の値にすることができます。)
[2016.05.08-07.28.38:800][  0]LogD3D11RHI: D3D11 adapters:
[2016.05.08-07.28.38:809][  0]LogD3D11RHI:    0. 'AMD Radeon R9 200 Series' (Feature Level 11_0)
[2016.05.08-07.28.38:809][  0]LogD3D11RHI:       4074MB of dedicated video memory, 0MB of dedicated system memory, and 4066MB of shared system memory, 1 output[s]
[2016.05.08-07.28.38:810][  0]LogD3D11RHI:    1. 'Microsoft Basic Render Driver' (Feature Level 11_0)
[2016.05.08-07.28.38:810][  0]LogD3D11RHI:       0MB of dedicated video memory, 0MB of dedicated system memory, and 4066MB of shared system memory, 0 output[s]
[2016.05.08-07.28.38:810][  0]LogD3D11RHI: Chosen D3D11 Adapter: 0
[2016.05.08-07.28.38:814][  0]LogD3D11RHI: Creating new Direct3DDevice
[2016.05.08-07.28.38:814][  0]LogD3D11RHI:     Adapter Name: AMD Radeon R9 200 Series
[2016.05.08-07.28.38:814][  0]LogD3D11RHI:   Driver Version: Catalyst 15.8 (internal 16.150.2211.0)
[2016.05.08-07.28.38:814][  0]LogD3D11RHI:      Driver Date: 3-21-2016
[2016.05.08-07.28.38:814][  0]LogRHI: Texture pool is 1361 MB (70% of 1945 MB)
[2016.05.08-07.28.38:819][  0]LogD3D11RHI: Async texture creation disabled: no driver support
[2016.05.08-07.28.38:829][  0]LogShaderCompilers: Guid format shader working directory is -53 characters bigger than the processId version (../../../../../../Users/EllightDunois/Documents/Unreal Projects/MagicDungeon_Project/src/MagicDungeon/Intermediate/Shaders/WorkingDirectory/10780/).
[2016.05.08-07.28.38:829][  0]LogShaderCompilers: Cleaned the shader compiler working directory 'C:/Users/ELLIGH~1/AppData/Local/Temp/UnrealShaderWorkingDir/9E38B4984663E39E9C80CA87A25CF5F7/'.
[2016.05.08-07.28.38:829][  0]LogShaderCompilers:Display: Using Local Shader Compiler.
[2016.05.08-07.28.39:523][  0]LogTemp:Display: Loaded TP AllDesktopTargetPlatform
[2016.05.08-07.28.39:526][  0]LogTemp:Display: Loaded TP WindowsClientTargetPlatform
[2016.05.08-07.28.39:529][  0]LogTemp:Display: Loaded TP WindowsNoEditorTargetPlatform
[2016.05.08-07.28.39:532][  0]LogTemp:Display: Loaded TP WindowsServerTargetPlatform
[2016.05.08-07.28.39:535][  0]LogTemp:Display: Loaded TP WindowsTargetPlatform
[2016.05.08-07.28.39:537][  0]LogTemp:Display: Loaded TP AndroidTargetPlatform
[2016.05.08-07.28.39:539][  0]LogTemp:Display: Loaded TP Android_ASTCTargetPlatform
[2016.05.08-07.28.39:541][  0]LogTemp:Display: Loaded TP Android_ATCTargetPlatform
[2016.05.08-07.28.39:543][  0]LogTemp:Display: Loaded TP Android_DXTTargetPlatform
[2016.05.08-07.28.39:545][  0]LogTemp:Display: Loaded TP Android_ETC1TargetPlatform
[2016.05.08-07.28.39:547][  0]LogTemp:Display: Loaded TP Android_ETC2TargetPlatform
[2016.05.08-07.28.39:551][  0]LogTemp:Display: Loaded TP Android_MultiTargetPlatform
[2016.05.08-07.28.39:551][  0]LogTemp:Display: Loaded TP Android_PVRTCTargetPlatform
[2016.05.08-07.28.39:552][  0]LogTemp:Display: Loaded TP HTML5TargetPlatform
[2016.05.08-07.28.39:566][  0]LogTemp:Display: Loaded TP IOSTargetPlatform
[2016.05.08-07.28.39:569][  0]LogTemp:Display: Loaded TP TVOSTargetPlatform
[2016.05.08-07.28.39:571][  0]LogTemp:Display: Loaded TP LinuxNoEditorTargetPlatform
[2016.05.08-07.28.39:573][  0]LogTemp:Display: Loaded TP LinuxServerTargetPlatform
[2016.05.08-07.28.39:575][  0]LogTemp:Display: Loaded TP LinuxTargetPlatform
[2016.05.08-07.28.39:575][  0]LogTargetPlatformManager:Display: Building Assets For Windows
[2016.05.08-07.28.39:616][  0]LogDerivedDataCache:Display: Max Cache Size: 512 MB
[2016.05.08-07.28.39:654][  0]LogDerivedDataCache: Loaded boot cache 0.04s 46MB C:/Users/EllightDunois/AppData/Local/UnrealEngine/4.11/DerivedDataCache/Boot.ddc.
[2016.05.08-07.28.39:654][  0]LogDerivedDataCache:Display: Loaded Boot cache: C:/Users/EllightDunois/AppData/Local/UnrealEngine/4.11/DerivedDataCache/Boot.ddc
[2016.05.08-07.28.39:654][  0]LogDerivedDataCache: FDerivedDataBackendGraph:  Pak pak cache file ../../../../../../Users/EllightDunois/Documents/Unreal Projects/MagicDungeon_Project/src/MagicDungeon/DerivedDataCache/DDC.ddp not found, will not use a pak cache.
[2016.05.08-07.28.39:654][  0]LogDerivedDataCache: Unable to find inner node Pak for hierarchical cache Hierarchy.
[2016.05.08-07.28.39:654][  0]LogDerivedDataCache: FDerivedDataBackendGraph:  CompressedPak pak cache file ../../../../../../Users/EllightDunois/Documents/Unreal Projects/MagicDungeon_Project/src/MagicDungeon/DerivedDataCache/Compressed.ddp not found, will not use a pak cache.
[2016.05.08-07.28.39:654][  0]LogDerivedDataCache: Unable to find inner node CompressedPak for hierarchical cache Hierarchy.
[2016.05.08-07.28.39:664][  0]LogDerivedDataCache:Display: Pak cache opened for reading ../../../Engine/DerivedDataCache/Compressed.ddp.
[2016.05.08-07.28.39:675][  0]LogDerivedDataCache: Using Local data cache path C:/Users/EllightDunois/AppData/Local/UnrealEngine/Common/DerivedDataCache: Writable
[2016.05.08-07.28.39:787][  0]LogInit: Selected Device Profile: [Windows]
[2016.05.08-07.28.39:787][  0]LogContentStreaming: Texture pool size is 0.00 MB
[2016.05.08-07.28.39:811][  0]LogMaterial: Uniform references updated for custom material expression Custom.
[2016.05.08-07.28.39:887][  0]LogMeshUtilities: No automatic mesh reduction module available
[2016.05.08-07.28.39:887][  0]LogMeshUtilities: No automatic mesh merging module available
[2016.05.08-07.28.39:887][  0]LogMeshUtilities: No distributed automatic mesh merging module available
[2016.05.08-07.28.40:047][  0]LogUObjectArray: 27679 objects as part of root set at end of initial load.
[2016.05.08-07.28.40:047][  0]LogUObjectAllocator: 5591592 out of 0 bytes used by permanent object pool.
[2016.05.08-07.28.40:047][  0]LogUObjectArray: CloseDisregardForGC: 0/0 objects in disregard for GC pool
[2016.05.08-07.28.40:051][  0]LogInit: WinSock: version 1.1 (2.2), MaxSocks=32767, MaxUdp=65467
[2016.05.08-07.28.40:102][  0]LogSlate: SlateFontCache - WITH_FREETYPE: 1, WITH_HARFBUZZ: 1
[2016.05.08-07.28.40:102][  0]LogSlate: SlateFontCache - WITH_FREETYPE: 1, WITH_HARFBUZZ: 1
[2016.05.08-07.28.40:166][  0]LogStreaming:Warning: Failed to read file '../../../Engine/Content/Editor/Slate/Common/Selection_16x.png' error.
[2016.05.08-07.28.40:166][  0]LogSlate: Could not find file for Slate resource: ../../../Engine/Content/Editor/Slate/Common/Selection_16x.png
[2016.05.08-07.28.40:166][  0]LogStreaming:Warning: Failed to read file '../../../Engine/Content/Editor/Slate/Common/Selection_16x.png' error.
[2016.05.08-07.28.40:166][  0]LogSlate: Could not find file for Slate resource: ../../../Engine/Content/Editor/Slate/Common/Selection_16x.png
[2016.05.08-07.28.40:166][  0]LogStreaming:Warning: Failed to read file '../../../Engine/Content/Editor/Slate/Common/Selection_16x.png' error.
[2016.05.08-07.28.40:166][  0]LogSlate: Could not find file for Slate resource: ../../../Engine/Content/Editor/Slate/Common/Selection_16x.png
[2016.05.08-07.28.40:507][  0]LogUdpMessaging: Initializing bridge on interface 0.0.0.0:0 to multicast group 230.0.0.1:6666.
[2016.05.08-07.28.40:632][  0]LogAssetRegistry: FAssetRegistry took 0.0211 seconds to start up
[2016.05.08-07.28.40:723][  0]SourceControl: 情報 ソースコントロールは無効です
[2016.05.08-07.28.40:746][  0]SourceControl: 情報 ソースコントロールは無効です
[2016.05.08-07.28.40:750][  0]SourceControl: 情報 ソースコントロールは無効です
[2016.05.08-07.28.40:754][  0]SourceControl: 情報 ソースコントロールは無効です
[2016.05.08-07.28.40:811][  0]LogHMD: Failed to initialize OpenVR with code 110
[2016.05.08-07.28.40:856][  0]LogEngine: Initializing Engine...
[2016.05.08-07.28.40:938][  0]LogAIModule: Creating AISystem for world NewWorld
[2016.05.08-07.28.40:942][  0]LogInit: XAudio2 using 'SPDIF出力 (SB Recon3D PCIe)' : 2 channels at 48 kHz using 32 bits per sample (channel mask 0x3)
[2016.05.08-07.28.40:947][  0]LogInit: FAudioDevice initialized.
[2016.05.08-07.28.40:968][  0]LogDerivedDataCache: Saved boot cache 0.02s 46MB C:/Users/EllightDunois/AppData/Local/UnrealEngine/4.11/DerivedDataCache/Boot.ddc.
[2016.05.08-07.28.40:973][  0]LogInit: Texture streaming: Enabled
[2016.05.08-07.28.40:986][  0]LogInit: Transaction tracking system initialized
[2016.05.08-07.28.40:999][  0]BlueprintLog: New page: エディタの読み込み
[2016.05.08-07.28.41:037][  0]LocalizationService: 情報 ローカライズのサービスが無効になりました
[2016.05.08-07.28.41:081][  0]LogConsoleResponse:Display: 
[2016.05.08-07.28.41:144][  0]LogCook:Display: Max memory allowance for cook 8192mb
[2016.05.08-07.28.41:144][  0]LogCook:Display: Mobile HDR setting 1
[2016.05.08-07.28.41:144][  0]LogCook:Display: Done creating registry. It took  0.00s.
[2016.05.08-07.28.41:173][  0]LogFileCache: Scanning file cache for directory 'C:/Users/EllightDunois/Documents/Unreal Projects/MagicDungeon_Project/src/MagicDungeon/Content/' took 0.01s
[2016.05.08-07.28.41:173][  0]SourceControl: 情報 ソースコントロールは無効です
[2016.05.08-07.28.41:173][  0]Cmd: MAP LOAD FILE="../../../../../../Users/EllightDunois/Documents/Unreal Projects/MagicDungeon_Project/src/MagicDungeon/Content/tes.umap" TEMPLATE=0 SHOWPROGRESS=1 FEATURELEVEL=3
[2016.05.08-07.28.41:174][  0]LightingResults: New page: ライティングのビルド
[2016.05.08-07.28.41:180][  0]MapCheck: New page: マップをチェック
[2016.05.08-07.28.41:180][  0]LightingResults: New page: <何も選択されていません>
[2016.05.08-07.28.41:286][  0]LogProperty:Error: UStructProperty::Serialize Loading: Property 'StructProperty /Game/BluePrints/Marisa_BP.Marisa_BP_C:SelectMagic.CallFunc_Array_Get_Item'. Unknown structure.
[2016.05.08-07.28.41:286][  0]LogProperty:Error: UStructProperty::Serialize Loading: Property 'StructProperty /Game/BluePrints/Marisa_BP.Marisa_BP_C:SetHasMagic.CallFunc_Array_Get_Item'. Unknown structure.
[2016.05.08-07.28.41:288][  0]LogProperty:Error: UStructProperty::Serialize Loading: Property 'StructProperty /Game/BluePrints/Marisa_BP.Marisa_BP_C:ExecuteUbergraph_Marisa_BP.K2Node_MakeStruct_MagicDatas'. Unknown structure.
[2016.05.08-07.28.41:288][  0]LogProperty:Error: UStructProperty::Serialize Loading: Property 'StructProperty /Game/BluePrints/Marisa_BP.Marisa_BP_C:stenbyMagic'. Unknown structure.
[2016.05.08-07.28.41:288][  0]LogProperty:Error: UStructProperty::Serialize Loading: Property 'StructProperty /Game/BluePrints/Marisa_BP.Marisa_BP_C:hasMagics.hasMagics'. Unknown structure.
[2016.05.08-07.28.41:294][  0]LogProperty:Error: UStructProperty::Serialize Loading: Property 'StructProperty /Game/BluePrints/Magics/Magic_BP.Magic_BP_C:Hit.overrideData'. Unknown structure.
[2016.05.08-07.28.41:294][  0]LogProperty:Error: UStructProperty::Serialize Loading: Property 'StructProperty /Game/BluePrints/Magics/Magic_BP.Magic_BP_C:Hit.K2Node_Select_Default'. Unknown structure.
[2016.05.08-07.28.41:294][  0]LogProperty:Error: UStructProperty::Serialize Loading: Property 'StructProperty /Game/BluePrints/Magics/Magic_BP.Magic_BP_C:myData'. Unknown structure.
[2016.05.08-07.28.41:341][  0]LogProperty:Error: UStructProperty::Serialize Loading: Property 'StructProperty /Game/BluePrints/ButtleGameMode_BP.ButtleGameMode_BP_C:magicDatas.magicDatas'. Unknown structure.
[2016.05.08-07.28.41:374][  0]LogProperty:Error: UStructProperty::Serialize Loading: Property 'StructProperty /Game/BluePrints/UMG/MagicIcon_BP.MagicIcon_BP_C:GetName.data'. Unknown structure.
[2016.05.08-07.28.41:374][  0]LogProperty:Error: UStructProperty::Serialize Loading: Property 'StructProperty /Game/BluePrints/UMG/MagicIcon_BP.MagicIcon_BP_C:Initialize.magicData'. Unknown structure.
[2016.05.08-07.28.41:374][  0]LogProperty:Error: UStructProperty::Serialize Loading: Property 'StructProperty /Game/BluePrints/UMG/MagicIcon_BP.MagicIcon_BP_C:data'. Unknown structure.
[2016.05.08-07.28.41:374][  0]LogClass:Warning: Property data of MagicIcon_BP_C has a struct type mismatch (tag STRUCT_REINST_MagicDatas_0 != prop FallbackStruct) in package:  ../../../../../../Users/EllightDunois/Documents/Unreal Projects/MagicDungeon_Project/src/MagicDungeon/Content/BluePrints/UMG/MagicIcon_BP.uasset. If that struct got renamed, add an entry to ActiveStructRedirects.
[2016.05.08-07.28.41:384][  0]LogClass:Warning: Property data of MagicIcon_BP_C has a struct type mismatch (tag FallbackStruct != prop MagicDatas) in package:  FObjectReader. If that struct got renamed, add an entry to ActiveStructRedirects.
[2016.05.08-07.28.41:391][  0]LogProperty:Error: UStructProperty::Serialize Loading: Property 'StructProperty /Game/BluePrints/UMG/ButtoleUI.ButtoleUI_C:SelectMagicIcon.data'. Unknown structure.
[2016.05.08-07.28.41:391][  0]LogProperty:Error: UStructProperty::Serialize Loading: Property 'StructProperty /Game/BluePrints/UMG/ButtoleUI.ButtoleUI_C:SetMagicIcon.NewParam'. Unknown structure.
[2016.05.08-07.28.41:438][  0]LogLinker:Error: IntProperty_316 has an inappropriate outermost, it was probably saved with a deprecated outer (file: ../../../../../../Users/EllightDunois/Documents/Unreal Projects/MagicDungeon_Project/src/MagicDungeon/Content/BluePrints/MagicStenby.uasset)
[2016.05.08-07.28.41:459][  0]LogLinker:Error: IntProperty_316 has an inappropriate outermost, it was probably saved with a deprecated outer (file: ../../../../../../Users/EllightDunois/Documents/Unreal Projects/MagicDungeon_Project/src/MagicDungeon/Content/BluePrints/MagicStenby.uasset)
[2016.05.08-07.28.41:460][  0]LogClass:Warning: Property myData of Magic_BP_C has a struct type mismatch (tag STRUCT_REINST_MagicDatas_0 != prop FallbackStruct) in package:  ../../../../../../Users/EllightDunois/Documents/Unreal Projects/MagicDungeon_Project/src/MagicDungeon/Content/BluePrints/Magics/Magic_BP.uasset. If that struct got renamed, add an entry to ActiveStructRedirects.
[2016.05.08-07.28.41:471][  0]LogClass:Warning: Property myData of Magic_BP_C has a struct type mismatch (tag FallbackStruct != prop MagicDatas) in package:  FObjectReader. If that struct got renamed, add an entry to ActiveStructRedirects.
[2016.05.08-07.28.41:475][  0]LogBlueprint:Warning: USimpleConstructionScript::FixupRootNodeParentReferences() - Couldn't find inherited parent component 'DefaultSceneRoot' for 'Scene' in BlueprintGeneratedClass 'REINST_Attack_BP_C_50' (it may have been removed)
[2016.05.08-07.28.41:479][  0]LogClass:Warning: Property myData of Attack_BP_C has a struct type mismatch (tag FallbackStruct != prop MagicDatas) in package:  FObjectReader. If that struct got renamed, add an entry to ActiveStructRedirects.
[2016.05.08-07.28.41:569][  0]LogClass:Warning: Property stenbyMagic of Marisa_BP_C has a struct type mismatch (tag STRUCT_REINST_MagicDatas_0 != prop FallbackStruct) in package:  ../../../../../../Users/EllightDunois/Documents/Unreal Projects/MagicDungeon_Project/src/MagicDungeon/Content/BluePrints/Marisa_BP.uasset. If that struct got renamed, add an entry to ActiveStructRedirects.
[2016.05.08-07.28.41:602][  0]LogClass:Warning: Property stenbyMagic of Marisa_BP_C has a struct type mismatch (tag FallbackStruct != prop MagicDatas) in package:  FObjectReader. If that struct got renamed, add an entry to ActiveStructRedirects.
[2016.05.08-07.28.41:797][  0]LogProperty:Error: UStructProperty::Serialize Loading: Property 'StructProperty /Game/BluePrints/Enemys/Bat/Bat_BP.Bat_BP_C:ExecuteUbergraph_Bat_BP.K2Node_MakeStruct_MagicDatas'. Unknown structure.
[2016.05.08-07.28.41:845][  0]LogProperty:Error: UStructProperty::Serialize Loading: Property 'StructProperty /Game/BluePrints/Enemys/Box/Box_BP.Box_BP_C:ExecuteUbergraph_Box_BP.K2Node_MakeStruct_MagicDatas'. Unknown structure.
[2016.05.08-07.28.41:845][  0]LogProperty:Error: UStructProperty::Serialize Loading: Property 'StructProperty /Game/BluePrints/Enemys/Box/Box_BP.Box_BP_C:ExecuteUbergraph_Box_BP.K2Node_MakeStruct_MagicDatas2'. Unknown structure.
[2016.05.08-07.28.41:923][  0]LogProperty:Error: UStructProperty::Serialize Loading: Property 'StructProperty /Game/BluePrints/Enemys/Slime/Slime_BP.Slime_BP_C:ExecuteUbergraph_Slime_BP.K2Node_MakeStruct_MagicDatas'. Unknown structure.
[2016.05.08-07.28.42:966][  0]LogAIModule: Creating AISystem for world tes
[2016.05.08-07.28.42:975][  0]LogEditorServer: Finished looking for orphan Actors (0.000 secs)
[2016.05.08-07.28.42:976][  0]Cmd: MAP CHECKDEP NOCLEARLOG
[2016.05.08-07.28.43:021][  0]MapCheck: 情報 マップチェックが完了: 0 エラー、 0 警告、完了に 45.269ミリ秒かかりました。
[2016.05.08-07.28.43:021][  0]LogFileHelpers: Loading map 'tes' took 1.848
[2016.05.08-07.28.43:197][  0]LogCollectionManager: Loaded 0 collections in 0.000956 seconds
[2016.05.08-07.28.43:234][  0]LogFileCache: Scanning file cache for directory 'C:/Users/EllightDunois/Documents/Unreal Projects/MagicDungeon_Project/src/MagicDungeon/Saved/Collections/' took 0.01s
[2016.05.08-07.28.43:234][  0]LogFileCache: Scanning file cache for directory 'C:/Users/EllightDunois/Documents/Unreal Projects/MagicDungeon_Project/src/MagicDungeon/Content/Developers/EllightDunois/Collections/' took 0.01s
[2016.05.08-07.28.43:234][  0]LogFileCache: Scanning file cache for directory 'C:/Users/EllightDunois/Documents/Unreal Projects/MagicDungeon_Project/src/MagicDungeon/Content/Collections/' took 0.01s
[2016.05.08-07.28.43:234][  0]LogCollectionManager: Rebuilt the GUID cache for 0 collections in 0.000002 seconds
[2016.05.08-07.28.43:240][  0]LogContentBrowser: Native class hierarchy populated in 0.0051 seconds. Added 1980 classes and 345 folders.
[2016.05.08-07.28.43:242][  0]LogStats: UGameplayTagsManager::ConstructGameplayTagTree: Construct from data asset -  0.000 s
[2016.05.08-07.28.43:242][  0]LogStats: UGameplayTagsManager::ConstructGameplayTagTree: GameplayTagTreeChangedEvent.Broadcast -  0.000 s
[2016.05.08-07.28.43:242][  0]LogContentBrowser: Native class hierarchy updated for 'GameplayTags' in 0.0003 seconds. Added 12 classes and 0 folders.
[2016.05.08-07.28.43:245][  0]LogContentBrowser: Native class hierarchy updated for 'WidgetCarousel' in 0.0002 seconds. Added 0 classes and 0 folders.
[2016.05.08-07.28.43:248][  0]LogContentBrowser: Native class hierarchy updated for 'SuperSearch' in 0.0002 seconds. Added 1 classes and 2 folders.
[2016.05.08-07.28.43:270][  0]LogContentBrowser: Native class hierarchy updated for 'AddContentDialog' in 0.0002 seconds. Added 0 classes and 0 folders.
[2016.05.08-07.28.43:324][  0]LogCrashTracker: Crashtracker disabled due to settings.
[2016.05.08-07.28.43:327][  0]LogUObjectGlobals:Warning: オブジェクト 'Class なし.' が見つかりませんでした
[2016.05.08-07.28.43:351][  0]LogContentBrowser: Native class hierarchy updated for 'HierarchicalLODOutliner' in 0.0003 seconds. Added 1 classes and 2 folders.
[2016.05.08-07.28.43:351][  0]LogLoad: Full Startup: 5.33 seconds (BP compile: 0.32 seconds)
[2016.05.08-07.28.43:351][  0]LogExternalProfiler: Found external profiler: VSPerf
[2016.05.08-07.28.43:351][  0]LogExternalProfiler: Using external profiler: VSPerf
[2016.05.08-07.28.43:397][  0]LogWindowsTextInputMethodSystem:Display: IME system now activated using TSF (Microsoft IME).
[2016.05.08-07.28.43:397][  0]LogWindowsTextInputMethodSystem:Display: IME system now activated using TSF (Microsoft IME).
[2016.05.08-07.28.43:399][  0]LogOcInput: OculusInput pre-init called
[2016.05.08-07.28.43:435][  0]LogContentStreaming: Texture pool size now 1000 MB
[2016.05.08-07.28.43:553][  0]LogRenderer: Reallocating scene render targets to support 2248x884 (Frame:2).
[2016.05.08-07.28.43:788][  1]LogAssetRegistry: Asset discovery search completed in 3.1766 seconds
[2016.05.08-07.28.43:788][  1]LogCollectionManager: Rebuilt the object cache for 0 collections in 0.000001 seconds (found 0 objects)
[2016.05.08-07.28.43:788][  1]LogCollectionManager: Fixed up redirectors for 0 collections in 0.000016 seconds (updated 0 objects)
[2016.05.08-07.28.46:932][310]LogBlueprintUserMessages: Early PlayInEditor Detection: Level '/Game/tes.tes:PersistentLevel' has LevelScriptBlueprint '/Game/tes.tes:PersistentLevel.tes' with GeneratedClass '/Game/tes.tes_C' with ClassGeneratedBy '/Game/tes.tes:PersistentLevel.tes'
[2016.05.08-07.28.46:932][310]LogPlayLevel: PlayLevel: No blueprints needed recompiling
[2016.05.08-07.28.46:933][310]PIE: New page: PIEセッション: tes (2016/05/09 1:28:46)
[2016.05.08-07.28.46:933][310]LogPlayLevel: Creating play world package: /Game/UEDPIE_0_tes
[2016.05.08-07.28.46:941][310]LogPlayLevel: PIE: StaticDuplicateObject took: (0.008601s)
[2016.05.08-07.28.46:942][310]LogAIModule: Creating AISystem for world tes
[2016.05.08-07.28.46:942][310]LogPlayLevel: PIE: World Init took: (0.000465s)
[2016.05.08-07.28.46:942][310]LogPlayLevel: PIE: Created PIE world by copying editor world from /Game/tes.tes to /Game/UEDPIE_0_tes.tes (0.009266s)
[2016.05.08-07.28.46:942][310]LogActorComponent: UnregisterComponent: (/Engine/Transient.CharMoveComp) Not registered. Aborting.
[2016.05.08-07.28.46:942][310]LogActorComponent: UnregisterComponent: (/Engine/Transient.CharacterMovementComponent_0) Not registered. Aborting.
[2016.05.08-07.28.46:942][310]LogActorComponent: UnregisterComponent: (/Engine/Transient.CharacterMovementComponent_1) Not registered. Aborting.
[2016.05.08-07.28.46:942][310]LogActorComponent: UnregisterComponent: (/Engine/Transient.CharacterMovementComponent_2) Not registered. Aborting.
[2016.05.08-07.28.46:997][310]LogInit: XAudio2 using 'SPDIF出力 (SB Recon3D PCIe)' : 2 channels at 48 kHz using 32 bits per sample (channel mask 0x3)
[2016.05.08-07.28.47:000][310]LogInit: FAudioDevice initialized.
[2016.05.08-07.28.47:045][310]LogWorld: Game class is 'ButtleGameMode_BP_C'
[2016.05.08-07.28.47:051][310]LogWorld: Bringing World /Game/UEDPIE_0_tes.tes up for play (max tick rate 0) at 2016.05.08-16.28.47
[2016.05.08-07.28.47:055][310]LogWorld: Bringing up level for play took: 0.009770
[2016.05.08-07.28.47:058][310]LogContentBrowser: Native class hierarchy updated for 'MovieSceneCapture' in 0.0003 seconds. Added 9 classes and 0 folders.
[2016.05.08-07.28.47:060][310]PIE: 情報 /Game/UEDPIE_0_tes 0.237のプレイ イン エディタの開始時間
[2016.05.08-07.28.47:061][310]LogBlueprintUserMessages: Late PlayInEditor Detection: Level '/Game/tes.tes:PersistentLevel' has LevelScriptBlueprint '/Game/tes.tes:PersistentLevel.tes' with GeneratedClass '/Game/tes.tes_C' with ClassGeneratedBy '/Game/tes.tes:PersistentLevel.tes'
[2016.05.08-07.28.47:128][311]LogRenderTargetPool:Warning: r.RenderTargetPoolMin exceeded 409/400 MB (ok in editor, bad on fixed memory platform)
[2016.05.08-07.29.31:497][630]LogBlueprintUserMessages: Early EndPlayMap Detection: Level '/Game/tes.tes:PersistentLevel' has LevelScriptBlueprint '/Game/tes.tes:PersistentLevel.tes' with GeneratedClass '/Game/tes.tes_C' with ClassGeneratedBy '/Game/tes.tes:PersistentLevel.tes'
[2016.05.08-07.29.31:529][630]LogBlueprintUserMessages: Late EndPlayMap Detection: Level '/Game/tes.tes:PersistentLevel' has LevelScriptBlueprint '/Game/tes.tes:PersistentLevel.tes' with GeneratedClass '/Game/tes.tes_C' with ClassGeneratedBy '/Game/tes.tes:PersistentLevel.tes'
[2016.05.08-07.29.32:166][695]LogRenderTargetPool:Warning: r.RenderTargetPoolMin exceeded 411/400 MB (ok in editor, bad on fixed memory platform)
[2016.05.08-07.29.32:214][700]LogRenderTargetPool:Warning: r.RenderTargetPoolMin exceeded 403/400 MB (ok in editor, bad on fixed memory platform)
[2016.05.08-07.29.32:740][756]LogEditorViewport: Clicking on Actor (LMB): Box_BP_C (Box_BP)
[2016.05.08-07.29.35:815][992]LogContentBrowser: Native class hierarchy updated for 'BlueprintGraph' in 0.0005 seconds. Added 108 classes and 0 folders.
[2016.05.08-07.30.38:116][375]BlueprintLog: New page: Trurn_CheckTrace_BT をコンパイル
[2016.05.08-07.30.38:132][375]LogActorComponent: UnregisterComponent: (/Engine/Transient.CharMoveComp) Not registered. Aborting.
[2016.05.08-07.30.38:132][375]LogActorComponent: UnregisterComponent: (/Engine/Transient.CharacterMovementComponent_3) Not registered. Aborting.
[2016.05.08-07.30.38:205][375]BlueprintEditorCompileResults: 情報 [0120.19] Trurn_CheckTrace_BT のコンパイルに成功しました！  [ 89 ミリ秒]
[2016.05.08-07.30.40:181][560]LogBlueprintUserMessages: Early PlayInEditor Detection: Level '/Game/tes.tes:PersistentLevel' has LevelScriptBlueprint '/Game/tes.tes:PersistentLevel.tes' with GeneratedClass '/Game/tes.tes_C' with ClassGeneratedBy '/Game/tes.tes:PersistentLevel.tes'
[2016.05.08-07.30.40:181][560]LogPlayLevel: PlayLevel: No blueprints needed recompiling
[2016.05.08-07.30.40:182][560]PIE: New page: PIEセッション: tes (2016/05/09 1:30:40)
[2016.05.08-07.30.40:182][560]LogPlayLevel: Creating play world package: /Game/UEDPIE_0_tes
[2016.05.08-07.30.40:190][560]LogPlayLevel: PIE: StaticDuplicateObject took: (0.007937s)
[2016.05.08-07.30.40:190][560]LogAIModule: Creating AISystem for world tes
[2016.05.08-07.30.40:190][560]LogPlayLevel: PIE: World Init took: (0.000411s)
[2016.05.08-07.30.40:190][560]LogPlayLevel: PIE: Created PIE world by copying editor world from /Game/tes.tes to /Game/UEDPIE_0_tes.tes (0.008533s)
[2016.05.08-07.30.40:208][560]LogInit: XAudio2 using 'SPDIF出力 (SB Recon3D PCIe)' : 2 channels at 48 kHz using 32 bits per sample (channel mask 0x3)
[2016.05.08-07.30.40:211][560]LogInit: FAudioDevice initialized.
[2016.05.08-07.30.40:239][560]LogWorld: Game class is 'ButtleGameMode_BP_C'
[2016.05.08-07.30.40:245][560]LogWorld: Bringing World /Game/UEDPIE_0_tes.tes up for play (max tick rate 0) at 2016.05.08-16.30.40
[2016.05.08-07.30.40:249][560]LogWorld: Bringing up level for play took: 0.009491
[2016.05.08-07.30.40:252][560]PIE: 情報 /Game/UEDPIE_0_tes -0.571のプレイ イン エディタの開始時間
[2016.05.08-07.30.40:252][560]LogBlueprintUserMessages: Late PlayInEditor Detection: Level '/Game/tes.tes:PersistentLevel' has LevelScriptBlueprint '/Game/tes.tes:PersistentLevel.tes' with GeneratedClass '/Game/tes.tes_C' with ClassGeneratedBy '/Game/tes.tes:PersistentLevel.tes'
[2016.05.08-07.31.06:796][740]LogBlueprintUserMessages: Early EndPlayMap Detection: Level '/Game/tes.tes:PersistentLevel' has LevelScriptBlueprint '/Game/tes.tes:PersistentLevel.tes' with GeneratedClass '/Game/tes.tes_C' with ClassGeneratedBy '/Game/tes.tes:PersistentLevel.tes'
[2016.05.08-07.31.06:896][740]LogBlueprintUserMessages: Late EndPlayMap Detection: Level '/Game/tes.tes:PersistentLevel' has LevelScriptBlueprint '/Game/tes.tes:PersistentLevel.tes' with GeneratedClass '/Game/tes.tes_C' with ClassGeneratedBy '/Game/tes.tes:PersistentLevel.tes'
[2016.05.08-07.31.06:983][741]LogRenderTargetPool:Warning: r.RenderTargetPoolMin exceeded 403/400 MB (ok in editor, bad on fixed memory platform)
[2016.05.08-07.31.08:949][830]LogRenderTargetPool:Warning: r.RenderTargetPoolMin exceeded 403/400 MB (ok in editor, bad on fixed memory platform)
[2016.05.08-07.31.25:244][263]BlueprintLog: New page: Trurn_CheckTrace_BT をコンパイル
[2016.05.08-07.31.25:261][263]LogActorComponent: UnregisterComponent: (/Engine/Transient.CharMoveComp) Not registered. Aborting.
[2016.05.08-07.31.25:327][263]BlueprintEditorCompileResults: 情報 [0167.31] Trurn_CheckTrace_BT のコンパイルに成功しました！  [ 83 ミリ秒]
[2016.05.08-07.31.34:591][ 79]LogSavePackage: Save=3.88ms
[2016.05.08-07.31.34:591][ 79]LogSavePackage: Moving '../../../../../../Users/EllightDunois/Documents/Unreal Projects/MagicDungeon_Project/src/MagicDungeon/Saved/Bat_Behavior40D2E5364F6C7BB2720BEFB6EAA24B74.tmp' to '../../../../../../Users/EllightDunois/Documents/Unreal Projects/MagicDungeon_Project/src/MagicDungeon/Content/BluePrints/Enemys/Bat/Bat_Behavior.uasset'
[2016.05.08-07.31.34:592][ 79]LogSavePackage: Total save time: 31.93ms
[2016.05.08-07.31.34:592][ 79]LogSavePackage:Display: Finished SavePackage ../../../../../../Users/EllightDunois/Documents/Unreal Projects/MagicDungeon_Project/src/MagicDungeon/Content/BluePrints/Enemys/Bat/Bat_Behavior.uasset
[2016.05.08-07.31.46:495][100]LogSavePackage: Save=3.52ms
[2016.05.08-07.31.46:495][100]LogSavePackage: Moving '../../../../../../Users/EllightDunois/Documents/Unreal Projects/MagicDungeon_Project/src/MagicDungeon/Saved/Box_behavior27D0F00D410874E2500E6EB18A9F4779.tmp' to '../../../../../../Users/EllightDunois/Documents/Unreal Projects/MagicDungeon_Project/src/MagicDungeon/Content/BluePrints/Enemys/Box/Box_behavior.uasset'
[2016.05.08-07.31.46:496][100]LogSavePackage: Total save time: 31.04ms
[2016.05.08-07.31.46:496][100]LogSavePackage:Display: Finished SavePackage ../../../../../../Users/EllightDunois/Documents/Unreal Projects/MagicDungeon_Project/src/MagicDungeon/Content/BluePrints/Enemys/Box/Box_behavior.uasset
[2016.05.08-07.32.02:514][611]LogRenderTargetPool:Warning: r.RenderTargetPoolMin exceeded 403/400 MB (ok in editor, bad on fixed memory platform)
[2016.05.08-07.32.02:559][616]LogRenderTargetPool:Warning: r.RenderTargetPoolMin exceeded 403/400 MB (ok in editor, bad on fixed memory platform)
[2016.05.08-07.32.09:842][316]LogRenderTargetPool:Warning: r.RenderTargetPoolMin exceeded 403/400 MB (ok in editor, bad on fixed memory platform)
[2016.05.08-07.32.13:275][659]LogRenderTargetPool:Warning: r.RenderTargetPoolMin exceeded 403/400 MB (ok in editor, bad on fixed memory platform)
[2016.05.08-07.32.13:755][708]LogRenderTargetPool:Warning: r.RenderTargetPoolMin exceeded 403/400 MB (ok in editor, bad on fixed memory platform)
[2016.05.08-07.32.17:469][ 78]LogRenderTargetPool:Warning: r.RenderTargetPoolMin exceeded 403/400 MB (ok in editor, bad on fixed memory platform)
[2016.05.08-07.32.25:702][873]LogRenderTargetPool:Warning: r.RenderTargetPoolMin exceeded 403/400 MB (ok in editor, bad on fixed memory platform)
[2016.05.08-07.32.25:754][878]LogRenderTargetPool:Warning: r.RenderTargetPoolMin exceeded 403/400 MB (ok in editor, bad on fixed memory platform)
[2016.05.08-07.32.49:466][144]LogActorComponent: UnregisterComponent: (/Engine/Transient.CharMoveComp) Not registered. Aborting.
[2016.05.08-07.32.49:466][144]LogActorComponent: UnregisterComponent: (/Engine/Transient.CharacterMovementComponent_4) Not registered. Aborting.
[2016.05.08-07.32.54:216][144]LogSavePackage: Save=60.71ms
[2016.05.08-07.32.54:216][144]LogSavePackage: Moving '../../../../../../Users/EllightDunois/Documents/Unreal Projects/MagicDungeon_Project/src/MagicDungeon/Saved/Trurn_CheckTrace_BT1BF1F8184AA2089BD8A25899411588C1.tmp' to '../../../../../../Users/EllightDunois/Documents/Unreal Projects/MagicDungeon_Project/src/MagicDungeon/Content/BluePrints/Enemys/Bat/Trurn_CheckTrace_BT.uasset'
[2016.05.08-07.32.54:218][144]LogSavePackage: Total save time: 94.46ms
[2016.05.08-07.32.54:218][144]LogSavePackage:Display: Finished SavePackage ../../../../../../Users/EllightDunois/Documents/Unreal Projects/MagicDungeon_Project/src/MagicDungeon/Content/BluePrints/Enemys/Bat/Trurn_CheckTrace_BT.uasset
[2016.05.08-07.32.54:372][144]LogWindowsTextInputMethodSystem:Display: IME system now activated using TSF (Microsoft IME).
[2016.05.08-07.32.54:372][144]LogWindowsTextInputMethodSystem:Display: IME system now activated using TSF (Microsoft IME).
[2016.05.08-07.32.54:459][144]LogWindowsTextInputMethodSystem:Display: IME system now activated using TSF (Microsoft IME).
[2016.05.08-07.32.54:459][144]LogWindowsTextInputMethodSystem:Display: IME system now activated using TSF (Microsoft IME).
[2016.05.08-07.32.54:657][145]Cmd: QUIT_EDITOR
[2016.05.08-07.32.54:701][145]LogWindowsTextInputMethodSystem:Display: IME system now activated using TSF (Microsoft IME).
[2016.05.08-07.32.54:701][145]LogWindowsTextInputMethodSystem:Display: IME system now activated using TSF (Microsoft IME).
[2016.05.08-07.32.54:729][145]LogExit: Preparing to exit.
[2016.05.08-07.32.55:781][145]LogExit: Editor shut down
[2016.05.08-07.32.55:781][145]LogExit: Transaction tracking system shut down
[2016.05.08-07.32.55:900][145]LogObj: Freed 0b from 0 cluster array pools.
[2016.05.08-07.32.55:900][145]LogExit: Object subsystem successfully closed.
[2016.05.08-07.32.55:912][145]LogD3D11RHI: Shutdown
[2016.05.08-07.32.55:912][145]LogD3D11RHI: CleanupD3DDevice
[2016.05.08-07.32.55:914][145]LogD3D11RHI: ~FD3D11DynamicRHI
[2016.05.08-07.32.55:931][145]LogDerivedDataCache: Shutdown
[2016.05.08-07.32.55:931][145]LogModuleManager: Shutting down and abandoning module BlueprintGraph (206)
[2016.05.08-07.32.55:931][145]LogModuleManager: Shutting down and abandoning module MovieSceneCapture (205)
[2016.05.08-07.32.55:931][145]LogModuleManager: Shutting down and abandoning module HierarchicalLODOutliner (204)
[2016.05.08-07.32.55:931][145]LogModuleManager: Shutting down and abandoning module CrashTracker (203)
[2016.05.08-07.32.55:931][145]LogModuleManager: Shutting down and abandoning module SuperSearch (202)
[2016.05.08-07.32.55:931][145]LogModuleManager: Shutting down and abandoning module WidgetCarousel (201)
[2016.05.08-07.32.55:931][145]LogModuleManager: Shutting down and abandoning module AddContentDialog (200)
[2016.05.08-07.32.55:932][145]LogModuleManager: Shutting down and abandoning module GameplayTags (199)
[2016.05.08-07.32.55:932][145]LogModuleManager: Shutting down and abandoning module EditorWidgets (198)
[2016.05.08-07.32.55:932][145]LogModuleManager: Shutting down and abandoning module CollectionManager (197)
[2016.05.08-07.32.55:932][145]LogModuleManager: Shutting down and abandoning module SceneOutliner (196)
[2016.05.08-07.32.55:932][145]LogModuleManager: Shutting down and abandoning module StatsViewer (195)
[2016.05.08-07.32.55:932][145]LogModuleManager: Shutting down and abandoning module FoliageEdit (194)
[2016.05.08-07.32.55:932][145]LogModuleManager: Shutting down and abandoning module LandscapeEditor (193)
[2016.05.08-07.32.55:932][145]LogModuleManager: Shutting down and abandoning module ActorPickerMode (192)
[2016.05.08-07.32.55:932][145]LogModuleManager: Shutting down and abandoning module GeometryMode (191)
[2016.05.08-07.32.55:932][145]LogModuleManager: Shutting down and abandoning module TextureAlignMode (190)
[2016.05.08-07.32.55:932][145]LogModuleManager: Shutting down and abandoning module BspMode (189)
[2016.05.08-07.32.55:932][145]LogModuleManager: Shutting down and abandoning module PlacementMode (188)
[2016.05.08-07.32.55:932][145]LogModuleManager: Shutting down and abandoning module AutomationWorker (187)
[2016.05.08-07.32.55:932][145]LogModuleManager: Shutting down and abandoning module CharacterAI (186)
[2016.05.08-07.32.55:932][145]LogModuleManager: Shutting down and abandoning module SmartSnapping (185)
[2016.05.08-07.32.55:932][145]LogModuleManager: Shutting down and abandoning module ViewportSnapping (184)
[2016.05.08-07.32.55:932][145]LogModuleManager: Shutting down and abandoning module LogVisualizer (183)
[2016.05.08-07.32.55:932][145]LogModuleManager: Shutting down and abandoning module GameProjectGeneration (182)
[2016.05.08-07.32.55:932][145]LogModuleManager: Shutting down and abandoning module IntroTutorials (181)
[2016.05.08-07.32.55:932][145]LogModuleManager: Shutting down and abandoning module EditorLiveStreaming (180)
[2016.05.08-07.32.55:932][145]LogModuleManager: Shutting down and abandoning module IOSPlatformEditor (179)
[2016.05.08-07.32.55:932][145]LogModuleManager: Shutting down and abandoning module HTML5PlatformEditor (178)
[2016.05.08-07.32.55:932][145]LogModuleManager: Shutting down and abandoning module AndroidDeviceDetection (177)
[2016.05.08-07.32.56:150][145]LogModuleManager: Shutting down and abandoning module AndroidPlatformEditor (176)
[2016.05.08-07.32.56:150][145]LogModuleManager: Shutting down and abandoning module IOSRuntimeSettings (175)
[2016.05.08-07.32.56:151][145]LogModuleManager: Shutting down and abandoning module AndroidRuntimeSettings (174)
[2016.05.08-07.32.56:151][145]LogModuleManager: Shutting down and abandoning module MergeActors (173)
[2016.05.08-07.32.56:151][145]LogModuleManager: Shutting down and abandoning module SizeMap (172)
[2016.05.08-07.32.56:151][145]LogModuleManager: Shutting down and abandoning module TreeMap (171)
[2016.05.08-07.32.56:151][145]LogModuleManager: Shutting down and abandoning module ReferenceViewer (170)
[2016.05.08-07.32.56:151][145]LogModuleManager: Shutting down and abandoning module LocalizationService (169)
[2016.05.08-07.32.56:151][145]LogModuleManager: Shutting down and abandoning module LocalizationDashboard (168)
[2016.05.08-07.32.56:151][145]LogModuleManager: Shutting down and abandoning module HardwareTargeting (167)
[2016.05.08-07.32.56:151][145]LogModuleManager: Shutting down and abandoning module DeviceProfileEditor (166)
[2016.05.08-07.32.56:151][145]LogModuleManager: Shutting down and abandoning module UndoHistory (165)
[2016.05.08-07.32.56:151][145]LogModuleManager: Shutting down and abandoning module UserFeedback (164)
[2016.05.08-07.32.56:151][145]LogModuleManager: Shutting down and abandoning module XmlParser (163)
[2016.05.08-07.32.56:151][145]LogModuleManager: Shutting down and abandoning module Blutility (162)
[2016.05.08-07.32.56:151][145]LogModuleManager: Shutting down and abandoning module ProjectTargetPlatformEditor (161)
[2016.05.08-07.32.56:151][145]LogModuleManager: Shutting down and abandoning module ProjectSettingsViewer (160)
[2016.05.08-07.32.56:151][145]LogModuleManager: Shutting down and abandoning module InputBindingEditor (159)
[2016.05.08-07.32.56:152][145]LogModuleManager: Shutting down and abandoning module EditorSettingsViewer (158)
[2016.05.08-07.32.56:152][145]LogModuleManager: Shutting down and abandoning module SettingsEditor (157)
[2016.05.08-07.32.56:152][145]LogModuleManager: Shutting down and abandoning module ProjectLauncher (156)
[2016.05.08-07.32.56:152][145]LogModuleManager: Shutting down and abandoning module SessionFrontend (155)
[2016.05.08-07.32.56:152][145]LogModuleManager: Shutting down and abandoning module ProfilerClient (154)
[2016.05.08-07.32.56:152][145]LogModuleManager: Shutting down and abandoning module TargetDeviceServices (153)
[2016.05.08-07.32.56:152][145]LogModuleManager: Shutting down and abandoning module DeviceManager (152)
[2016.05.08-07.32.56:194][145]LogModuleManager: Shutting down and abandoning module AutomationController (151)
[2016.05.08-07.32.56:194][145]LogModuleManager: Shutting down and abandoning module AutomationWindow (150)
[2016.05.08-07.32.56:194][145]LogModuleManager: Shutting down and abandoning module Layers (149)
[2016.05.08-07.32.56:194][145]LogModuleManager: Shutting down and abandoning module ComponentVisualizers (148)
[2016.05.08-07.32.56:194][145]LogModuleManager: Shutting down and abandoning module DetailCustomizations (147)
[2016.05.08-07.32.56:194][145]LogModuleManager: Shutting down and abandoning module PackagesDialog (146)
[2016.05.08-07.32.56:194][145]LogModuleManager: Shutting down and abandoning module Persona (145)
[2016.05.08-07.32.56:194][145]LogModuleManager: Shutting down and abandoning module Kismet (144)
[2016.05.08-07.32.56:194][145]LogModuleManager: Shutting down and abandoning module GraphEditor (143)
[2016.05.08-07.32.56:195][145]LogModuleManager: Shutting down and abandoning module ClassViewer (142)
[2016.05.08-07.32.56:195][145]LogModuleManager: Shutting down and abandoning module Toolbox (141)
[2016.05.08-07.32.56:195][145]LogModuleManager: Shutting down and abandoning module ModuleUI (140)
[2016.05.08-07.32.56:195][145]LogModuleManager: Shutting down and abandoning module MovieSceneTools (139)
[2016.05.08-07.32.56:195][145]LogModuleManager: Shutting down and abandoning module OutputLog (138)
[2016.05.08-07.32.56:195][145]LogModuleManager: Shutting down and abandoning module GammaUI (137)
[2016.05.08-07.32.56:195][145]LogModuleManager: Shutting down and abandoning module Documentation (136)
[2016.05.08-07.32.56:195][145]LogModuleManager: Shutting down and abandoning module StreamingPauseRendering (135)
[2016.05.08-07.32.56:195][145]LogModuleManager: Shutting down and abandoning module AnalyticsET (134)
[2016.05.08-07.32.56:195][145]LogModuleManager: Shutting down and abandoning module Analytics (133)
[2016.05.08-07.32.56:195][145]LogModuleManager: Shutting down and abandoning module PortalServices (132)
[2016.05.08-07.32.56:195][145]LogModuleManager: Shutting down and abandoning module PortalRpc (131)
[2016.05.08-07.32.56:195][145]LogModuleManager: Shutting down and abandoning module MessagingRpc (130)
[2016.05.08-07.32.56:195][145]LogModuleManager: Shutting down and abandoning module AITestSuite (129)
[2016.05.08-07.32.56:195][145]LogModuleManager: Shutting down and abandoning module GameplayDebugger (128)
[2016.05.08-07.32.56:195][145]LogModuleManager: Shutting down and abandoning module AIModule (127)
[2016.05.08-07.32.56:195][145]LogModuleManager: Shutting down and abandoning module ProfilerService (126)
[2016.05.08-07.32.56:325][145]LogModuleManager: Shutting down and abandoning module TaskGraph (125)
[2016.05.08-07.32.56:325][145]LogModuleManager: Shutting down and abandoning module SlateRemote (124)
[2016.05.08-07.32.56:325][145]LogModuleManager: Shutting down and abandoning module SteamVRController (123)
[2016.05.08-07.32.56:325][145]LogModuleManager: Shutting down and abandoning module SteamVR (122)
[2016.05.08-07.32.56:325][145]LogModuleManager: Shutting down and abandoning module ProceduralMeshComponent (121)
[2016.05.08-07.32.56:325][145]LogModuleManager: Shutting down and abandoning module OculusLibrary (120)
[2016.05.08-07.32.56:325][145]LogModuleManager: Shutting down and abandoning module OculusInput (119)
[2016.05.08-07.32.56:325][145]LogModuleManager: Shutting down and abandoning module CustomMeshComponent (118)
[2016.05.08-07.32.56:325][145]LogModuleManager: Shutting down and abandoning module CableComponent (117)
[2016.05.08-07.32.56:325][145]LogModuleManager: Shutting down and abandoning module ArchVisCharacter (116)
[2016.05.08-07.32.56:325][145]LogModuleManager: Shutting down and abandoning module MediaPlayerEditor (115)
[2016.05.08-07.32.56:325][145]LogModuleManager: Shutting down and abandoning module HTML5Networking (114)
[2016.05.08-07.32.56:325][145]LogModuleManager: Shutting down and abandoning module SpeedTreeImporter (113)
[2016.05.08-07.32.56:325][145]LogModuleManager: Shutting down and abandoning module PluginBrowser (112)
[2016.05.08-07.32.56:325][145]LogModuleManager: Shutting down and abandoning module EpicSurvey (111)
[2016.05.08-07.32.56:325][145]LogModuleManager: Shutting down and abandoning module DesktopPlatform (110)
[2016.05.08-07.32.56:325][145]LogModuleManager: Shutting down and abandoning module VisualStudioSourceCodeAccess (109)
[2016.05.08-07.32.56:325][145]LogModuleManager: Shutting down and abandoning module UObjectPlugin (108)
[2016.05.08-07.32.56:325][145]LogModuleManager: Shutting down and abandoning module SubversionSourceControl (107)
[2016.05.08-07.32.56:325][145]LogModuleManager: Shutting down and abandoning module PerforceSourceControl (106)
[2016.05.08-07.32.56:325][145]LogModuleManager: Shutting down and abandoning module SourceControl (105)
[2016.05.08-07.32.56:325][145]LogModuleManager: Shutting down and abandoning module GitSourceControl (104)
[2016.05.08-07.32.56:325][145]LogModuleManager: Shutting down and abandoning module LightPropagationVolumeEditor (103)
[2016.05.08-07.32.56:326][145]LogModuleManager: Shutting down and abandoning module PaperTiledImporter (102)
[2016.05.08-07.32.56:326][145]LogModuleManager: Shutting down and abandoning module PaperSpriteSheetImporter (101)
[2016.05.08-07.32.56:326][145]LogModuleManager: Shutting down and abandoning module MeshPaint (100)
[2016.05.08-07.32.56:326][145]LogModuleManager: Shutting down and abandoning module HotReload (99)
[2016.05.08-07.32.56:326][145]LogModuleManager: Shutting down and abandoning module MainFrame (98)
[2016.05.08-07.32.56:326][145]LogModuleManager: Shutting down and abandoning module LevelEditor (97)
[2016.05.08-07.32.56:327][145]LogModuleManager: Shutting down and abandoning module DirectoryWatcher (96)
[2016.05.08-07.32.56:327][145]LogModuleManager: Shutting down and abandoning module AssetRegistry (95)
[2016.05.08-07.32.56:560][145]LogModuleManager: Shutting down and abandoning module ContentBrowser (94)
[2016.05.08-07.32.56:561][145]LogModuleManager: Shutting down and abandoning module Paper2DEditor (93)
[2016.05.08-07.32.56:561][145]LogModuleManager: Shutting down and abandoning module UdpMessaging (92)
[2016.05.08-07.32.56:662][145]LogModuleManager: Shutting down and abandoning module LightPropagationVolumeRuntime (91)
[2016.05.08-07.32.56:662][145]LogModuleManager: Shutting down and abandoning module Paper2D (90)
[2016.05.08-07.32.56:662][145]LogModuleManager: Shutting down and abandoning module WindowsMoviePlayer (89)
[2016.05.08-07.32.56:662][145]LogModuleManager: Shutting down and abandoning module Media (88)
[2016.05.08-07.32.56:662][145]LogModuleManager: Shutting down and abandoning module WmfMedia (87)
[2016.05.08-07.32.56:662][145]LogModuleManager: Shutting down and abandoning module MediaAssets (86)
[2016.05.08-07.32.56:662][145]LogModuleManager: Shutting down and abandoning module GameLiveStreaming (85)
[2016.05.08-07.32.56:662][145]LogModuleManager: Shutting down and abandoning module GameplayTagsEditor (84)
[2016.05.08-07.32.56:662][145]LogModuleManager: Shutting down and abandoning module OnlineBlueprintSupport (83)
[2016.05.08-07.32.56:662][145]LogModuleManager: Shutting down and abandoning module GameplayTasksEditor (82)
[2016.05.08-07.32.56:662][145]LogModuleManager: Shutting down and abandoning module PropertyEditor (81)
[2016.05.08-07.32.56:662][145]LogModuleManager: Shutting down and abandoning module BehaviorTreeEditor (80)
[2016.05.08-07.32.56:662][145]LogModuleManager: Shutting down and abandoning module FunctionalTesting (79)
[2016.05.08-07.32.56:662][145]LogModuleManager: Shutting down and abandoning module CollisionAnalyzer (78)
[2016.05.08-07.32.56:662][145]LogModuleManager: Shutting down and abandoning module WorkspaceMenuStructure (77)
[2016.05.08-07.32.56:663][145]LogModuleManager: Shutting down and abandoning module MessageLog (76)
[2016.05.08-07.32.56:663][145]LogModuleManager: Shutting down and abandoning module Sequencer (75)
[2016.05.08-07.32.56:663][145]LogModuleManager: Shutting down and abandoning module AssetTools (74)
[2016.05.08-07.32.56:663][145]LogModuleManager: Shutting down and abandoning module UMGEditor (73)
[2016.05.08-07.32.56:663][145]LogModuleManager: Shutting down and abandoning module UMG (72)
[2016.05.08-07.32.56:663][145]LogModuleManager: Shutting down and abandoning module SlateReflector (71)
[2016.05.08-07.32.56:663][145]LogModuleManager: Shutting down and abandoning module Slate (70)
[2016.05.08-07.32.56:663][145]LogModuleManager: Shutting down and abandoning module EditorStyle (69)
[2016.05.08-07.32.56:670][145]LogModuleManager: Shutting down and abandoning module SessionServices (68)
[2016.05.08-07.32.56:670][145]LogModuleManager: Shutting down and abandoning module SourceCodeAccess (67)
[2016.05.08-07.32.56:670][145]LogModuleManager: Shutting down and abandoning module HeadMountedDisplay (66)
[2016.05.08-07.32.56:670][145]LogModuleManager: Shutting down and abandoning module XAudio2 (65)
[2016.05.08-07.32.56:670][145]LogModuleManager: Shutting down and abandoning module Networking (63)
[2016.05.08-07.32.56:670][145]LogModuleManager: Shutting down and abandoning module Core (62)
[2016.05.08-07.32.56:670][145]LogModuleManager: Shutting down and abandoning module KismetCompiler (61)
[2016.05.08-07.32.56:670][145]LogModuleManager: Shutting down and abandoning module PhysXFormats (60)
[2016.05.08-07.32.56:670][145]LogModuleManager: Shutting down and abandoning module MeshUtilities (59)
[2016.05.08-07.32.56:670][145]LogModuleManager: Shutting down and abandoning module CookingStats (58)
[2016.05.08-07.32.56:670][145]LogModuleManager: Shutting down and abandoning module DerivedDataCache (57)
[2016.05.08-07.32.56:670][145]LogDerivedDataCache: Shutdown
[2016.05.08-07.32.56:670][145]LogModuleManager: Shutting down and abandoning module ShaderFormatOpenGL (56)
[2016.05.08-07.32.56:670][145]LogModuleManager: Shutting down and abandoning module ShaderFormatD3D (55)
[2016.05.08-07.32.56:670][145]LogModuleManager: Shutting down and abandoning module MetalShaderFormat (54)
[2016.05.08-07.32.56:670][145]LogModuleManager: Shutting down and abandoning module TextureFormatUncompressed (53)
[2016.05.08-07.32.56:670][145]LogModuleManager: Shutting down and abandoning module TextureFormatPVR (52)
[2016.05.08-07.32.56:670][145]LogModuleManager: Shutting down and abandoning module TextureFormatIntelISPCTexComp (51)
[2016.05.08-07.32.56:670][145]LogModuleManager: Shutting down and abandoning module TextureFormatDXT (50)
[2016.05.08-07.32.56:670][145]LogModuleManager: Shutting down and abandoning module ImageWrapper (49)
[2016.05.08-07.32.56:671][145]LogModuleManager: Shutting down and abandoning module TextureFormatASTC (48)
[2016.05.08-07.32.56:671][145]LogModuleManager: Shutting down and abandoning module TextureFormatAndroid (47)
[2016.05.08-07.32.56:671][145]LogModuleManager: Shutting down and abandoning module AudioFormatOpus (46)
[2016.05.08-07.32.56:671][145]LogModuleManager: Shutting down and abandoning module AudioFormatOgg (45)
[2016.05.08-07.32.56:671][145]LogModuleManager: Shutting down and abandoning module AudioFormatADPCM (44)
[2016.05.08-07.32.56:671][145]LogModuleManager: Shutting down and abandoning module LinuxTargetPlatform (43)
[2016.05.08-07.32.56:671][145]LogModuleManager: Shutting down and abandoning module LinuxServerTargetPlatform (42)
[2016.05.08-07.32.56:671][145]LogModuleManager: Shutting down and abandoning module LinuxNoEditorTargetPlatform (41)
[2016.05.08-07.32.56:671][145]LogModuleManager: Shutting down and abandoning module TVOSTargetPlatform (40)
[2016.05.08-07.32.56:671][145]LogModuleManager: Shutting down and abandoning module Messaging (39)
[2016.05.08-07.32.56:671][145]LogModuleManager: Shutting down and abandoning module IOSTargetPlatform (38)
[2016.05.08-07.32.56:671][145]LogModuleManager: Shutting down and abandoning module HTML5TargetPlatform (37)
[2016.05.08-07.32.56:671][145]LogModuleManager: Shutting down and abandoning module Android_PVRTCTargetPlatform (36)
[2016.05.08-07.32.56:671][145]LogModuleManager: Shutting down and abandoning module Android_MultiTargetPlatform (35)
[2016.05.08-07.32.56:671][145]LogModuleManager: Shutting down and abandoning module Android_ETC2TargetPlatform (34)
[2016.05.08-07.32.56:671][145]LogModuleManager: Shutting down and abandoning module Android_ETC1TargetPlatform (33)
[2016.05.08-07.32.56:671][145]LogModuleManager: Shutting down and abandoning module Android_DXTTargetPlatform (32)
[2016.05.08-07.32.56:671][145]LogModuleManager: Shutting down and abandoning module Android_ATCTargetPlatform (31)
[2016.05.08-07.32.56:671][145]LogModuleManager: Shutting down and abandoning module Android_ASTCTargetPlatform (30)
[2016.05.08-07.32.56:671][145]LogModuleManager: Shutting down and abandoning module AndroidTargetPlatform (29)
[2016.05.08-07.32.56:671][145]LogModuleManager: Shutting down and abandoning module WindowsTargetPlatform (28)
[2016.05.08-07.32.56:671][145]LogModuleManager: Shutting down and abandoning module WindowsServerTargetPlatform (27)
[2016.05.08-07.32.56:671][145]LogModuleManager: Shutting down and abandoning module WindowsNoEditorTargetPlatform (26)
[2016.05.08-07.32.56:671][145]LogModuleManager: Shutting down and abandoning module WindowsClientTargetPlatform (25)
[2016.05.08-07.32.56:671][145]LogModuleManager: Shutting down and abandoning module AllDesktopTargetPlatform (24)
[2016.05.08-07.32.56:671][145]LogModuleManager: Shutting down and abandoning module TargetPlatform (23)
[2016.05.08-07.32.56:671][145]LogModuleManager: Shutting down and abandoning module InputCore (22)
[2016.05.08-07.32.56:671][145]LogModuleManager: Shutting down and abandoning module Settings (21)
[2016.05.08-07.32.56:671][145]LogModuleManager: Shutting down and abandoning module OnlineSubsystem (19)
[2016.05.08-07.32.56:672][145]LogModuleManager: Shutting down and abandoning module HTTP (18)
[2016.05.08-07.32.58:674][145]LogModuleManager: Shutting down and abandoning module XMPP (17)
[2016.05.08-07.32.58:674][145]LogModuleManager: Shutting down and abandoning module OculusRift (16)
[2016.05.08-07.32.58:674][145]LogModuleManager: Shutting down and abandoning module ExampleDeviceProfileSelector (15)
[2016.05.08-07.32.58:674][145]LogModuleManager: Shutting down and abandoning module TextureCompressor (14)
[2016.05.08-07.32.58:674][145]LogModuleManager: Shutting down and abandoning module ShaderCore (13)
[2016.05.08-07.32.58:674][145]LogModuleManager: Shutting down and abandoning module Landscape (12)
[2016.05.08-07.32.58:674][145]LogModuleManager: Shutting down and abandoning module SlateRHIRenderer (11)
[2016.05.08-07.32.58:677][145]LogModuleManager: Shutting down and abandoning module OpenGLDrv (10)
[2016.05.08-07.32.58:677][145]LogModuleManager: Shutting down and abandoning module D3D11RHI (9)
[2016.05.08-07.32.58:677][145]LogModuleManager: Shutting down and abandoning module AnimGraphRuntime (8)
[2016.05.08-07.32.58:677][145]LogModuleManager: Shutting down and abandoning module Renderer (7)
[2016.05.08-07.32.58:677][145]LogModuleManager: Shutting down and abandoning module Engine (6)
[2016.05.08-07.32.58:677][145]LogModuleManager: Shutting down and abandoning module CoreUObject (5)
[2016.05.08-07.32.58:677][145]LogModuleManager: Shutting down and abandoning module NetworkFile (4)
[2016.05.08-07.32.58:677][145]LogModuleManager: Shutting down and abandoning module StreamingFile (3)
[2016.05.08-07.32.58:677][145]LogModuleManager: Shutting down and abandoning module SandboxFile (2)
[2016.05.08-07.32.58:677][145]LogModuleManager: Shutting down and abandoning module PakFile (1)
[2016.05.08-07.32.58:678][145]LogExit: Exiting.
[2016.05.08-07.32.58:679][145]Log file closed, 05/08/16 16:32:58
