Log file open, 05/08/16 17:00:46
LogInit:Display: Running engine for game: MagicDangion
LogPlatformFile: Not using cached read wrapper
LogInit:Display: RandInit(1270780935) SRandInit(1270780936).
LogTaskGraph: Started task graph with 4 named threads and 7 total threads.
LogStats: Stats thread started at 0.063932
LogInit: Version: 4.11.2-2946394+++UE4+Release-4.11
LogInit: API Version: 2927265
LogInit: Compiled (64-bit): Apr 18 2016 02:18:46
LogInit: Compiled with Visual C++: 19.00.23026.00
LogInit: Build Configuration: Development
LogInit: Branch Name: ++UE4+Release-4.11
LogInit: Command line:  
LogInit: Base directory: C:/Program Files/Epic Games/4.11/Engine/Binaries/Win64/
LogInit: Installed Engine Build: 1
LogInit: Using libcurl 7.41.0
LogInit:  - built for x86_64-pc-win32
LogInit:  - supports SSL with WinSSL
LogInit:  - other features:
LogInit:      CURL_VERSION_SSL
LogInit:      CURL_VERSION_IPV6
LogInit:      CURL_VERSION_ASYNCHDNS
LogInit:      CURL_VERSION_LARGEFILE
LogInit:      CURL_VERSION_IDN
LogInit:  CurlRequestOptions (configurable via config and command line):
LogInit:  - bVerifyPeer = true  - Libcurl will verify peer certificate
LogInit:  - bUseHttpProxy = false  - Libcurl will NOT use HTTP proxy
LogInit:  - bDontReuseConnections = false  - Libcurl will reuse connections
LogInit:  - CertBundlePath = nullptr  - Libcurl will use whatever was configured at build time.
LogInit: Presizing for max 16777216 objects, including 0 objects not considered by GC, pre-allocating 0 bytes for permanent pool.
LogInit: Object subsystem initialized
[2016.05.08-08.00.46:221][  0]LogInit: Selected Device Profile: [Windows]
[2016.05.08-08.00.46:221][  0]LogInit: Applying CVar settings loaded from the selected device profile: [Windows]
[2016.05.08-08.00.46:227][  0]LogInit: Computer: LIGHT
[2016.05.08-08.00.46:227][  0]LogInit: User: EllightDunois
[2016.05.08-08.00.46:227][  0]LogInit: CPU Page size=65536, Cores=4
[2016.05.08-08.00.46:227][  0]LogInit: High frequency timer resolution =3.906254 MHz
[2016.05.08-08.00.46:227][  0]LogMemory: Memory total: Physical=7.9GB (8GB approx)
[2016.05.08-08.00.46:227][  0]LogMemory: Platform Memory Stats for Windows
[2016.05.08-08.00.46:227][  0]LogMemory: Process Physical Memory: 314.41 MB used, 314.41 MB peak
[2016.05.08-08.00.46:227][  0]LogMemory: Process Virtual Memory: 314.87 MB used, 314.87 MB peak
[2016.05.08-08.00.46:227][  0]LogMemory: Physical Memory: 3916.96 MB used, 8133.65 MB total
[2016.05.08-08.00.46:227][  0]LogMemory: Virtual Memory: 652.86 MB used, 134217728.00 MB total
[2016.05.08-08.00.46:250][  0]LogTextLocalizationManager: No specific translations for ('ja-JP') exist, so ('ja') translations will be used.
[2016.05.08-08.00.46:304][  0]LogTextLocalizationManager:Warning: Loaded localization resources contain conflicting entries for (Namespace:K2Node, Key:false):
Localization Resource: (C:/Program Files/Epic Games/4.11/Engine/Content/Localization/EditorTutorials/ja/EditorTutorials.locres) Source String Hash: (816077464) Localized String: (偽)
Localization Resource: (C:/Program Files/Epic Games/4.11/Engine/Content/Localization/Engine/ja/Engine.locres) Source String Hash: (816077464) Localized String: (false)
[2016.05.08-08.00.46:304][  0]LogTextLocalizationManager:Warning: Loaded localization resources contain conflicting entries for (Namespace:K2Node, Key:true):
Localization Resource: (C:/Program Files/Epic Games/4.11/Engine/Content/Localization/EditorTutorials/ja/EditorTutorials.locres) Source String Hash: (-942328987) Localized String: (真)
Localization Resource: (C:/Program Files/Epic Games/4.11/Engine/Content/Localization/Engine/ja/Engine.locres) Source String Hash: (-942328987) Localized String: (true)
[2016.05.08-08.00.46:304][  0]LogTextLocalizationManager:Warning: Loaded localization resources contain conflicting entries for (Namespace:UObjectToolTips, Key:AnimNode_BlendSpacePlayer:bLoop):
Localization Resource: (C:/Program Files/Epic Games/4.11/Engine/Content/Localization/EditorTutorials/ja/EditorTutorials.locres) Source String Hash: (2133979316) Localized String: (再生が最後まで終わった後、ロープ再生するようにしますか？)
Localization Resource: (C:/Program Files/Epic Games/4.11/Engine/Content/Localization/ToolTips/ja/ToolTips.locres) Source String Hash: (2133979316) Localized String: (ループが最後まで到達した時に、アニメーションのループを継続するべきか？)
[2016.05.08-08.00.46:304][  0]LogTextLocalizationManager:Warning: Loaded localization resources contain conflicting entries for (Namespace:UObjectToolTips, Key:AnimNode_BlendSpacePlayer:X):
Localization Resource: (C:/Program Files/Epic Games/4.11/Engine/Content/Localization/EditorTutorials/ja/EditorTutorials.locres) Source String Hash: (2060772590) Localized String: (ブレンドスペースで値を取得するX座標)
Localization Resource: (C:/Program Files/Epic Games/4.11/Engine/Content/Localization/ToolTips/ja/ToolTips.locres) Source String Hash: (2060772590) Localized String: (ブレンドスペースでサンプリングするX座標)
[2016.05.08-08.00.46:304][  0]LogTextLocalizationManager:Warning: Loaded localization resources contain conflicting entries for (Namespace:UObjectToolTips, Key:AnimNode_BlendSpacePlayer:Y):
Localization Resource: (C:/Program Files/Epic Games/4.11/Engine/Content/Localization/EditorTutorials/ja/EditorTutorials.locres) Source String Hash: (-1719607538) Localized String: (ブレンドスペースで値を取得するY座標)
Localization Resource: (C:/Program Files/Epic Games/4.11/Engine/Content/Localization/ToolTips/ja/ToolTips.locres) Source String Hash: (-1719607538) Localized String: (ブレンドスペースでサンプリングするY座標)
[2016.05.08-08.00.46:304][  0]LogTextLocalizationManager:Warning: Loaded localization resources contain conflicting entries for (Namespace:UObjectToolTips, Key:AnimNode_BlendSpacePlayer:Z):
Localization Resource: (C:/Program Files/Epic Games/4.11/Engine/Content/Localization/EditorTutorials/ja/EditorTutorials.locres) Source String Hash: (1728943471) Localized String: (ブレンドスペースで値を取得するZ座標)
Localization Resource: (C:/Program Files/Epic Games/4.11/Engine/Content/Localization/ToolTips/ja/ToolTips.locres) Source String Hash: (1728943471) Localized String: (ブレンドスペースでサンプリングするZ座標)
[2016.05.08-08.00.46:304][  0]LogTextLocalizationManager:Warning: Loaded localization resources contain conflicting entries for (Namespace:UObjectToolTips, Key:AnimNode_BlendSpacePlayer:BlendSpace):
Localization Resource: (C:/Program Files/Epic Games/4.11/Engine/Content/Localization/EditorTutorials/ja/EditorTutorials.locres) Source String Hash: (1599043277) Localized String: (再生するブレンドスペースのアセット)
Localization Resource: (C:/Program Files/Epic Games/4.11/Engine/Content/Localization/ToolTips/ja/ToolTips.locres) Source String Hash: (1599043277) Localized String: (再生するブレンド空間アセット)
[2016.05.08-08.00.46:304][  0]LogTextLocalizationManager:Warning: Loaded localization resources contain conflicting entries for (Namespace:UObjectToolTips, Key:AnimNode_StateMachine:MaxTransitionsPerFrame):
Localization Resource: (C:/Program Files/Epic Games/4.11/Engine/Content/Localization/EditorTutorials/ja/EditorTutorials.locres) Source String Hash: (1567650430) Localized String: (このマシーンで1フレームあたりに同時に処理できるトランジションの最大数)
Localization Resource: (C:/Program Files/Epic Games/4.11/Engine/Content/Localization/ToolTips/ja/ToolTips.locres) Source String Hash: (1567650430) Localized String: (単一フレームでマシーンが「同時」に受け取れる遷移の最大数)
[2016.05.08-08.00.46:304][  0]LogTextLocalizationManager:Warning: Loaded localization resources contain conflicting entries for (Namespace:UObjectToolTips, Key:AnimNode_BlendSpacePlayer:PlayRate):
Localization Resource: (C:/Program Files/Epic Games/4.11/Engine/Content/Localization/EditorTutorials/ja/EditorTutorials.locres) Source String Hash: (-1274923958) Localized String: (再生速度の倍率です。負の数値も使う事ができます。その場合逆再生になります。)
Localization Resource: (C:/Program Files/Epic Games/4.11/Engine/Content/Localization/ToolTips/ja/ToolTips.locres) Source String Hash: (-1274923958) Localized String: (再生レート乗数。アニメーションを逆再生する負の値にすることができます。)
[2016.05.08-08.00.46:416][  0]LogD3D11RHI: D3D11 adapters:
[2016.05.08-08.00.46:424][  0]LogD3D11RHI:    0. 'AMD Radeon R9 200 Series' (Feature Level 11_0)
[2016.05.08-08.00.46:424][  0]LogD3D11RHI:       4074MB of dedicated video memory, 0MB of dedicated system memory, and 4066MB of shared system memory, 1 output[s]
[2016.05.08-08.00.46:425][  0]LogD3D11RHI:    1. 'Microsoft Basic Render Driver' (Feature Level 11_0)
[2016.05.08-08.00.46:425][  0]LogD3D11RHI:       0MB of dedicated video memory, 0MB of dedicated system memory, and 4066MB of shared system memory, 0 output[s]
[2016.05.08-08.00.46:425][  0]LogD3D11RHI: Chosen D3D11 Adapter: 0
[2016.05.08-08.00.46:428][  0]LogD3D11RHI: Creating new Direct3DDevice
[2016.05.08-08.00.46:428][  0]LogD3D11RHI:     Adapter Name: AMD Radeon R9 200 Series
[2016.05.08-08.00.46:428][  0]LogD3D11RHI:   Driver Version: Catalyst 15.8 (internal 16.150.2211.0)
[2016.05.08-08.00.46:428][  0]LogD3D11RHI:      Driver Date: 3-21-2016
[2016.05.08-08.00.46:428][  0]LogRHI: Texture pool is 1361 MB (70% of 1945 MB)
[2016.05.08-08.00.46:432][  0]LogD3D11RHI: Async texture creation disabled: no driver support
[2016.05.08-08.00.46:441][  0]LogShaderCompilers: Guid format shader working directory is -52 characters bigger than the processId version (../../../../../../Users/EllightDunois/Documents/Unreal Projects/MagicDungeon_Project/src/MagicDungeon/Intermediate/Shaders/WorkingDirectory/9576/).
[2016.05.08-08.00.46:441][  0]LogShaderCompilers: Cleaned the shader compiler working directory 'C:/Users/ELLIGH~1/AppData/Local/Temp/UnrealShaderWorkingDir/F7B6AFA144019EDD3B5D6494B667A5F0/'.
[2016.05.08-08.00.46:441][  0]LogShaderCompilers:Display: Using Local Shader Compiler.
[2016.05.08-08.00.47:098][  0]LogTemp:Display: Loaded TP AllDesktopTargetPlatform
[2016.05.08-08.00.47:101][  0]LogTemp:Display: Loaded TP WindowsClientTargetPlatform
[2016.05.08-08.00.47:104][  0]LogTemp:Display: Loaded TP WindowsNoEditorTargetPlatform
[2016.05.08-08.00.47:107][  0]LogTemp:Display: Loaded TP WindowsServerTargetPlatform
[2016.05.08-08.00.47:110][  0]LogTemp:Display: Loaded TP WindowsTargetPlatform
[2016.05.08-08.00.47:112][  0]LogTemp:Display: Loaded TP AndroidTargetPlatform
[2016.05.08-08.00.47:114][  0]LogTemp:Display: Loaded TP Android_ASTCTargetPlatform
[2016.05.08-08.00.47:116][  0]LogTemp:Display: Loaded TP Android_ATCTargetPlatform
[2016.05.08-08.00.47:118][  0]LogTemp:Display: Loaded TP Android_DXTTargetPlatform
[2016.05.08-08.00.47:121][  0]LogTemp:Display: Loaded TP Android_ETC1TargetPlatform
[2016.05.08-08.00.47:123][  0]LogTemp:Display: Loaded TP Android_ETC2TargetPlatform
[2016.05.08-08.00.47:127][  0]LogTemp:Display: Loaded TP Android_MultiTargetPlatform
[2016.05.08-08.00.47:127][  0]LogTemp:Display: Loaded TP Android_PVRTCTargetPlatform
[2016.05.08-08.00.47:127][  0]LogTemp:Display: Loaded TP HTML5TargetPlatform
[2016.05.08-08.00.47:142][  0]LogTemp:Display: Loaded TP IOSTargetPlatform
[2016.05.08-08.00.47:144][  0]LogTemp:Display: Loaded TP TVOSTargetPlatform
[2016.05.08-08.00.47:145][  0]LogTemp:Display: Loaded TP LinuxNoEditorTargetPlatform
[2016.05.08-08.00.47:147][  0]LogTemp:Display: Loaded TP LinuxServerTargetPlatform
[2016.05.08-08.00.47:149][  0]LogTemp:Display: Loaded TP LinuxTargetPlatform
[2016.05.08-08.00.47:149][  0]LogTargetPlatformManager:Display: Building Assets For Windows
[2016.05.08-08.00.47:192][  0]LogDerivedDataCache:Display: Max Cache Size: 512 MB
[2016.05.08-08.00.47:228][  0]LogDerivedDataCache: Loaded boot cache 0.04s 46MB C:/Users/EllightDunois/AppData/Local/UnrealEngine/4.11/DerivedDataCache/Boot.ddc.
[2016.05.08-08.00.47:228][  0]LogDerivedDataCache:Display: Loaded Boot cache: C:/Users/EllightDunois/AppData/Local/UnrealEngine/4.11/DerivedDataCache/Boot.ddc
[2016.05.08-08.00.47:228][  0]LogDerivedDataCache: FDerivedDataBackendGraph:  Pak pak cache file ../../../../../../Users/EllightDunois/Documents/Unreal Projects/MagicDungeon_Project/src/MagicDungeon/DerivedDataCache/DDC.ddp not found, will not use a pak cache.
[2016.05.08-08.00.47:228][  0]LogDerivedDataCache: Unable to find inner node Pak for hierarchical cache Hierarchy.
[2016.05.08-08.00.47:228][  0]LogDerivedDataCache: FDerivedDataBackendGraph:  CompressedPak pak cache file ../../../../../../Users/EllightDunois/Documents/Unreal Projects/MagicDungeon_Project/src/MagicDungeon/DerivedDataCache/Compressed.ddp not found, will not use a pak cache.
[2016.05.08-08.00.47:228][  0]LogDerivedDataCache: Unable to find inner node CompressedPak for hierarchical cache Hierarchy.
[2016.05.08-08.00.47:237][  0]LogDerivedDataCache:Display: Pak cache opened for reading ../../../Engine/DerivedDataCache/Compressed.ddp.
[2016.05.08-08.00.47:249][  0]LogDerivedDataCache: Using Local data cache path C:/Users/EllightDunois/AppData/Local/UnrealEngine/Common/DerivedDataCache: Writable
[2016.05.08-08.00.47:358][  0]LogInit: Selected Device Profile: [Windows]
[2016.05.08-08.00.47:359][  0]LogContentStreaming: Texture pool size is 0.00 MB
[2016.05.08-08.00.47:380][  0]LogMaterial: Uniform references updated for custom material expression Custom.
[2016.05.08-08.00.47:457][  0]LogMeshUtilities: No automatic mesh reduction module available
[2016.05.08-08.00.47:457][  0]LogMeshUtilities: No automatic mesh merging module available
[2016.05.08-08.00.47:457][  0]LogMeshUtilities: No distributed automatic mesh merging module available
[2016.05.08-08.00.47:644][  0]LogUObjectArray: 27679 objects as part of root set at end of initial load.
[2016.05.08-08.00.47:644][  0]LogUObjectAllocator: 5591592 out of 0 bytes used by permanent object pool.
[2016.05.08-08.00.47:644][  0]LogUObjectArray: CloseDisregardForGC: 0/0 objects in disregard for GC pool
[2016.05.08-08.00.47:648][  0]LogInit: WinSock: version 1.1 (2.2), MaxSocks=32767, MaxUdp=65467
[2016.05.08-08.00.47:702][  0]LogSlate: SlateFontCache - WITH_FREETYPE: 1, WITH_HARFBUZZ: 1
[2016.05.08-08.00.47:702][  0]LogSlate: SlateFontCache - WITH_FREETYPE: 1, WITH_HARFBUZZ: 1
[2016.05.08-08.00.47:763][  0]LogStreaming:Warning: Failed to read file '../../../Engine/Content/Editor/Slate/Common/Selection_16x.png' error.
[2016.05.08-08.00.47:763][  0]LogSlate: Could not find file for Slate resource: ../../../Engine/Content/Editor/Slate/Common/Selection_16x.png
[2016.05.08-08.00.47:763][  0]LogStreaming:Warning: Failed to read file '../../../Engine/Content/Editor/Slate/Common/Selection_16x.png' error.
[2016.05.08-08.00.47:763][  0]LogSlate: Could not find file for Slate resource: ../../../Engine/Content/Editor/Slate/Common/Selection_16x.png
[2016.05.08-08.00.47:763][  0]LogStreaming:Warning: Failed to read file '../../../Engine/Content/Editor/Slate/Common/Selection_16x.png' error.
[2016.05.08-08.00.47:763][  0]LogSlate: Could not find file for Slate resource: ../../../Engine/Content/Editor/Slate/Common/Selection_16x.png
[2016.05.08-08.00.48:110][  0]LogUdpMessaging: Initializing bridge on interface 0.0.0.0:0 to multicast group 230.0.0.1:6666.
[2016.05.08-08.00.48:205][  0]LogAssetRegistry: FAssetRegistry took 0.0213 seconds to start up
[2016.05.08-08.00.48:303][  0]SourceControl: 情報 ソースコントロールは無効です
[2016.05.08-08.00.48:324][  0]SourceControl: 情報 ソースコントロールは無効です
[2016.05.08-08.00.48:328][  0]SourceControl: 情報 ソースコントロールは無効です
[2016.05.08-08.00.48:333][  0]SourceControl: 情報 ソースコントロールは無効です
[2016.05.08-08.00.48:393][  0]LogHMD: Failed to initialize OpenVR with code 110
[2016.05.08-08.00.48:438][  0]LogEngine: Initializing Engine...
[2016.05.08-08.00.48:520][  0]LogAIModule: Creating AISystem for world NewWorld
[2016.05.08-08.00.48:525][  0]LogInit: XAudio2 using 'SPDIF出力 (SB Recon3D PCIe)' : 2 channels at 48 kHz using 32 bits per sample (channel mask 0x3)
[2016.05.08-08.00.48:529][  0]LogInit: FAudioDevice initialized.
[2016.05.08-08.00.48:549][  0]LogDerivedDataCache: Saved boot cache 0.02s 46MB C:/Users/EllightDunois/AppData/Local/UnrealEngine/4.11/DerivedDataCache/Boot.ddc.
[2016.05.08-08.00.48:553][  0]LogInit: Texture streaming: Enabled
[2016.05.08-08.00.48:567][  0]LogInit: Transaction tracking system initialized
[2016.05.08-08.00.48:580][  0]BlueprintLog: New page: エディタの読み込み
[2016.05.08-08.00.48:618][  0]LocalizationService: 情報 ローカライズのサービスが無効になりました
[2016.05.08-08.00.48:664][  0]LogConsoleResponse:Display: 
[2016.05.08-08.00.48:733][  0]LogCook:Display: Max memory allowance for cook 8192mb
[2016.05.08-08.00.48:733][  0]LogCook:Display: Mobile HDR setting 1
[2016.05.08-08.00.48:733][  0]LogCook:Display: Done creating registry. It took  0.00s.
[2016.05.08-08.00.48:762][  0]LogFileCache: Scanning file cache for directory 'C:/Users/EllightDunois/Documents/Unreal Projects/MagicDungeon_Project/src/MagicDungeon/Content/' took 0.01s
[2016.05.08-08.00.48:762][  0]SourceControl: 情報 ソースコントロールは無効です
[2016.05.08-08.00.48:762][  0]Cmd: MAP LOAD FILE="../../../../../../Users/EllightDunois/Documents/Unreal Projects/MagicDungeon_Project/src/MagicDungeon/Content/tes.umap" TEMPLATE=0 SHOWPROGRESS=1 FEATURELEVEL=3
[2016.05.08-08.00.48:762][  0]LightingResults: New page: ライティングのビルド
[2016.05.08-08.00.48:764][  0]MapCheck: New page: マップをチェック
[2016.05.08-08.00.48:764][  0]LightingResults: New page: <何も選択されていません>
[2016.05.08-08.00.49:068][  0]LogBlueprint:Warning: USimpleConstructionScript::FixupRootNodeParentReferences() - Couldn't find inherited parent component 'DefaultSceneRoot' for 'Scene' in BlueprintGeneratedClass 'REINST_Attack_BP_C_50' (it may have been removed)
[2016.05.08-08.00.50:760][  0]LogAIModule: Creating AISystem for world tes
[2016.05.08-08.00.50:769][  0]LogEditorServer: Finished looking for orphan Actors (0.000 secs)
[2016.05.08-08.00.50:770][  0]Cmd: MAP CHECKDEP NOCLEARLOG
[2016.05.08-08.00.50:820][  0]MapCheck: 情報 マップチェックが完了: 0 エラー、 0 警告、完了に 49.921ミリ秒かかりました。
[2016.05.08-08.00.50:820][  0]LogFileHelpers: Loading map 'tes' took 2.058
[2016.05.08-08.00.50:922][  0]LogCollectionManager: Loaded 0 collections in 0.001027 seconds
[2016.05.08-08.00.50:959][  0]LogFileCache: Scanning file cache for directory 'C:/Users/EllightDunois/Documents/Unreal Projects/MagicDungeon_Project/src/MagicDungeon/Saved/Collections/' took 0.01s
[2016.05.08-08.00.50:959][  0]LogFileCache: Scanning file cache for directory 'C:/Users/EllightDunois/Documents/Unreal Projects/MagicDungeon_Project/src/MagicDungeon/Content/Developers/EllightDunois/Collections/' took 0.01s
[2016.05.08-08.00.50:959][  0]LogFileCache: Scanning file cache for directory 'C:/Users/EllightDunois/Documents/Unreal Projects/MagicDungeon_Project/src/MagicDungeon/Content/Collections/' took 0.01s
[2016.05.08-08.00.50:959][  0]LogCollectionManager: Rebuilt the GUID cache for 0 collections in 0.000002 seconds
[2016.05.08-08.00.50:964][  0]LogContentBrowser: Native class hierarchy populated in 0.0049 seconds. Added 1980 classes and 345 folders.
[2016.05.08-08.00.50:966][  0]LogStats: UGameplayTagsManager::ConstructGameplayTagTree: Construct from data asset -  0.000 s
[2016.05.08-08.00.50:966][  0]LogStats: UGameplayTagsManager::ConstructGameplayTagTree: GameplayTagTreeChangedEvent.Broadcast -  0.000 s
[2016.05.08-08.00.50:967][  0]LogContentBrowser: Native class hierarchy updated for 'GameplayTags' in 0.0003 seconds. Added 12 classes and 0 folders.
[2016.05.08-08.00.50:969][  0]LogContentBrowser: Native class hierarchy updated for 'WidgetCarousel' in 0.0002 seconds. Added 0 classes and 0 folders.
[2016.05.08-08.00.50:972][  0]LogContentBrowser: Native class hierarchy updated for 'SuperSearch' in 0.0002 seconds. Added 1 classes and 2 folders.
[2016.05.08-08.00.50:994][  0]LogContentBrowser: Native class hierarchy updated for 'AddContentDialog' in 0.0002 seconds. Added 0 classes and 0 folders.
[2016.05.08-08.00.51:053][  0]LogCrashTracker: Crashtracker disabled due to settings.
[2016.05.08-08.00.51:056][  0]LogUObjectGlobals:Warning: オブジェクト 'Class なし.' が見つかりませんでした
[2016.05.08-08.00.51:080][  0]LogContentBrowser: Native class hierarchy updated for 'HierarchicalLODOutliner' in 0.0002 seconds. Added 1 classes and 2 folders.
[2016.05.08-08.00.51:080][  0]LogLoad: Full Startup: 5.39 seconds (BP compile: 0.37 seconds)
[2016.05.08-08.00.51:080][  0]LogExternalProfiler: Found external profiler: VSPerf
[2016.05.08-08.00.51:080][  0]LogExternalProfiler: Using external profiler: VSPerf
[2016.05.08-08.00.51:126][  0]LogWindowsTextInputMethodSystem:Display: IME system now activated using TSF (Microsoft IME).
[2016.05.08-08.00.51:126][  0]LogWindowsTextInputMethodSystem:Display: IME system now activated using TSF (Microsoft IME).
[2016.05.08-08.00.51:128][  0]LogOcInput: OculusInput pre-init called
[2016.05.08-08.00.51:164][  0]LogContentStreaming: Texture pool size now 1000 MB
[2016.05.08-08.00.51:290][  0]LogRenderer: Reallocating scene render targets to support 2248x884 (Frame:2).
[2016.05.08-08.00.51:532][  1]LogAssetRegistry: Asset discovery search completed in 3.3476 seconds
[2016.05.08-08.00.51:532][  1]LogCollectionManager: Rebuilt the object cache for 0 collections in 0.000001 seconds (found 0 objects)
[2016.05.08-08.00.51:532][  1]LogCollectionManager: Fixed up redirectors for 0 collections in 0.000023 seconds (updated 0 objects)
[2016.05.08-08.00.59:142][794]LogContentBrowser: Native class hierarchy updated for 'Cascade' in 0.0003 seconds. Added 2 classes and 2 folders.
[2016.05.08-08.00.59:708][817]LogRenderTargetPool:Warning: r.RenderTargetPoolMin exceeded 404/400 MB (ok in editor, bad on fixed memory platform)
[2016.05.08-08.01.01:679][978]LogRenderTargetPool:Warning: r.RenderTargetPoolMin exceeded 404/400 MB (ok in editor, bad on fixed memory platform)
[2016.05.08-08.01.03:683][142]LogRenderTargetPool:Warning: r.RenderTargetPoolMin exceeded 404/400 MB (ok in editor, bad on fixed memory platform)
[2016.05.08-08.01.05:677][291]LogRenderTargetPool:Warning: r.RenderTargetPoolMin exceeded 404/400 MB (ok in editor, bad on fixed memory platform)
[2016.05.08-08.01.08:150][478]LogRenderTargetPool:Warning: r.RenderTargetPoolMin exceeded 405/400 MB (ok in editor, bad on fixed memory platform)
[2016.05.08-08.01.10:708][674]LogRenderTargetPool:Warning: r.RenderTargetPoolMin exceeded 405/400 MB (ok in editor, bad on fixed memory platform)
[2016.05.08-08.01.12:683][835]LogRenderTargetPool:Warning: r.RenderTargetPoolMin exceeded 405/400 MB (ok in editor, bad on fixed memory platform)
[2016.05.08-08.01.14:599][972]LogRenderTargetPool:Warning: r.RenderTargetPoolMin exceeded 406/400 MB (ok in editor, bad on fixed memory platform)
[2016.05.08-08.01.17:590][215]LogRenderTargetPool:Warning: r.RenderTargetPoolMin exceeded 406/400 MB (ok in editor, bad on fixed memory platform)
[2016.05.08-08.01.19:412][341]LogRenderTargetPool:Warning: r.RenderTargetPoolMin exceeded 406/400 MB (ok in editor, bad on fixed memory platform)
[2016.05.08-08.01.23:206][639]LogRenderTargetPool:Warning: r.RenderTargetPoolMin exceeded 406/400 MB (ok in editor, bad on fixed memory platform)
[2016.05.08-08.01.25:448][814]LogRenderTargetPool:Warning: r.RenderTargetPoolMin exceeded 406/400 MB (ok in editor, bad on fixed memory platform)
[2016.05.08-08.01.25:983][821]LogRenderTargetPool:Warning: r.RenderTargetPoolMin exceeded 415/400 MB (ok in editor, bad on fixed memory platform)
[2016.05.08-08.01.27:168][909]LogRenderTargetPool:Warning: r.RenderTargetPoolMin exceeded 415/400 MB (ok in editor, bad on fixed memory platform)
[2016.05.08-08.01.36:678][601]LogRenderTargetPool:Warning: r.RenderTargetPoolMin exceeded 401/400 MB (ok in editor, bad on fixed memory platform)
[2016.05.08-08.01.39:031][787]LogRenderTargetPool:Warning: r.RenderTargetPoolMin exceeded 401/400 MB (ok in editor, bad on fixed memory platform)
[2016.05.08-08.01.39:569][829]LogRenderTargetPool:Warning: r.RenderTargetPoolMin exceeded 401/400 MB (ok in editor, bad on fixed memory platform)
[2016.05.08-08.01.42:823][ 65]LogRenderTargetPool:Warning: r.RenderTargetPoolMin exceeded 401/400 MB (ok in editor, bad on fixed memory platform)
[2016.05.08-08.01.43:581][124]LogRenderTargetPool:Warning: r.RenderTargetPoolMin exceeded 401/400 MB (ok in editor, bad on fixed memory platform)
[2016.05.08-08.01.44:351][184]LogRenderTargetPool:Warning: r.RenderTargetPoolMin exceeded 401/400 MB (ok in editor, bad on fixed memory platform)
[2016.05.08-08.01.48:252][466]LogRenderTargetPool:Warning: r.RenderTargetPoolMin exceeded 409/400 MB (ok in editor, bad on fixed memory platform)
[2016.05.08-08.01.50:587][627]LogRenderTargetPool:Warning: r.RenderTargetPoolMin exceeded 418/400 MB (ok in editor, bad on fixed memory platform)
[2016.05.08-08.01.54:084][894]LogRenderTargetPool:Warning: r.RenderTargetPoolMin exceeded 402/400 MB (ok in editor, bad on fixed memory platform)
[2016.05.08-08.01.57:202][115]LogRenderTargetPool:Warning: r.RenderTargetPoolMin exceeded 403/400 MB (ok in editor, bad on fixed memory platform)
[2016.05.08-08.02.01:856][473]LogRenderTargetPool:Warning: r.RenderTargetPoolMin exceeded 403/400 MB (ok in editor, bad on fixed memory platform)
[2016.05.08-08.02.02:753][522]LogRenderTargetPool:Warning: r.RenderTargetPoolMin exceeded 411/400 MB (ok in editor, bad on fixed memory platform)
[2016.05.08-08.02.03:778][599]LogRenderTargetPool:Warning: r.RenderTargetPoolMin exceeded 411/400 MB (ok in editor, bad on fixed memory platform)
[2016.05.08-08.02.09:592][ 17]LogRenderTargetPool:Warning: r.RenderTargetPoolMin exceeded 411/400 MB (ok in editor, bad on fixed memory platform)
[2016.05.08-08.02.09:995][ 48]LogRenderTargetPool:Warning: r.RenderTargetPoolMin exceeded 411/400 MB (ok in editor, bad on fixed memory platform)
[2016.05.08-08.02.10:378][ 77]LogRenderTargetPool:Warning: r.RenderTargetPoolMin exceeded 411/400 MB (ok in editor, bad on fixed memory platform)
[2016.05.08-08.02.10:670][ 99]LogRenderTargetPool:Warning: r.RenderTargetPoolMin exceeded 411/400 MB (ok in editor, bad on fixed memory platform)
[2016.05.08-08.02.10:934][119]LogRenderTargetPool:Warning: r.RenderTargetPoolMin exceeded 411/400 MB (ok in editor, bad on fixed memory platform)
[2016.05.08-08.02.14:584][363]LogRenderTargetPool:Warning: r.RenderTargetPoolMin exceeded 404/400 MB (ok in editor, bad on fixed memory platform)
[2016.05.08-08.02.15:268][415]LogRenderTargetPool:Warning: r.RenderTargetPoolMin exceeded 404/400 MB (ok in editor, bad on fixed memory platform)
[2016.05.08-08.02.16:274][493]LogRenderTargetPool:Warning: r.RenderTargetPoolMin exceeded 412/400 MB (ok in editor, bad on fixed memory platform)
[2016.05.08-08.02.20:762][813]LogRenderTargetPool:Warning: r.RenderTargetPoolMin exceeded 420/400 MB (ok in editor, bad on fixed memory platform)
[2016.05.08-08.02.25:554][171]LogRenderTargetPool:Warning: r.RenderTargetPoolMin exceeded 405/400 MB (ok in editor, bad on fixed memory platform)
[2016.05.08-08.02.26:634][230]LogRenderTargetPool:Warning: r.RenderTargetPoolMin exceeded 413/400 MB (ok in editor, bad on fixed memory platform)
[2016.05.08-08.02.28:552][377]LogRenderTargetPool:Warning: r.RenderTargetPoolMin exceeded 413/400 MB (ok in editor, bad on fixed memory platform)
[2016.05.08-08.02.29:129][397]LogRenderTargetPool:Warning: r.RenderTargetPoolMin exceeded 413/400 MB (ok in editor, bad on fixed memory platform)
[2016.05.08-08.02.31:745][576]LogRenderTargetPool:Warning: r.RenderTargetPoolMin exceeded 414/400 MB (ok in editor, bad on fixed memory platform)
[2016.05.08-08.02.34:897][818]LogRenderTargetPool:Warning: r.RenderTargetPoolMin exceeded 414/400 MB (ok in editor, bad on fixed memory platform)
[2016.05.08-08.02.36:156][907]LogRenderTargetPool:Warning: r.RenderTargetPoolMin exceeded 414/400 MB (ok in editor, bad on fixed memory platform)
[2016.05.08-08.02.37:961][ 44]LogRenderTargetPool:Warning: r.RenderTargetPoolMin exceeded 414/400 MB (ok in editor, bad on fixed memory platform)
[2016.05.08-08.02.41:111][281]LogRenderTargetPool:Warning: r.RenderTargetPoolMin exceeded 414/400 MB (ok in editor, bad on fixed memory platform)
[2016.05.08-08.02.41:714][326]LogRenderTargetPool:Warning: r.RenderTargetPoolMin exceeded 414/400 MB (ok in editor, bad on fixed memory platform)
[2016.05.08-08.02.44:273][517]LogRenderTargetPool:Warning: r.RenderTargetPoolMin exceeded 414/400 MB (ok in editor, bad on fixed memory platform)
[2016.05.08-08.02.47:478][756]LogRenderTargetPool:Warning: r.RenderTargetPoolMin exceeded 414/400 MB (ok in editor, bad on fixed memory platform)
[2016.05.08-08.02.50:493][981]LogRenderTargetPool:Warning: r.RenderTargetPoolMin exceeded 414/400 MB (ok in editor, bad on fixed memory platform)
[2016.05.08-08.02.53:713][221]LogRenderTargetPool:Warning: r.RenderTargetPoolMin exceeded 414/400 MB (ok in editor, bad on fixed memory platform)
[2016.05.08-08.02.55:627][364]LogCascade: Quitting Cascade. FXSystem=0x000001AE28FCCAE0
[2016.05.08-08.02.55:771][364]LogCascade: Quitting Cascade. FXSystem=0x000001AE7A20EC00
[2016.05.08-08.02.55:799][364]LogActorComponent: UnregisterComponent: (/Engine/Transient.FloorComponent) Not registered. Aborting.
[2016.05.08-08.02.55:888][364]LogCascade: Quitting Cascade. FXSystem=0x000001AE7B335080
[2016.05.08-08.02.55:942][364]LogActorComponent: UnregisterComponent: (/Engine/Transient.FloorComponent) Not registered. Aborting.
[2016.05.08-08.02.56:032][364]LogCascade: Quitting Cascade. FXSystem=0x000001AE799654E0
[2016.05.08-08.02.56:095][364]LogActorComponent: UnregisterComponent: (/Engine/Transient.FloorComponent) Not registered. Aborting.
[2016.05.08-08.02.56:181][364]LogCascade: Quitting Cascade. FXSystem=0x000001AE802AFB00
[2016.05.08-08.02.56:209][364]LogActorComponent: UnregisterComponent: (/Engine/Transient.FloorComponent) Not registered. Aborting.
[2016.05.08-08.02.56:297][364]LogCascade: Quitting Cascade. FXSystem=0x000001AE9D967A60
[2016.05.08-08.02.56:325][364]LogActorComponent: UnregisterComponent: (/Engine/Transient.FloorComponent) Not registered. Aborting.
[2016.05.08-08.02.56:405][364]LogCascade: Quitting Cascade. FXSystem=0x000001AE7A2F93A0
[2016.05.08-08.02.56:460][364]LogActorComponent: UnregisterComponent: (/Engine/Transient.FloorComponent) Not registered. Aborting.
[2016.05.08-08.02.56:551][364]LogCascade: Quitting Cascade. FXSystem=0x000001AEAB602200
[2016.05.08-08.02.56:614][364]LogActorComponent: UnregisterComponent: (/Engine/Transient.FloorComponent) Not registered. Aborting.
[2016.05.08-08.02.56:693][364]LogCascade: Quitting Cascade. FXSystem=0x000001AEAE13D940
[2016.05.08-08.02.56:736][364]LogActorComponent: UnregisterComponent: (/Engine/Transient.FloorComponent) Not registered. Aborting.
[2016.05.08-08.02.56:820][364]LogCascade: Quitting Cascade. FXSystem=0x000001AEB65984A0
[2016.05.08-08.02.56:848][364]LogActorComponent: UnregisterComponent: (/Engine/Transient.FloorComponent) Not registered. Aborting.
[2016.05.08-08.02.56:930][364]LogCascade: Quitting Cascade. FXSystem=0x000001AEBB4098A0
[2016.05.08-08.02.56:958][364]LogActorComponent: UnregisterComponent: (/Engine/Transient.FloorComponent) Not registered. Aborting.
[2016.05.08-08.02.57:040][364]LogCascade: Quitting Cascade. FXSystem=0x000001AEC116D9E0
[2016.05.08-08.02.57:068][364]LogActorComponent: UnregisterComponent: (/Engine/Transient.FloorComponent) Not registered. Aborting.
[2016.05.08-08.02.57:148][364]LogCascade: Quitting Cascade. FXSystem=0x000001AEC9843100
[2016.05.08-08.02.57:175][364]LogActorComponent: UnregisterComponent: (/Engine/Transient.FloorComponent) Not registered. Aborting.
[2016.05.08-08.02.57:257][364]LogCascade: Quitting Cascade. FXSystem=0x000001AEAE0FE160
[2016.05.08-08.02.57:284][364]LogActorComponent: UnregisterComponent: (/Engine/Transient.FloorComponent) Not registered. Aborting.
[2016.05.08-08.02.57:366][364]LogCascade: Quitting Cascade. FXSystem=0x000001AEC9E9DF80
[2016.05.08-08.02.57:395][364]LogActorComponent: UnregisterComponent: (/Engine/Transient.FloorComponent) Not registered. Aborting.
[2016.05.08-08.02.57:477][364]LogCascade: Quitting Cascade. FXSystem=0x000001AEAB736FC0
[2016.05.08-08.02.57:549][364]LogActorComponent: UnregisterComponent: (/Engine/Transient.FloorComponent) Not registered. Aborting.
[2016.05.08-08.02.57:636][364]LogCascade: Quitting Cascade. FXSystem=0x000001AEE0A8C360
[2016.05.08-08.02.57:730][364]LogActorComponent: UnregisterComponent: (/Engine/Transient.FloorComponent) Not registered. Aborting.
[2016.05.08-08.02.57:811][364]LogCascade: Quitting Cascade. FXSystem=0x000001AEE5C95B20
[2016.05.08-08.02.57:838][364]LogActorComponent: UnregisterComponent: (/Engine/Transient.FloorComponent) Not registered. Aborting.
[2016.05.08-08.02.57:920][364]LogCascade: Quitting Cascade. FXSystem=0x000001AEAE5F3CE0
[2016.05.08-08.02.57:948][364]LogActorComponent: UnregisterComponent: (/Engine/Transient.FloorComponent) Not registered. Aborting.
[2016.05.08-08.02.58:029][364]LogCascade: Quitting Cascade. FXSystem=0x000001AEF078D260
[2016.05.08-08.02.58:056][364]LogActorComponent: UnregisterComponent: (/Engine/Transient.FloorComponent) Not registered. Aborting.
[2016.05.08-08.02.58:148][364]LogCascade: Quitting Cascade. FXSystem=0x000001AED6214F40
[2016.05.08-08.02.58:221][364]LogActorComponent: UnregisterComponent: (/Engine/Transient.FloorComponent) Not registered. Aborting.
[2016.05.08-08.03.01:062][576]LogRenderTargetPool:Warning: r.RenderTargetPoolMin exceeded 404/400 MB (ok in editor, bad on fixed memory platform)
[2016.05.08-08.03.03:940][805]LogCascade: Quitting Cascade. FXSystem=0x000001AEFBCD7C40
[2016.05.08-08.03.06:088][989]LogRenderTargetPool:Warning: r.RenderTargetPoolMin exceeded 412/400 MB (ok in editor, bad on fixed memory platform)
[2016.05.08-08.03.07:279][ 75]LogRenderTargetPool:Warning: r.RenderTargetPoolMin exceeded 412/400 MB (ok in editor, bad on fixed memory platform)
[2016.05.08-08.03.08:634][181]LogCascade: Quitting Cascade. FXSystem=0x000001AEFBCD5620
[2016.05.08-08.03.13:488][613]LogRenderTargetPool:Warning: r.RenderTargetPoolMin exceeded 404/400 MB (ok in editor, bad on fixed memory platform)
[2016.05.08-08.03.15:409][756]LogRenderTargetPool:Warning: r.RenderTargetPoolMin exceeded 412/400 MB (ok in editor, bad on fixed memory platform)
[2016.05.08-08.03.17:296][900]LogRenderTargetPool:Warning: r.RenderTargetPoolMin exceeded 404/400 MB (ok in editor, bad on fixed memory platform)
[2016.05.08-08.03.20:114][115]LogCascade: Quitting Cascade. FXSystem=0x000001AE28EE71A0
[2016.05.08-08.03.27:372][803]LogBlueprint:Warning: [compiler BP_DemoDisplay] 警告  Set Text (String)  は非推奨です； Use the SetText function taking an FText instead.
[2016.05.08-08.03.27:372][803]LogBlueprint:Warning: [compiler BP_DemoDisplay] 警告  Set Text (String)  は非推奨です； Use the SetText function taking an FText instead.
[2016.05.08-08.03.27:373][803]LogBlueprint:Warning: [compiler BP_DemoDisplay] 警告  Set Text (String)  は非推奨です； Use the SetText function taking an FText instead.
[2016.05.08-08.03.27:373][803]LogBlueprint:Warning: [compiler BP_DemoDisplay] 警告  Set Text (String)  は非推奨です； Use the SetText function taking an FText instead.
[2016.05.08-08.03.27:375][803]LogBlueprint:Warning: [compiler BP_DemoDisplay] 警告  Set Text (String)  は非推奨です； Use the SetText function taking an FText instead.
[2016.05.08-08.03.27:378][803]LogBlueprint:Warning: [compiler BP_DemoDisplay] 警告 [0161.69] BP_DemoDisplay のコンパイルに成功しましたが、5 個の警告が出ました [ 12 ミリ秒]
[2016.05.08-08.03.27:378][803]LogBlueprint:Warning: [compiler BP_DemoDisplay] 警告 [0161.69] BP_DemoDisplay のコンパイルに成功しましたが、6 個の警告が出ました [ 0 ミリ秒]
[2016.05.08-08.03.27:378][803]LogBlueprint:Warning: [compiler BP_DemoDisplay] 警告 [0161.69] BP_DemoDisplay のコンパイルに成功しましたが、7 個の警告が出ました [ 0 ミリ秒]
[2016.05.08-08.03.27:390][803]LogBlueprint:Warning: [compiler BP_DemoDisplay] 警告  Set Text (String)  は非推奨です； Use the SetText function taking an FText instead.
[2016.05.08-08.03.27:390][803]LogBlueprint:Warning: [compiler BP_DemoDisplay] 警告  Set Text (String)  は非推奨です； Use the SetText function taking an FText instead.
[2016.05.08-08.03.27:390][803]LogBlueprint:Warning: [compiler BP_DemoDisplay] 警告  Set Text (String)  は非推奨です； Use the SetText function taking an FText instead.
[2016.05.08-08.03.27:391][803]LogBlueprint:Warning: [compiler BP_DemoDisplay] 警告  Set Text (String)  は非推奨です； Use the SetText function taking an FText instead.
[2016.05.08-08.03.27:393][803]LogBlueprint:Warning: [compiler BP_DemoDisplay] 警告  Set Text (String)  は非推奨です； Use the SetText function taking an FText instead.
[2016.05.08-08.03.27:396][803]LogBlueprint:Warning: [compiler BP_DemoDisplay] 警告 [0161.71] BP_DemoDisplay のコンパイルに成功しましたが、5 個の警告が出ました [ 11 ミリ秒]
[2016.05.08-08.03.27:396][803]LogBlueprint:Warning: [compiler BP_DemoDisplay] 警告 [0161.71] BP_DemoDisplay のコンパイルに成功しましたが、6 個の警告が出ました [ 0 ミリ秒]
[2016.05.08-08.03.27:396][803]LogBlueprint:Warning: [compiler BP_DemoDisplay] 警告 [0161.71] BP_DemoDisplay のコンパイルに成功しましたが、7 個の警告が出ました [ 0 ミリ秒]
[2016.05.08-08.03.27:620][803]LogBlueprint:Warning: [compiler BP_DemoRoom] 警告  Set Text (String)  は非推奨です； Use the SetText function taking an FText instead.
[2016.05.08-08.03.27:620][803]LogBlueprint:Warning: [compiler BP_DemoRoom] 警告  Set Text (String)  は非推奨です； Use the SetText function taking an FText instead.
[2016.05.08-08.03.27:627][803]LogBlueprint:Warning: [compiler BP_DemoRoom] 警告 [0161.94] BP_DemoRoom のコンパイルに成功しましたが、2 個の警告が出ました [ 25 ミリ秒]
[2016.05.08-08.03.27:627][803]LogBlueprint:Warning: [compiler BP_DemoRoom] 警告 [0161.94] BP_DemoRoom のコンパイルに成功しましたが、3 個の警告が出ました [ 0 ミリ秒]
[2016.05.08-08.03.27:627][803]LogBlueprint:Warning: [compiler BP_DemoRoom] 警告 [0161.94] BP_DemoRoom のコンパイルに成功しましたが、4 個の警告が出ました [ 0 ミリ秒]
[2016.05.08-08.03.27:656][803]LogBlueprint:Warning: [compiler BP_DemoRoom] 警告  Set Text (String)  は非推奨です； Use the SetText function taking an FText instead.
[2016.05.08-08.03.27:656][803]LogBlueprint:Warning: [compiler BP_DemoRoom] 警告  Set Text (String)  は非推奨です； Use the SetText function taking an FText instead.
[2016.05.08-08.03.27:663][803]LogBlueprint:Warning: [compiler BP_DemoRoom] 警告 [0161.97] BP_DemoRoom のコンパイルに成功しましたが、2 個の警告が出ました [ 25 ミリ秒]
[2016.05.08-08.03.27:663][803]LogBlueprint:Warning: [compiler BP_DemoRoom] 警告 [0161.97] BP_DemoRoom のコンパイルに成功しましたが、3 個の警告が出ました [ 0 ミリ秒]
[2016.05.08-08.03.27:663][803]LogBlueprint:Warning: [compiler BP_DemoRoom] 警告 [0161.97] BP_DemoRoom のコンパイルに成功しましたが、4 個の警告が出ました [ 0 ミリ秒]
[2016.05.08-08.03.29:032][803]LogAIModule: Creating AISystem for world KY_Demo_MFX05
[2016.05.08-08.03.29:033][803]LogParticles:Warning: InitializeSystem called on an unregistered component. Template=/Game/KYmagicFX05/Particles/P_iceNeedle.P_iceNeedle Component=/Game/KYmagicFX05/Maps/KY_Demo_MFX05.KY_Demo_MFX05:PersistentLevel.P_iceNeedle_2.ParticleSystemComponent0
[2016.05.08-08.03.29:033][803]LogParticles:Warning: InitializeSystem called on an unregistered component. Template=/Game/KYmagicFX05/Particles/P_iceNeedles.P_iceNeedles Component=/Game/KYmagicFX05/Maps/KY_Demo_MFX05.KY_Demo_MFX05:PersistentLevel.P_iceNeedles_5.ParticleSystemComponent0
[2016.05.08-08.03.29:033][803]LogParticles:Warning: InitializeSystem called on an unregistered component. Template=/Game/KYmagicFX05/Particles/P_rayLv1.P_rayLv1 Component=/Game/KYmagicFX05/Maps/KY_Demo_MFX05.KY_Demo_MFX05:PersistentLevel.P_rayLv1.ParticleSystemComponent0
[2016.05.08-08.03.29:033][803]LogParticles:Warning: InitializeSystem called on an unregistered component. Template=/Game/KYmagicFX05/Particles/P_rayLv2.P_rayLv2 Component=/Game/KYmagicFX05/Maps/KY_Demo_MFX05.KY_Demo_MFX05:PersistentLevel.P_rayLv2_2.ParticleSystemComponent0
[2016.05.08-08.03.29:033][803]LogParticles:Warning: InitializeSystem called on an unregistered component. Template=/Game/KYmagicFX05/Particles/P_rayLv3.P_rayLv3 Component=/Game/KYmagicFX05/Maps/KY_Demo_MFX05.KY_Demo_MFX05:PersistentLevel.P_rayLv3_5.ParticleSystemComponent0
[2016.05.08-08.03.29:033][803]LogParticles:Warning: InitializeSystem called on an unregistered component. Template=/Game/KYmagicFX05/Particles/P_sonicSlash.P_sonicSlash Component=/Game/KYmagicFX05/Maps/KY_Demo_MFX05.KY_Demo_MFX05:PersistentLevel.P_sonicSlash.ParticleSystemComponent0
[2016.05.08-08.03.29:033][803]LogParticles:Warning: InitializeSystem called on an unregistered component. Template=/Game/KYmagicFX05/Particles/P_sonicBoom.P_sonicBoom Component=/Game/KYmagicFX05/Maps/KY_Demo_MFX05.KY_Demo_MFX05:PersistentLevel.P_sonicBoom_2.ParticleSystemComponent0
[2016.05.08-08.03.29:034][803]LogParticles:Warning: InitializeSystem called on an unregistered component. Template=/Game/KYmagicFX05/Particles/P_sonicSlashCross.P_sonicSlashCross Component=/Game/KYmagicFX05/Maps/KY_Demo_MFX05.KY_Demo_MFX05:PersistentLevel.P_sonicSlashCross.ParticleSystemComponent0
[2016.05.08-08.03.29:034][803]LogParticles:Warning: InitializeSystem called on an unregistered component. Template=/Game/KYmagicFX05/Particles/P_photon.P_photon Component=/Game/KYmagicFX05/Maps/KY_Demo_MFX05.KY_Demo_MFX05:PersistentLevel.P_photon.ParticleSystemComponent0
[2016.05.08-08.03.29:034][803]LogParticles:Warning: InitializeSystem called on an unregistered component. Template=/Game/KYmagicFX05/Particles/once/P_iceRock.P_iceRock Component=/Game/KYmagicFX05/Maps/KY_Demo_MFX05.KY_Demo_MFX05:PersistentLevel.P_iceRock_5.ParticleSystemComponent0
[2016.05.08-08.03.29:034][803]LogParticles:Warning: InitializeSystem called on an unregistered component. Template=/Game/KYmagicFX05/Particles/once/P_recovery.P_recovery Component=/Game/KYmagicFX05/Maps/KY_Demo_MFX05.KY_Demo_MFX05:PersistentLevel.P_recovery.ParticleSystemComponent0
[2016.05.08-08.03.29:034][803]LogParticles:Warning: InitializeSystem called on an unregistered component. Template=/Game/KYmagicFX05/Particles/P_auraBurst.P_auraBurst Component=/Game/KYmagicFX05/Maps/KY_Demo_MFX05.KY_Demo_MFX05:PersistentLevel.P_auraBurst.ParticleSystemComponent0
[2016.05.08-08.03.29:034][803]LogParticles:Warning: InitializeSystem called on an unregistered component. Template=/Game/KYmagicFX05/Particles/once/P_auraBursts.P_auraBursts Component=/Game/KYmagicFX05/Maps/KY_Demo_MFX05.KY_Demo_MFX05:PersistentLevel.P_auraBursts.ParticleSystemComponent0
[2016.05.08-08.03.29:034][803]LogParticles:Warning: InitializeSystem called on an unregistered component. Template=/Game/KYmagicFX05/Particles/P_aquaLaser.P_aquaLaser Component=/Game/KYmagicFX05/Maps/KY_Demo_MFX05.KY_Demo_MFX05:PersistentLevel.P_aquaLaser.ParticleSystemComponent0
[2016.05.08-08.03.29:034][803]LogParticles:Warning: InitializeSystem called on an unregistered component. Template=/Game/KYmagicFX05/Particles/P_aquaLaser2.P_aquaLaser2 Component=/Game/KYmagicFX05/Maps/KY_Demo_MFX05.KY_Demo_MFX05:PersistentLevel.P_aquaLaser2_2.ParticleSystemComponent0
[2016.05.08-08.03.29:034][803]LogParticles:Warning: InitializeSystem called on an unregistered component. Template=/Game/KYmagicFX05/Particles/P_deathBeam.P_deathBeam Component=/Game/KYmagicFX05/Maps/KY_Demo_MFX05.KY_Demo_MFX05:PersistentLevel.P_deathBeam.ParticleSystemComponent0
[2016.05.08-08.03.29:034][803]LogParticles:Warning: InitializeSystem called on an unregistered component. Template=/Game/KYmagicFX05/Particles/P_deathBeam2.P_deathBeam2 Component=/Game/KYmagicFX05/Maps/KY_Demo_MFX05.KY_Demo_MFX05:PersistentLevel.P_deathBeam2_2.ParticleSystemComponent0
[2016.05.08-08.03.29:034][803]LogParticles:Warning: InitializeSystem called on an unregistered component. Template=/Game/KYmagicFX05/Particles/P_aquaSplash.P_aquaSplash Component=/Game/KYmagicFX05/Maps/KY_Demo_MFX05.KY_Demo_MFX05:PersistentLevel.P_aquaSplash.ParticleSystemComponent0
[2016.05.08-08.03.29:034][803]LogParticles:Warning: InitializeSystem called on an unregistered component. Template=/Game/KYmagicFX05/Particles/P_shiningBurst.P_shiningBurst Component=/Game/KYmagicFX05/Maps/KY_Demo_MFX05.KY_Demo_MFX05:PersistentLevel.P_shiningBurst.ParticleSystemComponent0
[2016.05.08-08.03.29:034][803]LogParticles:Warning: InitializeSystem called on an unregistered component. Template=/Game/KYmagicFX05/Particles/once/P_aquaVortex.P_aquaVortex Component=/Game/KYmagicFX05/Maps/KY_Demo_MFX05.KY_Demo_MFX05:PersistentLevel.P_aquaVortex.ParticleSystemComponent0
[2016.05.08-08.03.29:034][803]LogParticles:Warning: InitializeSystem called on an unregistered component. Template=/Game/KYmagicFX05/Particles/P_windUpper.P_windUpper Component=/Game/KYmagicFX05/Maps/KY_Demo_MFX05.KY_Demo_MFX05:PersistentLevel.P_windUpper_2.ParticleSystemComponent0
[2016.05.08-08.03.29:034][803]LogParticles:Warning: InitializeSystem called on an unregistered component. Template=/Game/KYmagicFX05/Particles/P_galaxyExplosion.P_galaxyExplosion Component=/Game/KYmagicFX05/Maps/KY_Demo_MFX05.KY_Demo_MFX05:PersistentLevel.P_galaxyExplosion.ParticleSystemComponent0
[2016.05.08-08.03.29:034][803]LogParticles:Warning: InitializeSystem called on an unregistered component. Template=/Game/KYmagicFX05/Particles/once/P_power.P_power Component=/Game/KYmagicFX05/Maps/KY_Demo_MFX05.KY_Demo_MFX05:PersistentLevel.P_power2_2.ParticleSystemComponent0
[2016.05.08-08.03.29:034][803]LogParticles:Warning: InitializeSystem called on an unregistered component. Template=/Game/KYmagicFX05/Particles/once/P_circle.P_circle Component=/Game/KYmagicFX05/Maps/KY_Demo_MFX05.KY_Demo_MFX05:PersistentLevel.P_circle_10.ParticleSystemComponent0
[2016.05.08-08.03.29:034][803]LogParticles:Warning: InitializeSystem called on an unregistered component. Template=/Game/KYmagicFX05/Particles/P_rayLv4.P_rayLv4 Component=/Game/KYmagicFX05/Maps/KY_Demo_MFX05.KY_Demo_MFX05:PersistentLevel.P_rayLv4_14.ParticleSystemComponent0
[2016.05.08-08.03.29:039][803]LogParticles:Warning: InitializeSystem called on an unregistered component. Template=/Game/KYmagicFX05/Particles/once/P_tornadeLv1.P_tornadeLv1 Component=/Game/KYmagicFX05/Maps/KY_Demo_MFX05.KY_Demo_MFX05:PersistentLevel.P_tornadeLv1_3.ParticleSystemComponent0
[2016.05.08-08.03.29:039][803]LogParticles:Warning: InitializeSystem called on an unregistered component. Template=/Game/KYmagicFX05/Particles/once/P_tornadeLv2.P_tornadeLv2 Component=/Game/KYmagicFX05/Maps/KY_Demo_MFX05.KY_Demo_MFX05:PersistentLevel.P_tornadeLv2_6.ParticleSystemComponent0
[2016.05.08-08.03.29:039][803]LogParticles:Warning: InitializeSystem called on an unregistered component. Template=/Game/KYmagicFX05/Particles/once/P_tornadeLv3.P_tornadeLv3 Component=/Game/KYmagicFX05/Maps/KY_Demo_MFX05.KY_Demo_MFX05:PersistentLevel.P_tornadeLv3_9.ParticleSystemComponent0
[2016.05.08-08.03.29:039][803]LogParticles:Warning: InitializeSystem called on an unregistered component. Template=/Game/KYmagicFX05/Particles/once/P_rayLv5.P_rayLv5 Component=/Game/KYmagicFX05/Maps/KY_Demo_MFX05.KY_Demo_MFX05:PersistentLevel.P_rayLv5_12.ParticleSystemComponent0
[2016.05.08-08.03.29:039][803]LogParticles:Warning: InitializeSystem called on an unregistered component. Template=/Game/KYmagicFX05/Particles/once/P_energyBomb.P_energyBomb Component=/Game/KYmagicFX05/Maps/KY_Demo_MFX05.KY_Demo_MFX05:PersistentLevel.P_energyBomb_15.ParticleSystemComponent0
[2016.05.08-08.03.29:079][803]LogActorComponent: UnregisterComponent: (/Engine/Transient.CharMoveComp) Not registered. Aborting.
[2016.05.08-08.03.29:079][803]LogActorComponent: UnregisterComponent: (/Engine/Transient.CharacterMovementComponent_0) Not registered. Aborting.
[2016.05.08-08.03.29:079][803]LogActorComponent: UnregisterComponent: (/Engine/Transient.CharacterMovementComponent_1) Not registered. Aborting.
[2016.05.08-08.03.29:167][803]LightingResults: New page: ライティングのビルド
[2016.05.08-08.03.29:182][803]LoadErrors: New page: マップをロード中: KY_Demo_MFX05.umap
[2016.05.08-08.03.29:183][803]MapCheck: New page: マップをチェック
[2016.05.08-08.03.29:183][803]LightingResults: New page: <何も選択されていません>
[2016.05.08-08.03.29:307][803]LogEditorServer: Finished looking for orphan Actors (0.000 secs)
[2016.05.08-08.03.29:360][803]Cmd: MAP CHECKDEP NOCLEARLOG
[2016.05.08-08.03.29:422][803]MapCheck: 情報 マップチェックが完了: 0 エラー、 0 警告、完了に 62.131ミリ秒かかりました。
[2016.05.08-08.03.29:422][803]LogFileHelpers: Loading map 'KY_Demo_MFX05' took 0.261
[2016.05.08-08.03.31:308][984]LogBlueprintUserMessages: Early PlayInEditor Detection: Level '/Game/KYmagicFX05/Maps/KY_Demo_MFX05.KY_Demo_MFX05:PersistentLevel' has LevelScriptBlueprint '/Game/KYmagicFX05/Maps/KY_Demo_MFX05.KY_Demo_MFX05:PersistentLevel.KY_Demo_MFX05' with GeneratedClass '/Game/KYmagicFX05/Maps/KY_Demo_MFX05.KY_Demo_MFX05_C' with ClassGeneratedBy '/Game/KYmagicFX05/Maps/KY_Demo_MFX05.KY_Demo_MFX05:PersistentLevel.KY_Demo_MFX05'
[2016.05.08-08.03.31:308][984]LogPlayLevel: PlayLevel: No blueprints needed recompiling
[2016.05.08-08.03.31:308][984]PIE: New page: PIEセッション: KY_Demo_MFX05 (2016/05/09 2:03:31)
[2016.05.08-08.03.31:308][984]LogPlayLevel: Creating play world package: /Game/KYmagicFX05/Maps/UEDPIE_0_KY_Demo_MFX05
[2016.05.08-08.03.31:334][984]LogPlayLevel: PIE: StaticDuplicateObject took: (0.026221s)
[2016.05.08-08.03.31:335][984]LogAIModule: Creating AISystem for world KY_Demo_MFX05
[2016.05.08-08.03.31:335][984]LogPlayLevel: PIE: World Init took: (0.000447s)
[2016.05.08-08.03.31:335][984]LogPlayLevel: PIE: Created PIE world by copying editor world from /Game/KYmagicFX05/Maps/KY_Demo_MFX05.KY_Demo_MFX05 to /Game/KYmagicFX05/Maps/UEDPIE_0_KY_Demo_MFX05.KY_Demo_MFX05 (0.026862s)
[2016.05.08-08.03.31:335][984]LogActorComponent: UnregisterComponent: (/Engine/Transient.CharMoveComp) Not registered. Aborting.
[2016.05.08-08.03.31:335][984]LogActorComponent: UnregisterComponent: (/Engine/Transient.CharacterMovementComponent_2) Not registered. Aborting.
[2016.05.08-08.03.31:335][984]LogActorComponent: UnregisterComponent: (/Engine/Transient.CharacterMovementComponent_3) Not registered. Aborting.
[2016.05.08-08.03.31:349][984]LogInit: XAudio2 using 'SPDIF出力 (SB Recon3D PCIe)' : 2 channels at 48 kHz using 32 bits per sample (channel mask 0x3)
[2016.05.08-08.03.31:352][984]LogInit: FAudioDevice initialized.
[2016.05.08-08.03.31:397][984]LogWorld: Game class is 'GameMode'
[2016.05.08-08.03.31:406][984]LogWorld: Bringing World /Game/KYmagicFX05/Maps/UEDPIE_0_KY_Demo_MFX05.KY_Demo_MFX05 up for play (max tick rate 0) at 2016.05.08-17.03.31
[2016.05.08-08.03.31:409][984]LogWorld: Bringing up level for play took: 0.011162
[2016.05.08-08.03.31:411][984]LogContentBrowser: Native class hierarchy updated for 'MovieSceneCapture' in 0.0003 seconds. Added 9 classes and 0 folders.
[2016.05.08-08.03.31:412][984]PIE: 情報 /Game/KYmagicFX05/Maps/UEDPIE_0_KY_Demo_MFX05 0.589のプレイ イン エディタの開始時間
[2016.05.08-08.03.31:412][984]LogBlueprintUserMessages: Late PlayInEditor Detection: Level '/Game/KYmagicFX05/Maps/KY_Demo_MFX05.KY_Demo_MFX05:PersistentLevel' has LevelScriptBlueprint '/Game/KYmagicFX05/Maps/KY_Demo_MFX05.KY_Demo_MFX05:PersistentLevel.KY_Demo_MFX05' with GeneratedClass '/Game/KYmagicFX05/Maps/KY_Demo_MFX05.KY_Demo_MFX05_C' with ClassGeneratedBy '/Game/KYmagicFX05/Maps/KY_Demo_MFX05.KY_Demo_MFX05:PersistentLevel.KY_Demo_MFX05'
[2016.05.08-08.03.31:452][986]LogRenderTargetPool:Warning: r.RenderTargetPoolMin exceeded 411/400 MB (ok in editor, bad on fixed memory platform)
[2016.05.08-08.04.50:809][ 52]LogBlueprintUserMessages: Early EndPlayMap Detection: Level '/Game/KYmagicFX05/Maps/KY_Demo_MFX05.KY_Demo_MFX05:PersistentLevel' has LevelScriptBlueprint '/Game/KYmagicFX05/Maps/KY_Demo_MFX05.KY_Demo_MFX05:PersistentLevel.KY_Demo_MFX05' with GeneratedClass '/Game/KYmagicFX05/Maps/KY_Demo_MFX05.KY_Demo_MFX05_C' with ClassGeneratedBy '/Game/KYmagicFX05/Maps/KY_Demo_MFX05.KY_Demo_MFX05:PersistentLevel.KY_Demo_MFX05'
[2016.05.08-08.04.50:850][ 52]LogBlueprintUserMessages: Late EndPlayMap Detection: Level '/Game/KYmagicFX05/Maps/KY_Demo_MFX05.KY_Demo_MFX05:PersistentLevel' has LevelScriptBlueprint '/Game/KYmagicFX05/Maps/KY_Demo_MFX05.KY_Demo_MFX05:PersistentLevel.KY_Demo_MFX05' with GeneratedClass '/Game/KYmagicFX05/Maps/KY_Demo_MFX05.KY_Demo_MFX05_C' with ClassGeneratedBy '/Game/KYmagicFX05/Maps/KY_Demo_MFX05.KY_Demo_MFX05:PersistentLevel.KY_Demo_MFX05'
[2016.05.08-08.04.50:918][ 54]LogRenderTargetPool:Warning: r.RenderTargetPoolMin exceeded 405/400 MB (ok in editor, bad on fixed memory platform)
[2016.05.08-08.04.53:012][231]LogWindowsTextInputMethodSystem:Display: IME system now activated using TSF (Microsoft IME).
[2016.05.08-08.04.53:013][231]LogWindowsTextInputMethodSystem:Display: IME system now activated using TSF (Microsoft IME).
[2016.05.08-08.04.53:087][231]LogWindowsTextInputMethodSystem:Display: IME system now activated using TSF (Microsoft IME).
[2016.05.08-08.04.53:087][231]LogWindowsTextInputMethodSystem:Display: IME system now activated using TSF (Microsoft IME).
[2016.05.08-08.04.53:276][232]Cmd: QUIT_EDITOR
[2016.05.08-08.04.53:923][232]LogWindowsTextInputMethodSystem:Display: IME system now activated using TSF (Microsoft IME).
[2016.05.08-08.04.53:923][232]LogWindowsTextInputMethodSystem:Display: IME system now activated using TSF (Microsoft IME).
[2016.05.08-08.04.53:995][232]LogExit: Preparing to exit.
[2016.05.08-08.04.54:347][232]LogExit: Editor shut down
[2016.05.08-08.04.54:348][232]LogExit: Transaction tracking system shut down
[2016.05.08-08.04.54:442][232]LogObj: Freed 0b from 0 cluster array pools.
[2016.05.08-08.04.54:442][232]LogExit: Object subsystem successfully closed.
[2016.05.08-08.04.54:462][232]LogD3D11RHI: Shutdown
[2016.05.08-08.04.54:462][232]LogD3D11RHI: CleanupD3DDevice
[2016.05.08-08.04.54:657][232]LogD3D11RHI: ~FD3D11DynamicRHI
[2016.05.08-08.04.54:745][232]LogDerivedDataCache: Shutdown
[2016.05.08-08.04.54:746][232]LogModuleManager: Shutting down and abandoning module MovieSceneCapture (207)
[2016.05.08-08.04.54:746][232]LogModuleManager: Shutting down and abandoning module DistCurveEditor (206)
[2016.05.08-08.04.54:746][232]LogModuleManager: Shutting down and abandoning module Cascade (205)
[2016.05.08-08.04.54:746][232]LogModuleManager: Shutting down and abandoning module HierarchicalLODOutliner (204)
[2016.05.08-08.04.54:746][232]LogModuleManager: Shutting down and abandoning module CrashTracker (203)
[2016.05.08-08.04.54:746][232]LogModuleManager: Shutting down and abandoning module SuperSearch (202)
[2016.05.08-08.04.54:746][232]LogModuleManager: Shutting down and abandoning module WidgetCarousel (201)
[2016.05.08-08.04.54:746][232]LogModuleManager: Shutting down and abandoning module AddContentDialog (200)
[2016.05.08-08.04.54:748][232]LogModuleManager: Shutting down and abandoning module GameplayTags (199)
[2016.05.08-08.04.54:748][232]LogModuleManager: Shutting down and abandoning module EditorWidgets (198)
[2016.05.08-08.04.54:748][232]LogModuleManager: Shutting down and abandoning module CollectionManager (197)
[2016.05.08-08.04.54:749][232]LogModuleManager: Shutting down and abandoning module SceneOutliner (196)
[2016.05.08-08.04.54:749][232]LogModuleManager: Shutting down and abandoning module StatsViewer (195)
[2016.05.08-08.04.54:749][232]LogModuleManager: Shutting down and abandoning module FoliageEdit (194)
[2016.05.08-08.04.54:749][232]LogModuleManager: Shutting down and abandoning module LandscapeEditor (193)
[2016.05.08-08.04.54:749][232]LogModuleManager: Shutting down and abandoning module ActorPickerMode (192)
[2016.05.08-08.04.54:749][232]LogModuleManager: Shutting down and abandoning module GeometryMode (191)
[2016.05.08-08.04.54:749][232]LogModuleManager: Shutting down and abandoning module TextureAlignMode (190)
[2016.05.08-08.04.54:749][232]LogModuleManager: Shutting down and abandoning module BspMode (189)
[2016.05.08-08.04.54:749][232]LogModuleManager: Shutting down and abandoning module PlacementMode (188)
[2016.05.08-08.04.54:749][232]LogModuleManager: Shutting down and abandoning module AutomationWorker (187)
[2016.05.08-08.04.54:749][232]LogModuleManager: Shutting down and abandoning module CharacterAI (186)
[2016.05.08-08.04.54:749][232]LogModuleManager: Shutting down and abandoning module SmartSnapping (185)
[2016.05.08-08.04.54:749][232]LogModuleManager: Shutting down and abandoning module ViewportSnapping (184)
[2016.05.08-08.04.54:749][232]LogModuleManager: Shutting down and abandoning module LogVisualizer (183)
[2016.05.08-08.04.54:750][232]LogModuleManager: Shutting down and abandoning module GameProjectGeneration (182)
[2016.05.08-08.04.54:750][232]LogModuleManager: Shutting down and abandoning module IntroTutorials (181)
[2016.05.08-08.04.54:750][232]LogModuleManager: Shutting down and abandoning module EditorLiveStreaming (180)
[2016.05.08-08.04.54:750][232]LogModuleManager: Shutting down and abandoning module IOSPlatformEditor (179)
[2016.05.08-08.04.54:750][232]LogModuleManager: Shutting down and abandoning module HTML5PlatformEditor (178)
[2016.05.08-08.04.54:750][232]LogModuleManager: Shutting down and abandoning module AndroidDeviceDetection (177)
[2016.05.08-08.04.55:740][232]LogModuleManager: Shutting down and abandoning module AndroidPlatformEditor (176)
[2016.05.08-08.04.55:740][232]LogModuleManager: Shutting down and abandoning module IOSRuntimeSettings (175)
[2016.05.08-08.04.55:740][232]LogModuleManager: Shutting down and abandoning module AndroidRuntimeSettings (174)
[2016.05.08-08.04.55:740][232]LogModuleManager: Shutting down and abandoning module MergeActors (173)
[2016.05.08-08.04.55:740][232]LogModuleManager: Shutting down and abandoning module SizeMap (172)
[2016.05.08-08.04.55:740][232]LogModuleManager: Shutting down and abandoning module TreeMap (171)
[2016.05.08-08.04.55:740][232]LogModuleManager: Shutting down and abandoning module ReferenceViewer (170)
[2016.05.08-08.04.55:740][232]LogModuleManager: Shutting down and abandoning module LocalizationService (169)
[2016.05.08-08.04.55:740][232]LogModuleManager: Shutting down and abandoning module LocalizationDashboard (168)
[2016.05.08-08.04.55:740][232]LogModuleManager: Shutting down and abandoning module HardwareTargeting (167)
[2016.05.08-08.04.55:740][232]LogModuleManager: Shutting down and abandoning module DeviceProfileEditor (166)
[2016.05.08-08.04.55:740][232]LogModuleManager: Shutting down and abandoning module UndoHistory (165)
[2016.05.08-08.04.55:740][232]LogModuleManager: Shutting down and abandoning module UserFeedback (164)
[2016.05.08-08.04.55:740][232]LogModuleManager: Shutting down and abandoning module XmlParser (163)
[2016.05.08-08.04.55:741][232]LogModuleManager: Shutting down and abandoning module Blutility (162)
[2016.05.08-08.04.55:741][232]LogModuleManager: Shutting down and abandoning module ProjectTargetPlatformEditor (161)
[2016.05.08-08.04.55:741][232]LogModuleManager: Shutting down and abandoning module ProjectSettingsViewer (160)
[2016.05.08-08.04.55:741][232]LogModuleManager: Shutting down and abandoning module InputBindingEditor (159)
[2016.05.08-08.04.55:742][232]LogModuleManager: Shutting down and abandoning module EditorSettingsViewer (158)
[2016.05.08-08.04.55:742][232]LogModuleManager: Shutting down and abandoning module SettingsEditor (157)
[2016.05.08-08.04.55:742][232]LogModuleManager: Shutting down and abandoning module ProjectLauncher (156)
[2016.05.08-08.04.55:742][232]LogModuleManager: Shutting down and abandoning module SessionFrontend (155)
[2016.05.08-08.04.55:742][232]LogModuleManager: Shutting down and abandoning module ProfilerClient (154)
[2016.05.08-08.04.55:742][232]LogModuleManager: Shutting down and abandoning module TargetDeviceServices (153)
[2016.05.08-08.04.55:742][232]LogModuleManager: Shutting down and abandoning module DeviceManager (152)
[2016.05.08-08.04.55:784][232]LogModuleManager: Shutting down and abandoning module AutomationController (151)
[2016.05.08-08.04.55:784][232]LogModuleManager: Shutting down and abandoning module AutomationWindow (150)
[2016.05.08-08.04.55:784][232]LogModuleManager: Shutting down and abandoning module Layers (149)
[2016.05.08-08.04.55:784][232]LogModuleManager: Shutting down and abandoning module ComponentVisualizers (148)
[2016.05.08-08.04.55:784][232]LogModuleManager: Shutting down and abandoning module DetailCustomizations (147)
[2016.05.08-08.04.55:784][232]LogModuleManager: Shutting down and abandoning module PackagesDialog (146)
[2016.05.08-08.04.55:785][232]LogModuleManager: Shutting down and abandoning module Persona (145)
[2016.05.08-08.04.55:785][232]LogModuleManager: Shutting down and abandoning module Kismet (144)
[2016.05.08-08.04.55:785][232]LogModuleManager: Shutting down and abandoning module GraphEditor (143)
[2016.05.08-08.04.55:785][232]LogModuleManager: Shutting down and abandoning module ClassViewer (142)
[2016.05.08-08.04.55:785][232]LogModuleManager: Shutting down and abandoning module Toolbox (141)
[2016.05.08-08.04.55:785][232]LogModuleManager: Shutting down and abandoning module ModuleUI (140)
[2016.05.08-08.04.55:785][232]LogModuleManager: Shutting down and abandoning module MovieSceneTools (139)
[2016.05.08-08.04.55:785][232]LogModuleManager: Shutting down and abandoning module OutputLog (138)
[2016.05.08-08.04.55:785][232]LogModuleManager: Shutting down and abandoning module GammaUI (137)
[2016.05.08-08.04.55:785][232]LogModuleManager: Shutting down and abandoning module Documentation (136)
[2016.05.08-08.04.55:785][232]LogModuleManager: Shutting down and abandoning module StreamingPauseRendering (135)
[2016.05.08-08.04.55:785][232]LogModuleManager: Shutting down and abandoning module AnalyticsET (134)
[2016.05.08-08.04.55:785][232]LogModuleManager: Shutting down and abandoning module Analytics (133)
[2016.05.08-08.04.55:785][232]LogModuleManager: Shutting down and abandoning module PortalServices (132)
[2016.05.08-08.04.55:785][232]LogModuleManager: Shutting down and abandoning module PortalRpc (131)
[2016.05.08-08.04.55:785][232]LogModuleManager: Shutting down and abandoning module MessagingRpc (130)
[2016.05.08-08.04.55:785][232]LogModuleManager: Shutting down and abandoning module AITestSuite (129)
[2016.05.08-08.04.55:785][232]LogModuleManager: Shutting down and abandoning module GameplayDebugger (128)
[2016.05.08-08.04.55:785][232]LogModuleManager: Shutting down and abandoning module AIModule (127)
[2016.05.08-08.04.55:785][232]LogModuleManager: Shutting down and abandoning module ProfilerService (126)
[2016.05.08-08.04.55:900][232]LogModuleManager: Shutting down and abandoning module TaskGraph (125)
[2016.05.08-08.04.55:900][232]LogModuleManager: Shutting down and abandoning module SlateRemote (124)
[2016.05.08-08.04.55:900][232]LogModuleManager: Shutting down and abandoning module SteamVRController (123)
[2016.05.08-08.04.55:900][232]LogModuleManager: Shutting down and abandoning module SteamVR (122)
[2016.05.08-08.04.55:900][232]LogModuleManager: Shutting down and abandoning module ProceduralMeshComponent (121)
[2016.05.08-08.04.55:900][232]LogModuleManager: Shutting down and abandoning module OculusLibrary (120)
[2016.05.08-08.04.55:900][232]LogModuleManager: Shutting down and abandoning module OculusInput (119)
[2016.05.08-08.04.55:900][232]LogModuleManager: Shutting down and abandoning module CustomMeshComponent (118)
[2016.05.08-08.04.55:900][232]LogModuleManager: Shutting down and abandoning module CableComponent (117)
[2016.05.08-08.04.55:900][232]LogModuleManager: Shutting down and abandoning module ArchVisCharacter (116)
[2016.05.08-08.04.55:900][232]LogModuleManager: Shutting down and abandoning module MediaPlayerEditor (115)
[2016.05.08-08.04.55:900][232]LogModuleManager: Shutting down and abandoning module HTML5Networking (114)
[2016.05.08-08.04.55:901][232]LogModuleManager: Shutting down and abandoning module SpeedTreeImporter (113)
[2016.05.08-08.04.55:901][232]LogModuleManager: Shutting down and abandoning module PluginBrowser (112)
[2016.05.08-08.04.55:901][232]LogModuleManager: Shutting down and abandoning module EpicSurvey (111)
[2016.05.08-08.04.55:901][232]LogModuleManager: Shutting down and abandoning module DesktopPlatform (110)
[2016.05.08-08.04.55:901][232]LogModuleManager: Shutting down and abandoning module VisualStudioSourceCodeAccess (109)
[2016.05.08-08.04.55:901][232]LogModuleManager: Shutting down and abandoning module UObjectPlugin (108)
[2016.05.08-08.04.55:901][232]LogModuleManager: Shutting down and abandoning module SubversionSourceControl (107)
[2016.05.08-08.04.55:901][232]LogModuleManager: Shutting down and abandoning module PerforceSourceControl (106)
[2016.05.08-08.04.55:901][232]LogModuleManager: Shutting down and abandoning module SourceControl (105)
[2016.05.08-08.04.55:901][232]LogModuleManager: Shutting down and abandoning module GitSourceControl (104)
[2016.05.08-08.04.55:901][232]LogModuleManager: Shutting down and abandoning module LightPropagationVolumeEditor (103)
[2016.05.08-08.04.55:901][232]LogModuleManager: Shutting down and abandoning module PaperTiledImporter (102)
[2016.05.08-08.04.55:901][232]LogModuleManager: Shutting down and abandoning module PaperSpriteSheetImporter (101)
[2016.05.08-08.04.55:901][232]LogModuleManager: Shutting down and abandoning module MeshPaint (100)
[2016.05.08-08.04.55:901][232]LogModuleManager: Shutting down and abandoning module HotReload (99)
[2016.05.08-08.04.55:902][232]LogModuleManager: Shutting down and abandoning module MainFrame (98)
[2016.05.08-08.04.55:903][232]LogModuleManager: Shutting down and abandoning module LevelEditor (97)
[2016.05.08-08.04.55:904][232]LogModuleManager: Shutting down and abandoning module DirectoryWatcher (96)
[2016.05.08-08.04.55:906][232]LogModuleManager: Shutting down and abandoning module AssetRegistry (95)
[2016.05.08-08.04.56:113][232]LogModuleManager: Shutting down and abandoning module ContentBrowser (94)
[2016.05.08-08.04.56:113][232]LogModuleManager: Shutting down and abandoning module Paper2DEditor (93)
[2016.05.08-08.04.56:113][232]LogModuleManager: Shutting down and abandoning module UdpMessaging (92)
[2016.05.08-08.04.56:214][232]LogModuleManager: Shutting down and abandoning module LightPropagationVolumeRuntime (91)
[2016.05.08-08.04.56:214][232]LogModuleManager: Shutting down and abandoning module Paper2D (90)
[2016.05.08-08.04.56:214][232]LogModuleManager: Shutting down and abandoning module WindowsMoviePlayer (89)
[2016.05.08-08.04.56:214][232]LogModuleManager: Shutting down and abandoning module Media (88)
[2016.05.08-08.04.56:214][232]LogModuleManager: Shutting down and abandoning module WmfMedia (87)
[2016.05.08-08.04.56:214][232]LogModuleManager: Shutting down and abandoning module MediaAssets (86)
[2016.05.08-08.04.56:214][232]LogModuleManager: Shutting down and abandoning module GameLiveStreaming (85)
[2016.05.08-08.04.56:214][232]LogModuleManager: Shutting down and abandoning module GameplayTagsEditor (84)
[2016.05.08-08.04.56:214][232]LogModuleManager: Shutting down and abandoning module OnlineBlueprintSupport (83)
[2016.05.08-08.04.56:214][232]LogModuleManager: Shutting down and abandoning module GameplayTasksEditor (82)
[2016.05.08-08.04.56:214][232]LogModuleManager: Shutting down and abandoning module PropertyEditor (81)
[2016.05.08-08.04.56:214][232]LogModuleManager: Shutting down and abandoning module BehaviorTreeEditor (80)
[2016.05.08-08.04.56:214][232]LogModuleManager: Shutting down and abandoning module FunctionalTesting (79)
[2016.05.08-08.04.56:214][232]LogModuleManager: Shutting down and abandoning module CollisionAnalyzer (78)
[2016.05.08-08.04.56:214][232]LogModuleManager: Shutting down and abandoning module WorkspaceMenuStructure (77)
[2016.05.08-08.04.56:214][232]LogModuleManager: Shutting down and abandoning module MessageLog (76)
[2016.05.08-08.04.56:214][232]LogModuleManager: Shutting down and abandoning module Sequencer (75)
[2016.05.08-08.04.56:214][232]LogModuleManager: Shutting down and abandoning module AssetTools (74)
[2016.05.08-08.04.56:214][232]LogModuleManager: Shutting down and abandoning module UMGEditor (73)
[2016.05.08-08.04.56:214][232]LogModuleManager: Shutting down and abandoning module UMG (72)
[2016.05.08-08.04.56:214][232]LogModuleManager: Shutting down and abandoning module SlateReflector (71)
[2016.05.08-08.04.56:214][232]LogModuleManager: Shutting down and abandoning module Slate (70)
[2016.05.08-08.04.56:214][232]LogModuleManager: Shutting down and abandoning module EditorStyle (69)
[2016.05.08-08.04.56:217][232]LogModuleManager: Shutting down and abandoning module SessionServices (68)
[2016.05.08-08.04.56:217][232]LogModuleManager: Shutting down and abandoning module SourceCodeAccess (67)
[2016.05.08-08.04.56:217][232]LogModuleManager: Shutting down and abandoning module HeadMountedDisplay (66)
[2016.05.08-08.04.56:217][232]LogModuleManager: Shutting down and abandoning module XAudio2 (65)
[2016.05.08-08.04.56:217][232]LogModuleManager: Shutting down and abandoning module Networking (63)
[2016.05.08-08.04.56:217][232]LogModuleManager: Shutting down and abandoning module Core (62)
[2016.05.08-08.04.56:217][232]LogModuleManager: Shutting down and abandoning module KismetCompiler (61)
[2016.05.08-08.04.56:217][232]LogModuleManager: Shutting down and abandoning module PhysXFormats (60)
[2016.05.08-08.04.56:217][232]LogModuleManager: Shutting down and abandoning module MeshUtilities (59)
[2016.05.08-08.04.56:217][232]LogModuleManager: Shutting down and abandoning module CookingStats (58)
[2016.05.08-08.04.56:218][232]LogModuleManager: Shutting down and abandoning module DerivedDataCache (57)
[2016.05.08-08.04.56:218][232]LogDerivedDataCache: Shutdown
[2016.05.08-08.04.56:218][232]LogModuleManager: Shutting down and abandoning module ShaderFormatOpenGL (56)
[2016.05.08-08.04.56:218][232]LogModuleManager: Shutting down and abandoning module ShaderFormatD3D (55)
[2016.05.08-08.04.56:218][232]LogModuleManager: Shutting down and abandoning module MetalShaderFormat (54)
[2016.05.08-08.04.56:218][232]LogModuleManager: Shutting down and abandoning module TextureFormatUncompressed (53)
[2016.05.08-08.04.56:218][232]LogModuleManager: Shutting down and abandoning module TextureFormatPVR (52)
[2016.05.08-08.04.56:218][232]LogModuleManager: Shutting down and abandoning module TextureFormatIntelISPCTexComp (51)
[2016.05.08-08.04.56:218][232]LogModuleManager: Shutting down and abandoning module TextureFormatDXT (50)
[2016.05.08-08.04.56:218][232]LogModuleManager: Shutting down and abandoning module ImageWrapper (49)
[2016.05.08-08.04.56:218][232]LogModuleManager: Shutting down and abandoning module TextureFormatASTC (48)
[2016.05.08-08.04.56:218][232]LogModuleManager: Shutting down and abandoning module TextureFormatAndroid (47)
[2016.05.08-08.04.56:218][232]LogModuleManager: Shutting down and abandoning module AudioFormatOpus (46)
[2016.05.08-08.04.56:218][232]LogModuleManager: Shutting down and abandoning module AudioFormatOgg (45)
[2016.05.08-08.04.56:218][232]LogModuleManager: Shutting down and abandoning module AudioFormatADPCM (44)
[2016.05.08-08.04.56:218][232]LogModuleManager: Shutting down and abandoning module LinuxTargetPlatform (43)
[2016.05.08-08.04.56:218][232]LogModuleManager: Shutting down and abandoning module LinuxServerTargetPlatform (42)
[2016.05.08-08.04.56:218][232]LogModuleManager: Shutting down and abandoning module LinuxNoEditorTargetPlatform (41)
[2016.05.08-08.04.56:218][232]LogModuleManager: Shutting down and abandoning module TVOSTargetPlatform (40)
[2016.05.08-08.04.56:218][232]LogModuleManager: Shutting down and abandoning module Messaging (39)
[2016.05.08-08.04.56:218][232]LogModuleManager: Shutting down and abandoning module IOSTargetPlatform (38)
[2016.05.08-08.04.56:218][232]LogModuleManager: Shutting down and abandoning module HTML5TargetPlatform (37)
[2016.05.08-08.04.56:218][232]LogModuleManager: Shutting down and abandoning module Android_PVRTCTargetPlatform (36)
[2016.05.08-08.04.56:218][232]LogModuleManager: Shutting down and abandoning module Android_MultiTargetPlatform (35)
[2016.05.08-08.04.56:218][232]LogModuleManager: Shutting down and abandoning module Android_ETC2TargetPlatform (34)
[2016.05.08-08.04.56:218][232]LogModuleManager: Shutting down and abandoning module Android_ETC1TargetPlatform (33)
[2016.05.08-08.04.56:218][232]LogModuleManager: Shutting down and abandoning module Android_DXTTargetPlatform (32)
[2016.05.08-08.04.56:218][232]LogModuleManager: Shutting down and abandoning module Android_ATCTargetPlatform (31)
[2016.05.08-08.04.56:218][232]LogModuleManager: Shutting down and abandoning module Android_ASTCTargetPlatform (30)
[2016.05.08-08.04.56:218][232]LogModuleManager: Shutting down and abandoning module AndroidTargetPlatform (29)
[2016.05.08-08.04.56:218][232]LogModuleManager: Shutting down and abandoning module WindowsTargetPlatform (28)
[2016.05.08-08.04.56:218][232]LogModuleManager: Shutting down and abandoning module WindowsServerTargetPlatform (27)
[2016.05.08-08.04.56:218][232]LogModuleManager: Shutting down and abandoning module WindowsNoEditorTargetPlatform (26)
[2016.05.08-08.04.56:218][232]LogModuleManager: Shutting down and abandoning module WindowsClientTargetPlatform (25)
[2016.05.08-08.04.56:218][232]LogModuleManager: Shutting down and abandoning module AllDesktopTargetPlatform (24)
[2016.05.08-08.04.56:218][232]LogModuleManager: Shutting down and abandoning module TargetPlatform (23)
[2016.05.08-08.04.56:218][232]LogModuleManager: Shutting down and abandoning module InputCore (22)
[2016.05.08-08.04.56:218][232]LogModuleManager: Shutting down and abandoning module Settings (21)
[2016.05.08-08.04.56:218][232]LogModuleManager: Shutting down and abandoning module OnlineSubsystem (19)
[2016.05.08-08.04.56:218][232]LogModuleManager: Shutting down and abandoning module HTTP (18)
[2016.05.08-08.04.57:220][232]LogModuleManager: Shutting down and abandoning module XMPP (17)
[2016.05.08-08.04.57:220][232]LogModuleManager: Shutting down and abandoning module OculusRift (16)
[2016.05.08-08.04.57:220][232]LogModuleManager: Shutting down and abandoning module ExampleDeviceProfileSelector (15)
[2016.05.08-08.04.57:220][232]LogModuleManager: Shutting down and abandoning module TextureCompressor (14)
[2016.05.08-08.04.57:221][232]LogModuleManager: Shutting down and abandoning module ShaderCore (13)
[2016.05.08-08.04.57:221][232]LogModuleManager: Shutting down and abandoning module Landscape (12)
[2016.05.08-08.04.57:221][232]LogModuleManager: Shutting down and abandoning module SlateRHIRenderer (11)
[2016.05.08-08.04.57:226][232]LogModuleManager: Shutting down and abandoning module OpenGLDrv (10)
[2016.05.08-08.04.57:226][232]LogModuleManager: Shutting down and abandoning module D3D11RHI (9)
[2016.05.08-08.04.57:226][232]LogModuleManager: Shutting down and abandoning module AnimGraphRuntime (8)
[2016.05.08-08.04.57:226][232]LogModuleManager: Shutting down and abandoning module Renderer (7)
[2016.05.08-08.04.57:226][232]LogModuleManager: Shutting down and abandoning module Engine (6)
[2016.05.08-08.04.57:226][232]LogModuleManager: Shutting down and abandoning module CoreUObject (5)
[2016.05.08-08.04.57:226][232]LogModuleManager: Shutting down and abandoning module NetworkFile (4)
[2016.05.08-08.04.57:226][232]LogModuleManager: Shutting down and abandoning module StreamingFile (3)
[2016.05.08-08.04.57:226][232]LogModuleManager: Shutting down and abandoning module SandboxFile (2)
[2016.05.08-08.04.57:226][232]LogModuleManager: Shutting down and abandoning module PakFile (1)
[2016.05.08-08.04.57:230][232]LogExit: Exiting.
[2016.05.08-08.04.57:287][232]Log file closed, 05/08/16 17:04:57
