Log file open, 05/05/16 16:05:21
LogInit:Display: Running engine for game: MagicDangion
LogPlatformFile: Not using cached read wrapper
LogInit:Display: RandInit(-938091844) SRandInit(-938091843).
LogTaskGraph: Started task graph with 4 named threads and 7 total threads.
LogStats: Stats thread started at 0.062041
LogInit: Version: 4.11.2-2946394+++UE4+Release-4.11
LogInit: API Version: 2927265
LogInit: Compiled (64-bit): Apr 18 2016 02:18:46
LogInit: Compiled with Visual C++: 19.00.23026.00
LogInit: Build Configuration: Development
LogInit: Branch Name: ++UE4+Release-4.11
LogInit: Command line: 
LogInit: Base directory: C:/Program Files/Epic Games/4.11/Engine/Binaries/Win64/
LogInit: Installed Engine Build: 1
LogInit: Using libcurl 7.41.0
LogInit:  - built for x86_64-pc-win32
LogInit:  - supports SSL with WinSSL
LogInit:  - other features:
LogInit:      CURL_VERSION_SSL
LogInit:      CURL_VERSION_IPV6
LogInit:      CURL_VERSION_ASYNCHDNS
LogInit:      CURL_VERSION_LARGEFILE
LogInit:      CURL_VERSION_IDN
LogInit:  CurlRequestOptions (configurable via config and command line):
LogInit:  - bVerifyPeer = true  - Libcurl will verify peer certificate
LogInit:  - bUseHttpProxy = false  - Libcurl will NOT use HTTP proxy
LogInit:  - bDontReuseConnections = false  - Libcurl will reuse connections
LogInit:  - CertBundlePath = nullptr  - Libcurl will use whatever was configured at build time.
LogInit: Presizing for max 16777216 objects, including 0 objects not considered by GC, pre-allocating 0 bytes for permanent pool.
LogInit: Object subsystem initialized
[2016.05.05-07.05.21:193][  0]LogInit: Selected Device Profile: [Windows]
[2016.05.05-07.05.21:193][  0]LogInit: Applying CVar settings loaded from the selected device profile: [Windows]
[2016.05.05-07.05.21:200][  0]LogInit: Computer: LIGHT
[2016.05.05-07.05.21:200][  0]LogInit: User: EllightDunois
[2016.05.05-07.05.21:200][  0]LogInit: CPU Page size=65536, Cores=4
[2016.05.05-07.05.21:200][  0]LogInit: High frequency timer resolution =3.906245 MHz
[2016.05.05-07.05.21:200][  0]LogMemory: Memory total: Physical=7.9GB (8GB approx)
[2016.05.05-07.05.21:200][  0]LogMemory: Platform Memory Stats for Windows
[2016.05.05-07.05.21:200][  0]LogMemory: Process Physical Memory: 314.40 MB used, 314.40 MB peak
[2016.05.05-07.05.21:200][  0]LogMemory: Process Virtual Memory: 314.80 MB used, 314.80 MB peak
[2016.05.05-07.05.21:200][  0]LogMemory: Physical Memory: 3651.70 MB used, 8133.65 MB total
[2016.05.05-07.05.21:200][  0]LogMemory: Virtual Memory: 652.86 MB used, 134217728.00 MB total
[2016.05.05-07.05.21:222][  0]LogTextLocalizationManager: No specific translations for ('ja-JP') exist, so ('ja') translations will be used.
[2016.05.05-07.05.21:275][  0]LogTextLocalizationManager:Warning: Loaded localization resources contain conflicting entries for (Namespace:K2Node, Key:false):
Localization Resource: (C:/Program Files/Epic Games/4.11/Engine/Content/Localization/EditorTutorials/ja/EditorTutorials.locres) Source String Hash: (816077464) Localized String: (偽)
Localization Resource: (C:/Program Files/Epic Games/4.11/Engine/Content/Localization/Engine/ja/Engine.locres) Source String Hash: (816077464) Localized String: (false)
[2016.05.05-07.05.21:276][  0]LogTextLocalizationManager:Warning: Loaded localization resources contain conflicting entries for (Namespace:K2Node, Key:true):
Localization Resource: (C:/Program Files/Epic Games/4.11/Engine/Content/Localization/EditorTutorials/ja/EditorTutorials.locres) Source String Hash: (-942328987) Localized String: (真)
Localization Resource: (C:/Program Files/Epic Games/4.11/Engine/Content/Localization/Engine/ja/Engine.locres) Source String Hash: (-942328987) Localized String: (true)
[2016.05.05-07.05.21:276][  0]LogTextLocalizationManager:Warning: Loaded localization resources contain conflicting entries for (Namespace:UObjectToolTips, Key:AnimNode_BlendSpacePlayer:bLoop):
Localization Resource: (C:/Program Files/Epic Games/4.11/Engine/Content/Localization/EditorTutorials/ja/EditorTutorials.locres) Source String Hash: (2133979316) Localized String: (再生が最後まで終わった後、ロープ再生するようにしますか？)
Localization Resource: (C:/Program Files/Epic Games/4.11/Engine/Content/Localization/ToolTips/ja/ToolTips.locres) Source String Hash: (2133979316) Localized String: (ループが最後まで到達した時に、アニメーションのループを継続するべきか？)
[2016.05.05-07.05.21:276][  0]LogTextLocalizationManager:Warning: Loaded localization resources contain conflicting entries for (Namespace:UObjectToolTips, Key:AnimNode_BlendSpacePlayer:X):
Localization Resource: (C:/Program Files/Epic Games/4.11/Engine/Content/Localization/EditorTutorials/ja/EditorTutorials.locres) Source String Hash: (2060772590) Localized String: (ブレンドスペースで値を取得するX座標)
Localization Resource: (C:/Program Files/Epic Games/4.11/Engine/Content/Localization/ToolTips/ja/ToolTips.locres) Source String Hash: (2060772590) Localized String: (ブレンドスペースでサンプリングするX座標)
[2016.05.05-07.05.21:276][  0]LogTextLocalizationManager:Warning: Loaded localization resources contain conflicting entries for (Namespace:UObjectToolTips, Key:AnimNode_BlendSpacePlayer:Y):
Localization Resource: (C:/Program Files/Epic Games/4.11/Engine/Content/Localization/EditorTutorials/ja/EditorTutorials.locres) Source String Hash: (-1719607538) Localized String: (ブレンドスペースで値を取得するY座標)
Localization Resource: (C:/Program Files/Epic Games/4.11/Engine/Content/Localization/ToolTips/ja/ToolTips.locres) Source String Hash: (-1719607538) Localized String: (ブレンドスペースでサンプリングするY座標)
[2016.05.05-07.05.21:276][  0]LogTextLocalizationManager:Warning: Loaded localization resources contain conflicting entries for (Namespace:UObjectToolTips, Key:AnimNode_BlendSpacePlayer:Z):
Localization Resource: (C:/Program Files/Epic Games/4.11/Engine/Content/Localization/EditorTutorials/ja/EditorTutorials.locres) Source String Hash: (1728943471) Localized String: (ブレンドスペースで値を取得するZ座標)
Localization Resource: (C:/Program Files/Epic Games/4.11/Engine/Content/Localization/ToolTips/ja/ToolTips.locres) Source String Hash: (1728943471) Localized String: (ブレンドスペースでサンプリングするZ座標)
[2016.05.05-07.05.21:276][  0]LogTextLocalizationManager:Warning: Loaded localization resources contain conflicting entries for (Namespace:UObjectToolTips, Key:AnimNode_BlendSpacePlayer:BlendSpace):
Localization Resource: (C:/Program Files/Epic Games/4.11/Engine/Content/Localization/EditorTutorials/ja/EditorTutorials.locres) Source String Hash: (1599043277) Localized String: (再生するブレンドスペースのアセット)
Localization Resource: (C:/Program Files/Epic Games/4.11/Engine/Content/Localization/ToolTips/ja/ToolTips.locres) Source String Hash: (1599043277) Localized String: (再生するブレンド空間アセット)
[2016.05.05-07.05.21:276][  0]LogTextLocalizationManager:Warning: Loaded localization resources contain conflicting entries for (Namespace:UObjectToolTips, Key:AnimNode_StateMachine:MaxTransitionsPerFrame):
Localization Resource: (C:/Program Files/Epic Games/4.11/Engine/Content/Localization/EditorTutorials/ja/EditorTutorials.locres) Source String Hash: (1567650430) Localized String: (このマシーンで1フレームあたりに同時に処理できるトランジションの最大数)
Localization Resource: (C:/Program Files/Epic Games/4.11/Engine/Content/Localization/ToolTips/ja/ToolTips.locres) Source String Hash: (1567650430) Localized String: (単一フレームでマシーンが「同時」に受け取れる遷移の最大数)
[2016.05.05-07.05.21:276][  0]LogTextLocalizationManager:Warning: Loaded localization resources contain conflicting entries for (Namespace:UObjectToolTips, Key:AnimNode_BlendSpacePlayer:PlayRate):
Localization Resource: (C:/Program Files/Epic Games/4.11/Engine/Content/Localization/EditorTutorials/ja/EditorTutorials.locres) Source String Hash: (-1274923958) Localized String: (再生速度の倍率です。負の数値も使う事ができます。その場合逆再生になります。)
Localization Resource: (C:/Program Files/Epic Games/4.11/Engine/Content/Localization/ToolTips/ja/ToolTips.locres) Source String Hash: (-1274923958) Localized String: (再生レート乗数。アニメーションを逆再生する負の値にすることができます。)
[2016.05.05-07.05.21:384][  0]LogD3D11RHI: D3D11 adapters:
[2016.05.05-07.05.21:393][  0]LogD3D11RHI:    0. 'AMD Radeon R9 200 Series' (Feature Level 11_0)
[2016.05.05-07.05.21:393][  0]LogD3D11RHI:       4074MB of dedicated video memory, 0MB of dedicated system memory, and 4066MB of shared system memory, 1 output[s]
[2016.05.05-07.05.21:393][  0]LogD3D11RHI:    1. 'Microsoft Basic Render Driver' (Feature Level 11_0)
[2016.05.05-07.05.21:393][  0]LogD3D11RHI:       0MB of dedicated video memory, 0MB of dedicated system memory, and 4066MB of shared system memory, 0 output[s]
[2016.05.05-07.05.21:393][  0]LogD3D11RHI: Chosen D3D11 Adapter: 0
[2016.05.05-07.05.21:397][  0]LogD3D11RHI: Creating new Direct3DDevice
[2016.05.05-07.05.21:397][  0]LogD3D11RHI:     Adapter Name: AMD Radeon R9 200 Series
[2016.05.05-07.05.21:397][  0]LogD3D11RHI:   Driver Version: Catalyst 15.8 (internal 16.150.2211.0)
[2016.05.05-07.05.21:397][  0]LogD3D11RHI:      Driver Date: 3-21-2016
[2016.05.05-07.05.21:397][  0]LogRHI: Texture pool is 1361 MB (70% of 1945 MB)
[2016.05.05-07.05.21:400][  0]LogD3D11RHI: Async texture creation disabled: no driver support
[2016.05.05-07.05.21:410][  0]LogShaderCompilers: Guid format shader working directory is -52 characters bigger than the processId version (../../../../../../Users/EllightDunois/Documents/Unreal Projects/MagicDungeon_Project/src/MagicDungeon/Intermediate/Shaders/WorkingDirectory/3148/).
[2016.05.05-07.05.21:410][  0]LogShaderCompilers: Cleaned the shader compiler working directory 'C:/Users/ELLIGH~1/AppData/Local/Temp/UnrealShaderWorkingDir/C437A87E4273690C45B54BB8830983B0/'.
[2016.05.05-07.05.21:410][  0]LogShaderCompilers:Display: Using Local Shader Compiler.
[2016.05.05-07.05.22:053][  0]LogTemp:Display: Loaded TP AllDesktopTargetPlatform
[2016.05.05-07.05.22:056][  0]LogTemp:Display: Loaded TP WindowsClientTargetPlatform
[2016.05.05-07.05.22:059][  0]LogTemp:Display: Loaded TP WindowsNoEditorTargetPlatform
[2016.05.05-07.05.22:062][  0]LogTemp:Display: Loaded TP WindowsServerTargetPlatform
[2016.05.05-07.05.22:064][  0]LogTemp:Display: Loaded TP WindowsTargetPlatform
[2016.05.05-07.05.22:066][  0]LogTemp:Display: Loaded TP AndroidTargetPlatform
[2016.05.05-07.05.22:068][  0]LogTemp:Display: Loaded TP Android_ASTCTargetPlatform
[2016.05.05-07.05.22:070][  0]LogTemp:Display: Loaded TP Android_ATCTargetPlatform
[2016.05.05-07.05.22:072][  0]LogTemp:Display: Loaded TP Android_DXTTargetPlatform
[2016.05.05-07.05.22:074][  0]LogTemp:Display: Loaded TP Android_ETC1TargetPlatform
[2016.05.05-07.05.22:076][  0]LogTemp:Display: Loaded TP Android_ETC2TargetPlatform
[2016.05.05-07.05.22:079][  0]LogTemp:Display: Loaded TP Android_MultiTargetPlatform
[2016.05.05-07.05.22:079][  0]LogTemp:Display: Loaded TP Android_PVRTCTargetPlatform
[2016.05.05-07.05.22:080][  0]LogTemp:Display: Loaded TP HTML5TargetPlatform
[2016.05.05-07.05.22:094][  0]LogTemp:Display: Loaded TP IOSTargetPlatform
[2016.05.05-07.05.22:096][  0]LogTemp:Display: Loaded TP TVOSTargetPlatform
[2016.05.05-07.05.22:098][  0]LogTemp:Display: Loaded TP LinuxNoEditorTargetPlatform
[2016.05.05-07.05.22:100][  0]LogTemp:Display: Loaded TP LinuxServerTargetPlatform
[2016.05.05-07.05.22:102][  0]LogTemp:Display: Loaded TP LinuxTargetPlatform
[2016.05.05-07.05.22:102][  0]LogTargetPlatformManager:Display: Building Assets For Windows
[2016.05.05-07.05.22:142][  0]LogDerivedDataCache:Display: Max Cache Size: 512 MB
[2016.05.05-07.05.22:176][  0]LogDerivedDataCache: Loaded boot cache 0.03s 46MB C:/Users/EllightDunois/AppData/Local/UnrealEngine/4.11/DerivedDataCache/Boot.ddc.
[2016.05.05-07.05.22:176][  0]LogDerivedDataCache:Display: Loaded Boot cache: C:/Users/EllightDunois/AppData/Local/UnrealEngine/4.11/DerivedDataCache/Boot.ddc
[2016.05.05-07.05.22:176][  0]LogDerivedDataCache: FDerivedDataBackendGraph:  Pak pak cache file ../../../../../../Users/EllightDunois/Documents/Unreal Projects/MagicDungeon_Project/src/MagicDungeon/DerivedDataCache/DDC.ddp not found, will not use a pak cache.
[2016.05.05-07.05.22:176][  0]LogDerivedDataCache: Unable to find inner node Pak for hierarchical cache Hierarchy.
[2016.05.05-07.05.22:176][  0]LogDerivedDataCache: FDerivedDataBackendGraph:  CompressedPak pak cache file ../../../../../../Users/EllightDunois/Documents/Unreal Projects/MagicDungeon_Project/src/MagicDungeon/DerivedDataCache/Compressed.ddp not found, will not use a pak cache.
[2016.05.05-07.05.22:176][  0]LogDerivedDataCache: Unable to find inner node CompressedPak for hierarchical cache Hierarchy.
[2016.05.05-07.05.22:186][  0]LogDerivedDataCache:Display: Pak cache opened for reading ../../../Engine/DerivedDataCache/Compressed.ddp.
[2016.05.05-07.05.22:197][  0]LogDerivedDataCache: Using Local data cache path C:/Users/EllightDunois/AppData/Local/UnrealEngine/Common/DerivedDataCache: Writable
[2016.05.05-07.05.22:296][  0]LogInit: Selected Device Profile: [Windows]
[2016.05.05-07.05.22:297][  0]LogContentStreaming: Texture pool size is 0.00 MB
[2016.05.05-07.05.22:318][  0]LogMaterial: Uniform references updated for custom material expression Custom.
[2016.05.05-07.05.22:393][  0]LogMeshUtilities: No automatic mesh reduction module available
[2016.05.05-07.05.22:393][  0]LogMeshUtilities: No automatic mesh merging module available
[2016.05.05-07.05.22:393][  0]LogMeshUtilities: No distributed automatic mesh merging module available
[2016.05.05-07.05.22:554][  0]LogUObjectArray: 27679 objects as part of root set at end of initial load.
[2016.05.05-07.05.22:554][  0]LogUObjectAllocator: 5591592 out of 0 bytes used by permanent object pool.
[2016.05.05-07.05.22:554][  0]LogUObjectArray: CloseDisregardForGC: 0/0 objects in disregard for GC pool
[2016.05.05-07.05.22:558][  0]LogInit: WinSock: version 1.1 (2.2), MaxSocks=32767, MaxUdp=65467
[2016.05.05-07.05.22:609][  0]LogSlate: SlateFontCache - WITH_FREETYPE: 1, WITH_HARFBUZZ: 1
[2016.05.05-07.05.22:609][  0]LogSlate: SlateFontCache - WITH_FREETYPE: 1, WITH_HARFBUZZ: 1
[2016.05.05-07.05.22:670][  0]LogStreaming:Warning: Failed to read file '../../../Engine/Content/Editor/Slate/Common/Selection_16x.png' error.
[2016.05.05-07.05.22:670][  0]LogSlate: Could not find file for Slate resource: ../../../Engine/Content/Editor/Slate/Common/Selection_16x.png
[2016.05.05-07.05.22:670][  0]LogStreaming:Warning: Failed to read file '../../../Engine/Content/Editor/Slate/Common/Selection_16x.png' error.
[2016.05.05-07.05.22:670][  0]LogSlate: Could not find file for Slate resource: ../../../Engine/Content/Editor/Slate/Common/Selection_16x.png
[2016.05.05-07.05.22:670][  0]LogStreaming:Warning: Failed to read file '../../../Engine/Content/Editor/Slate/Common/Selection_16x.png' error.
[2016.05.05-07.05.22:670][  0]LogSlate: Could not find file for Slate resource: ../../../Engine/Content/Editor/Slate/Common/Selection_16x.png
[2016.05.05-07.05.23:011][  0]LogUdpMessaging: Initializing bridge on interface 0.0.0.0:0 to multicast group 230.0.0.1:6666.
[2016.05.05-07.05.23:101][  0]LogAssetRegistry: FAssetRegistry took 0.0211 seconds to start up
[2016.05.05-07.05.23:193][  0]SourceControl: 情報 ソースコントロールは無効です
[2016.05.05-07.05.23:216][  0]SourceControl: 情報 ソースコントロールは無効です
[2016.05.05-07.05.23:220][  0]SourceControl: 情報 ソースコントロールは無効です
[2016.05.05-07.05.23:223][  0]SourceControl: 情報 ソースコントロールは無効です
[2016.05.05-07.05.23:281][  0]LogHMD: Failed to initialize OpenVR with code 110
[2016.05.05-07.05.23:326][  0]LogEngine: Initializing Engine...
[2016.05.05-07.05.23:406][  0]LogAIModule: Creating AISystem for world NewWorld
[2016.05.05-07.05.23:411][  0]LogInit: XAudio2 using 'SPDIF出力 (SB Recon3D PCIe)' : 2 channels at 48 kHz using 32 bits per sample (channel mask 0x3)
[2016.05.05-07.05.23:415][  0]LogInit: FAudioDevice initialized.
[2016.05.05-07.05.23:434][  0]LogDerivedDataCache: Saved boot cache 0.02s 46MB C:/Users/EllightDunois/AppData/Local/UnrealEngine/4.11/DerivedDataCache/Boot.ddc.
[2016.05.05-07.05.23:438][  0]LogInit: Texture streaming: Enabled
[2016.05.05-07.05.23:451][  0]LogInit: Transaction tracking system initialized
[2016.05.05-07.05.23:463][  0]BlueprintLog: New page: エディタの読み込み
[2016.05.05-07.05.23:501][  0]LocalizationService: 情報 ローカライズのサービスが無効になりました
[2016.05.05-07.05.23:546][  0]LogConsoleResponse:Display: 
[2016.05.05-07.05.23:623][  0]LogCook:Display: Max memory allowance for cook 8192mb
[2016.05.05-07.05.23:623][  0]LogCook:Display: Mobile HDR setting 1
[2016.05.05-07.05.23:623][  0]LogCook:Display: Done creating registry. It took  0.00s.
[2016.05.05-07.05.23:650][  0]LogFileCache: Scanning file cache for directory 'C:/Users/EllightDunois/Documents/Unreal Projects/MagicDungeon_Project/src/MagicDungeon/Content/' took 0.01s
[2016.05.05-07.05.23:650][  0]SourceControl: 情報 ソースコントロールは無効です
[2016.05.05-07.05.23:719][  0]LogWindowsTextInputMethodSystem:Display: IME system now activated using TSF (Microsoft IME).
[2016.05.05-07.05.23:719][  0]LogWindowsTextInputMethodSystem:Display: IME system now activated using TSF (Microsoft IME).
[2016.05.05-07.05.26:797][  0]LogWindowsTextInputMethodSystem:Display: IME system now activated using TSF (Microsoft IME).
[2016.05.05-07.05.26:798][  0]LogWindowsTextInputMethodSystem:Display: IME system now activated using TSF (Microsoft IME).
[2016.05.05-07.05.26:799][  0]LogWindowsTextInputMethodSystem:Display: IME system now activated using TSF (Microsoft IME).
[2016.05.05-07.05.26:799][  0]LogWindowsTextInputMethodSystem:Display: IME system now activated using TSF (Microsoft IME).
[2016.05.05-07.05.27:718][  0]LogWindowsTextInputMethodSystem:Display: IME system now activated using TSF (Microsoft IME).
[2016.05.05-07.05.27:718][  0]LogWindowsTextInputMethodSystem:Display: IME system now activated using TSF (Microsoft IME).
[2016.05.05-07.05.27:719][  0]LogWindowsTextInputMethodSystem:Display: IME system now activated using TSF (Microsoft IME).
[2016.05.05-07.05.27:719][  0]LogWindowsTextInputMethodSystem:Display: IME system now activated using TSF (Microsoft IME).
[2016.05.05-07.05.27:730][  0]Cmd: MAP LOAD FILE="../../../../../../Users/EllightDunois/Documents/Unreal Projects/MagicDungeon_Project/src/MagicDungeon/Content/tes.umap" TEMPLATE=0 SHOWPROGRESS=1 FEATURELEVEL=3
[2016.05.05-07.05.27:731][  0]LightingResults: New page: ライティングのビルド
[2016.05.05-07.05.27:733][  0]MapCheck: New page: マップをチェック
[2016.05.05-07.05.27:733][  0]LightingResults: New page: <何も選択されていません>
[2016.05.05-07.05.28:029][  0]LogBlueprint:Warning: USimpleConstructionScript::FixupRootNodeParentReferences() - Couldn't find inherited parent component 'DefaultSceneRoot' for 'Scene' in BlueprintGeneratedClass 'REINST_Attack_BP_C_50' (it may have been removed)
[2016.05.05-07.05.28:097][  0]LogBlueprint:Warning: USimpleConstructionScript::FixupRootNodeParentReferences() - Couldn't find inherited parent component 'DefaultSceneRoot' for 'Sphere' in BlueprintGeneratedClass 'REINST_Fire_small_BP_C_64' (it may have been removed)
[2016.05.05-07.05.29:343][  0]LogAIModule: Creating AISystem for world tes
[2016.05.05-07.05.29:347][  0]LogEditorServer: Finished looking for orphan Actors (0.000 secs)
[2016.05.05-07.05.29:348][  0]Cmd: MAP CHECKDEP NOCLEARLOG
[2016.05.05-07.05.29:393][  0]MapCheck: 情報 マップチェックが完了: 0 エラー、 0 警告、完了に 45.5ミリ秒かかりました。
[2016.05.05-07.05.29:393][  0]LogFileHelpers: Loading map 'tes' took 1.663
[2016.05.05-07.05.29:442][  0]LogStats:Warning: MetaData mismatch. Did you assign a stat to two groups? New //STATGROUP_Threads//SplashScreenThread///Thread_2f30_0///####STATCAT_Advanced#### old //STATGROUP_Threads//SplashScreenThread///Thread_c60_0///####STATCAT_Advanced####
[2016.05.05-07.05.29:442][  0]LogCollectionManager: Loaded 0 collections in 0.000939 seconds
[2016.05.05-07.05.29:480][  0]LogFileCache: Scanning file cache for directory 'C:/Users/EllightDunois/Documents/Unreal Projects/MagicDungeon_Project/src/MagicDungeon/Saved/Collections/' took 0.01s
[2016.05.05-07.05.29:480][  0]LogFileCache: Scanning file cache for directory 'C:/Users/EllightDunois/Documents/Unreal Projects/MagicDungeon_Project/src/MagicDungeon/Content/Developers/EllightDunois/Collections/' took 0.01s
[2016.05.05-07.05.29:480][  0]LogFileCache: Scanning file cache for directory 'C:/Users/EllightDunois/Documents/Unreal Projects/MagicDungeon_Project/src/MagicDungeon/Content/Collections/' took 0.01s
[2016.05.05-07.05.29:480][  0]LogCollectionManager: Rebuilt the GUID cache for 0 collections in 0.000002 seconds
[2016.05.05-07.05.29:485][  0]LogContentBrowser: Native class hierarchy populated in 0.0051 seconds. Added 1980 classes and 345 folders.
[2016.05.05-07.05.29:496][  0]LogStats: UGameplayTagsManager::ConstructGameplayTagTree: Construct from data asset -  0.000 s
[2016.05.05-07.05.29:496][  0]LogStats: UGameplayTagsManager::ConstructGameplayTagTree: GameplayTagTreeChangedEvent.Broadcast -  0.000 s
[2016.05.05-07.05.29:497][  0]LogContentBrowser: Native class hierarchy updated for 'GameplayTags' in 0.0010 seconds. Added 12 classes and 0 folders.
[2016.05.05-07.05.29:508][  0]LogContentBrowser: Native class hierarchy updated for 'WidgetCarousel' in 0.0008 seconds. Added 0 classes and 0 folders.
[2016.05.05-07.05.29:518][  0]LogContentBrowser: Native class hierarchy updated for 'SuperSearch' in 0.0004 seconds. Added 1 classes and 2 folders.
[2016.05.05-07.05.29:551][  0]LogContentBrowser: Native class hierarchy updated for 'AddContentDialog' in 0.0002 seconds. Added 0 classes and 0 folders.
[2016.05.05-07.05.29:635][  0]LogCrashTracker: Crashtracker disabled due to settings.
[2016.05.05-07.05.29:639][  0]LogUObjectGlobals:Warning: オブジェクト 'Class なし.' が見つかりませんでした
[2016.05.05-07.05.29:663][  0]LogContentBrowser: Native class hierarchy updated for 'HierarchicalLODOutliner' in 0.0003 seconds. Added 1 classes and 2 folders.
[2016.05.05-07.05.29:663][  0]LogLoad: Full Startup: 8.97 seconds (BP compile: 0.29 seconds)
[2016.05.05-07.05.29:663][  0]LogExternalProfiler: Found external profiler: VSPerf
[2016.05.05-07.05.29:663][  0]LogExternalProfiler: Using external profiler: VSPerf
[2016.05.05-07.05.29:674][  0]LogOcInput: OculusInput pre-init called
[2016.05.05-07.05.29:689][  0]LogAssetRegistry: Asset discovery search completed in 6.6092 seconds
[2016.05.05-07.05.29:689][  0]LogCollectionManager: Rebuilt the object cache for 0 collections in 0.000001 seconds (found 0 objects)
[2016.05.05-07.05.29:689][  0]LogCollectionManager: Fixed up redirectors for 0 collections in 0.000012 seconds (updated 0 objects)
[2016.05.05-07.05.29:709][  0]LogContentStreaming: Texture pool size now 1000 MB
[2016.05.05-07.05.29:820][  0]LogRenderer: Reallocating scene render targets to support 2248x884 (Frame:2).
[2016.05.05-07.05.37:998][621]LogLinker:Warning: ファイル '/Game/BluePrints/Enemys/Bat/Move_Straight_BT' が見つかりません
[2016.05.05-07.05.37:998][621]LogLinker:Warning: ../../../../../../Users/EllightDunois/Documents/Unreal Projects/MagicDungeon_Project/src/MagicDungeon/Content/BluePrints/Enemys/Bat/Bat_Behavior.uasset のロード中にアセット '/Game/BluePrints/Enemys/Bat/Move_Straight_BT'  のファイルが見つかりません
[2016.05.05-07.05.37:998][621]LoadErrors:Error: エラー /Game/BluePrints/Enemys/Bat/Bat_Behavior : アセットのファイルが見つかりません /Game/BluePrints/Enemys/Bat/Move_Straight_BT
[2016.05.05-07.05.37:998][621]LogLinker:Warning: ファイル '/Game/BluePrints/Enemys/Bat/Move_Straight_BT' が見つかりません
[2016.05.05-07.05.37:998][621]LogLinker:Warning: ../../../../../../Users/EllightDunois/Documents/Unreal Projects/MagicDungeon_Project/src/MagicDungeon/Content/BluePrints/Enemys/Bat/Bat_Behavior.uasset のロード中にアセット '/Game/BluePrints/Enemys/Bat/Move_Straight_BT'  のファイルが見つかりません
[2016.05.05-07.05.37:999][621]LogLinker:Warning: ファイル '/Game/BluePrints/Enemys/Bat/Move_Straight_BT' が見つかりません
[2016.05.05-07.05.37:999][621]LogLinker:Warning: NULL のロード中にアセット '/Game/BluePrints/Enemys/Bat/Move_Straight_BT'  のファイルが見つかりません
[2016.05.05-07.05.37:999][621]LogLinker:Warning: ファイル '/Game/BluePrints/Enemys/Bat/Move_Straight_BT' が見つかりません
[2016.05.05-07.05.37:999][621]LogLinker:Warning: NULL のロード中にアセット '/Game/BluePrints/Enemys/Bat/Move_Straight_BT'  のファイルが見つかりません
[2016.05.05-07.05.37:999][621]LogLinker:Warning: ファイル '/Game/BluePrints/Enemys/Bat/Move_Straight_BT' が見つかりません
[2016.05.05-07.05.37:999][621]LogLinker:Warning: NULL のロード中にアセット '/Game/BluePrints/Enemys/Bat/Move_Straight_BT'  のファイルが見つかりません
[2016.05.05-07.05.37:999][621]LogLinker:Warning: ファイル '/Game/BluePrints/Enemys/Bat/Move_Straight_BT' が見つかりません
[2016.05.05-07.05.37:999][621]LoadErrors: 情報 ロードに失敗しました /Game/BluePrints/Enemys/Bat/Move_Straight_BT.Move_Straight_BT_C 参照元 BehaviorTreeGraphNode_Task_30
[2016.05.05-07.05.37:999][621]LogLinker:Warning: NULL のロード中にアセット '/Game/BluePrints/Enemys/Bat/Move_Straight_BT'  のファイルが見つかりません
[2016.05.05-07.05.37:999][621]LogLinker:Warning: ファイル '/Game/BluePrints/Enemys/Bat/Move_Straight_BT' が見つかりません
[2016.05.05-07.05.38:000][621]LogLinker:Warning: NULL のロード中にアセット '/Game/BluePrints/Enemys/Bat/Move_Straight_BT'  のファイルが見つかりません
[2016.05.05-07.05.38:000][621]LogLinker:Warning: ファイル '/Game/BluePrints/Enemys/Bat/Move_Straight_BT' が見つかりません
[2016.05.05-07.05.38:000][621]LoadErrors: 情報 ロードに失敗しました /Game/BluePrints/Enemys/Bat/Move_Straight_BT.Move_Straight_BT_C 参照元 BTComposite_Sequence_0
[2016.05.05-07.05.38:000][621]LogLinker:Warning: NULL のロード中にアセット '/Game/BluePrints/Enemys/Bat/Move_Straight_BT'  のファイルが見つかりません
[2016.05.05-07.05.38:077][621]LogLinker:Warning: ファイル '/Game/BluePrints/Enemys/Bat/Move_Straight_BT' が見つかりません
[2016.05.05-07.05.38:083][621]LogLinker:Warning: ファイル '/Game/BluePrints/Enemys/Bat/Move_Straight_BT' が見つかりません
[2016.05.05-07.05.44:831][312]LogSavePackage: Save=3.26ms
[2016.05.05-07.05.44:832][312]LogSavePackage: Moving '../../../../../../Users/EllightDunois/Documents/Unreal Projects/MagicDungeon_Project/src/MagicDungeon/Saved/Bat_Behavior68956F4848B94D10B8FA58BE6B4C944A.tmp' to '../../../../../../Users/EllightDunois/Documents/Unreal Projects/MagicDungeon_Project/src/MagicDungeon/Content/BluePrints/Enemys/Bat/Bat_Behavior.uasset'
[2016.05.05-07.05.44:834][312]LogSavePackage: Total save time: 26.14ms
[2016.05.05-07.05.44:834][312]LogSavePackage:Display: Finished SavePackage ../../../../../../Users/EllightDunois/Documents/Unreal Projects/MagicDungeon_Project/src/MagicDungeon/Content/BluePrints/Enemys/Bat/Bat_Behavior.uasset
[2016.05.05-07.05.50:054][766]LogEditorViewport: Clicking on Actor (LMB): Spider_BP_C (Spider_BP)
[2016.05.05-07.05.53:817][ 92]LogActorComponent: UnregisterComponent: (/Engine/Transient.CharMoveComp) Not registered. Aborting.
[2016.05.05-07.05.53:817][ 92]LogActorComponent: UnregisterComponent: (/Engine/Transient.CharacterMovementComponent_0) Not registered. Aborting.
[2016.05.05-07.05.53:817][ 92]LogActorComponent: UnregisterComponent: (/Engine/Transient.CharacterMovementComponent_1) Not registered. Aborting.
[2016.05.05-07.05.53:817][ 92]LogActorComponent: UnregisterComponent: (/Engine/Transient.CharacterMovementComponent_2) Not registered. Aborting.
[2016.05.05-07.05.55:160][ 92]LogSavePackage: Save=62.59ms
[2016.05.05-07.05.55:160][ 92]LogSavePackage: Moving '../../../../../../Users/EllightDunois/Documents/Unreal Projects/MagicDungeon_Project/src/MagicDungeon/Saved/tes03F69B844F645E928F6D33A037D352C9.tmp' to '../../../../../../Users/EllightDunois/Documents/Unreal Projects/MagicDungeon_Project/src/MagicDungeon/Content/tes.umap'
[2016.05.05-07.05.55:161][ 92]LogSavePackage: Total save time: 84.29ms
[2016.05.05-07.05.55:161][ 92]LogSavePackage:Display: Finished SavePackage ../../../../../../Users/EllightDunois/Documents/Unreal Projects/MagicDungeon_Project/src/MagicDungeon/Content/tes.umap
[2016.05.05-07.05.55:205][ 92]LogFileHelpers: Saving map 'tes' took 0.178
[2016.05.05-07.06.11:553][712]Cmd: EDIT COPY
[2016.05.05-07.06.11:811][736]Cmd: EDIT PASTE
[2016.05.05-07.06.34:126][811]Cmd: EDIT COPY
[2016.05.05-07.06.34:391][836]Cmd: EDIT PASTE
[2016.05.05-07.06.37:500][119]LogEditorViewport: Clicking on Actor (LMB): Bat_BP_C (Bat_BP)
[2016.05.05-07.07.13:708][740]LogPackageName: SearchForPackageOnDisk took   0.000s, but failed to resolve /Game/BluePrints/Enemys/Bat/NewBlueprint.
[2016.05.05-07.07.23:611][627]LogActorComponent: UnregisterComponent: (/Engine/Transient.CharMoveComp) Not registered. Aborting.
[2016.05.05-07.07.23:650][627]LogMetaData: Removing '/Game/BluePrints/Enemys/Bat/Move_Straight_BT.SKEL_Move_Straight_BT_C' ref from Metadata '/Game/BluePrints/Enemys/Bat/NewBlueprint.PackageMetaData'
[2016.05.05-07.07.23:650][627]LogMetaData: Removing '/Game/BluePrints/Enemys/Bat/Move_Straight_BT.Move_Straight_BT_C' ref from Metadata '/Game/BluePrints/Enemys/Bat/NewBlueprint.PackageMetaData'
[2016.05.05-07.07.23:685][627]LogSavePackage: Save=3.43ms
[2016.05.05-07.07.23:685][627]LogSavePackage: Moving '../../../../../../Users/EllightDunois/Documents/Unreal Projects/MagicDungeon_Project/src/MagicDungeon/Saved/Move_Straight_BT5F2F8BEF436D3B1F84B431A838BC0EF0.tmp' to '../../../../../../Users/EllightDunois/Documents/Unreal Projects/MagicDungeon_Project/src/MagicDungeon/Content/BluePrints/Enemys/Bat/Move_Straight_BT.uasset'
[2016.05.05-07.07.23:686][627]LogSavePackage: Total save time: 4.97ms
[2016.05.05-07.07.23:686][627]LogSavePackage:Display: Finished SavePackage ../../../../../../Users/EllightDunois/Documents/Unreal Projects/MagicDungeon_Project/src/MagicDungeon/Content/BluePrints/Enemys/Bat/Move_Straight_BT.uasset
[2016.05.05-07.07.23:797][630]LogPackageName: SearchForPackageOnDisk took   0.000s to resolve /Game/BluePrints/Enemys/Bat/Move_Straight_BT.
[2016.05.05-07.07.30:986][245]LogContentBrowser: Native class hierarchy updated for 'BlueprintGraph' in 0.0005 seconds. Added 108 classes and 0 folders.
[2016.05.05-07.08.53:759][952]BlueprintLog: New page: Move_Straight_BT をコンパイル
[2016.05.05-07.08.53:765][952]LogActorComponent: UnregisterComponent: (/Engine/Transient.CharMoveComp) Not registered. Aborting.
[2016.05.05-07.08.53:765][952]LogActorComponent: UnregisterComponent: (/Engine/Transient.CharacterMovementComponent_3) Not registered. Aborting.
[2016.05.05-07.08.53:765][952]LogActorComponent: UnregisterComponent: (/Engine/Transient.CharacterMovementComponent_4) Not registered. Aborting.
[2016.05.05-07.08.53:835][952]BlueprintEditorCompileResults: 情報 [0213.14] Move_Straight_BT のコンパイルに成功しました！  [ 75 ミリ秒]
[2016.05.05-07.08.56:536][241]LogBlueprintUserMessages: Early PlayInEditor Detection: Level '/Game/tes.tes:PersistentLevel' has LevelScriptBlueprint '/Game/tes.tes:PersistentLevel.tes' with GeneratedClass '/Game/tes.tes_C' with ClassGeneratedBy '/Game/tes.tes:PersistentLevel.tes'
[2016.05.05-07.08.56:538][241]LogPlayLevel: PlayLevel: No blueprints needed recompiling
[2016.05.05-07.08.56:538][241]PIE: New page: PIEセッション: tes (2016/05/06 1:08:56)
[2016.05.05-07.08.56:538][241]LogPlayLevel: Creating play world package: /Game/UEDPIE_0_tes
[2016.05.05-07.08.56:542][241]LogPlayLevel: PIE: StaticDuplicateObject took: (0.004223s)
[2016.05.05-07.08.56:543][241]LogAIModule: Creating AISystem for world tes
[2016.05.05-07.08.56:543][241]LogPlayLevel: PIE: World Init took: (0.000458s)
[2016.05.05-07.08.56:543][241]LogPlayLevel: PIE: Created PIE world by copying editor world from /Game/tes.tes to /Game/UEDPIE_0_tes.tes (0.004869s)
[2016.05.05-07.08.56:560][241]LogInit: XAudio2 using 'SPDIF出力 (SB Recon3D PCIe)' : 2 channels at 48 kHz using 32 bits per sample (channel mask 0x3)
[2016.05.05-07.08.56:563][241]LogInit: FAudioDevice initialized.
[2016.05.05-07.08.56:604][241]LogWorld: Game class is 'ButtleGameMode_BP_C'
[2016.05.05-07.08.56:606][241]LogWorld: Bringing World /Game/UEDPIE_0_tes.tes up for play (max tick rate 0) at 2016.05.05-16.08.56
[2016.05.05-07.08.56:607][241]LogWorld: Bringing up level for play took: 0.003115
[2016.05.05-07.08.56:611][241]LogContentBrowser: Native class hierarchy updated for 'MovieSceneCapture' in 0.0003 seconds. Added 9 classes and 0 folders.
[2016.05.05-07.08.56:615][241]PIE: 情報 /Game/UEDPIE_0_tes -0.58のプレイ イン エディタの開始時間
[2016.05.05-07.08.56:615][241]LogBlueprintUserMessages: Late PlayInEditor Detection: Level '/Game/tes.tes:PersistentLevel' has LevelScriptBlueprint '/Game/tes.tes:PersistentLevel.tes' with GeneratedClass '/Game/tes.tes_C' with ClassGeneratedBy '/Game/tes.tes:PersistentLevel.tes'
[2016.05.05-07.08.56:684][242]LogRenderTargetPool:Warning: r.RenderTargetPoolMin exceeded 409/400 MB (ok in editor, bad on fixed memory platform)
[2016.05.05-07.08.58:381][445]LogBlueprintUserMessages: Early EndPlayMap Detection: Level '/Game/tes.tes:PersistentLevel' has LevelScriptBlueprint '/Game/tes.tes:PersistentLevel.tes' with GeneratedClass '/Game/tes.tes_C' with ClassGeneratedBy '/Game/tes.tes:PersistentLevel.tes'
[2016.05.05-07.08.58:522][445]LogBlueprintUserMessages: Late EndPlayMap Detection: Level '/Game/tes.tes:PersistentLevel' has LevelScriptBlueprint '/Game/tes.tes:PersistentLevel.tes' with GeneratedClass '/Game/tes.tes_C' with ClassGeneratedBy '/Game/tes.tes:PersistentLevel.tes'
[2016.05.05-07.08.58:624][446]LogRenderTargetPool:Warning: r.RenderTargetPoolMin exceeded 403/400 MB (ok in editor, bad on fixed memory platform)
[2016.05.05-07.09.02:122][771]LogEditorViewport: Clicking on Actor (LMB): PlayerStart (Player Start)
[2016.05.05-07.09.07:384][311]LogNavigationPoint: PostEditMove Clear paths rebuilt
[2016.05.05-07.09.09:137][470]LogEditorViewport: Clicking on Actor (LMB): Bat_BP_C (Bat_BP)
[2016.05.05-07.09.10:924][631]LogBlueprintUserMessages: Early PlayInEditor Detection: Level '/Game/tes.tes:PersistentLevel' has LevelScriptBlueprint '/Game/tes.tes:PersistentLevel.tes' with GeneratedClass '/Game/tes.tes_C' with ClassGeneratedBy '/Game/tes.tes:PersistentLevel.tes'
[2016.05.05-07.09.10:926][631]LogPlayLevel: PlayLevel: No blueprints needed recompiling
[2016.05.05-07.09.10:926][631]PIE: New page: PIEセッション: tes (2016/05/06 1:09:10)
[2016.05.05-07.09.10:926][631]LogPlayLevel: Creating play world package: /Game/UEDPIE_0_tes
[2016.05.05-07.09.10:930][631]LogPlayLevel: PIE: StaticDuplicateObject took: (0.003981s)
[2016.05.05-07.09.10:931][631]LogAIModule: Creating AISystem for world tes
[2016.05.05-07.09.10:931][631]LogPlayLevel: PIE: World Init took: (0.000453s)
[2016.05.05-07.09.10:931][631]LogPlayLevel: PIE: Created PIE world by copying editor world from /Game/tes.tes to /Game/UEDPIE_0_tes.tes (0.004592s)
[2016.05.05-07.09.10:947][631]LogInit: XAudio2 using 'SPDIF出力 (SB Recon3D PCIe)' : 2 channels at 48 kHz using 32 bits per sample (channel mask 0x3)
[2016.05.05-07.09.10:950][631]LogInit: FAudioDevice initialized.
[2016.05.05-07.09.10:980][631]LogWorld: Game class is 'ButtleGameMode_BP_C'
[2016.05.05-07.09.10:983][631]LogWorld: Bringing World /Game/UEDPIE_0_tes.tes up for play (max tick rate 0) at 2016.05.05-16.09.10
[2016.05.05-07.09.10:984][631]LogWorld: Bringing up level for play took: 0.002943
[2016.05.05-07.09.10:988][631]PIE: 情報 /Game/UEDPIE_0_tes -0.207のプレイ イン エディタの開始時間
[2016.05.05-07.09.10:989][631]LogBlueprintUserMessages: Late PlayInEditor Detection: Level '/Game/tes.tes:PersistentLevel' has LevelScriptBlueprint '/Game/tes.tes:PersistentLevel.tes' with GeneratedClass '/Game/tes.tes_C' with ClassGeneratedBy '/Game/tes.tes:PersistentLevel.tes'
[2016.05.05-07.09.12:730][836]LogBlueprintUserMessages: Early EndPlayMap Detection: Level '/Game/tes.tes:PersistentLevel' has LevelScriptBlueprint '/Game/tes.tes:PersistentLevel.tes' with GeneratedClass '/Game/tes.tes_C' with ClassGeneratedBy '/Game/tes.tes:PersistentLevel.tes'
[2016.05.05-07.09.12:882][836]LogBlueprintUserMessages: Late EndPlayMap Detection: Level '/Game/tes.tes:PersistentLevel' has LevelScriptBlueprint '/Game/tes.tes:PersistentLevel.tes' with GeneratedClass '/Game/tes.tes_C' with ClassGeneratedBy '/Game/tes.tes:PersistentLevel.tes'
[2016.05.05-07.09.24:185][802]LogSavePackage: Save=3.31ms
[2016.05.05-07.09.24:185][802]LogSavePackage: Moving '../../../../../../Users/EllightDunois/Documents/Unreal Projects/MagicDungeon_Project/src/MagicDungeon/Saved/Bat_Behavior59EACC0548844734E57BB28791497804.tmp' to '../../../../../../Users/EllightDunois/Documents/Unreal Projects/MagicDungeon_Project/src/MagicDungeon/Content/BluePrints/Enemys/Bat/Bat_Behavior.uasset'
[2016.05.05-07.09.24:186][802]LogSavePackage: Total save time: 22.01ms
[2016.05.05-07.09.24:186][802]LogSavePackage:Display: Finished SavePackage ../../../../../../Users/EllightDunois/Documents/Unreal Projects/MagicDungeon_Project/src/MagicDungeon/Content/BluePrints/Enemys/Bat/Bat_Behavior.uasset
[2016.05.05-07.09.28:794][244]LogBlueprintUserMessages: Early PlayInEditor Detection: Level '/Game/tes.tes:PersistentLevel' has LevelScriptBlueprint '/Game/tes.tes:PersistentLevel.tes' with GeneratedClass '/Game/tes.tes_C' with ClassGeneratedBy '/Game/tes.tes:PersistentLevel.tes'
[2016.05.05-07.09.28:796][244]LogPlayLevel: PlayLevel: No blueprints needed recompiling
[2016.05.05-07.09.28:796][244]PIE: New page: PIEセッション: tes (2016/05/06 1:09:28)
[2016.05.05-07.09.28:797][244]LogPlayLevel: Creating play world package: /Game/UEDPIE_0_tes
[2016.05.05-07.09.28:800][244]LogPlayLevel: PIE: StaticDuplicateObject took: (0.003783s)
[2016.05.05-07.09.28:801][244]LogAIModule: Creating AISystem for world tes
[2016.05.05-07.09.28:801][244]LogPlayLevel: PIE: World Init took: (0.000444s)
[2016.05.05-07.09.28:801][244]LogPlayLevel: PIE: Created PIE world by copying editor world from /Game/tes.tes to /Game/UEDPIE_0_tes.tes (0.004413s)
[2016.05.05-07.09.28:801][244]LogActorComponent: UnregisterComponent: (/Engine/Transient.CharMoveComp) Not registered. Aborting.
[2016.05.05-07.09.28:818][244]LogInit: XAudio2 using 'SPDIF出力 (SB Recon3D PCIe)' : 2 channels at 48 kHz using 32 bits per sample (channel mask 0x3)
[2016.05.05-07.09.28:821][244]LogInit: FAudioDevice initialized.
[2016.05.05-07.09.28:847][244]LogWorld: Game class is 'ButtleGameMode_BP_C'
[2016.05.05-07.09.28:850][244]LogWorld: Bringing World /Game/UEDPIE_0_tes.tes up for play (max tick rate 0) at 2016.05.05-16.09.28
[2016.05.05-07.09.28:851][244]LogWorld: Bringing up level for play took: 0.002896
[2016.05.05-07.09.28:855][244]PIE: 情報 /Game/UEDPIE_0_tes -0.34のプレイ イン エディタの開始時間
[2016.05.05-07.09.28:855][244]LogBlueprintUserMessages: Late PlayInEditor Detection: Level '/Game/tes.tes:PersistentLevel' has LevelScriptBlueprint '/Game/tes.tes:PersistentLevel.tes' with GeneratedClass '/Game/tes.tes_C' with ClassGeneratedBy '/Game/tes.tes:PersistentLevel.tes'
[2016.05.05-07.09.28:899][245]LogRenderTargetPool:Warning: r.RenderTargetPoolMin exceeded 425/400 MB (ok in editor, bad on fixed memory platform)
[2016.05.05-07.09.30:317][415]LogBlueprintUserMessages: Early EndPlayMap Detection: Level '/Game/tes.tes:PersistentLevel' has LevelScriptBlueprint '/Game/tes.tes:PersistentLevel.tes' with GeneratedClass '/Game/tes.tes_C' with ClassGeneratedBy '/Game/tes.tes:PersistentLevel.tes'
[2016.05.05-07.09.30:426][415]LogBlueprintUserMessages: Late EndPlayMap Detection: Level '/Game/tes.tes:PersistentLevel' has LevelScriptBlueprint '/Game/tes.tes:PersistentLevel.tes' with GeneratedClass '/Game/tes.tes_C' with ClassGeneratedBy '/Game/tes.tes:PersistentLevel.tes'
[2016.05.05-07.09.42:806][121]LogPackageName: SearchForPackageOnDisk took   0.000s, but failed to resolve /Game/BluePrints/Enemys/Bat/Bat_AI.
[2016.05.05-07.09.54:783][143]BlueprintLog: New page: Bat_AI をコンパイル
[2016.05.05-07.09.54:788][143]LogActorComponent: UnregisterComponent: (/Engine/Transient.CharMoveComp) Not registered. Aborting.
[2016.05.05-07.09.54:900][143]BlueprintEditorCompileResults: 情報 [0274.21] Bat_AI のコンパイルに成功しました！  [ 117 ミリ秒]
[2016.05.05-07.09.57:268][369]LogBlueprintUserMessages: Early PlayInEditor Detection: Level '/Game/tes.tes:PersistentLevel' has LevelScriptBlueprint '/Game/tes.tes:PersistentLevel.tes' with GeneratedClass '/Game/tes.tes_C' with ClassGeneratedBy '/Game/tes.tes:PersistentLevel.tes'
[2016.05.05-07.09.57:270][369]LogPlayLevel: PlayLevel: No blueprints needed recompiling
[2016.05.05-07.09.57:270][369]PIE: New page: PIEセッション: tes (2016/05/06 1:09:57)
[2016.05.05-07.09.57:270][369]LogPlayLevel: Creating play world package: /Game/UEDPIE_0_tes
[2016.05.05-07.09.57:274][369]LogPlayLevel: PIE: StaticDuplicateObject took: (0.003887s)
[2016.05.05-07.09.57:274][369]LogAIModule: Creating AISystem for world tes
[2016.05.05-07.09.57:274][369]LogPlayLevel: PIE: World Init took: (0.000401s)
[2016.05.05-07.09.57:274][369]LogPlayLevel: PIE: Created PIE world by copying editor world from /Game/tes.tes to /Game/UEDPIE_0_tes.tes (0.004452s)
[2016.05.05-07.09.57:290][369]LogInit: XAudio2 using 'SPDIF出力 (SB Recon3D PCIe)' : 2 channels at 48 kHz using 32 bits per sample (channel mask 0x3)
[2016.05.05-07.09.57:293][369]LogInit: FAudioDevice initialized.
[2016.05.05-07.09.57:321][369]LogWorld: Game class is 'ButtleGameMode_BP_C'
[2016.05.05-07.09.57:324][369]LogWorld: Bringing World /Game/UEDPIE_0_tes.tes up for play (max tick rate 0) at 2016.05.05-16.09.57
[2016.05.05-07.09.57:325][369]LogWorld: Bringing up level for play took: 0.002870
[2016.05.05-07.09.57:329][369]PIE: 情報 /Game/UEDPIE_0_tes 0.134のプレイ イン エディタの開始時間
[2016.05.05-07.09.57:329][369]LogBlueprintUserMessages: Late PlayInEditor Detection: Level '/Game/tes.tes:PersistentLevel' has LevelScriptBlueprint '/Game/tes.tes:PersistentLevel.tes' with GeneratedClass '/Game/tes.tes_C' with ClassGeneratedBy '/Game/tes.tes:PersistentLevel.tes'
[2016.05.05-07.09.57:393][370]LogRenderTargetPool:Warning: r.RenderTargetPoolMin exceeded 425/400 MB (ok in editor, bad on fixed memory platform)
[2016.05.05-07.09.58:575][511]LogBlueprintUserMessages: Early EndPlayMap Detection: Level '/Game/tes.tes:PersistentLevel' has LevelScriptBlueprint '/Game/tes.tes:PersistentLevel.tes' with GeneratedClass '/Game/tes.tes_C' with ClassGeneratedBy '/Game/tes.tes:PersistentLevel.tes'
[2016.05.05-07.09.58:745][511]LogBlueprintUserMessages: Late EndPlayMap Detection: Level '/Game/tes.tes:PersistentLevel' has LevelScriptBlueprint '/Game/tes.tes:PersistentLevel.tes' with GeneratedClass '/Game/tes.tes_C' with ClassGeneratedBy '/Game/tes.tes:PersistentLevel.tes'
[2016.05.05-07.10.01:712][701]LogSlate:Warning: Prevented a slow task dialog from being summoned while a context menu was open
[2016.05.05-07.10.02:486][762]LogActorComponent: UnregisterComponent: (/Engine/Transient.CharMoveComp) Not registered. Aborting.
[2016.05.05-07.10.03:400][836]BlueprintLog: New page: Bat_BP をコンパイル
[2016.05.05-07.10.03:436][836]LogUObjectGlobals:Warning: Guid is in use by CapsuleComponent /Game/tes.tes:PersistentLevel.REINST_Bat_BP_C_0.CollisionCylinder and CapsuleComponent /Game/tes.tes:PersistentLevel.Bat_BP_2.CollisionCylinder, which should never happen in the editor but could happen at runtime with duplicate level loading or PIE
[2016.05.05-07.10.03:436][836]LogUObjectGlobals:Warning: Guid is in use by ArrowComponent /Game/tes.tes:PersistentLevel.REINST_Bat_BP_C_0.Arrow and ArrowComponent /Game/tes.tes:PersistentLevel.Bat_BP_2.Arrow, which should never happen in the editor but could happen at runtime with duplicate level loading or PIE
[2016.05.05-07.10.03:436][836]LogUObjectGlobals:Warning: Guid is in use by CharacterMovementComponent /Game/tes.tes:PersistentLevel.REINST_Bat_BP_C_0.CharMoveComp and CharacterMovementComponent /Game/tes.tes:PersistentLevel.Bat_BP_2.CharMoveComp, which should never happen in the editor but could happen at runtime with duplicate level loading or PIE
[2016.05.05-07.10.03:436][836]LogUObjectGlobals:Warning: Guid is in use by SkeletalMeshComponent /Game/tes.tes:PersistentLevel.REINST_Bat_BP_C_0.CharacterMesh0 and SkeletalMeshComponent /Game/tes.tes:PersistentLevel.Bat_BP_2.CharacterMesh0, which should never happen in the editor but could happen at runtime with duplicate level loading or PIE
[2016.05.05-07.10.03:604][836]LogActorComponent: UnregisterComponent: (/Engine/Transient.CharacterMovementComponent_5) Not registered. Aborting.
[2016.05.05-07.10.03:948][836]BlueprintEditorCompileResults: 情報 [0283.25] Bat_BP のコンパイルに成功しました！  [ 547 ミリ秒]
[2016.05.05-07.10.06:006][ 19]LogBlueprintUserMessages: Early PlayInEditor Detection: Level '/Game/tes.tes:PersistentLevel' has LevelScriptBlueprint '/Game/tes.tes:PersistentLevel.tes' with GeneratedClass '/Game/tes.tes_C' with ClassGeneratedBy '/Game/tes.tes:PersistentLevel.tes'
[2016.05.05-07.10.06:008][ 19]LogPlayLevel: PlayLevel: No blueprints needed recompiling
[2016.05.05-07.10.06:008][ 19]PIE: New page: PIEセッション: tes (2016/05/06 1:10:06)
[2016.05.05-07.10.06:008][ 19]LogPlayLevel: Creating play world package: /Game/UEDPIE_0_tes
[2016.05.05-07.10.06:012][ 19]LogPlayLevel: PIE: StaticDuplicateObject took: (0.003933s)
[2016.05.05-07.10.06:012][ 19]LogAIModule: Creating AISystem for world tes
[2016.05.05-07.10.06:012][ 19]LogPlayLevel: PIE: World Init took: (0.000452s)
[2016.05.05-07.10.06:012][ 19]LogPlayLevel: PIE: Created PIE world by copying editor world from /Game/tes.tes to /Game/UEDPIE_0_tes.tes (0.004552s)
[2016.05.05-07.10.06:012][ 19]LogActorComponent: UnregisterComponent: (/Engine/Transient.CharMoveComp) Not registered. Aborting.
[2016.05.05-07.10.06:029][ 19]LogInit: XAudio2 using 'SPDIF出力 (SB Recon3D PCIe)' : 2 channels at 48 kHz using 32 bits per sample (channel mask 0x3)
[2016.05.05-07.10.06:032][ 19]LogInit: FAudioDevice initialized.
[2016.05.05-07.10.06:060][ 19]LogWorld: Game class is 'ButtleGameMode_BP_C'
[2016.05.05-07.10.06:062][ 19]LogWorld: Bringing World /Game/UEDPIE_0_tes.tes up for play (max tick rate 0) at 2016.05.05-16.10.06
[2016.05.05-07.10.06:063][ 19]LogWorld: Bringing up level for play took: 0.002936
[2016.05.05-07.10.06:068][ 19]PIE: 情報 /Game/UEDPIE_0_tes 0.872のプレイ イン エディタの開始時間
[2016.05.05-07.10.06:068][ 19]LogBlueprintUserMessages: Late PlayInEditor Detection: Level '/Game/tes.tes:PersistentLevel' has LevelScriptBlueprint '/Game/tes.tes:PersistentLevel.tes' with GeneratedClass '/Game/tes.tes_C' with ClassGeneratedBy '/Game/tes.tes:PersistentLevel.tes'
[2016.05.05-07.10.06:134][ 20]LogRenderTargetPool:Warning: r.RenderTargetPoolMin exceeded 425/400 MB (ok in editor, bad on fixed memory platform)
[2016.05.05-07.10.07:297][158]LogBlueprintUserMessages: Early EndPlayMap Detection: Level '/Game/tes.tes:PersistentLevel' has LevelScriptBlueprint '/Game/tes.tes:PersistentLevel.tes' with GeneratedClass '/Game/tes.tes_C' with ClassGeneratedBy '/Game/tes.tes:PersistentLevel.tes'
[2016.05.05-07.10.07:434][158]LogBlueprintUserMessages: Late EndPlayMap Detection: Level '/Game/tes.tes:PersistentLevel' has LevelScriptBlueprint '/Game/tes.tes:PersistentLevel.tes' with GeneratedClass '/Game/tes.tes_C' with ClassGeneratedBy '/Game/tes.tes:PersistentLevel.tes'
[2016.05.05-07.10.22:275][300]LogActorComponent: UnregisterComponent: (/Engine/Transient.CharMoveComp) Not registered. Aborting.
[2016.05.05-07.10.23:610][409]BlueprintLog: New page: Bat_BP をコンパイル
[2016.05.05-07.10.23:871][409]LogActorComponent: UnregisterComponent: (/Engine/Transient.CharacterMovementComponent_6) Not registered. Aborting.
[2016.05.05-07.10.24:236][409]BlueprintEditorCompileResults: 情報 [0303.54] Bat_BP のコンパイルに成功しました！  [ 626 ミリ秒]
[2016.05.05-07.10.26:055][577]LogBlueprintUserMessages: Early PlayInEditor Detection: Level '/Game/tes.tes:PersistentLevel' has LevelScriptBlueprint '/Game/tes.tes:PersistentLevel.tes' with GeneratedClass '/Game/tes.tes_C' with ClassGeneratedBy '/Game/tes.tes:PersistentLevel.tes'
[2016.05.05-07.10.26:057][577]LogPlayLevel: PlayLevel: No blueprints needed recompiling
[2016.05.05-07.10.26:057][577]PIE: New page: PIEセッション: tes (2016/05/06 1:10:26)
[2016.05.05-07.10.26:057][577]LogPlayLevel: Creating play world package: /Game/UEDPIE_0_tes
[2016.05.05-07.10.26:061][577]LogPlayLevel: PIE: StaticDuplicateObject took: (0.003735s)
[2016.05.05-07.10.26:061][577]LogAIModule: Creating AISystem for world tes
[2016.05.05-07.10.26:061][577]LogPlayLevel: PIE: World Init took: (0.000392s)
[2016.05.05-07.10.26:061][577]LogPlayLevel: PIE: Created PIE world by copying editor world from /Game/tes.tes to /Game/UEDPIE_0_tes.tes (0.004305s)
[2016.05.05-07.10.26:061][577]LogActorComponent: UnregisterComponent: (/Engine/Transient.CharMoveComp) Not registered. Aborting.
[2016.05.05-07.10.26:077][577]LogInit: XAudio2 using 'SPDIF出力 (SB Recon3D PCIe)' : 2 channels at 48 kHz using 32 bits per sample (channel mask 0x3)
[2016.05.05-07.10.26:080][577]LogInit: FAudioDevice initialized.
[2016.05.05-07.10.26:107][577]LogWorld: Game class is 'ButtleGameMode_BP_C'
[2016.05.05-07.10.26:110][577]LogWorld: Bringing World /Game/UEDPIE_0_tes.tes up for play (max tick rate 0) at 2016.05.05-16.10.26
[2016.05.05-07.10.26:111][577]LogWorld: Bringing up level for play took: 0.003031
[2016.05.05-07.10.26:116][577]PIE: 情報 /Game/UEDPIE_0_tes 0.92のプレイ イン エディタの開始時間
[2016.05.05-07.10.26:116][577]LogBlueprintUserMessages: Late PlayInEditor Detection: Level '/Game/tes.tes:PersistentLevel' has LevelScriptBlueprint '/Game/tes.tes:PersistentLevel.tes' with GeneratedClass '/Game/tes.tes_C' with ClassGeneratedBy '/Game/tes.tes:PersistentLevel.tes'
[2016.05.05-07.10.26:162][578]LogRenderTargetPool:Warning: r.RenderTargetPoolMin exceeded 425/400 MB (ok in editor, bad on fixed memory platform)
[2016.05.05-07.10.29:888][ 25]LogBlueprintUserMessages: Early EndPlayMap Detection: Level '/Game/tes.tes:PersistentLevel' has LevelScriptBlueprint '/Game/tes.tes:PersistentLevel.tes' with GeneratedClass '/Game/tes.tes_C' with ClassGeneratedBy '/Game/tes.tes:PersistentLevel.tes'
[2016.05.05-07.10.30:053][ 25]LogBlueprintUserMessages: Late EndPlayMap Detection: Level '/Game/tes.tes:PersistentLevel' has LevelScriptBlueprint '/Game/tes.tes:PersistentLevel.tes' with GeneratedClass '/Game/tes.tes_C' with ClassGeneratedBy '/Game/tes.tes:PersistentLevel.tes'
[2016.05.05-07.11.53:116][251]BlueprintLog: New page: Move_Straight_BT をコンパイル
[2016.05.05-07.11.53:124][251]LogActorComponent: UnregisterComponent: (/Engine/Transient.CharMoveComp) Not registered. Aborting.
[2016.05.05-07.11.53:190][251]BlueprintEditorCompileResults: 情報 [0392.50] Move_Straight_BT のコンパイルに成功しました！  [ 74 ミリ秒]
[2016.05.05-07.11.55:238][440]LogBlueprintUserMessages: Early PlayInEditor Detection: Level '/Game/tes.tes:PersistentLevel' has LevelScriptBlueprint '/Game/tes.tes:PersistentLevel.tes' with GeneratedClass '/Game/tes.tes_C' with ClassGeneratedBy '/Game/tes.tes:PersistentLevel.tes'
[2016.05.05-07.11.55:239][440]LogPlayLevel: PlayLevel: No blueprints needed recompiling
[2016.05.05-07.11.55:239][440]PIE: New page: PIEセッション: tes (2016/05/06 1:11:55)
[2016.05.05-07.11.55:239][440]LogPlayLevel: Creating play world package: /Game/UEDPIE_0_tes
[2016.05.05-07.11.55:243][440]LogPlayLevel: PIE: StaticDuplicateObject took: (0.003806s)
[2016.05.05-07.11.55:244][440]LogAIModule: Creating AISystem for world tes
[2016.05.05-07.11.55:244][440]LogPlayLevel: PIE: World Init took: (0.000390s)
[2016.05.05-07.11.55:244][440]LogPlayLevel: PIE: Created PIE world by copying editor world from /Game/tes.tes to /Game/UEDPIE_0_tes.tes (0.004376s)
[2016.05.05-07.11.55:262][440]LogInit: XAudio2 using 'SPDIF出力 (SB Recon3D PCIe)' : 2 channels at 48 kHz using 32 bits per sample (channel mask 0x3)
[2016.05.05-07.11.55:265][440]LogInit: FAudioDevice initialized.
[2016.05.05-07.11.55:294][440]LogWorld: Game class is 'ButtleGameMode_BP_C'
[2016.05.05-07.11.55:296][440]LogWorld: Bringing World /Game/UEDPIE_0_tes.tes up for play (max tick rate 0) at 2016.05.05-16.11.55
[2016.05.05-07.11.55:297][440]LogWorld: Bringing up level for play took: 0.002904
[2016.05.05-07.11.55:302][440]PIE: 情報 /Game/UEDPIE_0_tes 0.106のプレイ イン エディタの開始時間
[2016.05.05-07.11.55:302][440]LogBlueprintUserMessages: Late PlayInEditor Detection: Level '/Game/tes.tes:PersistentLevel' has LevelScriptBlueprint '/Game/tes.tes:PersistentLevel.tes' with GeneratedClass '/Game/tes.tes_C' with ClassGeneratedBy '/Game/tes.tes:PersistentLevel.tes'
[2016.05.05-07.11.55:409][441]LogRenderTargetPool:Warning: r.RenderTargetPoolMin exceeded 425/400 MB (ok in editor, bad on fixed memory platform)
[2016.05.05-07.11.57:500][690]LogBlueprintUserMessages: Early EndPlayMap Detection: Level '/Game/tes.tes:PersistentLevel' has LevelScriptBlueprint '/Game/tes.tes:PersistentLevel.tes' with GeneratedClass '/Game/tes.tes_C' with ClassGeneratedBy '/Game/tes.tes:PersistentLevel.tes'
[2016.05.05-07.11.57:688][690]LogBlueprintUserMessages: Late EndPlayMap Detection: Level '/Game/tes.tes:PersistentLevel' has LevelScriptBlueprint '/Game/tes.tes:PersistentLevel.tes' with GeneratedClass '/Game/tes.tes_C' with ClassGeneratedBy '/Game/tes.tes:PersistentLevel.tes'
[2016.05.05-07.11.57:847][691]LogRenderTargetPool:Warning: r.RenderTargetPoolMin exceeded 404/400 MB (ok in editor, bad on fixed memory platform)
[2016.05.05-07.11.59:569][772]LogRenderTargetPool:Warning: r.RenderTargetPoolMin exceeded 404/400 MB (ok in editor, bad on fixed memory platform)
[2016.05.05-07.12.18:290][425]BlueprintLog: New page: Move_Straight_BT をコンパイル
[2016.05.05-07.12.18:299][425]LogActorComponent: UnregisterComponent: (/Engine/Transient.CharMoveComp) Not registered. Aborting.
[2016.05.05-07.12.18:362][425]BlueprintEditorCompileResults: 情報 [0417.67] Move_Straight_BT のコンパイルに成功しました！  [ 72 ミリ秒]
[2016.05.05-07.12.20:594][620]LogBlueprintUserMessages: Early PlayInEditor Detection: Level '/Game/tes.tes:PersistentLevel' has LevelScriptBlueprint '/Game/tes.tes:PersistentLevel.tes' with GeneratedClass '/Game/tes.tes_C' with ClassGeneratedBy '/Game/tes.tes:PersistentLevel.tes'
[2016.05.05-07.12.20:595][620]LogPlayLevel: PlayLevel: No blueprints needed recompiling
[2016.05.05-07.12.20:596][620]PIE: New page: PIEセッション: tes (2016/05/06 1:12:20)
[2016.05.05-07.12.20:596][620]LogPlayLevel: Creating play world package: /Game/UEDPIE_0_tes
[2016.05.05-07.12.20:599][620]LogPlayLevel: PIE: StaticDuplicateObject took: (0.003627s)
[2016.05.05-07.12.20:600][620]LogAIModule: Creating AISystem for world tes
[2016.05.05-07.12.20:600][620]LogPlayLevel: PIE: World Init took: (0.000438s)
[2016.05.05-07.12.20:600][620]LogPlayLevel: PIE: Created PIE world by copying editor world from /Game/tes.tes to /Game/UEDPIE_0_tes.tes (0.004236s)
[2016.05.05-07.12.20:618][620]LogInit: XAudio2 using 'SPDIF出力 (SB Recon3D PCIe)' : 2 channels at 48 kHz using 32 bits per sample (channel mask 0x3)
[2016.05.05-07.12.20:621][620]LogInit: FAudioDevice initialized.
[2016.05.05-07.12.20:652][620]LogWorld: Game class is 'ButtleGameMode_BP_C'
[2016.05.05-07.12.20:654][620]LogWorld: Bringing World /Game/UEDPIE_0_tes.tes up for play (max tick rate 0) at 2016.05.05-16.12.20
[2016.05.05-07.12.20:655][620]LogWorld: Bringing up level for play took: 0.002897
[2016.05.05-07.12.20:660][620]PIE: 情報 /Game/UEDPIE_0_tes -0.536のプレイ イン エディタの開始時間
[2016.05.05-07.12.20:660][620]LogBlueprintUserMessages: Late PlayInEditor Detection: Level '/Game/tes.tes:PersistentLevel' has LevelScriptBlueprint '/Game/tes.tes:PersistentLevel.tes' with GeneratedClass '/Game/tes.tes_C' with ClassGeneratedBy '/Game/tes.tes:PersistentLevel.tes'
[2016.05.05-07.12.23:887][998]LogBlueprintUserMessages: Early EndPlayMap Detection: Level '/Game/tes.tes:PersistentLevel' has LevelScriptBlueprint '/Game/tes.tes:PersistentLevel.tes' with GeneratedClass '/Game/tes.tes_C' with ClassGeneratedBy '/Game/tes.tes:PersistentLevel.tes'
[2016.05.05-07.12.24:134][998]LogBlueprintUserMessages: Late EndPlayMap Detection: Level '/Game/tes.tes:PersistentLevel' has LevelScriptBlueprint '/Game/tes.tes:PersistentLevel.tes' with GeneratedClass '/Game/tes.tes_C' with ClassGeneratedBy '/Game/tes.tes:PersistentLevel.tes'
[2016.05.05-07.12.27:804][191]LogActorComponent: UnregisterComponent: (/Engine/Transient.CharMoveComp) Not registered. Aborting.
[2016.05.05-07.12.29:009][191]LogSavePackage: Save=26.75ms
[2016.05.05-07.12.29:009][191]LogSavePackage: Moving '../../../../../../Users/EllightDunois/Documents/Unreal Projects/MagicDungeon_Project/src/MagicDungeon/Saved/Bat_AI6BA81EF648F015AE7AB5B58552162CD1.tmp' to '../../../../../../Users/EllightDunois/Documents/Unreal Projects/MagicDungeon_Project/src/MagicDungeon/Content/BluePrints/Enemys/Bat/Bat_AI.uasset'
[2016.05.05-07.12.29:011][191]LogSavePackage: Total save time: 28.55ms
[2016.05.05-07.12.29:011][191]LogSavePackage:Display: Finished SavePackage ../../../../../../Users/EllightDunois/Documents/Unreal Projects/MagicDungeon_Project/src/MagicDungeon/Content/BluePrints/Enemys/Bat/Bat_AI.uasset
[2016.05.05-07.12.29:117][191]LogSavePackage: Save=65.00ms
[2016.05.05-07.12.29:117][191]LogSavePackage: Moving '../../../../../../Users/EllightDunois/Documents/Unreal Projects/MagicDungeon_Project/src/MagicDungeon/Saved/Bat_BP0C5D95CF4BD1815EBCD795B76231F419.tmp' to '../../../../../../Users/EllightDunois/Documents/Unreal Projects/MagicDungeon_Project/src/MagicDungeon/Content/BluePrints/Enemys/Bat/Bat_BP.uasset'
[2016.05.05-07.12.29:119][191]LogSavePackage: Total save time: 88.61ms
[2016.05.05-07.12.29:119][191]LogSavePackage:Display: Finished SavePackage ../../../../../../Users/EllightDunois/Documents/Unreal Projects/MagicDungeon_Project/src/MagicDungeon/Content/BluePrints/Enemys/Bat/Bat_BP.uasset
[2016.05.05-07.12.29:177][191]LogSavePackage: Save=30.45ms
[2016.05.05-07.12.29:177][191]LogSavePackage: Moving '../../../../../../Users/EllightDunois/Documents/Unreal Projects/MagicDungeon_Project/src/MagicDungeon/Saved/Move_Straight_BTED79ADC94404D9566FDBE681F04AD2D4.tmp' to '../../../../../../Users/EllightDunois/Documents/Unreal Projects/MagicDungeon_Project/src/MagicDungeon/Content/BluePrints/Enemys/Bat/Move_Straight_BT.uasset'
[2016.05.05-07.12.29:179][191]LogSavePackage: Total save time: 51.17ms
[2016.05.05-07.12.29:179][191]LogSavePackage:Display: Finished SavePackage ../../../../../../Users/EllightDunois/Documents/Unreal Projects/MagicDungeon_Project/src/MagicDungeon/Content/BluePrints/Enemys/Bat/Move_Straight_BT.uasset
[2016.05.05-07.12.29:190][191]LogSavePackage: Save=2.52ms
[2016.05.05-07.12.29:190][191]LogSavePackage: Moving '../../../../../../Users/EllightDunois/Documents/Unreal Projects/MagicDungeon_Project/src/MagicDungeon/Saved/NewBlueprint953C104049A4553CF5736BBD06C2B245.tmp' to '../../../../../../Users/EllightDunois/Documents/Unreal Projects/MagicDungeon_Project/src/MagicDungeon/Content/BluePrints/Enemys/Bat/NewBlueprint.uasset'
[2016.05.05-07.12.29:191][191]LogSavePackage: Total save time: 4.00ms
[2016.05.05-07.12.29:191][191]LogSavePackage:Display: Finished SavePackage ../../../../../../Users/EllightDunois/Documents/Unreal Projects/MagicDungeon_Project/src/MagicDungeon/Content/BluePrints/Enemys/Bat/NewBlueprint.uasset
[2016.05.05-07.12.29:246][191]LogActorComponent: UnregisterComponent: (/Engine/Transient.CharMoveComp) Not registered. Aborting.
[2016.05.05-07.12.29:366][191]LogSavePackage: Save=87.27ms
[2016.05.05-07.12.29:366][191]LogSavePackage: Moving '../../../../../../Users/EllightDunois/Documents/Unreal Projects/MagicDungeon_Project/src/MagicDungeon/Saved/tesD00687BC4BF58B96E334BFA6AC815EDB.tmp' to '../../../../../../Users/EllightDunois/Documents/Unreal Projects/MagicDungeon_Project/src/MagicDungeon/Content/tes.umap'
[2016.05.05-07.12.29:368][191]LogSavePackage: Total save time: 109.45ms
[2016.05.05-07.12.29:368][191]LogSavePackage:Display: Finished SavePackage ../../../../../../Users/EllightDunois/Documents/Unreal Projects/MagicDungeon_Project/src/MagicDungeon/Content/tes.umap
[2016.05.05-07.12.29:415][191]LogFileHelpers: Saving map 'tes' took 0.219
[2016.05.05-07.12.29:429][192]LogPackageName: SearchForPackageOnDisk took   0.000s to resolve /Game/BluePrints/Enemys/Bat/Bat_AI.
[2016.05.05-07.12.55:118][433]LogWindows:Error: Windows GetLastError: この操作を正しく終了しました。 (0)
[2016.05.05-07.12.55:255][433]LogCrashTracker: 


[2016.05.05-07.12.55:260][433]LogCrashTracker: 


[2016.05.05-07.12.55:260][433]LogWindows:Error: === Critical error: ===
Assertion failed: IsValidIndex(Index) [File:D:\BuildFarm\buildmachine_++UE4+Release-4.11\Engine\Source\Runtime\Core\Public\Containers\UnrealString.h] [Line: 204] 
String index out of bounds: Index 408 from a string with a length of 408




[2016.05.05-07.12.55:286][433]LogExit: Executing StaticShutdownAfterError
[2016.05.05-07.12.55:291][433]LogPhysics:Warning: PHYSX: ..\..\PhysX\src\NpScene.cpp (2946) 8 : PxScene::unlockWrite() called without matching call to PxScene::lockWrite(), behaviour will be undefined.
[2016.05.05-07.12.55:291][433]LogPhysics:Warning: PHYSX: ..\..\PhysX\src\NpScene.cpp (2946) 8 : PxScene::unlockWrite() called without matching call to PxScene::lockWrite(), behaviour will be undefined.
[2016.05.05-07.12.55:291][433]LogPhysics:Warning: PHYSX: ..\..\PhysX\src\NpScene.cpp (2946) 8 : PxScene::unlockWrite() called without matching call to PxScene::lockWrite(), behaviour will be undefined.
[2016.05.05-07.12.55:291][433]LogPhysics:Warning: PHYSX: ..\..\PhysX\src\NpScene.cpp (2946) 8 : PxScene::unlockWrite() called without matching call to PxScene::lockWrite(), behaviour will be undefined.
[2016.05.05-07.12.55:291][433]LogPhysics:Warning: PHYSX: ..\..\PhysX\src\NpScene.cpp (2946) 8 : PxScene::unlockWrite() called without matching call to PxScene::lockWrite(), behaviour will be undefined.
[2016.05.05-07.12.55:291][433]LogPhysics:Warning: PHYSX: ..\..\PhysX\src\NpScene.cpp (2946) 8 : PxScene::unlockWrite() called without matching call to PxScene::lockWrite(), behaviour will be undefined.
[2016.05.05-07.12.55:291][433]LogPhysics:Warning: PHYSX: ..\..\PhysX\src\NpScene.cpp (2946) 8 : PxScene::unlockWrite() called without matching call to PxScene::lockWrite(), behaviour will be undefined.
[2016.05.05-07.12.55:291][433]LogPhysics:Warning: PHYSX: ..\..\PhysX\src\NpScene.cpp (2946) 8 : PxScene::unlockWrite() called without matching call to PxScene::lockWrite(), behaviour will be undefined.
[2016.05.05-07.12.55:291][433]LogWindows: FPlatformMisc::RequestExit(1)
[2016.05.05-07.12.55:291][433]Log file closed, 05/05/16 16:12:55
