Log file open, 05/08/16 19:54:21
LogInit:Display: Running engine for game: MagicDangion
LogPlatformFile: Not using cached read wrapper
LogInit:Display: RandInit(-993669266) SRandInit(-993669265).
LogTaskGraph: Started task graph with 4 named threads and 7 total threads.
LogStats: Stats thread started at 0.061777
LogInit: Version: 4.11.2-2946394+++UE4+Release-4.11
LogInit: API Version: 2927265
LogInit: Compiled (64-bit): Apr 18 2016 02:18:46
LogInit: Compiled with Visual C++: 19.00.23026.00
LogInit: Build Configuration: Development
LogInit: Branch Name: ++UE4+Release-4.11
LogInit: Command line: 
LogInit: Base directory: C:/Program Files/Epic Games/4.11/Engine/Binaries/Win64/
LogInit: Installed Engine Build: 1
LogInit: Using libcurl 7.41.0
LogInit:  - built for x86_64-pc-win32
LogInit:  - supports SSL with WinSSL
LogInit:  - other features:
LogInit:      CURL_VERSION_SSL
LogInit:      CURL_VERSION_IPV6
LogInit:      CURL_VERSION_ASYNCHDNS
LogInit:      CURL_VERSION_LARGEFILE
LogInit:      CURL_VERSION_IDN
LogInit:  CurlRequestOptions (configurable via config and command line):
LogInit:  - bVerifyPeer = true  - Libcurl will verify peer certificate
LogInit:  - bUseHttpProxy = false  - Libcurl will NOT use HTTP proxy
LogInit:  - bDontReuseConnections = false  - Libcurl will reuse connections
LogInit:  - CertBundlePath = nullptr  - Libcurl will use whatever was configured at build time.
LogInit: Presizing for max 16777216 objects, including 0 objects not considered by GC, pre-allocating 0 bytes for permanent pool.
LogInit: Object subsystem initialized
[2016.05.08-10.54.21:622][  0]LogInit: Selected Device Profile: [Windows]
[2016.05.08-10.54.21:622][  0]LogInit: Applying CVar settings loaded from the selected device profile: [Windows]
[2016.05.08-10.54.21:628][  0]LogInit: Computer: LIGHT
[2016.05.08-10.54.21:628][  0]LogInit: User: EllightDunois
[2016.05.08-10.54.21:628][  0]LogInit: CPU Page size=65536, Cores=4
[2016.05.08-10.54.21:628][  0]LogInit: High frequency timer resolution =3.906254 MHz
[2016.05.08-10.54.21:629][  0]LogMemory: Memory total: Physical=7.9GB (8GB approx)
[2016.05.08-10.54.21:629][  0]LogMemory: Platform Memory Stats for Windows
[2016.05.08-10.54.21:629][  0]LogMemory: Process Physical Memory: 314.44 MB used, 314.44 MB peak
[2016.05.08-10.54.21:629][  0]LogMemory: Process Virtual Memory: 314.94 MB used, 314.94 MB peak
[2016.05.08-10.54.21:629][  0]LogMemory: Physical Memory: 3792.55 MB used, 8133.65 MB total
[2016.05.08-10.54.21:629][  0]LogMemory: Virtual Memory: 652.86 MB used, 134217728.00 MB total
[2016.05.08-10.54.21:651][  0]LogTextLocalizationManager: No specific translations for ('ja-JP') exist, so ('ja') translations will be used.
[2016.05.08-10.54.21:703][  0]LogTextLocalizationManager:Warning: Loaded localization resources contain conflicting entries for (Namespace:K2Node, Key:false):
Localization Resource: (C:/Program Files/Epic Games/4.11/Engine/Content/Localization/EditorTutorials/ja/EditorTutorials.locres) Source String Hash: (816077464) Localized String: (偽)
Localization Resource: (C:/Program Files/Epic Games/4.11/Engine/Content/Localization/Engine/ja/Engine.locres) Source String Hash: (816077464) Localized String: (false)
[2016.05.08-10.54.21:703][  0]LogTextLocalizationManager:Warning: Loaded localization resources contain conflicting entries for (Namespace:K2Node, Key:true):
Localization Resource: (C:/Program Files/Epic Games/4.11/Engine/Content/Localization/EditorTutorials/ja/EditorTutorials.locres) Source String Hash: (-942328987) Localized String: (真)
Localization Resource: (C:/Program Files/Epic Games/4.11/Engine/Content/Localization/Engine/ja/Engine.locres) Source String Hash: (-942328987) Localized String: (true)
[2016.05.08-10.54.21:703][  0]LogTextLocalizationManager:Warning: Loaded localization resources contain conflicting entries for (Namespace:UObjectToolTips, Key:AnimNode_BlendSpacePlayer:bLoop):
Localization Resource: (C:/Program Files/Epic Games/4.11/Engine/Content/Localization/EditorTutorials/ja/EditorTutorials.locres) Source String Hash: (2133979316) Localized String: (再生が最後まで終わった後、ロープ再生するようにしますか？)
Localization Resource: (C:/Program Files/Epic Games/4.11/Engine/Content/Localization/ToolTips/ja/ToolTips.locres) Source String Hash: (2133979316) Localized String: (ループが最後まで到達した時に、アニメーションのループを継続するべきか？)
[2016.05.08-10.54.21:703][  0]LogTextLocalizationManager:Warning: Loaded localization resources contain conflicting entries for (Namespace:UObjectToolTips, Key:AnimNode_BlendSpacePlayer:X):
Localization Resource: (C:/Program Files/Epic Games/4.11/Engine/Content/Localization/EditorTutorials/ja/EditorTutorials.locres) Source String Hash: (2060772590) Localized String: (ブレンドスペースで値を取得するX座標)
Localization Resource: (C:/Program Files/Epic Games/4.11/Engine/Content/Localization/ToolTips/ja/ToolTips.locres) Source String Hash: (2060772590) Localized String: (ブレンドスペースでサンプリングするX座標)
[2016.05.08-10.54.21:703][  0]LogTextLocalizationManager:Warning: Loaded localization resources contain conflicting entries for (Namespace:UObjectToolTips, Key:AnimNode_BlendSpacePlayer:Y):
Localization Resource: (C:/Program Files/Epic Games/4.11/Engine/Content/Localization/EditorTutorials/ja/EditorTutorials.locres) Source String Hash: (-1719607538) Localized String: (ブレンドスペースで値を取得するY座標)
Localization Resource: (C:/Program Files/Epic Games/4.11/Engine/Content/Localization/ToolTips/ja/ToolTips.locres) Source String Hash: (-1719607538) Localized String: (ブレンドスペースでサンプリングするY座標)
[2016.05.08-10.54.21:703][  0]LogTextLocalizationManager:Warning: Loaded localization resources contain conflicting entries for (Namespace:UObjectToolTips, Key:AnimNode_BlendSpacePlayer:Z):
Localization Resource: (C:/Program Files/Epic Games/4.11/Engine/Content/Localization/EditorTutorials/ja/EditorTutorials.locres) Source String Hash: (1728943471) Localized String: (ブレンドスペースで値を取得するZ座標)
Localization Resource: (C:/Program Files/Epic Games/4.11/Engine/Content/Localization/ToolTips/ja/ToolTips.locres) Source String Hash: (1728943471) Localized String: (ブレンドスペースでサンプリングするZ座標)
[2016.05.08-10.54.21:703][  0]LogTextLocalizationManager:Warning: Loaded localization resources contain conflicting entries for (Namespace:UObjectToolTips, Key:AnimNode_BlendSpacePlayer:BlendSpace):
Localization Resource: (C:/Program Files/Epic Games/4.11/Engine/Content/Localization/EditorTutorials/ja/EditorTutorials.locres) Source String Hash: (1599043277) Localized String: (再生するブレンドスペースのアセット)
Localization Resource: (C:/Program Files/Epic Games/4.11/Engine/Content/Localization/ToolTips/ja/ToolTips.locres) Source String Hash: (1599043277) Localized String: (再生するブレンド空間アセット)
[2016.05.08-10.54.21:703][  0]LogTextLocalizationManager:Warning: Loaded localization resources contain conflicting entries for (Namespace:UObjectToolTips, Key:AnimNode_StateMachine:MaxTransitionsPerFrame):
Localization Resource: (C:/Program Files/Epic Games/4.11/Engine/Content/Localization/EditorTutorials/ja/EditorTutorials.locres) Source String Hash: (1567650430) Localized String: (このマシーンで1フレームあたりに同時に処理できるトランジションの最大数)
Localization Resource: (C:/Program Files/Epic Games/4.11/Engine/Content/Localization/ToolTips/ja/ToolTips.locres) Source String Hash: (1567650430) Localized String: (単一フレームでマシーンが「同時」に受け取れる遷移の最大数)
[2016.05.08-10.54.21:703][  0]LogTextLocalizationManager:Warning: Loaded localization resources contain conflicting entries for (Namespace:UObjectToolTips, Key:AnimNode_BlendSpacePlayer:PlayRate):
Localization Resource: (C:/Program Files/Epic Games/4.11/Engine/Content/Localization/EditorTutorials/ja/EditorTutorials.locres) Source String Hash: (-1274923958) Localized String: (再生速度の倍率です。負の数値も使う事ができます。その場合逆再生になります。)
Localization Resource: (C:/Program Files/Epic Games/4.11/Engine/Content/Localization/ToolTips/ja/ToolTips.locres) Source String Hash: (-1274923958) Localized String: (再生レート乗数。アニメーションを逆再生する負の値にすることができます。)
[2016.05.08-10.54.21:813][  0]LogD3D11RHI: D3D11 adapters:
[2016.05.08-10.54.21:821][  0]LogD3D11RHI:    0. 'AMD Radeon R9 200 Series' (Feature Level 11_0)
[2016.05.08-10.54.21:821][  0]LogD3D11RHI:       4074MB of dedicated video memory, 0MB of dedicated system memory, and 4066MB of shared system memory, 1 output[s]
[2016.05.08-10.54.21:822][  0]LogD3D11RHI:    1. 'Microsoft Basic Render Driver' (Feature Level 11_0)
[2016.05.08-10.54.21:822][  0]LogD3D11RHI:       0MB of dedicated video memory, 0MB of dedicated system memory, and 4066MB of shared system memory, 0 output[s]
[2016.05.08-10.54.21:822][  0]LogD3D11RHI: Chosen D3D11 Adapter: 0
[2016.05.08-10.54.21:825][  0]LogD3D11RHI: Creating new Direct3DDevice
[2016.05.08-10.54.21:825][  0]LogD3D11RHI:     Adapter Name: AMD Radeon R9 200 Series
[2016.05.08-10.54.21:825][  0]LogD3D11RHI:   Driver Version: Catalyst 15.8 (internal 16.150.2211.0)
[2016.05.08-10.54.21:825][  0]LogD3D11RHI:      Driver Date: 3-21-2016
[2016.05.08-10.54.21:825][  0]LogRHI: Texture pool is 1361 MB (70% of 1945 MB)
[2016.05.08-10.54.21:829][  0]LogD3D11RHI: Async texture creation disabled: no driver support
[2016.05.08-10.54.21:839][  0]LogShaderCompilers: Guid format shader working directory is -52 characters bigger than the processId version (../../../../../../Users/EllightDunois/Documents/Unreal Projects/MagicDungeon_Project/src/MagicDungeon/Intermediate/Shaders/WorkingDirectory/6452/).
[2016.05.08-10.54.21:839][  0]LogShaderCompilers: Cleaned the shader compiler working directory 'C:/Users/ELLIGH~1/AppData/Local/Temp/UnrealShaderWorkingDir/DE5F6517449ADC23A3491ABE2D7C8F72/'.
[2016.05.08-10.54.21:839][  0]LogShaderCompilers:Display: Using Local Shader Compiler.
[2016.05.08-10.54.22:501][  0]LogTemp:Display: Loaded TP AllDesktopTargetPlatform
[2016.05.08-10.54.22:504][  0]LogTemp:Display: Loaded TP WindowsClientTargetPlatform
[2016.05.08-10.54.22:506][  0]LogTemp:Display: Loaded TP WindowsNoEditorTargetPlatform
[2016.05.08-10.54.22:509][  0]LogTemp:Display: Loaded TP WindowsServerTargetPlatform
[2016.05.08-10.54.22:512][  0]LogTemp:Display: Loaded TP WindowsTargetPlatform
[2016.05.08-10.54.22:514][  0]LogTemp:Display: Loaded TP AndroidTargetPlatform
[2016.05.08-10.54.22:516][  0]LogTemp:Display: Loaded TP Android_ASTCTargetPlatform
[2016.05.08-10.54.22:518][  0]LogTemp:Display: Loaded TP Android_ATCTargetPlatform
[2016.05.08-10.54.22:520][  0]LogTemp:Display: Loaded TP Android_DXTTargetPlatform
[2016.05.08-10.54.22:522][  0]LogTemp:Display: Loaded TP Android_ETC1TargetPlatform
[2016.05.08-10.54.22:524][  0]LogTemp:Display: Loaded TP Android_ETC2TargetPlatform
[2016.05.08-10.54.22:528][  0]LogTemp:Display: Loaded TP Android_MultiTargetPlatform
[2016.05.08-10.54.22:528][  0]LogTemp:Display: Loaded TP Android_PVRTCTargetPlatform
[2016.05.08-10.54.22:529][  0]LogTemp:Display: Loaded TP HTML5TargetPlatform
[2016.05.08-10.54.22:543][  0]LogTemp:Display: Loaded TP IOSTargetPlatform
[2016.05.08-10.54.22:545][  0]LogTemp:Display: Loaded TP TVOSTargetPlatform
[2016.05.08-10.54.22:547][  0]LogTemp:Display: Loaded TP LinuxNoEditorTargetPlatform
[2016.05.08-10.54.22:549][  0]LogTemp:Display: Loaded TP LinuxServerTargetPlatform
[2016.05.08-10.54.22:552][  0]LogTemp:Display: Loaded TP LinuxTargetPlatform
[2016.05.08-10.54.22:552][  0]LogTargetPlatformManager:Display: Building Assets For Windows
[2016.05.08-10.54.22:592][  0]LogDerivedDataCache:Display: Max Cache Size: 512 MB
[2016.05.08-10.54.22:625][  0]LogDerivedDataCache: Loaded boot cache 0.03s 46MB C:/Users/EllightDunois/AppData/Local/UnrealEngine/4.11/DerivedDataCache/Boot.ddc.
[2016.05.08-10.54.22:626][  0]LogDerivedDataCache:Display: Loaded Boot cache: C:/Users/EllightDunois/AppData/Local/UnrealEngine/4.11/DerivedDataCache/Boot.ddc
[2016.05.08-10.54.22:626][  0]LogDerivedDataCache: FDerivedDataBackendGraph:  Pak pak cache file ../../../../../../Users/EllightDunois/Documents/Unreal Projects/MagicDungeon_Project/src/MagicDungeon/DerivedDataCache/DDC.ddp not found, will not use a pak cache.
[2016.05.08-10.54.22:626][  0]LogDerivedDataCache: Unable to find inner node Pak for hierarchical cache Hierarchy.
[2016.05.08-10.54.22:626][  0]LogDerivedDataCache: FDerivedDataBackendGraph:  CompressedPak pak cache file ../../../../../../Users/EllightDunois/Documents/Unreal Projects/MagicDungeon_Project/src/MagicDungeon/DerivedDataCache/Compressed.ddp not found, will not use a pak cache.
[2016.05.08-10.54.22:626][  0]LogDerivedDataCache: Unable to find inner node CompressedPak for hierarchical cache Hierarchy.
[2016.05.08-10.54.22:635][  0]LogDerivedDataCache:Display: Pak cache opened for reading ../../../Engine/DerivedDataCache/Compressed.ddp.
[2016.05.08-10.54.22:647][  0]LogDerivedDataCache: Using Local data cache path C:/Users/EllightDunois/AppData/Local/UnrealEngine/Common/DerivedDataCache: Writable
[2016.05.08-10.54.22:746][  0]LogInit: Selected Device Profile: [Windows]
[2016.05.08-10.54.22:746][  0]LogContentStreaming: Texture pool size is 0.00 MB
[2016.05.08-10.54.22:766][  0]LogMaterial: Uniform references updated for custom material expression Custom.
[2016.05.08-10.54.22:844][  0]LogMeshUtilities: No automatic mesh reduction module available
[2016.05.08-10.54.22:844][  0]LogMeshUtilities: No automatic mesh merging module available
[2016.05.08-10.54.22:844][  0]LogMeshUtilities: No distributed automatic mesh merging module available
[2016.05.08-10.54.23:004][  0]LogUObjectArray: 27679 objects as part of root set at end of initial load.
[2016.05.08-10.54.23:004][  0]LogUObjectAllocator: 5591600 out of 0 bytes used by permanent object pool.
[2016.05.08-10.54.23:004][  0]LogUObjectArray: CloseDisregardForGC: 0/0 objects in disregard for GC pool
[2016.05.08-10.54.23:008][  0]LogInit: WinSock: version 1.1 (2.2), MaxSocks=32767, MaxUdp=65467
[2016.05.08-10.54.23:057][  0]LogSlate: SlateFontCache - WITH_FREETYPE: 1, WITH_HARFBUZZ: 1
[2016.05.08-10.54.23:057][  0]LogSlate: SlateFontCache - WITH_FREETYPE: 1, WITH_HARFBUZZ: 1
[2016.05.08-10.54.23:116][  0]LogStreaming:Warning: Failed to read file '../../../Engine/Content/Editor/Slate/Common/Selection_16x.png' error.
[2016.05.08-10.54.23:116][  0]LogSlate: Could not find file for Slate resource: ../../../Engine/Content/Editor/Slate/Common/Selection_16x.png
[2016.05.08-10.54.23:116][  0]LogStreaming:Warning: Failed to read file '../../../Engine/Content/Editor/Slate/Common/Selection_16x.png' error.
[2016.05.08-10.54.23:116][  0]LogSlate: Could not find file for Slate resource: ../../../Engine/Content/Editor/Slate/Common/Selection_16x.png
[2016.05.08-10.54.23:116][  0]LogStreaming:Warning: Failed to read file '../../../Engine/Content/Editor/Slate/Common/Selection_16x.png' error.
[2016.05.08-10.54.23:116][  0]LogSlate: Could not find file for Slate resource: ../../../Engine/Content/Editor/Slate/Common/Selection_16x.png
[2016.05.08-10.54.23:452][  0]LogUdpMessaging: Initializing bridge on interface 0.0.0.0:0 to multicast group 230.0.0.1:6666.
[2016.05.08-10.54.23:563][  0]LogAssetRegistry: FAssetRegistry took 0.0210 seconds to start up
[2016.05.08-10.54.23:650][  0]SourceControl: 情報 ソースコントロールは無効です
[2016.05.08-10.54.23:670][  0]SourceControl: 情報 ソースコントロールは無効です
[2016.05.08-10.54.23:674][  0]SourceControl: 情報 ソースコントロールは無効です
[2016.05.08-10.54.23:678][  0]SourceControl: 情報 ソースコントロールは無効です
[2016.05.08-10.54.23:734][  0]LogHMD: Failed to initialize OpenVR with code 110
[2016.05.08-10.54.23:781][  0]LogEngine: Initializing Engine...
[2016.05.08-10.54.23:860][  0]LogAIModule: Creating AISystem for world NewWorld
[2016.05.08-10.54.23:864][  0]LogInit: XAudio2 using 'SPDIF出力 (SB Recon3D PCIe)' : 2 channels at 48 kHz using 32 bits per sample (channel mask 0x3)
[2016.05.08-10.54.23:868][  0]LogInit: FAudioDevice initialized.
[2016.05.08-10.54.23:888][  0]LogDerivedDataCache: Saved boot cache 0.02s 46MB C:/Users/EllightDunois/AppData/Local/UnrealEngine/4.11/DerivedDataCache/Boot.ddc.
[2016.05.08-10.54.23:893][  0]LogInit: Texture streaming: Enabled
[2016.05.08-10.54.23:905][  0]LogInit: Transaction tracking system initialized
[2016.05.08-10.54.23:917][  0]BlueprintLog: New page: エディタの読み込み
[2016.05.08-10.54.23:955][  0]LocalizationService: 情報 ローカライズのサービスが無効になりました
[2016.05.08-10.54.23:999][  0]LogConsoleResponse:Display: 
[2016.05.08-10.54.24:062][  0]LogCook:Display: Max memory allowance for cook 8192mb
[2016.05.08-10.54.24:062][  0]LogCook:Display: Mobile HDR setting 1
[2016.05.08-10.54.24:062][  0]LogCook:Display: Done creating registry. It took  0.00s.
[2016.05.08-10.54.24:088][  0]LogFileCache: Scanning file cache for directory 'C:/Users/EllightDunois/Documents/Unreal Projects/MagicDungeon_Project/src/MagicDungeon/Content/' took 0.01s
[2016.05.08-10.54.24:088][  0]SourceControl: 情報 ソースコントロールは無効です
[2016.05.08-10.54.24:088][  0]Cmd: MAP LOAD FILE="../../../../../../Users/EllightDunois/Documents/Unreal Projects/MagicDungeon_Project/src/MagicDungeon/Content/tes.umap" TEMPLATE=0 SHOWPROGRESS=1 FEATURELEVEL=3
[2016.05.08-10.54.24:089][  0]LightingResults: New page: ライティングのビルド
[2016.05.08-10.54.24:090][  0]MapCheck: New page: マップをチェック
[2016.05.08-10.54.24:090][  0]LightingResults: New page: <何も選択されていません>
[2016.05.08-10.54.24:386][  0]LogBlueprint:Warning: [compiler Magic_BP] 警告  EdGraphPin_6637  の ReturnNode Exec ピンに接続がありません
[2016.05.08-10.54.24:387][  0]LogBlueprint:Warning: [compiler Magic_BP] 警告 [0003.29] Magic_BP のコンパイルに成功しましたが、1 個の警告が出ました [ 3 ミリ秒]
[2016.05.08-10.54.24:387][  0]LogBlueprint:Warning: [compiler Magic_BP] 警告 [0003.29] Magic_BP のコンパイルに成功しましたが、2 個の警告が出ました [ 0 ミリ秒]
[2016.05.08-10.54.24:387][  0]LogBlueprint:Warning: [compiler Magic_BP] 警告 [0003.29] Magic_BP のコンパイルに成功しましたが、3 個の警告が出ました [ 0 ミリ秒]
[2016.05.08-10.54.24:392][  0]LogBlueprint:Warning: USimpleConstructionScript::FixupRootNodeParentReferences() - Couldn't find inherited parent component 'DefaultSceneRoot' for 'Scene' in BlueprintGeneratedClass 'REINST_Attack_BP_C_50' (it may have been removed)
[2016.05.08-10.54.24:595][  0]LogBlueprint:Warning: [compiler Magic_BP] 警告  EdGraphPin_6637  の ReturnNode Exec ピンに接続がありません
[2016.05.08-10.54.24:596][  0]LogBlueprint:Warning: [compiler Magic_BP] 警告 [0003.50] Magic_BP のコンパイルに成功しましたが、1 個の警告が出ました [ 4 ミリ秒]
[2016.05.08-10.54.24:596][  0]LogBlueprint:Warning: [compiler Magic_BP] 警告 [0003.50] Magic_BP のコンパイルに成功しましたが、2 個の警告が出ました [ 0 ミリ秒]
[2016.05.08-10.54.24:597][  0]LogBlueprint:Warning: [compiler Magic_BP] 警告 [0003.50] Magic_BP のコンパイルに成功しましたが、3 個の警告が出ました [ 1 ミリ秒]
[2016.05.08-10.54.25:905][  0]LogAIModule: Creating AISystem for world tes
[2016.05.08-10.54.25:914][  0]LogEditorServer: Finished looking for orphan Actors (0.000 secs)
[2016.05.08-10.54.25:915][  0]Cmd: MAP CHECKDEP NOCLEARLOG
[2016.05.08-10.54.25:960][  0]MapCheck: 情報 マップチェックが完了: 0 エラー、 0 警告、完了に 45.073ミリ秒かかりました。
[2016.05.08-10.54.25:960][  0]LogFileHelpers: Loading map 'tes' took 1.872
[2016.05.08-10.54.26:048][  0]LogCollectionManager: Loaded 0 collections in 0.000984 seconds
[2016.05.08-10.54.26:085][  0]LogFileCache: Scanning file cache for directory 'C:/Users/EllightDunois/Documents/Unreal Projects/MagicDungeon_Project/src/MagicDungeon/Saved/Collections/' took 0.01s
[2016.05.08-10.54.26:085][  0]LogFileCache: Scanning file cache for directory 'C:/Users/EllightDunois/Documents/Unreal Projects/MagicDungeon_Project/src/MagicDungeon/Content/Developers/EllightDunois/Collections/' took 0.01s
[2016.05.08-10.54.26:085][  0]LogFileCache: Scanning file cache for directory 'C:/Users/EllightDunois/Documents/Unreal Projects/MagicDungeon_Project/src/MagicDungeon/Content/Collections/' took 0.01s
[2016.05.08-10.54.26:085][  0]LogCollectionManager: Rebuilt the GUID cache for 0 collections in 0.000002 seconds
[2016.05.08-10.54.26:090][  0]LogContentBrowser: Native class hierarchy populated in 0.0050 seconds. Added 1980 classes and 345 folders.
[2016.05.08-10.54.26:096][  0]LogStats: UGameplayTagsManager::ConstructGameplayTagTree: Construct from data asset -  0.000 s
[2016.05.08-10.54.26:096][  0]LogStats: UGameplayTagsManager::ConstructGameplayTagTree: GameplayTagTreeChangedEvent.Broadcast -  0.000 s
[2016.05.08-10.54.26:097][  0]LogContentBrowser: Native class hierarchy updated for 'GameplayTags' in 0.0008 seconds. Added 12 classes and 0 folders.
[2016.05.08-10.54.26:105][  0]LogContentBrowser: Native class hierarchy updated for 'WidgetCarousel' in 0.0006 seconds. Added 0 classes and 0 folders.
[2016.05.08-10.54.26:116][  0]LogContentBrowser: Native class hierarchy updated for 'SuperSearch' in 0.0007 seconds. Added 1 classes and 2 folders.
[2016.05.08-10.54.26:150][  0]LogContentBrowser: Native class hierarchy updated for 'AddContentDialog' in 0.0012 seconds. Added 0 classes and 0 folders.
[2016.05.08-10.54.26:205][  0]LogCrashTracker: Crashtracker disabled due to settings.
[2016.05.08-10.54.26:208][  0]LogUObjectGlobals:Warning: オブジェクト 'Class なし.' が見つかりませんでした
[2016.05.08-10.54.26:232][  0]LogContentBrowser: Native class hierarchy updated for 'HierarchicalLODOutliner' in 0.0002 seconds. Added 1 classes and 2 folders.
[2016.05.08-10.54.26:232][  0]LogLoad: Full Startup: 5.14 seconds (BP compile: 0.33 seconds)
[2016.05.08-10.54.26:232][  0]LogExternalProfiler: Found external profiler: VSPerf
[2016.05.08-10.54.26:232][  0]LogExternalProfiler: Using external profiler: VSPerf
[2016.05.08-10.54.26:278][  0]LogWindowsTextInputMethodSystem:Display: IME system now activated using TSF (Microsoft IME).
[2016.05.08-10.54.26:279][  0]LogWindowsTextInputMethodSystem:Display: IME system now activated using TSF (Microsoft IME).
[2016.05.08-10.54.26:280][  0]LogOcInput: OculusInput pre-init called
[2016.05.08-10.54.26:317][  0]LogContentStreaming: Texture pool size now 1000 MB
[2016.05.08-10.54.26:437][  0]LogRenderer: Reallocating scene render targets to support 2248x884 (Frame:2).
[2016.05.08-10.54.26:661][  1]LogAssetRegistry: Asset discovery search completed in 3.1189 seconds
[2016.05.08-10.54.26:661][  1]LogCollectionManager: Rebuilt the object cache for 0 collections in 0.000001 seconds (found 0 objects)
[2016.05.08-10.54.26:661][  1]LogCollectionManager: Fixed up redirectors for 0 collections in 0.000013 seconds (updated 0 objects)
[2016.05.08-10.54.29:781][231]LogContentBrowser: Native class hierarchy updated for 'BlueprintGraph' in 0.0005 seconds. Added 108 classes and 0 folders.
[2016.05.08-10.55.55:587][357]BlueprintLog: New page: Magic_BP をコンパイル
[2016.05.08-10.55.55:665][357]LogBlueprint:Warning: USimpleConstructionScript::FixupRootNodeParentReferences() - Couldn't find inherited parent component 'DefaultSceneRoot' for 'Scene' in BlueprintGeneratedClass 'REINST_Attack_BP_C_292' (it may have been removed)
[2016.05.08-10.55.55:706][357]LogActorComponent: UnregisterComponent: (/Engine/Transient.CharMoveComp) Not registered. Aborting.
[2016.05.08-10.55.55:706][357]LogActorComponent: UnregisterComponent: (/Engine/Transient.CharacterMovementComponent_0) Not registered. Aborting.
[2016.05.08-10.55.55:706][357]LogActorComponent: UnregisterComponent: (/Engine/Transient.CharacterMovementComponent_1) Not registered. Aborting.
[2016.05.08-10.55.55:807][357]LogBlueprint:Warning: USimpleConstructionScript::FixupRootNodeParentReferences() - Couldn't find inherited parent component 'DefaultSceneRoot' for 'Sphere' in BlueprintGeneratedClass 'REINST_Fire_small_BP_C_296' (it may have been removed)
[2016.05.08-10.55.55:836][357]LogBlueprint:Warning: USimpleConstructionScript::FixupRootNodeParentReferences() - Couldn't find inherited parent component 'DefaultSceneRoot' for 'Sphere' in BlueprintGeneratedClass 'REINST_Ice_small_BP_C_298' (it may have been removed)
[2016.05.08-10.55.55:836][357]LogBlueprint:Warning: USimpleConstructionScript::FixupRootNodeParentReferences() - Couldn't find inherited parent component 'DefaultSceneRoot' for 'Particle' in BlueprintGeneratedClass 'REINST_Ice_small_BP_C_298' (it may have been removed)
[2016.05.08-10.55.55:871][357]LogBlueprint:Warning: USimpleConstructionScript::FixupRootNodeParentReferences() - Couldn't find inherited parent component 'DefaultSceneRoot' for 'Sphere' in BlueprintGeneratedClass 'REINST_Tolnade_small_BP_C_300' (it may have been removed)
[2016.05.08-10.55.56:239][357]BlueprintEditorCompileResults: 情報 The execution path doesn't end with a return node.  真 
[2016.05.08-10.55.56:239][357]BlueprintEditorCompileResults: 情報 [0095.14] Magic_BP のコンパイルに成功しました！  [ 651 ミリ秒]
[2016.05.08-10.56.01:254][858]BlueprintLog: New page: Magic_BP をコンパイル
[2016.05.08-10.56.01:320][858]LogBlueprint:Warning: USimpleConstructionScript::FixupRootNodeParentReferences() - Couldn't find inherited parent component 'DefaultSceneRoot' for 'Scene' in BlueprintGeneratedClass 'REINST_Attack_BP_C_316' (it may have been removed)
[2016.05.08-10.56.01:335][858]LogActorComponent: UnregisterComponent: (/Engine/Transient.CharMoveComp) Not registered. Aborting.
[2016.05.08-10.56.01:335][858]LogActorComponent: UnregisterComponent: (/Engine/Transient.CharacterMovementComponent_2) Not registered. Aborting.
[2016.05.08-10.56.01:335][858]LogActorComponent: UnregisterComponent: (/Engine/Transient.CharacterMovementComponent_3) Not registered. Aborting.
[2016.05.08-10.56.01:376][858]LogBlueprint:Warning: USimpleConstructionScript::FixupRootNodeParentReferences() - Couldn't find inherited parent component 'DefaultSceneRoot' for 'Sphere' in BlueprintGeneratedClass 'REINST_Fire_small_BP_C_320' (it may have been removed)
[2016.05.08-10.56.01:404][858]LogBlueprint:Warning: USimpleConstructionScript::FixupRootNodeParentReferences() - Couldn't find inherited parent component 'DefaultSceneRoot' for 'Sphere' in BlueprintGeneratedClass 'REINST_Ice_small_BP_C_322' (it may have been removed)
[2016.05.08-10.56.01:404][858]LogBlueprint:Warning: USimpleConstructionScript::FixupRootNodeParentReferences() - Couldn't find inherited parent component 'DefaultSceneRoot' for 'Particle' in BlueprintGeneratedClass 'REINST_Ice_small_BP_C_322' (it may have been removed)
[2016.05.08-10.56.01:439][858]LogBlueprint:Warning: USimpleConstructionScript::FixupRootNodeParentReferences() - Couldn't find inherited parent component 'DefaultSceneRoot' for 'Sphere' in BlueprintGeneratedClass 'REINST_Tolnade_small_BP_C_324' (it may have been removed)
[2016.05.08-10.56.01:810][858]BlueprintEditorCompileResults: 情報 The execution path doesn't end with a return node.  真 
[2016.05.08-10.56.01:810][858]BlueprintEditorCompileResults: 情報 [0100.71] Magic_BP のコンパイルに成功しました！  [ 555 ミリ秒]
[2016.05.08-10.56.04:159][ 79]LogBlueprintUserMessages: Early PlayInEditor Detection: Level '/Game/tes.tes:PersistentLevel' has LevelScriptBlueprint '/Game/tes.tes:PersistentLevel.tes' with GeneratedClass '/Game/tes.tes_C' with ClassGeneratedBy '/Game/tes.tes:PersistentLevel.tes'
[2016.05.08-10.56.04:159][ 79]LogPlayLevel: PlayLevel: No blueprints needed recompiling
[2016.05.08-10.56.04:159][ 79]PIE: New page: PIEセッション: tes (2016/05/09 4:56:04)
[2016.05.08-10.56.04:159][ 79]LogPlayLevel: Creating play world package: /Game/UEDPIE_0_tes
[2016.05.08-10.56.04:168][ 79]LogPlayLevel: PIE: StaticDuplicateObject took: (0.008869s)
[2016.05.08-10.56.04:168][ 79]LogAIModule: Creating AISystem for world tes
[2016.05.08-10.56.04:168][ 79]LogPlayLevel: PIE: World Init took: (0.000458s)
[2016.05.08-10.56.04:168][ 79]LogPlayLevel: PIE: Created PIE world by copying editor world from /Game/tes.tes to /Game/UEDPIE_0_tes.tes (0.009535s)
[2016.05.08-10.56.04:168][ 79]LogActorComponent: UnregisterComponent: (/Engine/Transient.CharMoveComp) Not registered. Aborting.
[2016.05.08-10.56.04:168][ 79]LogActorComponent: UnregisterComponent: (/Engine/Transient.CharacterMovementComponent_4) Not registered. Aborting.
[2016.05.08-10.56.04:168][ 79]LogActorComponent: UnregisterComponent: (/Engine/Transient.CharacterMovementComponent_5) Not registered. Aborting.
[2016.05.08-10.56.04:187][ 79]LogInit: XAudio2 using 'SPDIF出力 (SB Recon3D PCIe)' : 2 channels at 48 kHz using 32 bits per sample (channel mask 0x3)
[2016.05.08-10.56.04:189][ 79]LogInit: FAudioDevice initialized.
[2016.05.08-10.56.04:234][ 79]LogWorld: Game class is 'ButtleGameMode_BP_C'
[2016.05.08-10.56.04:240][ 79]LogWorld: Bringing World /Game/UEDPIE_0_tes.tes up for play (max tick rate 0) at 2016.05.08-19.56.04
[2016.05.08-10.56.04:244][ 79]LogWorld: Bringing up level for play took: 0.009531
[2016.05.08-10.56.04:247][ 79]LogContentBrowser: Native class hierarchy updated for 'MovieSceneCapture' in 0.0003 seconds. Added 9 classes and 0 folders.
[2016.05.08-10.56.04:251][ 79]PIE: 情報 /Game/UEDPIE_0_tes -0.572のプレイ イン エディタの開始時間
[2016.05.08-10.56.04:251][ 79]LogBlueprintUserMessages: Late PlayInEditor Detection: Level '/Game/tes.tes:PersistentLevel' has LevelScriptBlueprint '/Game/tes.tes:PersistentLevel.tes' with GeneratedClass '/Game/tes.tes_C' with ClassGeneratedBy '/Game/tes.tes:PersistentLevel.tes'
[2016.05.08-10.56.04:310][ 80]LogRenderTargetPool:Warning: r.RenderTargetPoolMin exceeded 410/400 MB (ok in editor, bad on fixed memory platform)
[2016.05.08-10.56.07:346][444]LogBlueprintUserMessages: [Slime_3] Hello
[2016.05.08-10.56.07:362][446]LogRenderTargetPool:Warning: r.RenderTargetPoolMin exceeded 403/400 MB (ok in editor, bad on fixed memory platform)
[2016.05.08-10.56.18:375][723]LogBlueprintUserMessages: [Slime_3] Hello
[2016.05.08-10.56.18:386][725]LogRenderTargetPool:Warning: r.RenderTargetPoolMin exceeded 403/400 MB (ok in editor, bad on fixed memory platform)
[2016.05.08-10.56.19:287][816]LogBlueprintUserMessages: [Slime_BP2_5] Hello
[2016.05.08-10.56.19:300][818]LogRenderTargetPool:Warning: r.RenderTargetPoolMin exceeded 403/400 MB (ok in editor, bad on fixed memory platform)
[2016.05.08-10.56.22:509][173]LogBlueprintUserMessages: Early EndPlayMap Detection: Level '/Game/tes.tes:PersistentLevel' has LevelScriptBlueprint '/Game/tes.tes:PersistentLevel.tes' with GeneratedClass '/Game/tes.tes_C' with ClassGeneratedBy '/Game/tes.tes:PersistentLevel.tes'
[2016.05.08-10.56.22:544][173]LogBlueprintUserMessages: Late EndPlayMap Detection: Level '/Game/tes.tes:PersistentLevel' has LevelScriptBlueprint '/Game/tes.tes:PersistentLevel.tes' with GeneratedClass '/Game/tes.tes_C' with ClassGeneratedBy '/Game/tes.tes:PersistentLevel.tes'
[2016.05.08-10.56.22:598][175]LogRenderTargetPool:Warning: r.RenderTargetPoolMin exceeded 404/400 MB (ok in editor, bad on fixed memory platform)
[2016.05.08-10.56.24:574][263]LogRenderTargetPool:Warning: r.RenderTargetPoolMin exceeded 404/400 MB (ok in editor, bad on fixed memory platform)
[2016.05.08-10.56.41:491][797]BlueprintLog: New page: ButtleGameMode_BP をコンパイル
[2016.05.08-10.56.41:581][797]BlueprintEditorCompileResults: 情報 [0140.48] ButtleGameMode_BP のコンパイルに成功しました！  [ 89 ミリ秒]
[2016.05.08-10.56.42:297][851]LogSavePackage: Save=33.85ms
[2016.05.08-10.56.42:297][851]LogSavePackage: Moving '../../../../../../Users/EllightDunois/Documents/Unreal Projects/MagicDungeon_Project/src/MagicDungeon/Saved/ButtleGameMode_BPB44BDF5C43706BF260E41DA6015F5908.tmp' to '../../../../../../Users/EllightDunois/Documents/Unreal Projects/MagicDungeon_Project/src/MagicDungeon/Content/BluePrints/ButtleGameMode_BP.uasset'
[2016.05.08-10.56.42:299][851]LogSavePackage: Total save time: 64.28ms
[2016.05.08-10.56.42:299][851]LogSavePackage:Display: Finished SavePackage ../../../../../../Users/EllightDunois/Documents/Unreal Projects/MagicDungeon_Project/src/MagicDungeon/Content/BluePrints/ButtleGameMode_BP.uasset
[2016.05.08-10.56.53:166][827]LogBlueprintUserMessages: Early PlayInEditor Detection: Level '/Game/tes.tes:PersistentLevel' has LevelScriptBlueprint '/Game/tes.tes:PersistentLevel.tes' with GeneratedClass '/Game/tes.tes_C' with ClassGeneratedBy '/Game/tes.tes:PersistentLevel.tes'
[2016.05.08-10.56.53:166][827]LogPlayLevel: PlayLevel: No blueprints needed recompiling
[2016.05.08-10.56.53:166][827]PIE: New page: PIEセッション: tes (2016/05/09 4:56:53)
[2016.05.08-10.56.53:166][827]LogPlayLevel: Creating play world package: /Game/UEDPIE_0_tes
[2016.05.08-10.56.53:175][827]LogPlayLevel: PIE: StaticDuplicateObject took: (0.008286s)
[2016.05.08-10.56.53:175][827]LogAIModule: Creating AISystem for world tes
[2016.05.08-10.56.53:175][827]LogPlayLevel: PIE: World Init took: (0.000417s)
[2016.05.08-10.56.53:175][827]LogPlayLevel: PIE: Created PIE world by copying editor world from /Game/tes.tes to /Game/UEDPIE_0_tes.tes (0.008876s)
[2016.05.08-10.56.53:193][827]LogInit: XAudio2 using 'SPDIF出力 (SB Recon3D PCIe)' : 2 channels at 48 kHz using 32 bits per sample (channel mask 0x3)
[2016.05.08-10.56.53:196][827]LogInit: FAudioDevice initialized.
[2016.05.08-10.56.53:228][827]LogWorld: Game class is 'ButtleGameMode_BP_C'
[2016.05.08-10.56.53:234][827]LogWorld: Bringing World /Game/UEDPIE_0_tes.tes up for play (max tick rate 0) at 2016.05.08-19.56.53
[2016.05.08-10.56.53:238][827]LogWorld: Bringing up level for play took: 0.009452
[2016.05.08-10.56.53:241][827]PIE: 情報 /Game/UEDPIE_0_tes 0.418のプレイ イン エディタの開始時間
[2016.05.08-10.56.53:242][827]LogBlueprintUserMessages: Late PlayInEditor Detection: Level '/Game/tes.tes:PersistentLevel' has LevelScriptBlueprint '/Game/tes.tes:PersistentLevel.tes' with GeneratedClass '/Game/tes.tes_C' with ClassGeneratedBy '/Game/tes.tes:PersistentLevel.tes'
[2016.05.08-10.56.56:873][242]LogBlueprintUserMessages: [Slime_3] Hello
[2016.05.08-10.56.56:885][244]LogRenderTargetPool:Warning: r.RenderTargetPoolMin exceeded 403/400 MB (ok in editor, bad on fixed memory platform)
[2016.05.08-10.56.59:816][565]LogBlueprintUserMessages: [Slime_BP2_5] Hello
[2016.05.08-10.56.59:828][567]LogRenderTargetPool:Warning: r.RenderTargetPoolMin exceeded 403/400 MB (ok in editor, bad on fixed memory platform)
[2016.05.08-10.57.03:372][962]LogRenderTargetPool:Warning: r.RenderTargetPoolMin exceeded 403/400 MB (ok in editor, bad on fixed memory platform)
[2016.05.08-10.57.06:133][262]LogRenderTargetPool:Warning: r.RenderTargetPoolMin exceeded 403/400 MB (ok in editor, bad on fixed memory platform)
[2016.05.08-10.57.08:257][492]LogBlueprintUserMessages: Early EndPlayMap Detection: Level '/Game/tes.tes:PersistentLevel' has LevelScriptBlueprint '/Game/tes.tes:PersistentLevel.tes' with GeneratedClass '/Game/tes.tes_C' with ClassGeneratedBy '/Game/tes.tes:PersistentLevel.tes'
[2016.05.08-10.57.08:288][492]LogBlueprintUserMessages: Late EndPlayMap Detection: Level '/Game/tes.tes:PersistentLevel' has LevelScriptBlueprint '/Game/tes.tes:PersistentLevel.tes' with GeneratedClass '/Game/tes.tes_C' with ClassGeneratedBy '/Game/tes.tes:PersistentLevel.tes'
[2016.05.08-10.57.08:348][493]LogRenderTargetPool:Warning: r.RenderTargetPoolMin exceeded 404/400 MB (ok in editor, bad on fixed memory platform)
[2016.05.08-10.57.27:068][113]BlueprintLog: New page: Fire_small_BP をコンパイル
[2016.05.08-10.57.27:081][113]LogActorComponent: UnregisterComponent: (/Engine/Transient.CharMoveComp) Not registered. Aborting.
[2016.05.08-10.57.27:156][113]BlueprintEditorCompileResults: 情報 [0186.06] Fire_small_BP のコンパイルに成功しました！  [ 87 ミリ秒]
[2016.05.08-10.57.40:739][282]BlueprintLog: New page: Ice_small_BP をコンパイル
[2016.05.08-10.57.40:833][282]BlueprintEditorCompileResults: 情報 [0199.74] Ice_small_BP のコンパイルに成功しました！  [ 93 ミリ秒]
[2016.05.08-10.57.42:739][441]LogBlueprintUserMessages: Early PlayInEditor Detection: Level '/Game/tes.tes:PersistentLevel' has LevelScriptBlueprint '/Game/tes.tes:PersistentLevel.tes' with GeneratedClass '/Game/tes.tes_C' with ClassGeneratedBy '/Game/tes.tes:PersistentLevel.tes'
[2016.05.08-10.57.42:739][441]LogPlayLevel: PlayLevel: No blueprints needed recompiling
[2016.05.08-10.57.42:739][441]PIE: New page: PIEセッション: tes (2016/05/09 4:57:42)
[2016.05.08-10.57.42:739][441]LogPlayLevel: Creating play world package: /Game/UEDPIE_0_tes
[2016.05.08-10.57.42:748][441]LogPlayLevel: PIE: StaticDuplicateObject took: (0.008262s)
[2016.05.08-10.57.42:748][441]LogAIModule: Creating AISystem for world tes
[2016.05.08-10.57.42:748][441]LogPlayLevel: PIE: World Init took: (0.000437s)
[2016.05.08-10.57.42:748][441]LogPlayLevel: PIE: Created PIE world by copying editor world from /Game/tes.tes to /Game/UEDPIE_0_tes.tes (0.008872s)
[2016.05.08-10.57.42:771][441]LogInit: XAudio2 using 'SPDIF出力 (SB Recon3D PCIe)' : 2 channels at 48 kHz using 32 bits per sample (channel mask 0x3)
[2016.05.08-10.57.42:773][441]LogInit: FAudioDevice initialized.
[2016.05.08-10.57.42:805][441]LogWorld: Game class is 'ButtleGameMode_BP_C'
[2016.05.08-10.57.42:811][441]LogWorld: Bringing World /Game/UEDPIE_0_tes.tes up for play (max tick rate 0) at 2016.05.08-19.57.42
[2016.05.08-10.57.42:815][441]LogWorld: Bringing up level for play took: 0.009708
[2016.05.08-10.57.42:819][441]PIE: 情報 /Game/UEDPIE_0_tes -0.004のプレイ イン エディタの開始時間
[2016.05.08-10.57.42:820][441]LogBlueprintUserMessages: Late PlayInEditor Detection: Level '/Game/tes.tes:PersistentLevel' has LevelScriptBlueprint '/Game/tes.tes:PersistentLevel.tes' with GeneratedClass '/Game/tes.tes_C' with ClassGeneratedBy '/Game/tes.tes:PersistentLevel.tes'
[2016.05.08-10.57.46:811][894]LogBlueprintUserMessages: [Slime_3] Hello
[2016.05.08-10.57.46:824][896]LogRenderTargetPool:Warning: r.RenderTargetPoolMin exceeded 403/400 MB (ok in editor, bad on fixed memory platform)
[2016.05.08-10.57.50:184][266]LogBlueprintUserMessages: [Slime_BP2_5] Hello
[2016.05.08-10.57.50:197][268]LogRenderTargetPool:Warning: r.RenderTargetPoolMin exceeded 403/400 MB (ok in editor, bad on fixed memory platform)
[2016.05.08-10.57.56:490][982]LogRenderTargetPool:Warning: r.RenderTargetPoolMin exceeded 403/400 MB (ok in editor, bad on fixed memory platform)
[2016.05.08-10.57.59:794][347]LogBlueprintUserMessages: [Slime_3] Hello
[2016.05.08-10.57.59:807][349]LogRenderTargetPool:Warning: r.RenderTargetPoolMin exceeded 403/400 MB (ok in editor, bad on fixed memory platform)
[2016.05.08-10.58.02:592][656]LogBlueprintUserMessages: Early EndPlayMap Detection: Level '/Game/tes.tes:PersistentLevel' has LevelScriptBlueprint '/Game/tes.tes:PersistentLevel.tes' with GeneratedClass '/Game/tes.tes_C' with ClassGeneratedBy '/Game/tes.tes:PersistentLevel.tes'
[2016.05.08-10.58.02:626][656]LogBlueprintUserMessages: Late EndPlayMap Detection: Level '/Game/tes.tes:PersistentLevel' has LevelScriptBlueprint '/Game/tes.tes:PersistentLevel.tes' with GeneratedClass '/Game/tes.tes_C' with ClassGeneratedBy '/Game/tes.tes:PersistentLevel.tes'
[2016.05.08-10.58.02:687][657]LogRenderTargetPool:Warning: r.RenderTargetPoolMin exceeded 405/400 MB (ok in editor, bad on fixed memory platform)
[2016.05.08-10.58.04:692][746]LogRenderTargetPool:Warning: r.RenderTargetPoolMin exceeded 405/400 MB (ok in editor, bad on fixed memory platform)
[2016.05.08-10.58.25:004][534]BlueprintLog: New page: Fire_small_BP をコンパイル
[2016.05.08-10.58.25:095][534]BlueprintEditorCompileResults: 情報 [0244.00] Fire_small_BP のコンパイルに成功しました！  [ 90 ミリ秒]
[2016.05.08-10.58.26:904][686]LogBlueprintUserMessages: Early PlayInEditor Detection: Level '/Game/tes.tes:PersistentLevel' has LevelScriptBlueprint '/Game/tes.tes:PersistentLevel.tes' with GeneratedClass '/Game/tes.tes_C' with ClassGeneratedBy '/Game/tes.tes:PersistentLevel.tes'
[2016.05.08-10.58.26:904][686]LogPlayLevel: PlayLevel: No blueprints needed recompiling
[2016.05.08-10.58.26:904][686]PIE: New page: PIEセッション: tes (2016/05/09 4:58:26)
[2016.05.08-10.58.26:904][686]LogPlayLevel: Creating play world package: /Game/UEDPIE_0_tes
[2016.05.08-10.58.26:913][686]LogPlayLevel: PIE: StaticDuplicateObject took: (0.008333s)
[2016.05.08-10.58.26:913][686]LogAIModule: Creating AISystem for world tes
[2016.05.08-10.58.26:913][686]LogPlayLevel: PIE: World Init took: (0.000429s)
[2016.05.08-10.58.26:913][686]LogPlayLevel: PIE: Created PIE world by copying editor world from /Game/tes.tes to /Game/UEDPIE_0_tes.tes (0.008969s)
[2016.05.08-10.58.26:933][686]LogInit: XAudio2 using 'SPDIF出力 (SB Recon3D PCIe)' : 2 channels at 48 kHz using 32 bits per sample (channel mask 0x3)
[2016.05.08-10.58.26:935][686]LogInit: FAudioDevice initialized.
[2016.05.08-10.58.26:966][686]LogWorld: Game class is 'ButtleGameMode_BP_C'
[2016.05.08-10.58.26:972][686]LogWorld: Bringing World /Game/UEDPIE_0_tes.tes up for play (max tick rate 0) at 2016.05.08-19.58.26
[2016.05.08-10.58.26:976][686]LogWorld: Bringing up level for play took: 0.009221
[2016.05.08-10.58.26:980][686]PIE: 情報 /Game/UEDPIE_0_tes 0.156のプレイ イン エディタの開始時間
[2016.05.08-10.58.26:980][686]LogBlueprintUserMessages: Late PlayInEditor Detection: Level '/Game/tes.tes:PersistentLevel' has LevelScriptBlueprint '/Game/tes.tes:PersistentLevel.tes' with GeneratedClass '/Game/tes.tes_C' with ClassGeneratedBy '/Game/tes.tes:PersistentLevel.tes'
[2016.05.08-10.58.31:387][200]LogBlueprintUserMessages: [Slime_3] Hello
[2016.05.08-10.58.31:400][202]LogRenderTargetPool:Warning: r.RenderTargetPoolMin exceeded 403/400 MB (ok in editor, bad on fixed memory platform)
[2016.05.08-10.58.35:115][620]LogBlueprintUserMessages: [Slime_BP2_5] Hello
[2016.05.08-10.58.35:127][622]LogRenderTargetPool:Warning: r.RenderTargetPoolMin exceeded 403/400 MB (ok in editor, bad on fixed memory platform)
[2016.05.08-10.58.39:669][126]LogRenderTargetPool:Warning: r.RenderTargetPoolMin exceeded 403/400 MB (ok in editor, bad on fixed memory platform)
[2016.05.08-10.58.43:636][572]LogBlueprintUserMessages: [Slime_3] Hello
[2016.05.08-10.58.43:649][574]LogRenderTargetPool:Warning: r.RenderTargetPoolMin exceeded 403/400 MB (ok in editor, bad on fixed memory platform)
[2016.05.08-10.58.50:698][374]LogBlueprintUserMessages: Early EndPlayMap Detection: Level '/Game/tes.tes:PersistentLevel' has LevelScriptBlueprint '/Game/tes.tes:PersistentLevel.tes' with GeneratedClass '/Game/tes.tes_C' with ClassGeneratedBy '/Game/tes.tes:PersistentLevel.tes'
[2016.05.08-10.58.50:730][374]LogBlueprintUserMessages: Late EndPlayMap Detection: Level '/Game/tes.tes:PersistentLevel' has LevelScriptBlueprint '/Game/tes.tes:PersistentLevel.tes' with GeneratedClass '/Game/tes.tes_C' with ClassGeneratedBy '/Game/tes.tes:PersistentLevel.tes'
[2016.05.08-10.58.50:791][376]LogRenderTargetPool:Warning: r.RenderTargetPoolMin exceeded 405/400 MB (ok in editor, bad on fixed memory platform)
[2016.05.08-10.58.58:383][912]LogSavePackage: Save=46.43ms
[2016.05.08-10.58.58:383][912]LogSavePackage: Moving '../../../../../../Users/EllightDunois/Documents/Unreal Projects/MagicDungeon_Project/src/MagicDungeon/Saved/Fire_small_BP3E87A0174CEFCC5A3E664FB132BA5F06.tmp' to '../../../../../../Users/EllightDunois/Documents/Unreal Projects/MagicDungeon_Project/src/MagicDungeon/Content/BluePrints/Magics/Fire_small_BP.uasset'
[2016.05.08-10.58.58:385][912]LogSavePackage: Total save time: 90.98ms
[2016.05.08-10.58.58:385][912]LogSavePackage:Display: Finished SavePackage ../../../../../../Users/EllightDunois/Documents/Unreal Projects/MagicDungeon_Project/src/MagicDungeon/Content/BluePrints/Magics/Fire_small_BP.uasset
[2016.05.08-10.58.58:475][912]LogSavePackage: Save=53.88ms
[2016.05.08-10.58.58:475][912]LogSavePackage: Moving '../../../../../../Users/EllightDunois/Documents/Unreal Projects/MagicDungeon_Project/src/MagicDungeon/Saved/Ice_small_BP461E7959418A41DD4562079ED4FE1BFA.tmp' to '../../../../../../Users/EllightDunois/Documents/Unreal Projects/MagicDungeon_Project/src/MagicDungeon/Content/BluePrints/Magics/Ice_small_BP.uasset'
[2016.05.08-10.58.58:477][912]LogSavePackage: Total save time: 84.00ms
[2016.05.08-10.58.58:477][912]LogSavePackage:Display: Finished SavePackage ../../../../../../Users/EllightDunois/Documents/Unreal Projects/MagicDungeon_Project/src/MagicDungeon/Content/BluePrints/Magics/Ice_small_BP.uasset
[2016.05.08-10.58.58:652][912]LogSavePackage: Save=142.77ms
[2016.05.08-10.58.58:652][912]LogSavePackage: Moving '../../../../../../Users/EllightDunois/Documents/Unreal Projects/MagicDungeon_Project/src/MagicDungeon/Saved/Magic_BP3F695FF544D18D110B748AAE5A937841.tmp' to '../../../../../../Users/EllightDunois/Documents/Unreal Projects/MagicDungeon_Project/src/MagicDungeon/Content/BluePrints/Magics/Magic_BP.uasset'
[2016.05.08-10.58.58:653][912]LogSavePackage: Total save time: 169.15ms
[2016.05.08-10.58.58:653][912]LogSavePackage:Display: Finished SavePackage ../../../../../../Users/EllightDunois/Documents/Unreal Projects/MagicDungeon_Project/src/MagicDungeon/Content/BluePrints/Magics/Magic_BP.uasset
[2016.05.08-11.35.43:208][937]LogRenderTargetPool:Warning: r.RenderTargetPoolMin exceeded 405/400 MB (ok in editor, bad on fixed memory platform)
[2016.05.08-11.35.44:862][ 80]LogActorComponent: UnregisterComponent: (/Engine/Transient.EditorFloorComp) Not registered. Aborting.
[2016.05.08-11.35.44:994][ 80]LogActorComponent: UnregisterComponent: (/Engine/Transient.EditorFloorComp) Not registered. Aborting.
[2016.05.08-11.35.45:096][ 80]LogActorComponent: UnregisterComponent: (/Engine/Transient.EditorFloorComp) Not registered. Aborting.
[2016.05.08-11.35.45:280][ 80]LogActorComponent: UnregisterComponent: (/Engine/Transient.EditorFloorComp) Not registered. Aborting.
[2016.05.08-11.35.45:380][ 80]LogActorComponent: UnregisterComponent: (/Engine/Transient.EditorFloorComp) Not registered. Aborting.
[2016.05.08-11.35.48:415][354]LogWindowsTextInputMethodSystem:Display: IME system now activated using TSF (Microsoft IME).
[2016.05.08-11.35.48:416][354]LogWindowsTextInputMethodSystem:Display: IME system now activated using TSF (Microsoft IME).
[2016.05.08-11.35.48:468][354]LogWindowsTextInputMethodSystem:Display: IME system now activated using TSF (Microsoft IME).
[2016.05.08-11.35.48:468][354]LogWindowsTextInputMethodSystem:Display: IME system now activated using TSF (Microsoft IME).
[2016.05.08-11.35.48:690][355]Cmd: QUIT_EDITOR
[2016.05.08-11.35.48:939][355]LogWindowsTextInputMethodSystem:Display: IME system now activated using TSF (Microsoft IME).
[2016.05.08-11.35.48:940][355]LogWindowsTextInputMethodSystem:Display: IME system now activated using TSF (Microsoft IME).
[2016.05.08-11.35.48:982][355]LogExit: Preparing to exit.
[2016.05.08-11.35.49:862][355]LogExit: Editor shut down
[2016.05.08-11.35.49:863][355]LogExit: Transaction tracking system shut down
[2016.05.08-11.35.50:124][355]LogObj: Freed 0b from 0 cluster array pools.
[2016.05.08-11.35.50:124][355]LogExit: Object subsystem successfully closed.
[2016.05.08-11.35.50:152][355]LogD3D11RHI: Shutdown
[2016.05.08-11.35.50:152][355]LogD3D11RHI: CleanupD3DDevice
[2016.05.08-11.35.50:159][355]LogD3D11RHI: ~FD3D11DynamicRHI
[2016.05.08-11.35.50:189][355]LogDerivedDataCache: Shutdown
[2016.05.08-11.35.50:203][355]LogModuleManager: Shutting down and abandoning module MovieSceneCapture (207)
[2016.05.08-11.35.50:203][355]LogModuleManager: Shutting down and abandoning module SequencerWidgets (206)
[2016.05.08-11.35.50:203][355]LogModuleManager: Shutting down and abandoning module BlueprintGraph (205)
[2016.05.08-11.35.50:203][355]LogModuleManager: Shutting down and abandoning module HierarchicalLODOutliner (204)
[2016.05.08-11.35.50:203][355]LogModuleManager: Shutting down and abandoning module CrashTracker (203)
[2016.05.08-11.35.50:203][355]LogModuleManager: Shutting down and abandoning module SuperSearch (202)
[2016.05.08-11.35.50:203][355]LogModuleManager: Shutting down and abandoning module WidgetCarousel (201)
[2016.05.08-11.35.50:203][355]LogModuleManager: Shutting down and abandoning module AddContentDialog (200)
[2016.05.08-11.35.50:208][355]LogModuleManager: Shutting down and abandoning module GameplayTags (199)
[2016.05.08-11.35.50:208][355]LogModuleManager: Shutting down and abandoning module EditorWidgets (198)
[2016.05.08-11.35.50:208][355]LogModuleManager: Shutting down and abandoning module CollectionManager (197)
[2016.05.08-11.35.50:208][355]LogModuleManager: Shutting down and abandoning module SceneOutliner (196)
[2016.05.08-11.35.50:209][355]LogModuleManager: Shutting down and abandoning module StatsViewer (195)
[2016.05.08-11.35.50:209][355]LogModuleManager: Shutting down and abandoning module FoliageEdit (194)
[2016.05.08-11.35.50:209][355]LogModuleManager: Shutting down and abandoning module LandscapeEditor (193)
[2016.05.08-11.35.50:210][355]LogModuleManager: Shutting down and abandoning module ActorPickerMode (192)
[2016.05.08-11.35.50:210][355]LogModuleManager: Shutting down and abandoning module GeometryMode (191)
[2016.05.08-11.35.50:210][355]LogModuleManager: Shutting down and abandoning module TextureAlignMode (190)
[2016.05.08-11.35.50:210][355]LogModuleManager: Shutting down and abandoning module BspMode (189)
[2016.05.08-11.35.50:210][355]LogModuleManager: Shutting down and abandoning module PlacementMode (188)
[2016.05.08-11.35.50:210][355]LogModuleManager: Shutting down and abandoning module AutomationWorker (187)
[2016.05.08-11.35.50:210][355]LogModuleManager: Shutting down and abandoning module CharacterAI (186)
[2016.05.08-11.35.50:210][355]LogModuleManager: Shutting down and abandoning module SmartSnapping (185)
[2016.05.08-11.35.50:210][355]LogModuleManager: Shutting down and abandoning module ViewportSnapping (184)
[2016.05.08-11.35.50:210][355]LogModuleManager: Shutting down and abandoning module LogVisualizer (183)
[2016.05.08-11.35.50:211][355]LogModuleManager: Shutting down and abandoning module GameProjectGeneration (182)
[2016.05.08-11.35.50:212][355]LogModuleManager: Shutting down and abandoning module IntroTutorials (181)
[2016.05.08-11.35.50:213][355]LogModuleManager: Shutting down and abandoning module EditorLiveStreaming (180)
[2016.05.08-11.35.50:213][355]LogModuleManager: Shutting down and abandoning module IOSPlatformEditor (179)
[2016.05.08-11.35.50:214][355]LogModuleManager: Shutting down and abandoning module HTML5PlatformEditor (178)
[2016.05.08-11.35.50:214][355]LogModuleManager: Shutting down and abandoning module AndroidDeviceDetection (177)
[2016.05.08-11.35.51:135][355]LogModuleManager: Shutting down and abandoning module AndroidPlatformEditor (176)
[2016.05.08-11.35.51:135][355]LogModuleManager: Shutting down and abandoning module IOSRuntimeSettings (175)
[2016.05.08-11.35.51:135][355]LogModuleManager: Shutting down and abandoning module AndroidRuntimeSettings (174)
[2016.05.08-11.35.51:135][355]LogModuleManager: Shutting down and abandoning module MergeActors (173)
[2016.05.08-11.35.51:153][355]LogModuleManager: Shutting down and abandoning module SizeMap (172)
[2016.05.08-11.35.51:153][355]LogModuleManager: Shutting down and abandoning module TreeMap (171)
[2016.05.08-11.35.51:153][355]LogModuleManager: Shutting down and abandoning module ReferenceViewer (170)
[2016.05.08-11.35.51:153][355]LogModuleManager: Shutting down and abandoning module LocalizationService (169)
[2016.05.08-11.35.51:154][355]LogModuleManager: Shutting down and abandoning module LocalizationDashboard (168)
[2016.05.08-11.35.51:154][355]LogModuleManager: Shutting down and abandoning module HardwareTargeting (167)
[2016.05.08-11.35.51:154][355]LogModuleManager: Shutting down and abandoning module DeviceProfileEditor (166)
[2016.05.08-11.35.51:155][355]LogModuleManager: Shutting down and abandoning module UndoHistory (165)
[2016.05.08-11.35.51:155][355]LogModuleManager: Shutting down and abandoning module UserFeedback (164)
[2016.05.08-11.35.51:155][355]LogModuleManager: Shutting down and abandoning module XmlParser (163)
[2016.05.08-11.35.51:155][355]LogModuleManager: Shutting down and abandoning module Blutility (162)
[2016.05.08-11.35.51:155][355]LogModuleManager: Shutting down and abandoning module ProjectTargetPlatformEditor (161)
[2016.05.08-11.35.51:155][355]LogModuleManager: Shutting down and abandoning module ProjectSettingsViewer (160)
[2016.05.08-11.35.51:155][355]LogModuleManager: Shutting down and abandoning module InputBindingEditor (159)
[2016.05.08-11.35.51:156][355]LogModuleManager: Shutting down and abandoning module EditorSettingsViewer (158)
[2016.05.08-11.35.51:156][355]LogModuleManager: Shutting down and abandoning module SettingsEditor (157)
[2016.05.08-11.35.51:157][355]LogModuleManager: Shutting down and abandoning module ProjectLauncher (156)
[2016.05.08-11.35.51:158][355]LogModuleManager: Shutting down and abandoning module SessionFrontend (155)
[2016.05.08-11.35.51:158][355]LogModuleManager: Shutting down and abandoning module ProfilerClient (154)
[2016.05.08-11.35.51:159][355]LogModuleManager: Shutting down and abandoning module TargetDeviceServices (153)
[2016.05.08-11.35.51:159][355]LogModuleManager: Shutting down and abandoning module DeviceManager (152)
[2016.05.08-11.35.51:201][355]LogModuleManager: Shutting down and abandoning module AutomationController (151)
[2016.05.08-11.35.51:202][355]LogModuleManager: Shutting down and abandoning module AutomationWindow (150)
[2016.05.08-11.35.51:203][355]LogModuleManager: Shutting down and abandoning module Layers (149)
[2016.05.08-11.35.51:204][355]LogModuleManager: Shutting down and abandoning module ComponentVisualizers (148)
[2016.05.08-11.35.51:204][355]LogModuleManager: Shutting down and abandoning module DetailCustomizations (147)
[2016.05.08-11.35.51:205][355]LogModuleManager: Shutting down and abandoning module PackagesDialog (146)
[2016.05.08-11.35.51:205][355]LogModuleManager: Shutting down and abandoning module Persona (145)
[2016.05.08-11.35.51:207][355]LogModuleManager: Shutting down and abandoning module Kismet (144)
[2016.05.08-11.35.51:207][355]LogModuleManager: Shutting down and abandoning module GraphEditor (143)
[2016.05.08-11.35.51:207][355]LogModuleManager: Shutting down and abandoning module ClassViewer (142)
[2016.05.08-11.35.51:207][355]LogModuleManager: Shutting down and abandoning module Toolbox (141)
[2016.05.08-11.35.51:208][355]LogModuleManager: Shutting down and abandoning module ModuleUI (140)
[2016.05.08-11.35.51:208][355]LogModuleManager: Shutting down and abandoning module MovieSceneTools (139)
[2016.05.08-11.35.51:208][355]LogModuleManager: Shutting down and abandoning module OutputLog (138)
[2016.05.08-11.35.51:208][355]LogModuleManager: Shutting down and abandoning module GammaUI (137)
[2016.05.08-11.35.51:209][355]LogModuleManager: Shutting down and abandoning module Documentation (136)
[2016.05.08-11.35.51:209][355]LogModuleManager: Shutting down and abandoning module StreamingPauseRendering (135)
[2016.05.08-11.35.51:209][355]LogModuleManager: Shutting down and abandoning module AnalyticsET (134)
[2016.05.08-11.35.51:209][355]LogModuleManager: Shutting down and abandoning module Analytics (133)
[2016.05.08-11.35.51:209][355]LogModuleManager: Shutting down and abandoning module PortalServices (132)
[2016.05.08-11.35.51:209][355]LogModuleManager: Shutting down and abandoning module PortalRpc (131)
[2016.05.08-11.35.51:209][355]LogModuleManager: Shutting down and abandoning module MessagingRpc (130)
[2016.05.08-11.35.51:209][355]LogModuleManager: Shutting down and abandoning module AITestSuite (129)
[2016.05.08-11.35.51:209][355]LogModuleManager: Shutting down and abandoning module GameplayDebugger (128)
[2016.05.08-11.35.51:209][355]LogModuleManager: Shutting down and abandoning module AIModule (127)
[2016.05.08-11.35.51:209][355]LogModuleManager: Shutting down and abandoning module ProfilerService (126)
[2016.05.08-11.35.51:447][355]LogModuleManager: Shutting down and abandoning module TaskGraph (125)
[2016.05.08-11.35.51:449][355]LogModuleManager: Shutting down and abandoning module SlateRemote (124)
[2016.05.08-11.35.51:449][355]LogModuleManager: Shutting down and abandoning module SteamVRController (123)
[2016.05.08-11.35.51:449][355]LogModuleManager: Shutting down and abandoning module SteamVR (122)
[2016.05.08-11.35.51:449][355]LogModuleManager: Shutting down and abandoning module ProceduralMeshComponent (121)
[2016.05.08-11.35.51:449][355]LogModuleManager: Shutting down and abandoning module OculusLibrary (120)
[2016.05.08-11.35.51:449][355]LogModuleManager: Shutting down and abandoning module OculusInput (119)
[2016.05.08-11.35.51:449][355]LogModuleManager: Shutting down and abandoning module CustomMeshComponent (118)
[2016.05.08-11.35.51:449][355]LogModuleManager: Shutting down and abandoning module CableComponent (117)
[2016.05.08-11.35.51:449][355]LogModuleManager: Shutting down and abandoning module ArchVisCharacter (116)
[2016.05.08-11.35.51:449][355]LogModuleManager: Shutting down and abandoning module MediaPlayerEditor (115)
[2016.05.08-11.35.51:450][355]LogModuleManager: Shutting down and abandoning module HTML5Networking (114)
[2016.05.08-11.35.51:450][355]LogModuleManager: Shutting down and abandoning module SpeedTreeImporter (113)
[2016.05.08-11.35.51:450][355]LogModuleManager: Shutting down and abandoning module PluginBrowser (112)
[2016.05.08-11.35.51:451][355]LogModuleManager: Shutting down and abandoning module EpicSurvey (111)
[2016.05.08-11.35.51:452][355]LogModuleManager: Shutting down and abandoning module DesktopPlatform (110)
[2016.05.08-11.35.51:452][355]LogModuleManager: Shutting down and abandoning module VisualStudioSourceCodeAccess (109)
[2016.05.08-11.35.51:452][355]LogModuleManager: Shutting down and abandoning module UObjectPlugin (108)
[2016.05.08-11.35.51:452][355]LogModuleManager: Shutting down and abandoning module SubversionSourceControl (107)
[2016.05.08-11.35.51:453][355]LogModuleManager: Shutting down and abandoning module PerforceSourceControl (106)
[2016.05.08-11.35.51:454][355]LogModuleManager: Shutting down and abandoning module SourceControl (105)
[2016.05.08-11.35.51:454][355]LogModuleManager: Shutting down and abandoning module GitSourceControl (104)
[2016.05.08-11.35.51:455][355]LogModuleManager: Shutting down and abandoning module LightPropagationVolumeEditor (103)
[2016.05.08-11.35.51:455][355]LogModuleManager: Shutting down and abandoning module PaperTiledImporter (102)
[2016.05.08-11.35.51:455][355]LogModuleManager: Shutting down and abandoning module PaperSpriteSheetImporter (101)
[2016.05.08-11.35.51:455][355]LogModuleManager: Shutting down and abandoning module MeshPaint (100)
[2016.05.08-11.35.51:455][355]LogModuleManager: Shutting down and abandoning module HotReload (99)
[2016.05.08-11.35.51:456][355]LogModuleManager: Shutting down and abandoning module MainFrame (98)
[2016.05.08-11.35.51:456][355]LogModuleManager: Shutting down and abandoning module LevelEditor (97)
[2016.05.08-11.35.51:457][355]LogModuleManager: Shutting down and abandoning module DirectoryWatcher (96)
[2016.05.08-11.35.51:464][355]LogModuleManager: Shutting down and abandoning module AssetRegistry (95)
[2016.05.08-11.35.51:620][355]LogModuleManager: Shutting down and abandoning module ContentBrowser (94)
[2016.05.08-11.35.51:621][355]LogModuleManager: Shutting down and abandoning module Paper2DEditor (93)
[2016.05.08-11.35.51:621][355]LogModuleManager: Shutting down and abandoning module UdpMessaging (92)
[2016.05.08-11.35.51:722][355]LogModuleManager: Shutting down and abandoning module LightPropagationVolumeRuntime (91)
[2016.05.08-11.35.51:722][355]LogModuleManager: Shutting down and abandoning module Paper2D (90)
[2016.05.08-11.35.51:723][355]LogModuleManager: Shutting down and abandoning module WindowsMoviePlayer (89)
[2016.05.08-11.35.51:723][355]LogModuleManager: Shutting down and abandoning module Media (88)
[2016.05.08-11.35.51:723][355]LogModuleManager: Shutting down and abandoning module WmfMedia (87)
[2016.05.08-11.35.51:723][355]LogModuleManager: Shutting down and abandoning module MediaAssets (86)
[2016.05.08-11.35.51:723][355]LogModuleManager: Shutting down and abandoning module GameLiveStreaming (85)
[2016.05.08-11.35.51:724][355]LogModuleManager: Shutting down and abandoning module GameplayTagsEditor (84)
[2016.05.08-11.35.51:724][355]LogModuleManager: Shutting down and abandoning module OnlineBlueprintSupport (83)
[2016.05.08-11.35.51:724][355]LogModuleManager: Shutting down and abandoning module GameplayTasksEditor (82)
[2016.05.08-11.35.51:724][355]LogModuleManager: Shutting down and abandoning module PropertyEditor (81)
[2016.05.08-11.35.51:724][355]LogModuleManager: Shutting down and abandoning module BehaviorTreeEditor (80)
[2016.05.08-11.35.51:725][355]LogModuleManager: Shutting down and abandoning module FunctionalTesting (79)
[2016.05.08-11.35.51:725][355]LogModuleManager: Shutting down and abandoning module CollisionAnalyzer (78)
[2016.05.08-11.35.51:726][355]LogModuleManager: Shutting down and abandoning module WorkspaceMenuStructure (77)
[2016.05.08-11.35.51:726][355]LogModuleManager: Shutting down and abandoning module MessageLog (76)
[2016.05.08-11.35.51:726][355]LogModuleManager: Shutting down and abandoning module Sequencer (75)
[2016.05.08-11.35.51:726][355]LogModuleManager: Shutting down and abandoning module AssetTools (74)
[2016.05.08-11.35.51:727][355]LogModuleManager: Shutting down and abandoning module UMGEditor (73)
[2016.05.08-11.35.51:727][355]LogModuleManager: Shutting down and abandoning module UMG (72)
[2016.05.08-11.35.51:727][355]LogModuleManager: Shutting down and abandoning module SlateReflector (71)
[2016.05.08-11.35.51:729][355]LogModuleManager: Shutting down and abandoning module Slate (70)
[2016.05.08-11.35.51:729][355]LogModuleManager: Shutting down and abandoning module EditorStyle (69)
[2016.05.08-11.35.51:731][355]LogModuleManager: Shutting down and abandoning module SessionServices (68)
[2016.05.08-11.35.51:731][355]LogModuleManager: Shutting down and abandoning module SourceCodeAccess (67)
[2016.05.08-11.35.51:731][355]LogModuleManager: Shutting down and abandoning module HeadMountedDisplay (66)
[2016.05.08-11.35.51:731][355]LogModuleManager: Shutting down and abandoning module XAudio2 (65)
[2016.05.08-11.35.51:731][355]LogModuleManager: Shutting down and abandoning module Networking (63)
[2016.05.08-11.35.51:731][355]LogModuleManager: Shutting down and abandoning module Core (62)
[2016.05.08-11.35.51:731][355]LogModuleManager: Shutting down and abandoning module KismetCompiler (61)
[2016.05.08-11.35.51:731][355]LogModuleManager: Shutting down and abandoning module PhysXFormats (60)
[2016.05.08-11.35.51:731][355]LogModuleManager: Shutting down and abandoning module MeshUtilities (59)
[2016.05.08-11.35.51:732][355]LogModuleManager: Shutting down and abandoning module CookingStats (58)
[2016.05.08-11.35.51:732][355]LogModuleManager: Shutting down and abandoning module DerivedDataCache (57)
[2016.05.08-11.35.51:732][355]LogDerivedDataCache: Shutdown
[2016.05.08-11.35.51:732][355]LogModuleManager: Shutting down and abandoning module ShaderFormatOpenGL (56)
[2016.05.08-11.35.51:733][355]LogModuleManager: Shutting down and abandoning module ShaderFormatD3D (55)
[2016.05.08-11.35.51:733][355]LogModuleManager: Shutting down and abandoning module MetalShaderFormat (54)
[2016.05.08-11.35.51:733][355]LogModuleManager: Shutting down and abandoning module TextureFormatUncompressed (53)
[2016.05.08-11.35.51:733][355]LogModuleManager: Shutting down and abandoning module TextureFormatPVR (52)
[2016.05.08-11.35.51:733][355]LogModuleManager: Shutting down and abandoning module TextureFormatIntelISPCTexComp (51)
[2016.05.08-11.35.51:733][355]LogModuleManager: Shutting down and abandoning module TextureFormatDXT (50)
[2016.05.08-11.35.51:733][355]LogModuleManager: Shutting down and abandoning module ImageWrapper (49)
[2016.05.08-11.35.51:733][355]LogModuleManager: Shutting down and abandoning module TextureFormatASTC (48)
[2016.05.08-11.35.51:733][355]LogModuleManager: Shutting down and abandoning module TextureFormatAndroid (47)
[2016.05.08-11.35.51:733][355]LogModuleManager: Shutting down and abandoning module AudioFormatOpus (46)
[2016.05.08-11.35.51:734][355]LogModuleManager: Shutting down and abandoning module AudioFormatOgg (45)
[2016.05.08-11.35.51:734][355]LogModuleManager: Shutting down and abandoning module AudioFormatADPCM (44)
[2016.05.08-11.35.51:734][355]LogModuleManager: Shutting down and abandoning module LinuxTargetPlatform (43)
[2016.05.08-11.35.51:734][355]LogModuleManager: Shutting down and abandoning module LinuxServerTargetPlatform (42)
[2016.05.08-11.35.51:734][355]LogModuleManager: Shutting down and abandoning module LinuxNoEditorTargetPlatform (41)
[2016.05.08-11.35.51:734][355]LogModuleManager: Shutting down and abandoning module TVOSTargetPlatform (40)
[2016.05.08-11.35.51:734][355]LogModuleManager: Shutting down and abandoning module Messaging (39)
[2016.05.08-11.35.51:734][355]LogModuleManager: Shutting down and abandoning module IOSTargetPlatform (38)
[2016.05.08-11.35.51:734][355]LogModuleManager: Shutting down and abandoning module HTML5TargetPlatform (37)
[2016.05.08-11.35.51:734][355]LogModuleManager: Shutting down and abandoning module Android_PVRTCTargetPlatform (36)
[2016.05.08-11.35.51:734][355]LogModuleManager: Shutting down and abandoning module Android_MultiTargetPlatform (35)
[2016.05.08-11.35.51:734][355]LogModuleManager: Shutting down and abandoning module Android_ETC2TargetPlatform (34)
[2016.05.08-11.35.51:734][355]LogModuleManager: Shutting down and abandoning module Android_ETC1TargetPlatform (33)
[2016.05.08-11.35.51:734][355]LogModuleManager: Shutting down and abandoning module Android_DXTTargetPlatform (32)
[2016.05.08-11.35.51:734][355]LogModuleManager: Shutting down and abandoning module Android_ATCTargetPlatform (31)
[2016.05.08-11.35.51:734][355]LogModuleManager: Shutting down and abandoning module Android_ASTCTargetPlatform (30)
[2016.05.08-11.35.51:734][355]LogModuleManager: Shutting down and abandoning module AndroidTargetPlatform (29)
[2016.05.08-11.35.51:734][355]LogModuleManager: Shutting down and abandoning module WindowsTargetPlatform (28)
[2016.05.08-11.35.51:734][355]LogModuleManager: Shutting down and abandoning module WindowsServerTargetPlatform (27)
[2016.05.08-11.35.51:734][355]LogModuleManager: Shutting down and abandoning module WindowsNoEditorTargetPlatform (26)
[2016.05.08-11.35.51:734][355]LogModuleManager: Shutting down and abandoning module WindowsClientTargetPlatform (25)
[2016.05.08-11.35.51:734][355]LogModuleManager: Shutting down and abandoning module AllDesktopTargetPlatform (24)
[2016.05.08-11.35.51:734][355]LogModuleManager: Shutting down and abandoning module TargetPlatform (23)
[2016.05.08-11.35.51:734][355]LogModuleManager: Shutting down and abandoning module InputCore (22)
[2016.05.08-11.35.51:734][355]LogModuleManager: Shutting down and abandoning module Settings (21)
[2016.05.08-11.35.51:734][355]LogModuleManager: Shutting down and abandoning module OnlineSubsystem (19)
[2016.05.08-11.35.51:734][355]LogModuleManager: Shutting down and abandoning module HTTP (18)
[2016.05.08-11.35.52:735][355]LogModuleManager: Shutting down and abandoning module XMPP (17)
[2016.05.08-11.35.52:751][355]LogModuleManager: Shutting down and abandoning module OculusRift (16)
[2016.05.08-11.35.52:752][355]LogModuleManager: Shutting down and abandoning module ExampleDeviceProfileSelector (15)
[2016.05.08-11.35.52:752][355]LogModuleManager: Shutting down and abandoning module TextureCompressor (14)
[2016.05.08-11.35.52:752][355]LogModuleManager: Shutting down and abandoning module ShaderCore (13)
[2016.05.08-11.35.52:752][355]LogModuleManager: Shutting down and abandoning module Landscape (12)
[2016.05.08-11.35.52:752][355]LogModuleManager: Shutting down and abandoning module SlateRHIRenderer (11)
[2016.05.08-11.35.52:795][355]LogModuleManager: Shutting down and abandoning module OpenGLDrv (10)
[2016.05.08-11.35.52:795][355]LogModuleManager: Shutting down and abandoning module D3D11RHI (9)
[2016.05.08-11.35.52:795][355]LogModuleManager: Shutting down and abandoning module AnimGraphRuntime (8)
[2016.05.08-11.35.52:795][355]LogModuleManager: Shutting down and abandoning module Renderer (7)
[2016.05.08-11.35.52:795][355]LogModuleManager: Shutting down and abandoning module Engine (6)
[2016.05.08-11.35.52:795][355]LogModuleManager: Shutting down and abandoning module CoreUObject (5)
[2016.05.08-11.35.52:795][355]LogModuleManager: Shutting down and abandoning module NetworkFile (4)
[2016.05.08-11.35.52:796][355]LogModuleManager: Shutting down and abandoning module StreamingFile (3)
[2016.05.08-11.35.52:796][355]LogModuleManager: Shutting down and abandoning module SandboxFile (2)
[2016.05.08-11.35.52:796][355]LogModuleManager: Shutting down and abandoning module PakFile (1)
[2016.05.08-11.35.52:797][355]LogExit: Exiting.
[2016.05.08-11.35.52:801][355]Log file closed, 05/08/16 20:35:52
