Log file open, 05/05/16 16:13:38
LogInit:Display: Running engine for game: MagicDangion
LogPlatformFile: Not using cached read wrapper
LogInit:Display: RandInit(1003714581) SRandInit(1003714581).
LogTaskGraph: Started task graph with 4 named threads and 7 total threads.
LogStats: Stats thread started at 0.062177
LogInit: Version: 4.11.2-2946394+++UE4+Release-4.11
LogInit: API Version: 2927265
LogInit: Compiled (64-bit): Apr 18 2016 02:18:46
LogInit: Compiled with Visual C++: 19.00.23026.00
LogInit: Build Configuration: Development
LogInit: Branch Name: ++UE4+Release-4.11
LogInit: Command line: 
LogInit: Base directory: C:/Program Files/Epic Games/4.11/Engine/Binaries/Win64/
LogInit: Installed Engine Build: 1
LogInit: Using libcurl 7.41.0
LogInit:  - built for x86_64-pc-win32
LogInit:  - supports SSL with WinSSL
LogInit:  - other features:
LogInit:      CURL_VERSION_SSL
LogInit:      CURL_VERSION_IPV6
LogInit:      CURL_VERSION_ASYNCHDNS
LogInit:      CURL_VERSION_LARGEFILE
LogInit:      CURL_VERSION_IDN
LogInit:  CurlRequestOptions (configurable via config and command line):
LogInit:  - bVerifyPeer = true  - Libcurl will verify peer certificate
LogInit:  - bUseHttpProxy = false  - Libcurl will NOT use HTTP proxy
LogInit:  - bDontReuseConnections = false  - Libcurl will reuse connections
LogInit:  - CertBundlePath = nullptr  - Libcurl will use whatever was configured at build time.
LogInit: Presizing for max 16777216 objects, including 0 objects not considered by GC, pre-allocating 0 bytes for permanent pool.
LogInit: Object subsystem initialized
[2016.05.05-07.13.38:295][  0]LogInit: Selected Device Profile: [Windows]
[2016.05.05-07.13.38:295][  0]LogInit: Applying CVar settings loaded from the selected device profile: [Windows]
[2016.05.05-07.13.38:302][  0]LogInit: Computer: LIGHT
[2016.05.05-07.13.38:302][  0]LogInit: User: EllightDunois
[2016.05.05-07.13.38:302][  0]LogInit: CPU Page size=65536, Cores=4
[2016.05.05-07.13.38:302][  0]LogInit: High frequency timer resolution =3.906245 MHz
[2016.05.05-07.13.38:302][  0]LogMemory: Memory total: Physical=7.9GB (8GB approx)
[2016.05.05-07.13.38:302][  0]LogMemory: Platform Memory Stats for Windows
[2016.05.05-07.13.38:302][  0]LogMemory: Process Physical Memory: 314.44 MB used, 314.44 MB peak
[2016.05.05-07.13.38:302][  0]LogMemory: Process Virtual Memory: 314.83 MB used, 314.83 MB peak
[2016.05.05-07.13.38:302][  0]LogMemory: Physical Memory: 3625.51 MB used, 8133.65 MB total
[2016.05.05-07.13.38:302][  0]LogMemory: Virtual Memory: 652.86 MB used, 134217728.00 MB total
[2016.05.05-07.13.38:323][  0]LogTextLocalizationManager: No specific translations for ('ja-JP') exist, so ('ja') translations will be used.
[2016.05.05-07.13.38:376][  0]LogTextLocalizationManager:Warning: Loaded localization resources contain conflicting entries for (Namespace:K2Node, Key:false):
Localization Resource: (C:/Program Files/Epic Games/4.11/Engine/Content/Localization/EditorTutorials/ja/EditorTutorials.locres) Source String Hash: (816077464) Localized String: (偽)
Localization Resource: (C:/Program Files/Epic Games/4.11/Engine/Content/Localization/Engine/ja/Engine.locres) Source String Hash: (816077464) Localized String: (false)
[2016.05.05-07.13.38:376][  0]LogTextLocalizationManager:Warning: Loaded localization resources contain conflicting entries for (Namespace:K2Node, Key:true):
Localization Resource: (C:/Program Files/Epic Games/4.11/Engine/Content/Localization/EditorTutorials/ja/EditorTutorials.locres) Source String Hash: (-942328987) Localized String: (真)
Localization Resource: (C:/Program Files/Epic Games/4.11/Engine/Content/Localization/Engine/ja/Engine.locres) Source String Hash: (-942328987) Localized String: (true)
[2016.05.05-07.13.38:376][  0]LogTextLocalizationManager:Warning: Loaded localization resources contain conflicting entries for (Namespace:UObjectToolTips, Key:AnimNode_BlendSpacePlayer:bLoop):
Localization Resource: (C:/Program Files/Epic Games/4.11/Engine/Content/Localization/EditorTutorials/ja/EditorTutorials.locres) Source String Hash: (2133979316) Localized String: (再生が最後まで終わった後、ロープ再生するようにしますか？)
Localization Resource: (C:/Program Files/Epic Games/4.11/Engine/Content/Localization/ToolTips/ja/ToolTips.locres) Source String Hash: (2133979316) Localized String: (ループが最後まで到達した時に、アニメーションのループを継続するべきか？)
[2016.05.05-07.13.38:376][  0]LogTextLocalizationManager:Warning: Loaded localization resources contain conflicting entries for (Namespace:UObjectToolTips, Key:AnimNode_BlendSpacePlayer:X):
Localization Resource: (C:/Program Files/Epic Games/4.11/Engine/Content/Localization/EditorTutorials/ja/EditorTutorials.locres) Source String Hash: (2060772590) Localized String: (ブレンドスペースで値を取得するX座標)
Localization Resource: (C:/Program Files/Epic Games/4.11/Engine/Content/Localization/ToolTips/ja/ToolTips.locres) Source String Hash: (2060772590) Localized String: (ブレンドスペースでサンプリングするX座標)
[2016.05.05-07.13.38:376][  0]LogTextLocalizationManager:Warning: Loaded localization resources contain conflicting entries for (Namespace:UObjectToolTips, Key:AnimNode_BlendSpacePlayer:Y):
Localization Resource: (C:/Program Files/Epic Games/4.11/Engine/Content/Localization/EditorTutorials/ja/EditorTutorials.locres) Source String Hash: (-1719607538) Localized String: (ブレンドスペースで値を取得するY座標)
Localization Resource: (C:/Program Files/Epic Games/4.11/Engine/Content/Localization/ToolTips/ja/ToolTips.locres) Source String Hash: (-1719607538) Localized String: (ブレンドスペースでサンプリングするY座標)
[2016.05.05-07.13.38:376][  0]LogTextLocalizationManager:Warning: Loaded localization resources contain conflicting entries for (Namespace:UObjectToolTips, Key:AnimNode_BlendSpacePlayer:Z):
Localization Resource: (C:/Program Files/Epic Games/4.11/Engine/Content/Localization/EditorTutorials/ja/EditorTutorials.locres) Source String Hash: (1728943471) Localized String: (ブレンドスペースで値を取得するZ座標)
Localization Resource: (C:/Program Files/Epic Games/4.11/Engine/Content/Localization/ToolTips/ja/ToolTips.locres) Source String Hash: (1728943471) Localized String: (ブレンドスペースでサンプリングするZ座標)
[2016.05.05-07.13.38:376][  0]LogTextLocalizationManager:Warning: Loaded localization resources contain conflicting entries for (Namespace:UObjectToolTips, Key:AnimNode_BlendSpacePlayer:BlendSpace):
Localization Resource: (C:/Program Files/Epic Games/4.11/Engine/Content/Localization/EditorTutorials/ja/EditorTutorials.locres) Source String Hash: (1599043277) Localized String: (再生するブレンドスペースのアセット)
Localization Resource: (C:/Program Files/Epic Games/4.11/Engine/Content/Localization/ToolTips/ja/ToolTips.locres) Source String Hash: (1599043277) Localized String: (再生するブレンド空間アセット)
[2016.05.05-07.13.38:376][  0]LogTextLocalizationManager:Warning: Loaded localization resources contain conflicting entries for (Namespace:UObjectToolTips, Key:AnimNode_StateMachine:MaxTransitionsPerFrame):
Localization Resource: (C:/Program Files/Epic Games/4.11/Engine/Content/Localization/EditorTutorials/ja/EditorTutorials.locres) Source String Hash: (1567650430) Localized String: (このマシーンで1フレームあたりに同時に処理できるトランジションの最大数)
Localization Resource: (C:/Program Files/Epic Games/4.11/Engine/Content/Localization/ToolTips/ja/ToolTips.locres) Source String Hash: (1567650430) Localized String: (単一フレームでマシーンが「同時」に受け取れる遷移の最大数)
[2016.05.05-07.13.38:376][  0]LogTextLocalizationManager:Warning: Loaded localization resources contain conflicting entries for (Namespace:UObjectToolTips, Key:AnimNode_BlendSpacePlayer:PlayRate):
Localization Resource: (C:/Program Files/Epic Games/4.11/Engine/Content/Localization/EditorTutorials/ja/EditorTutorials.locres) Source String Hash: (-1274923958) Localized String: (再生速度の倍率です。負の数値も使う事ができます。その場合逆再生になります。)
Localization Resource: (C:/Program Files/Epic Games/4.11/Engine/Content/Localization/ToolTips/ja/ToolTips.locres) Source String Hash: (-1274923958) Localized String: (再生レート乗数。アニメーションを逆再生する負の値にすることができます。)
[2016.05.05-07.13.38:487][  0]LogD3D11RHI: D3D11 adapters:
[2016.05.05-07.13.38:497][  0]LogD3D11RHI:    0. 'AMD Radeon R9 200 Series' (Feature Level 11_0)
[2016.05.05-07.13.38:497][  0]LogD3D11RHI:       4074MB of dedicated video memory, 0MB of dedicated system memory, and 4066MB of shared system memory, 1 output[s]
[2016.05.05-07.13.38:498][  0]LogD3D11RHI:    1. 'Microsoft Basic Render Driver' (Feature Level 11_0)
[2016.05.05-07.13.38:498][  0]LogD3D11RHI:       0MB of dedicated video memory, 0MB of dedicated system memory, and 4066MB of shared system memory, 0 output[s]
[2016.05.05-07.13.38:498][  0]LogD3D11RHI: Chosen D3D11 Adapter: 0
[2016.05.05-07.13.38:500][  0]LogD3D11RHI: Creating new Direct3DDevice
[2016.05.05-07.13.38:501][  0]LogD3D11RHI:     Adapter Name: AMD Radeon R9 200 Series
[2016.05.05-07.13.38:501][  0]LogD3D11RHI:   Driver Version: Catalyst 15.8 (internal 16.150.2211.0)
[2016.05.05-07.13.38:501][  0]LogD3D11RHI:      Driver Date: 3-21-2016
[2016.05.05-07.13.38:501][  0]LogRHI: Texture pool is 1361 MB (70% of 1945 MB)
[2016.05.05-07.13.38:504][  0]LogD3D11RHI: Async texture creation disabled: no driver support
[2016.05.05-07.13.38:514][  0]LogShaderCompilers: Guid format shader working directory is -52 characters bigger than the processId version (../../../../../../Users/EllightDunois/Documents/Unreal Projects/MagicDungeon_Project/src/MagicDungeon/Intermediate/Shaders/WorkingDirectory/4684/).
[2016.05.05-07.13.38:514][  0]LogShaderCompilers: Cleaned the shader compiler working directory 'C:/Users/ELLIGH~1/AppData/Local/Temp/UnrealShaderWorkingDir/72B7F71048F1DFF285797EA2D2E6123D/'.
[2016.05.05-07.13.38:514][  0]LogShaderCompilers:Display: Using Local Shader Compiler.
[2016.05.05-07.13.39:158][  0]LogTemp:Display: Loaded TP AllDesktopTargetPlatform
[2016.05.05-07.13.39:161][  0]LogTemp:Display: Loaded TP WindowsClientTargetPlatform
[2016.05.05-07.13.39:164][  0]LogTemp:Display: Loaded TP WindowsNoEditorTargetPlatform
[2016.05.05-07.13.39:167][  0]LogTemp:Display: Loaded TP WindowsServerTargetPlatform
[2016.05.05-07.13.39:170][  0]LogTemp:Display: Loaded TP WindowsTargetPlatform
[2016.05.05-07.13.39:172][  0]LogTemp:Display: Loaded TP AndroidTargetPlatform
[2016.05.05-07.13.39:174][  0]LogTemp:Display: Loaded TP Android_ASTCTargetPlatform
[2016.05.05-07.13.39:176][  0]LogTemp:Display: Loaded TP Android_ATCTargetPlatform
[2016.05.05-07.13.39:178][  0]LogTemp:Display: Loaded TP Android_DXTTargetPlatform
[2016.05.05-07.13.39:180][  0]LogTemp:Display: Loaded TP Android_ETC1TargetPlatform
[2016.05.05-07.13.39:182][  0]LogTemp:Display: Loaded TP Android_ETC2TargetPlatform
[2016.05.05-07.13.39:186][  0]LogTemp:Display: Loaded TP Android_MultiTargetPlatform
[2016.05.05-07.13.39:186][  0]LogTemp:Display: Loaded TP Android_PVRTCTargetPlatform
[2016.05.05-07.13.39:186][  0]LogTemp:Display: Loaded TP HTML5TargetPlatform
[2016.05.05-07.13.39:201][  0]LogTemp:Display: Loaded TP IOSTargetPlatform
[2016.05.05-07.13.39:203][  0]LogTemp:Display: Loaded TP TVOSTargetPlatform
[2016.05.05-07.13.39:205][  0]LogTemp:Display: Loaded TP LinuxNoEditorTargetPlatform
[2016.05.05-07.13.39:207][  0]LogTemp:Display: Loaded TP LinuxServerTargetPlatform
[2016.05.05-07.13.39:209][  0]LogTemp:Display: Loaded TP LinuxTargetPlatform
[2016.05.05-07.13.39:209][  0]LogTargetPlatformManager:Display: Building Assets For Windows
[2016.05.05-07.13.39:249][  0]LogDerivedDataCache:Display: Max Cache Size: 512 MB
[2016.05.05-07.13.39:283][  0]LogDerivedDataCache: Loaded boot cache 0.03s 46MB C:/Users/EllightDunois/AppData/Local/UnrealEngine/4.11/DerivedDataCache/Boot.ddc.
[2016.05.05-07.13.39:283][  0]LogDerivedDataCache:Display: Loaded Boot cache: C:/Users/EllightDunois/AppData/Local/UnrealEngine/4.11/DerivedDataCache/Boot.ddc
[2016.05.05-07.13.39:283][  0]LogDerivedDataCache: FDerivedDataBackendGraph:  Pak pak cache file ../../../../../../Users/EllightDunois/Documents/Unreal Projects/MagicDungeon_Project/src/MagicDungeon/DerivedDataCache/DDC.ddp not found, will not use a pak cache.
[2016.05.05-07.13.39:283][  0]LogDerivedDataCache: Unable to find inner node Pak for hierarchical cache Hierarchy.
[2016.05.05-07.13.39:283][  0]LogDerivedDataCache: FDerivedDataBackendGraph:  CompressedPak pak cache file ../../../../../../Users/EllightDunois/Documents/Unreal Projects/MagicDungeon_Project/src/MagicDungeon/DerivedDataCache/Compressed.ddp not found, will not use a pak cache.
[2016.05.05-07.13.39:283][  0]LogDerivedDataCache: Unable to find inner node CompressedPak for hierarchical cache Hierarchy.
[2016.05.05-07.13.39:293][  0]LogDerivedDataCache:Display: Pak cache opened for reading ../../../Engine/DerivedDataCache/Compressed.ddp.
[2016.05.05-07.13.39:304][  0]LogDerivedDataCache: Using Local data cache path C:/Users/EllightDunois/AppData/Local/UnrealEngine/Common/DerivedDataCache: Writable
[2016.05.05-07.13.39:404][  0]LogInit: Selected Device Profile: [Windows]
[2016.05.05-07.13.39:405][  0]LogContentStreaming: Texture pool size is 0.00 MB
[2016.05.05-07.13.39:431][  0]LogMaterial: Uniform references updated for custom material expression Custom.
[2016.05.05-07.13.39:510][  0]LogMeshUtilities: No automatic mesh reduction module available
[2016.05.05-07.13.39:510][  0]LogMeshUtilities: No automatic mesh merging module available
[2016.05.05-07.13.39:510][  0]LogMeshUtilities: No distributed automatic mesh merging module available
[2016.05.05-07.13.39:670][  0]LogUObjectArray: 27679 objects as part of root set at end of initial load.
[2016.05.05-07.13.39:670][  0]LogUObjectAllocator: 5591592 out of 0 bytes used by permanent object pool.
[2016.05.05-07.13.39:670][  0]LogUObjectArray: CloseDisregardForGC: 0/0 objects in disregard for GC pool
[2016.05.05-07.13.39:674][  0]LogInit: WinSock: version 1.1 (2.2), MaxSocks=32767, MaxUdp=65467
[2016.05.05-07.13.39:724][  0]LogSlate: SlateFontCache - WITH_FREETYPE: 1, WITH_HARFBUZZ: 1
[2016.05.05-07.13.39:724][  0]LogSlate: SlateFontCache - WITH_FREETYPE: 1, WITH_HARFBUZZ: 1
[2016.05.05-07.13.39:785][  0]LogStreaming:Warning: Failed to read file '../../../Engine/Content/Editor/Slate/Common/Selection_16x.png' error.
[2016.05.05-07.13.39:785][  0]LogSlate: Could not find file for Slate resource: ../../../Engine/Content/Editor/Slate/Common/Selection_16x.png
[2016.05.05-07.13.39:785][  0]LogStreaming:Warning: Failed to read file '../../../Engine/Content/Editor/Slate/Common/Selection_16x.png' error.
[2016.05.05-07.13.39:785][  0]LogSlate: Could not find file for Slate resource: ../../../Engine/Content/Editor/Slate/Common/Selection_16x.png
[2016.05.05-07.13.39:785][  0]LogStreaming:Warning: Failed to read file '../../../Engine/Content/Editor/Slate/Common/Selection_16x.png' error.
[2016.05.05-07.13.39:785][  0]LogSlate: Could not find file for Slate resource: ../../../Engine/Content/Editor/Slate/Common/Selection_16x.png
[2016.05.05-07.13.40:124][  0]LogUdpMessaging: Initializing bridge on interface 0.0.0.0:0 to multicast group 230.0.0.1:6666.
[2016.05.05-07.13.40:235][  0]LogAssetRegistry: FAssetRegistry took 0.0213 seconds to start up
[2016.05.05-07.13.40:332][  0]SourceControl: 情報 ソースコントロールは無効です
[2016.05.05-07.13.40:352][  0]SourceControl: 情報 ソースコントロールは無効です
[2016.05.05-07.13.40:356][  0]SourceControl: 情報 ソースコントロールは無効です
[2016.05.05-07.13.40:360][  0]SourceControl: 情報 ソースコントロールは無効です
[2016.05.05-07.13.40:414][  0]LogHMD: Failed to initialize OpenVR with code 110
[2016.05.05-07.13.40:460][  0]LogEngine: Initializing Engine...
[2016.05.05-07.13.40:540][  0]LogAIModule: Creating AISystem for world NewWorld
[2016.05.05-07.13.40:545][  0]LogInit: XAudio2 using 'SPDIF出力 (SB Recon3D PCIe)' : 2 channels at 48 kHz using 32 bits per sample (channel mask 0x3)
[2016.05.05-07.13.40:549][  0]LogInit: FAudioDevice initialized.
[2016.05.05-07.13.40:567][  0]LogDerivedDataCache: Saved boot cache 0.02s 46MB C:/Users/EllightDunois/AppData/Local/UnrealEngine/4.11/DerivedDataCache/Boot.ddc.
[2016.05.05-07.13.40:572][  0]LogInit: Texture streaming: Enabled
[2016.05.05-07.13.40:584][  0]LogInit: Transaction tracking system initialized
[2016.05.05-07.13.40:596][  0]BlueprintLog: New page: エディタの読み込み
[2016.05.05-07.13.40:634][  0]LocalizationService: 情報 ローカライズのサービスが無効になりました
[2016.05.05-07.13.40:678][  0]LogConsoleResponse:Display: 
[2016.05.05-07.13.40:741][  0]LogCook:Display: Max memory allowance for cook 8192mb
[2016.05.05-07.13.40:741][  0]LogCook:Display: Mobile HDR setting 1
[2016.05.05-07.13.40:741][  0]LogCook:Display: Done creating registry. It took  0.00s.
[2016.05.05-07.13.40:767][  0]LogFileCache: Scanning file cache for directory 'C:/Users/EllightDunois/Documents/Unreal Projects/MagicDungeon_Project/src/MagicDungeon/Content/' took 0.01s
[2016.05.05-07.13.40:767][  0]SourceControl: 情報 ソースコントロールは無効です
[2016.05.05-07.13.40:767][  0]Cmd: MAP LOAD FILE="../../../../../../Users/EllightDunois/Documents/Unreal Projects/MagicDungeon_Project/src/MagicDungeon/Content/tes.umap" TEMPLATE=0 SHOWPROGRESS=1 FEATURELEVEL=3
[2016.05.05-07.13.40:767][  0]LightingResults: New page: ライティングのビルド
[2016.05.05-07.13.40:769][  0]MapCheck: New page: マップをチェック
[2016.05.05-07.13.40:769][  0]LightingResults: New page: <何も選択されていません>
[2016.05.05-07.13.41:034][  0]LogBlueprint:Warning: USimpleConstructionScript::FixupRootNodeParentReferences() - Couldn't find inherited parent component 'DefaultSceneRoot' for 'Scene' in BlueprintGeneratedClass 'REINST_Attack_BP_C_50' (it may have been removed)
[2016.05.05-07.13.42:352][  0]LogAIModule: Creating AISystem for world tes
[2016.05.05-07.13.42:356][  0]LogEditorServer: Finished looking for orphan Actors (0.000 secs)
[2016.05.05-07.13.42:357][  0]Cmd: MAP CHECKDEP NOCLEARLOG
[2016.05.05-07.13.42:398][  0]MapCheck: 情報 マップチェックが完了: 0 エラー、 0 警告、完了に 40.957ミリ秒かかりました。
[2016.05.05-07.13.42:398][  0]LogFileHelpers: Loading map 'tes' took 1.631
[2016.05.05-07.13.42:540][  0]LogCollectionManager: Loaded 0 collections in 0.000954 seconds
[2016.05.05-07.13.42:576][  0]LogFileCache: Scanning file cache for directory 'C:/Users/EllightDunois/Documents/Unreal Projects/MagicDungeon_Project/src/MagicDungeon/Saved/Collections/' took 0.01s
[2016.05.05-07.13.42:576][  0]LogFileCache: Scanning file cache for directory 'C:/Users/EllightDunois/Documents/Unreal Projects/MagicDungeon_Project/src/MagicDungeon/Content/Developers/EllightDunois/Collections/' took 0.01s
[2016.05.05-07.13.42:576][  0]LogFileCache: Scanning file cache for directory 'C:/Users/EllightDunois/Documents/Unreal Projects/MagicDungeon_Project/src/MagicDungeon/Content/Collections/' took 0.01s
[2016.05.05-07.13.42:576][  0]LogCollectionManager: Rebuilt the GUID cache for 0 collections in 0.000002 seconds
[2016.05.05-07.13.42:581][  0]LogContentBrowser: Native class hierarchy populated in 0.0049 seconds. Added 1980 classes and 345 folders.
[2016.05.05-07.13.42:584][  0]LogStats: UGameplayTagsManager::ConstructGameplayTagTree: Construct from data asset -  0.000 s
[2016.05.05-07.13.42:584][  0]LogStats: UGameplayTagsManager::ConstructGameplayTagTree: GameplayTagTreeChangedEvent.Broadcast -  0.000 s
[2016.05.05-07.13.42:584][  0]LogContentBrowser: Native class hierarchy updated for 'GameplayTags' in 0.0003 seconds. Added 12 classes and 0 folders.
[2016.05.05-07.13.42:587][  0]LogContentBrowser: Native class hierarchy updated for 'WidgetCarousel' in 0.0002 seconds. Added 0 classes and 0 folders.
[2016.05.05-07.13.42:590][  0]LogContentBrowser: Native class hierarchy updated for 'SuperSearch' in 0.0002 seconds. Added 1 classes and 2 folders.
[2016.05.05-07.13.42:611][  0]LogContentBrowser: Native class hierarchy updated for 'AddContentDialog' in 0.0002 seconds. Added 0 classes and 0 folders.
[2016.05.05-07.13.42:663][  0]LogCrashTracker: Crashtracker disabled due to settings.
[2016.05.05-07.13.42:666][  0]LogUObjectGlobals:Warning: オブジェクト 'Class なし.' が見つかりませんでした
[2016.05.05-07.13.42:690][  0]LogContentBrowser: Native class hierarchy updated for 'HierarchicalLODOutliner' in 0.0002 seconds. Added 1 classes and 2 folders.
[2016.05.05-07.13.42:690][  0]LogLoad: Full Startup: 4.89 seconds (BP compile: 0.29 seconds)
[2016.05.05-07.13.42:690][  0]LogExternalProfiler: Found external profiler: VSPerf
[2016.05.05-07.13.42:690][  0]LogExternalProfiler: Using external profiler: VSPerf
[2016.05.05-07.13.42:736][  0]LogWindowsTextInputMethodSystem:Display: IME system now activated using TSF (Microsoft IME).
[2016.05.05-07.13.42:736][  0]LogWindowsTextInputMethodSystem:Display: IME system now activated using TSF (Microsoft IME).
[2016.05.05-07.13.42:738][  0]LogOcInput: OculusInput pre-init called
[2016.05.05-07.13.42:753][  0]LogAssetRegistry: Asset discovery search completed in 2.5401 seconds
[2016.05.05-07.13.42:753][  0]LogCollectionManager: Rebuilt the object cache for 0 collections in 0.000001 seconds (found 0 objects)
[2016.05.05-07.13.42:753][  0]LogCollectionManager: Fixed up redirectors for 0 collections in 0.000011 seconds (updated 0 objects)
[2016.05.05-07.13.42:774][  0]LogContentStreaming: Texture pool size now 1000 MB
[2016.05.05-07.13.42:897][  0]LogRenderer: Reallocating scene render targets to support 2248x884 (Frame:2).
[2016.05.05-07.13.56:756][881]LogContentBrowser: Native class hierarchy updated for 'BlueprintGraph' in 0.0005 seconds. Added 108 classes and 0 folders.
[2016.05.05-07.14.21:913][685]LogSavePackage: Save=33.55ms
[2016.05.05-07.14.21:913][685]LogSavePackage: Moving '../../../../../../Users/EllightDunois/Documents/Unreal Projects/MagicDungeon_Project/src/MagicDungeon/Saved/Move_Straight_BT6E15250D415571E7FA74F69CB5668A89.tmp' to '../../../../../../Users/EllightDunois/Documents/Unreal Projects/MagicDungeon_Project/src/MagicDungeon/Content/BluePrints/Enemys/Bat/Move_Straight_BT.uasset'
[2016.05.05-07.14.21:915][685]LogSavePackage: Total save time: 53.39ms
[2016.05.05-07.14.21:915][685]LogSavePackage:Display: Finished SavePackage ../../../../../../Users/EllightDunois/Documents/Unreal Projects/MagicDungeon_Project/src/MagicDungeon/Content/BluePrints/Enemys/Bat/Move_Straight_BT.uasset
[2016.05.05-07.14.22:305][730]BlueprintLog: New page: Move_Straight_BT をコンパイル
[2016.05.05-07.14.22:315][730]LogActorComponent: UnregisterComponent: (/Engine/Transient.CharMoveComp) Not registered. Aborting.
[2016.05.05-07.14.22:315][730]LogActorComponent: UnregisterComponent: (/Engine/Transient.CharacterMovementComponent_0) Not registered. Aborting.
[2016.05.05-07.14.22:315][730]LogActorComponent: UnregisterComponent: (/Engine/Transient.CharacterMovementComponent_1) Not registered. Aborting.
[2016.05.05-07.14.22:315][730]LogActorComponent: UnregisterComponent: (/Engine/Transient.CharacterMovementComponent_2) Not registered. Aborting.
[2016.05.05-07.14.22:435][730]BlueprintEditorCompileResults: 情報 [0044.64] Move_Straight_BT のコンパイルに成功しました！  [ 129 ミリ秒]
[2016.05.05-07.14.23:541][854]LogWindows:Error: Windows GetLastError: この操作を正しく終了しました。 (0)
[2016.05.05-07.14.23:673][854]LogCrashTracker: 


[2016.05.05-07.14.23:678][854]LogCrashTracker: 


[2016.05.05-07.14.23:678][854]LogWindows:Error: === Critical error: ===
Assertion failed: IsValidIndex(Index) [File:D:\BuildFarm\buildmachine_++UE4+Release-4.11\Engine\Source\Runtime\Core\Public\Containers\UnrealString.h] [Line: 204] 
String index out of bounds: Index 408 from a string with a length of 408




[2016.05.05-07.14.23:704][854]LogExit: Executing StaticShutdownAfterError
[2016.05.05-07.14.23:708][854]LogPhysics:Warning: PHYSX: ..\..\PhysX\src\NpScene.cpp (2946) 8 : PxScene::unlockWrite() called without matching call to PxScene::lockWrite(), behaviour will be undefined.
[2016.05.05-07.14.23:708][854]LogPhysics:Warning: PHYSX: ..\..\PhysX\src\NpScene.cpp (2946) 8 : PxScene::unlockWrite() called without matching call to PxScene::lockWrite(), behaviour will be undefined.
[2016.05.05-07.14.23:708][854]LogPhysics:Warning: PHYSX: ..\..\PhysX\src\NpScene.cpp (2946) 8 : PxScene::unlockWrite() called without matching call to PxScene::lockWrite(), behaviour will be undefined.
[2016.05.05-07.14.23:708][854]LogPhysics:Warning: PHYSX: ..\..\PhysX\src\NpScene.cpp (2946) 8 : PxScene::unlockWrite() called without matching call to PxScene::lockWrite(), behaviour will be undefined.
[2016.05.05-07.14.23:708][854]LogWindows: FPlatformMisc::RequestExit(1)
[2016.05.05-07.14.23:708][854]Log file closed, 05/05/16 16:14:23
