Log file open, 05/05/16 16:13:00
LogInit:Display: Running engine for game: MagicDangion
LogPlatformFile: Not using cached read wrapper
LogInit:Display: RandInit(855998564) SRandInit(855998565).
LogTaskGraph: Started task graph with 4 named threads and 7 total threads.
LogStats: Stats thread started at 0.062341
LogInit: Version: 4.11.2-2946394+++UE4+Release-4.11
LogInit: API Version: 2927265
LogInit: Compiled (64-bit): Apr 18 2016 02:18:46
LogInit: Compiled with Visual C++: 19.00.23026.00
LogInit: Build Configuration: Development
LogInit: Branch Name: ++UE4+Release-4.11
LogInit: Command line: 
LogInit: Base directory: C:/Program Files/Epic Games/4.11/Engine/Binaries/Win64/
LogInit: Installed Engine Build: 1
LogInit: Using libcurl 7.41.0
LogInit:  - built for x86_64-pc-win32
LogInit:  - supports SSL with WinSSL
LogInit:  - other features:
LogInit:      CURL_VERSION_SSL
LogInit:      CURL_VERSION_IPV6
LogInit:      CURL_VERSION_ASYNCHDNS
LogInit:      CURL_VERSION_LARGEFILE
LogInit:      CURL_VERSION_IDN
LogInit:  CurlRequestOptions (configurable via config and command line):
LogInit:  - bVerifyPeer = true  - Libcurl will verify peer certificate
LogInit:  - bUseHttpProxy = false  - Libcurl will NOT use HTTP proxy
LogInit:  - bDontReuseConnections = false  - Libcurl will reuse connections
LogInit:  - CertBundlePath = nullptr  - Libcurl will use whatever was configured at build time.
LogInit: Presizing for max 16777216 objects, including 0 objects not considered by GC, pre-allocating 0 bytes for permanent pool.
LogInit: Object subsystem initialized
[2016.05.05-07.13.00:496][  0]LogInit: Selected Device Profile: [Windows]
[2016.05.05-07.13.00:496][  0]LogInit: Applying CVar settings loaded from the selected device profile: [Windows]
[2016.05.05-07.13.00:502][  0]LogInit: Computer: LIGHT
[2016.05.05-07.13.00:502][  0]LogInit: User: EllightDunois
[2016.05.05-07.13.00:502][  0]LogInit: CPU Page size=65536, Cores=4
[2016.05.05-07.13.00:502][  0]LogInit: High frequency timer resolution =3.906245 MHz
[2016.05.05-07.13.00:502][  0]LogMemory: Memory total: Physical=7.9GB (8GB approx)
[2016.05.05-07.13.00:502][  0]LogMemory: Platform Memory Stats for Windows
[2016.05.05-07.13.00:502][  0]LogMemory: Process Physical Memory: 314.41 MB used, 314.41 MB peak
[2016.05.05-07.13.00:502][  0]LogMemory: Process Virtual Memory: 314.84 MB used, 314.84 MB peak
[2016.05.05-07.13.00:502][  0]LogMemory: Physical Memory: 3620.80 MB used, 8133.65 MB total
[2016.05.05-07.13.00:502][  0]LogMemory: Virtual Memory: 652.86 MB used, 134217728.00 MB total
[2016.05.05-07.13.00:525][  0]LogTextLocalizationManager: No specific translations for ('ja-JP') exist, so ('ja') translations will be used.
[2016.05.05-07.13.00:579][  0]LogTextLocalizationManager:Warning: Loaded localization resources contain conflicting entries for (Namespace:K2Node, Key:false):
Localization Resource: (C:/Program Files/Epic Games/4.11/Engine/Content/Localization/EditorTutorials/ja/EditorTutorials.locres) Source String Hash: (816077464) Localized String: (偽)
Localization Resource: (C:/Program Files/Epic Games/4.11/Engine/Content/Localization/Engine/ja/Engine.locres) Source String Hash: (816077464) Localized String: (false)
[2016.05.05-07.13.00:579][  0]LogTextLocalizationManager:Warning: Loaded localization resources contain conflicting entries for (Namespace:K2Node, Key:true):
Localization Resource: (C:/Program Files/Epic Games/4.11/Engine/Content/Localization/EditorTutorials/ja/EditorTutorials.locres) Source String Hash: (-942328987) Localized String: (真)
Localization Resource: (C:/Program Files/Epic Games/4.11/Engine/Content/Localization/Engine/ja/Engine.locres) Source String Hash: (-942328987) Localized String: (true)
[2016.05.05-07.13.00:579][  0]LogTextLocalizationManager:Warning: Loaded localization resources contain conflicting entries for (Namespace:UObjectToolTips, Key:AnimNode_BlendSpacePlayer:bLoop):
Localization Resource: (C:/Program Files/Epic Games/4.11/Engine/Content/Localization/EditorTutorials/ja/EditorTutorials.locres) Source String Hash: (2133979316) Localized String: (再生が最後まで終わった後、ロープ再生するようにしますか？)
Localization Resource: (C:/Program Files/Epic Games/4.11/Engine/Content/Localization/ToolTips/ja/ToolTips.locres) Source String Hash: (2133979316) Localized String: (ループが最後まで到達した時に、アニメーションのループを継続するべきか？)
[2016.05.05-07.13.00:579][  0]LogTextLocalizationManager:Warning: Loaded localization resources contain conflicting entries for (Namespace:UObjectToolTips, Key:AnimNode_BlendSpacePlayer:X):
Localization Resource: (C:/Program Files/Epic Games/4.11/Engine/Content/Localization/EditorTutorials/ja/EditorTutorials.locres) Source String Hash: (2060772590) Localized String: (ブレンドスペースで値を取得するX座標)
Localization Resource: (C:/Program Files/Epic Games/4.11/Engine/Content/Localization/ToolTips/ja/ToolTips.locres) Source String Hash: (2060772590) Localized String: (ブレンドスペースでサンプリングするX座標)
[2016.05.05-07.13.00:579][  0]LogTextLocalizationManager:Warning: Loaded localization resources contain conflicting entries for (Namespace:UObjectToolTips, Key:AnimNode_BlendSpacePlayer:Y):
Localization Resource: (C:/Program Files/Epic Games/4.11/Engine/Content/Localization/EditorTutorials/ja/EditorTutorials.locres) Source String Hash: (-1719607538) Localized String: (ブレンドスペースで値を取得するY座標)
Localization Resource: (C:/Program Files/Epic Games/4.11/Engine/Content/Localization/ToolTips/ja/ToolTips.locres) Source String Hash: (-1719607538) Localized String: (ブレンドスペースでサンプリングするY座標)
[2016.05.05-07.13.00:579][  0]LogTextLocalizationManager:Warning: Loaded localization resources contain conflicting entries for (Namespace:UObjectToolTips, Key:AnimNode_BlendSpacePlayer:Z):
Localization Resource: (C:/Program Files/Epic Games/4.11/Engine/Content/Localization/EditorTutorials/ja/EditorTutorials.locres) Source String Hash: (1728943471) Localized String: (ブレンドスペースで値を取得するZ座標)
Localization Resource: (C:/Program Files/Epic Games/4.11/Engine/Content/Localization/ToolTips/ja/ToolTips.locres) Source String Hash: (1728943471) Localized String: (ブレンドスペースでサンプリングするZ座標)
[2016.05.05-07.13.00:579][  0]LogTextLocalizationManager:Warning: Loaded localization resources contain conflicting entries for (Namespace:UObjectToolTips, Key:AnimNode_BlendSpacePlayer:BlendSpace):
Localization Resource: (C:/Program Files/Epic Games/4.11/Engine/Content/Localization/EditorTutorials/ja/EditorTutorials.locres) Source String Hash: (1599043277) Localized String: (再生するブレンドスペースのアセット)
Localization Resource: (C:/Program Files/Epic Games/4.11/Engine/Content/Localization/ToolTips/ja/ToolTips.locres) Source String Hash: (1599043277) Localized String: (再生するブレンド空間アセット)
[2016.05.05-07.13.00:579][  0]LogTextLocalizationManager:Warning: Loaded localization resources contain conflicting entries for (Namespace:UObjectToolTips, Key:AnimNode_StateMachine:MaxTransitionsPerFrame):
Localization Resource: (C:/Program Files/Epic Games/4.11/Engine/Content/Localization/EditorTutorials/ja/EditorTutorials.locres) Source String Hash: (1567650430) Localized String: (このマシーンで1フレームあたりに同時に処理できるトランジションの最大数)
Localization Resource: (C:/Program Files/Epic Games/4.11/Engine/Content/Localization/ToolTips/ja/ToolTips.locres) Source String Hash: (1567650430) Localized String: (単一フレームでマシーンが「同時」に受け取れる遷移の最大数)
[2016.05.05-07.13.00:579][  0]LogTextLocalizationManager:Warning: Loaded localization resources contain conflicting entries for (Namespace:UObjectToolTips, Key:AnimNode_BlendSpacePlayer:PlayRate):
Localization Resource: (C:/Program Files/Epic Games/4.11/Engine/Content/Localization/EditorTutorials/ja/EditorTutorials.locres) Source String Hash: (-1274923958) Localized String: (再生速度の倍率です。負の数値も使う事ができます。その場合逆再生になります。)
Localization Resource: (C:/Program Files/Epic Games/4.11/Engine/Content/Localization/ToolTips/ja/ToolTips.locres) Source String Hash: (-1274923958) Localized String: (再生レート乗数。アニメーションを逆再生する負の値にすることができます。)
[2016.05.05-07.13.00:689][  0]LogD3D11RHI: D3D11 adapters:
[2016.05.05-07.13.00:696][  0]LogD3D11RHI:    0. 'AMD Radeon R9 200 Series' (Feature Level 11_0)
[2016.05.05-07.13.00:696][  0]LogD3D11RHI:       4074MB of dedicated video memory, 0MB of dedicated system memory, and 4066MB of shared system memory, 1 output[s]
[2016.05.05-07.13.00:697][  0]LogD3D11RHI:    1. 'Microsoft Basic Render Driver' (Feature Level 11_0)
[2016.05.05-07.13.00:697][  0]LogD3D11RHI:       0MB of dedicated video memory, 0MB of dedicated system memory, and 4066MB of shared system memory, 0 output[s]
[2016.05.05-07.13.00:697][  0]LogD3D11RHI: Chosen D3D11 Adapter: 0
[2016.05.05-07.13.00:700][  0]LogD3D11RHI: Creating new Direct3DDevice
[2016.05.05-07.13.00:700][  0]LogD3D11RHI:     Adapter Name: AMD Radeon R9 200 Series
[2016.05.05-07.13.00:700][  0]LogD3D11RHI:   Driver Version: Catalyst 15.8 (internal 16.150.2211.0)
[2016.05.05-07.13.00:700][  0]LogD3D11RHI:      Driver Date: 3-21-2016
[2016.05.05-07.13.00:700][  0]LogRHI: Texture pool is 1361 MB (70% of 1945 MB)
[2016.05.05-07.13.00:704][  0]LogD3D11RHI: Async texture creation disabled: no driver support
[2016.05.05-07.13.00:714][  0]LogShaderCompilers: Guid format shader working directory is -52 characters bigger than the processId version (../../../../../../Users/EllightDunois/Documents/Unreal Projects/MagicDungeon_Project/src/MagicDungeon/Intermediate/Shaders/WorkingDirectory/1316/).
[2016.05.05-07.13.00:714][  0]LogShaderCompilers: Cleaned the shader compiler working directory 'C:/Users/ELLIGH~1/AppData/Local/Temp/UnrealShaderWorkingDir/0F8FF5AA463A99A31F5D4B80AC8E3F59/'.
[2016.05.05-07.13.00:714][  0]LogShaderCompilers:Display: Using Local Shader Compiler.
[2016.05.05-07.13.01:358][  0]LogTemp:Display: Loaded TP AllDesktopTargetPlatform
[2016.05.05-07.13.01:361][  0]LogTemp:Display: Loaded TP WindowsClientTargetPlatform
[2016.05.05-07.13.01:363][  0]LogTemp:Display: Loaded TP WindowsNoEditorTargetPlatform
[2016.05.05-07.13.01:366][  0]LogTemp:Display: Loaded TP WindowsServerTargetPlatform
[2016.05.05-07.13.01:369][  0]LogTemp:Display: Loaded TP WindowsTargetPlatform
[2016.05.05-07.13.01:371][  0]LogTemp:Display: Loaded TP AndroidTargetPlatform
[2016.05.05-07.13.01:373][  0]LogTemp:Display: Loaded TP Android_ASTCTargetPlatform
[2016.05.05-07.13.01:375][  0]LogTemp:Display: Loaded TP Android_ATCTargetPlatform
[2016.05.05-07.13.01:377][  0]LogTemp:Display: Loaded TP Android_DXTTargetPlatform
[2016.05.05-07.13.01:379][  0]LogTemp:Display: Loaded TP Android_ETC1TargetPlatform
[2016.05.05-07.13.01:380][  0]LogTemp:Display: Loaded TP Android_ETC2TargetPlatform
[2016.05.05-07.13.01:384][  0]LogTemp:Display: Loaded TP Android_MultiTargetPlatform
[2016.05.05-07.13.01:384][  0]LogTemp:Display: Loaded TP Android_PVRTCTargetPlatform
[2016.05.05-07.13.01:385][  0]LogTemp:Display: Loaded TP HTML5TargetPlatform
[2016.05.05-07.13.01:399][  0]LogTemp:Display: Loaded TP IOSTargetPlatform
[2016.05.05-07.13.01:401][  0]LogTemp:Display: Loaded TP TVOSTargetPlatform
[2016.05.05-07.13.01:403][  0]LogTemp:Display: Loaded TP LinuxNoEditorTargetPlatform
[2016.05.05-07.13.01:405][  0]LogTemp:Display: Loaded TP LinuxServerTargetPlatform
[2016.05.05-07.13.01:407][  0]LogTemp:Display: Loaded TP LinuxTargetPlatform
[2016.05.05-07.13.01:407][  0]LogTargetPlatformManager:Display: Building Assets For Windows
[2016.05.05-07.13.01:448][  0]LogDerivedDataCache:Display: Max Cache Size: 512 MB
[2016.05.05-07.13.01:483][  0]LogDerivedDataCache: Loaded boot cache 0.04s 46MB C:/Users/EllightDunois/AppData/Local/UnrealEngine/4.11/DerivedDataCache/Boot.ddc.
[2016.05.05-07.13.01:483][  0]LogDerivedDataCache:Display: Loaded Boot cache: C:/Users/EllightDunois/AppData/Local/UnrealEngine/4.11/DerivedDataCache/Boot.ddc
[2016.05.05-07.13.01:483][  0]LogDerivedDataCache: FDerivedDataBackendGraph:  Pak pak cache file ../../../../../../Users/EllightDunois/Documents/Unreal Projects/MagicDungeon_Project/src/MagicDungeon/DerivedDataCache/DDC.ddp not found, will not use a pak cache.
[2016.05.05-07.13.01:483][  0]LogDerivedDataCache: Unable to find inner node Pak for hierarchical cache Hierarchy.
[2016.05.05-07.13.01:483][  0]LogDerivedDataCache: FDerivedDataBackendGraph:  CompressedPak pak cache file ../../../../../../Users/EllightDunois/Documents/Unreal Projects/MagicDungeon_Project/src/MagicDungeon/DerivedDataCache/Compressed.ddp not found, will not use a pak cache.
[2016.05.05-07.13.01:483][  0]LogDerivedDataCache: Unable to find inner node CompressedPak for hierarchical cache Hierarchy.
[2016.05.05-07.13.01:493][  0]LogDerivedDataCache:Display: Pak cache opened for reading ../../../Engine/DerivedDataCache/Compressed.ddp.
[2016.05.05-07.13.01:504][  0]LogDerivedDataCache: Using Local data cache path C:/Users/EllightDunois/AppData/Local/UnrealEngine/Common/DerivedDataCache: Writable
[2016.05.05-07.13.01:606][  0]LogInit: Selected Device Profile: [Windows]
[2016.05.05-07.13.01:607][  0]LogContentStreaming: Texture pool size is 0.00 MB
[2016.05.05-07.13.01:629][  0]LogMaterial: Uniform references updated for custom material expression Custom.
[2016.05.05-07.13.01:706][  0]LogMeshUtilities: No automatic mesh reduction module available
[2016.05.05-07.13.01:706][  0]LogMeshUtilities: No automatic mesh merging module available
[2016.05.05-07.13.01:706][  0]LogMeshUtilities: No distributed automatic mesh merging module available
[2016.05.05-07.13.01:871][  0]LogUObjectArray: 27679 objects as part of root set at end of initial load.
[2016.05.05-07.13.01:871][  0]LogUObjectAllocator: 5591592 out of 0 bytes used by permanent object pool.
[2016.05.05-07.13.01:871][  0]LogUObjectArray: CloseDisregardForGC: 0/0 objects in disregard for GC pool
[2016.05.05-07.13.01:875][  0]LogInit: WinSock: version 1.1 (2.2), MaxSocks=32767, MaxUdp=65467
[2016.05.05-07.13.01:927][  0]LogSlate: SlateFontCache - WITH_FREETYPE: 1, WITH_HARFBUZZ: 1
[2016.05.05-07.13.01:927][  0]LogSlate: SlateFontCache - WITH_FREETYPE: 1, WITH_HARFBUZZ: 1
[2016.05.05-07.13.01:990][  0]LogStreaming:Warning: Failed to read file '../../../Engine/Content/Editor/Slate/Common/Selection_16x.png' error.
[2016.05.05-07.13.01:990][  0]LogSlate: Could not find file for Slate resource: ../../../Engine/Content/Editor/Slate/Common/Selection_16x.png
[2016.05.05-07.13.01:990][  0]LogStreaming:Warning: Failed to read file '../../../Engine/Content/Editor/Slate/Common/Selection_16x.png' error.
[2016.05.05-07.13.01:990][  0]LogSlate: Could not find file for Slate resource: ../../../Engine/Content/Editor/Slate/Common/Selection_16x.png
[2016.05.05-07.13.01:990][  0]LogStreaming:Warning: Failed to read file '../../../Engine/Content/Editor/Slate/Common/Selection_16x.png' error.
[2016.05.05-07.13.01:990][  0]LogSlate: Could not find file for Slate resource: ../../../Engine/Content/Editor/Slate/Common/Selection_16x.png
[2016.05.05-07.13.02:329][  0]LogUdpMessaging: Initializing bridge on interface 0.0.0.0:0 to multicast group 230.0.0.1:6666.
[2016.05.05-07.13.02:420][  0]LogAssetRegistry: FAssetRegistry took 0.0210 seconds to start up
[2016.05.05-07.13.02:516][  0]SourceControl: 情報 ソースコントロールは無効です
[2016.05.05-07.13.02:536][  0]SourceControl: 情報 ソースコントロールは無効です
[2016.05.05-07.13.02:540][  0]SourceControl: 情報 ソースコントロールは無効です
[2016.05.05-07.13.02:544][  0]SourceControl: 情報 ソースコントロールは無効です
[2016.05.05-07.13.02:604][  0]LogHMD: Failed to initialize OpenVR with code 110
[2016.05.05-07.13.02:650][  0]LogEngine: Initializing Engine...
[2016.05.05-07.13.02:742][  0]LogAIModule: Creating AISystem for world NewWorld
[2016.05.05-07.13.02:747][  0]LogInit: XAudio2 using 'SPDIF出力 (SB Recon3D PCIe)' : 2 channels at 48 kHz using 32 bits per sample (channel mask 0x3)
[2016.05.05-07.13.02:751][  0]LogInit: FAudioDevice initialized.
[2016.05.05-07.13.02:770][  0]LogDerivedDataCache: Saved boot cache 0.02s 46MB C:/Users/EllightDunois/AppData/Local/UnrealEngine/4.11/DerivedDataCache/Boot.ddc.
[2016.05.05-07.13.02:774][  0]LogInit: Texture streaming: Enabled
[2016.05.05-07.13.02:787][  0]LogInit: Transaction tracking system initialized
[2016.05.05-07.13.02:799][  0]BlueprintLog: New page: エディタの読み込み
[2016.05.05-07.13.02:839][  0]LocalizationService: 情報 ローカライズのサービスが無効になりました
[2016.05.05-07.13.02:884][  0]LogConsoleResponse:Display: 
[2016.05.05-07.13.02:947][  0]LogCook:Display: Max memory allowance for cook 8192mb
[2016.05.05-07.13.02:947][  0]LogCook:Display: Mobile HDR setting 1
[2016.05.05-07.13.02:947][  0]LogCook:Display: Done creating registry. It took  0.00s.
[2016.05.05-07.13.02:974][  0]LogFileCache: Scanning file cache for directory 'C:/Users/EllightDunois/Documents/Unreal Projects/MagicDungeon_Project/src/MagicDungeon/Content/' took 0.01s
[2016.05.05-07.13.02:974][  0]SourceControl: 情報 ソースコントロールは無効です
[2016.05.05-07.13.02:975][  0]Cmd: MAP LOAD FILE="../../../../../../Users/EllightDunois/Documents/Unreal Projects/MagicDungeon_Project/src/MagicDungeon/Content/tes.umap" TEMPLATE=0 SHOWPROGRESS=1 FEATURELEVEL=3
[2016.05.05-07.13.02:975][  0]LightingResults: New page: ライティングのビルド
[2016.05.05-07.13.02:977][  0]MapCheck: New page: マップをチェック
[2016.05.05-07.13.02:977][  0]LightingResults: New page: <何も選択されていません>
[2016.05.05-07.13.03:247][  0]LogBlueprint:Warning: USimpleConstructionScript::FixupRootNodeParentReferences() - Couldn't find inherited parent component 'DefaultSceneRoot' for 'Scene' in BlueprintGeneratedClass 'REINST_Attack_BP_C_50' (it may have been removed)
[2016.05.05-07.13.04:576][  0]LogAIModule: Creating AISystem for world tes
[2016.05.05-07.13.04:580][  0]LogEditorServer: Finished looking for orphan Actors (0.000 secs)
[2016.05.05-07.13.04:581][  0]Cmd: MAP CHECKDEP NOCLEARLOG
[2016.05.05-07.13.04:621][  0]MapCheck: 情報 マップチェックが完了: 0 エラー、 0 警告、完了に 40.614ミリ秒かかりました。
[2016.05.05-07.13.04:621][  0]LogFileHelpers: Loading map 'tes' took 1.647
[2016.05.05-07.13.04:705][  0]LogCollectionManager: Loaded 0 collections in 0.000942 seconds
[2016.05.05-07.13.04:742][  0]LogFileCache: Scanning file cache for directory 'C:/Users/EllightDunois/Documents/Unreal Projects/MagicDungeon_Project/src/MagicDungeon/Saved/Collections/' took 0.01s
[2016.05.05-07.13.04:742][  0]LogFileCache: Scanning file cache for directory 'C:/Users/EllightDunois/Documents/Unreal Projects/MagicDungeon_Project/src/MagicDungeon/Content/Developers/EllightDunois/Collections/' took 0.01s
[2016.05.05-07.13.04:742][  0]LogFileCache: Scanning file cache for directory 'C:/Users/EllightDunois/Documents/Unreal Projects/MagicDungeon_Project/src/MagicDungeon/Content/Collections/' took 0.01s
[2016.05.05-07.13.04:742][  0]LogCollectionManager: Rebuilt the GUID cache for 0 collections in 0.000002 seconds
[2016.05.05-07.13.04:747][  0]LogContentBrowser: Native class hierarchy populated in 0.0049 seconds. Added 1980 classes and 345 folders.
[2016.05.05-07.13.04:749][  0]LogStats: UGameplayTagsManager::ConstructGameplayTagTree: Construct from data asset -  0.000 s
[2016.05.05-07.13.04:749][  0]LogStats: UGameplayTagsManager::ConstructGameplayTagTree: GameplayTagTreeChangedEvent.Broadcast -  0.000 s
[2016.05.05-07.13.04:749][  0]LogContentBrowser: Native class hierarchy updated for 'GameplayTags' in 0.0003 seconds. Added 12 classes and 0 folders.
[2016.05.05-07.13.04:752][  0]LogContentBrowser: Native class hierarchy updated for 'WidgetCarousel' in 0.0002 seconds. Added 0 classes and 0 folders.
[2016.05.05-07.13.04:755][  0]LogContentBrowser: Native class hierarchy updated for 'SuperSearch' in 0.0002 seconds. Added 1 classes and 2 folders.
[2016.05.05-07.13.04:776][  0]LogContentBrowser: Native class hierarchy updated for 'AddContentDialog' in 0.0002 seconds. Added 0 classes and 0 folders.
[2016.05.05-07.13.04:830][  0]LogCrashTracker: Crashtracker disabled due to settings.
[2016.05.05-07.13.04:833][  0]LogUObjectGlobals:Warning: オブジェクト 'Class なし.' が見つかりませんでした
[2016.05.05-07.13.04:856][  0]LogContentBrowser: Native class hierarchy updated for 'HierarchicalLODOutliner' in 0.0002 seconds. Added 1 classes and 2 folders.
[2016.05.05-07.13.04:857][  0]LogLoad: Full Startup: 4.88 seconds (BP compile: 0.29 seconds)
[2016.05.05-07.13.04:857][  0]LogExternalProfiler: Found external profiler: VSPerf
[2016.05.05-07.13.04:857][  0]LogExternalProfiler: Using external profiler: VSPerf
[2016.05.05-07.13.04:902][  0]LogWindowsTextInputMethodSystem:Display: IME system now activated using TSF (Microsoft IME).
[2016.05.05-07.13.04:902][  0]LogWindowsTextInputMethodSystem:Display: IME system now activated using TSF (Microsoft IME).
[2016.05.05-07.13.04:904][  0]LogOcInput: OculusInput pre-init called
[2016.05.05-07.13.04:919][  0]LogAssetRegistry: Asset discovery search completed in 2.5202 seconds
[2016.05.05-07.13.04:919][  0]LogCollectionManager: Rebuilt the object cache for 0 collections in 0.000001 seconds (found 0 objects)
[2016.05.05-07.13.04:919][  0]LogCollectionManager: Fixed up redirectors for 0 collections in 0.000012 seconds (updated 0 objects)
[2016.05.05-07.13.04:938][  0]LogContentStreaming: Texture pool size now 1000 MB
[2016.05.05-07.13.05:055][  0]LogRenderer: Reallocating scene render targets to support 2248x884 (Frame:2).
[2016.05.05-07.13.08:892][228]LogContentBrowser: Native class hierarchy updated for 'BlueprintGraph' in 0.0005 seconds. Added 108 classes and 0 folders.
[2016.05.05-07.13.21:488][525]BlueprintLog: New page: Move_Straight_BT をコンパイル
[2016.05.05-07.13.21:498][525]LogActorComponent: UnregisterComponent: (/Engine/Transient.CharMoveComp) Not registered. Aborting.
[2016.05.05-07.13.21:498][525]LogActorComponent: UnregisterComponent: (/Engine/Transient.CharacterMovementComponent_0) Not registered. Aborting.
[2016.05.05-07.13.21:498][525]LogActorComponent: UnregisterComponent: (/Engine/Transient.CharacterMovementComponent_1) Not registered. Aborting.
[2016.05.05-07.13.21:619][525]BlueprintEditorCompileResults: 情報 [0021.64] Move_Straight_BT のコンパイルに成功しました！  [ 130 ミリ秒]
[2016.05.05-07.13.21:980][555]LogSavePackage: Save=29.88ms
[2016.05.05-07.13.21:980][555]LogSavePackage: Moving '../../../../../../Users/EllightDunois/Documents/Unreal Projects/MagicDungeon_Project/src/MagicDungeon/Saved/Move_Straight_BT6EA62A35450139F9A5585F9379B6022B.tmp' to '../../../../../../Users/EllightDunois/Documents/Unreal Projects/MagicDungeon_Project/src/MagicDungeon/Content/BluePrints/Enemys/Bat/Move_Straight_BT.uasset'
[2016.05.05-07.13.21:982][555]LogSavePackage: Total save time: 49.07ms
[2016.05.05-07.13.21:982][555]LogSavePackage:Display: Finished SavePackage ../../../../../../Users/EllightDunois/Documents/Unreal Projects/MagicDungeon_Project/src/MagicDungeon/Content/BluePrints/Enemys/Bat/Move_Straight_BT.uasset
[2016.05.05-07.13.33:711][847]LogWindows:Error: Windows GetLastError: この操作を正しく終了しました。 (0)
[2016.05.05-07.13.33:843][847]LogCrashTracker: 


[2016.05.05-07.13.33:848][847]LogCrashTracker: 


[2016.05.05-07.13.33:848][847]LogWindows:Error: === Critical error: ===
Assertion failed: IsValidIndex(Index) [File:D:\BuildFarm\buildmachine_++UE4+Release-4.11\Engine\Source\Runtime\Core\Public\Containers\UnrealString.h] [Line: 204] 
String index out of bounds: Index 408 from a string with a length of 408




[2016.05.05-07.13.33:878][847]LogExit: Executing StaticShutdownAfterError
[2016.05.05-07.13.33:882][847]LogPhysics:Warning: PHYSX: ..\..\PhysX\src\NpScene.cpp (2946) 8 : PxScene::unlockWrite() called without matching call to PxScene::lockWrite(), behaviour will be undefined.
[2016.05.05-07.13.33:883][847]LogPhysics:Warning: PHYSX: ..\..\PhysX\src\NpScene.cpp (2946) 8 : PxScene::unlockWrite() called without matching call to PxScene::lockWrite(), behaviour will be undefined.
[2016.05.05-07.13.33:883][847]LogPhysics:Warning: PHYSX: ..\..\PhysX\src\NpScene.cpp (2946) 8 : PxScene::unlockWrite() called without matching call to PxScene::lockWrite(), behaviour will be undefined.
[2016.05.05-07.13.33:883][847]LogPhysics:Warning: PHYSX: ..\..\PhysX\src\NpScene.cpp (2946) 8 : PxScene::unlockWrite() called without matching call to PxScene::lockWrite(), behaviour will be undefined.
[2016.05.05-07.13.33:883][847]LogPhysics:Warning: PHYSX: ..\..\PhysX\src\NpScene.cpp (2946) 8 : PxScene::unlockWrite() called without matching call to PxScene::lockWrite(), behaviour will be undefined.
[2016.05.05-07.13.33:883][847]LogPhysics:Warning: PHYSX: ..\..\PhysX\src\NpScene.cpp (2946) 8 : PxScene::unlockWrite() called without matching call to PxScene::lockWrite(), behaviour will be undefined.
[2016.05.05-07.13.33:883][847]LogWindows: FPlatformMisc::RequestExit(1)
[2016.05.05-07.13.33:883][847]Log file closed, 05/05/16 16:13:33
